ARM GAS  /tmp/ccizdmys.s 			page 1


   1              		.cpu cortex-m3
   2              		.eabi_attribute 20, 1
   3              		.eabi_attribute 21, 1
   4              		.eabi_attribute 23, 3
   5              		.eabi_attribute 24, 1
   6              		.eabi_attribute 25, 1
   7              		.eabi_attribute 26, 1
   8              		.eabi_attribute 30, 6
   9              		.eabi_attribute 34, 1
  10              		.eabi_attribute 18, 4
  11              		.file	"board.c"
  12              		.section	.gnu.lto_.inline.ab723a533caa3c43,"",%progbits
  13 0000 789C6363 		.ascii	"x\234cc``\320f@\000&\006\006\026\036 \305\264@\236\201"
  13      6060D066 
  13      40002606 
  13      06161E20 
  13      C5B4409E 
  14 0015 05C46360 		.ascii	"\005\304c``\344\002\021\014\314L\250\302\014\0001\377"
  14      60E40211 
  14      0CCC4CA8 
  14      C20C0031 
  14      FF
  15 0026 01E7     		.ascii	"\001\347"
  16              		.text
  17              		.section	.gnu.lto___early_init.ab723a533caa3c43,"",%progbits
  18 0000 789C254D 		.ascii	"x\234%M;\012\302P\020\334\311\232(\202 \202\205\336"
  18      3B0AC250 
  18      10DCC99A 
  18      28822082 
  18      85DE
  19 0012 204D3C93 		.ascii	" M<\223\237^\360\002yh\221\010\226\032\233 \001\013"
  19      9F5EF002 
  19      79689108 
  19      961A9B20 
  19      010B
  20 0024 ED545424 		.ascii	"\355TT$\335\303\332\312\326\316\302\306\240'0\272\211"
  20      DDC3DACA 
  20      D6CEC2C6 
  20      A02730BA 
  20      89
  21 0035 03B3B03B 		.ascii	"\003\263\260;\237\265\210h!\254\011\353Bb\202AB@\026"
  21      9FB58868 
  21      21AC09EB 
  21      42628241 
  21      424016
  22 0048 906BC0C5 		.ascii	"\220k\300\305\204\247\214\263\367\210\015{\245\004z"
  22      84A78CB3 
  22      F7880D7B 
  22      A5047A
  23 0057 BE6DA8B5 		.ascii	"\276m\250\265F\310D\001S\016\354a\223\330\356\273tV"
  23      46C84401 
  23      530EEC61 
  23      93D8EEBB 
  23      7456
  24 0069 B10AFF3B 		.ascii	"\261\012\377;\016\260(+\332\\M\255\322\257\247\364e"
  24      0EB0282B 
  24      DA5C4DAD 
ARM GAS  /tmp/ccizdmys.s 			page 2


  24      D2AFA7F4 
  24      65
  25 007a 8993299A 		.ascii	"\211\223)\232\237\347\306,\3178\301(z6s\2634\304qr+"
  25      9FE7C62C 
  25      CF38C128 
  25      7A3673B3 
  25      34C47172 
  26 008f BA1F550A 		.ascii	"\272\037U\012\031\001K\032G\270\024\212\363\205a\364"
  26      19014B1A 
  26      47B8148A 
  26      F38561F4 
  27 009f 2EE7BE0C 		.ascii	".\347\276\014~&J\276\352\264:\375\366\240\367\237N\227"
  27      7E264ABE 
  27      EAB43AFD 
  27      F6A0F79F 
  27      4E97
  28 00b1 7E0A8A34 		.ascii	"~\012\2124)"
  28      29
  29              		.text
  30              		.section	.gnu.lto_boardInit.ab723a533caa3c43,"",%progbits
  31 0000 789C6363 		.ascii	"x\234cc``(\001b! \026\005b\006f\006F&\006 fd\004r\030"
  31      60602801 
  31      62212016 
  31      05620666 
  31      06462606 
  32 001a 19EA9918 		.ascii	"\031\352\231\030\353\031{\230\24703\036j\177\266\223"
  32      EB197B98 
  32      A730331E 
  32      6A7FB693 
  33 002a 49737903 		.ascii	"Isy\003\020\034\230~A\262a\305\001\3069\314\014\014"
  33      101C987E 
  33      41B261C5 
  33      01C639CC 
  33      0C0C
  34 003c D39819C0 		.ascii	"\323\230\031\300\200q3\243&\003P\331\243\215\377\246"
  34      807133A3 
  34      260350D9 
  34      A38DFFA6 
  35 004c F2B2B140 		.ascii	"\362\262\261@\304\031\2670\2621\200\014Z\177\211\365"
  35      C419B730 
  35      B231800C 
  35      5A7F89F5 
  36 005c 40C3BFFF 		.ascii	"@\303\277\377\355\015\007\276,b\274\314\012\264\241"
  36      ED0D07BE 
  36      2C62BCCC 
  36      0AB4A1
  37 006b 03ACAF93 		.ascii	"\003\254\257\223\031\310d~\307\330\244\000V\012\002"
  37      19C8647E 
  37      C7D8A400 
  37      560A02
  38 007a 1DCC400D 		.ascii	"\035\314@\015@Q\001=\375\244\374\304\242\024\010\251"
  38      4051013D 
  38      FDA4FCC4 
  38      A21408A9 
  39 008a 97CC0000 		.ascii	"\227\314\000\000\274k&*"
  39      BC6B262A 
  40              		.text
ARM GAS  /tmp/ccizdmys.s 			page 3


  41              		.section	.gnu.lto_pal_default_config.ab723a533caa3c43,"",%progbits
  42 0000 789C6363 		.ascii	"x\234cc``X\303\310\300\000D`0\205\231\361\340\246\011"
  42      606058C3 
  42      C8C00044 
  42      60308599 
  42      F1E0A609 
  43 0014 AB98BB99 		.ascii	"\253\230\273\231\347030vL\\t\204\003(t\367\304\312\325"
  43      E7303330 
  43      764C5C74 
  43      84032874 
  43      F7C4CAD5 
  44 0028 50A1FF40 		.ascii	"P\241\377@\300\017\024\372r\377\332\015n\213m\015\035"
  44      C00F14FA 
  44      72FFDA0D 
  44      6E8B6D0D 
  44      1D
  45 0039 0B1A0CE6 		.ascii	"\013\032\014\34603N\005Jma\224\231\312\314\310\270\031"
  45      30334E05 
  45      4A6D6194 
  45      99CACCC8 
  45      B819
  46 004b 44318128 		.ascii	"D1\201(\220i\177\246\274\336\304\001\321zd\002\304\264"
  46      90697FA6 
  46      BCDEC401 
  46      D17A6402 
  46      C4B4
  47 005d 8D9B67FF 		.ascii	"\215\233g\377g\304\252u\033\212\326\257\333\377\356"
  47      67C4AA75 
  47      1B8AD6AF 
  47      DBFFEE
  48 006c E6853AE4 		.ascii	"\346\205:\344\371\014\260\326\177\257;\0360\301\334"
  48      F90CB0D6 
  48      7FAF3B1E 
  48      30C1DC
  49 007b 3669010B 		.ascii	"6i\001\013P\350\333\201e\373\230\260\232\266\023b\332"
  49      50E8DB81 
  49      65FB98B0 
  49      9AB61362 
  49      DA
  50 008c 0E886967 		.ascii	"\016\210igz.\336c\201\231v\346.7P\350\325\232\003\277"
  50      7A2EDE63 
  50      819976E6 
  50      2E3750E8 
  50      D59A03BF 
  51 00a0 38E13EFD 		.ascii	"8\341>\375\302\007\024:\364\357\3532v\250O\373\377\200"
  51      C207143A 
  51      F4EFEB32 
  51      76A84FFB 
  51      FF80
  52 00b2 7DDAF87B 		.ascii	"}\332\370{\222\012\252\371{!\346\357\201\230\277\033"
  52      920AAAF9 
  52      7B21E6EF 
  52      8198BF1B 
  53 00c2 62FE8979 		.ascii	"b\376\211y\207\277Cuv\274\\\000v\355\322\376\267?\230"
  53      87BF4375 
  53      76BC5C00 
  53      76EDD2FE 
ARM GAS  /tmp/ccizdmys.s 			page 4


  53      B73F98
  54 00d5 B13A6D3F 		.ascii	"\261:m?\212G\247\376\350Y\305\003Q\0270\207\231i*33"
  54      8A47A7FE 
  54      E859C503 
  54      51173087 
  54      99692A33 
  55 00ea E301468B 		.ascii	"\343\001F\213\251\314,\214\373@\024+\343.\020\305\306"
  55      A9CC2C8C 
  55      FB40142B 
  55      E32E10C5 
  55      C6
  56 00fb B81D44B1 		.ascii	"\270\035D\2613ne\264``<\010$\000rH\223\""
  56      336E65B4 
  56      60603C08 
  56      24007248 
  56      9322
  57              		.text
  58              		.section	.gnu.lto_.symbol_nodes.ab723a533caa3c43,"",%progbits
  59 0000 789C6363 		.ascii	"x\234cc``\360\000b\006\246\005L\365\014\014\023\316"
  59      6060F000 
  59      6206A605 
  59      4CF50C0C 
  59      13CE
  60 0012 313000A9 		.ascii	"10\000\251]\215\216@\221\205L\365\214(\"\254\363\231"
  60      5D8D8E40 
  60      91854CF5 
  60      8C2822AC 
  60      F399
  61 0024 185A9580 		.ascii	"\030Z\225\200\212\031\0271\3253\201\245\030\030\032"
  61      8A191731 
  61      D53381A5 
  61      18181A
  62 0033 1A1C1818 		.ascii	"\032\034\030\030\230\201p\361\203\177\214\014\000v\017"
  62      988170F1 
  62      837F8C0C 
  62      00760F
  63 0042 10E2     		.ascii	"\020\342"
  64              		.text
  65              		.section	.gnu.lto_.refs.ab723a533caa3c43,"",%progbits
  66 0000 789C6363 		.ascii	"x\234cc```\004b\006\000\000D\000\010"
  66      60606004 
  66      62060000 
  66      440008
  67              		.text
  68              		.section	.gnu.lto_.decls.ab723a533caa3c43,"",%progbits
  69 0000 789C8D55 		.ascii	"x\234\215U}LSW\024\277\347]\250P:J`1\376\3412Cj\354"
  69      7D4C5357 
  69      14BFE75D 
  69      A8503A4A 
  69      6031FEE1 
  70 0018 92C9135D 		.ascii	"\222\311\023]\226,Y\2668\334\234\211\233$n\377\370\307"
  70      962C59B6 
  70      38DC9C89 
  70      9B246EFF 
  70      F8C7
  71 002a 6A2D559A 		.ascii	"j-U\232\325\226\264e\323\230lO\201\3150#~\2209P&\361"
  71      D596B465 
ARM GAS  /tmp/ccizdmys.s 			page 5


  71      D3986C4F 
  71      81CD3023 
  71      7E903950 
  72 0040 03873A75 		.ascii	"\003\207:uS\246R\224\252\343C\001ET\024W\201\211T\234"
  72      53A65294 
  72      AAE34301 
  72      45541457 
  72      8189549C 
  73 0054 828C198D 		.ascii	"\202\214\031\215h`\347\336\373\340\325\012\306\233\234"
  73      6860E7DE 
  73      FBE0D50A 
  73      C69B9C
  74 0063 77DFB9F7 		.ascii	"w\337\271\367w~\277s\317\271}\325\021B\222c\010Y\017"
  74      777EBF73 
  74      CFB97DD5 
  74      11429263 
  74      08590F
  75 0076 8404F17D 		.ascii	"\204\004\361}\030G\024\316\247\2106(\232\037\355\004"
  75      184714CE 
  75      A7883628 
  75      9A1FED04 
  76 0086 5A351A42 		.ascii	"Z5\032BI\037yv|\015\002\267\030\355>Z\245\272.\251\261"
  76      491F7976 
  76      7C0D02B7 
  76      18ED3E5A 
  76      A5BA2EA9 
  77 009b D5E4F9B1 		.ascii	"\325\344\371\261\012\004\327b\325\007U#r\334P\271\247"
  77      0A04D762 
  77      D5075523 
  77      72DC50B9 
  77      A7
  78 00ac 1191632F 		.ascii	"\021\221c/\032\246LZ\321\256\242]C\273\215v\007\255"
  78      1AA64C5A 
  78      D1AEA25D 
  78      43BB8D76 
  78      07AD
  79 00be 0BED165A 		.ascii	"\013\355\026Z\367\030<l\024R\330\267\251kKT\0070V\002"
  79      F7183C6C 
  79      1452D8B7 
  79      A96B4B54 
  79      07305602 
  80 00d2 09006A16 		.ascii	"\011\000j\026\341\203\371\303#\203\355\013\200\004#"
  80      E183F9C3 
  80      2383ED0B 
  80      800423
  81 00e1 9B021519 		.ascii	"\233\002\025\031\306\367@\230D4\254\026\021\306\032"
  81      C6F74098 
  81      4434AC16 
  81      11C61A
  82 00f0 160C7C10 		.ascii	"\026\014|\020\236Jx.<35=\320\344a\0243\202\017c\205"
  82      9E4A782E 
  82      3C33353D 
  82      D0E46114 
  82      33820F63 
  83 0105 D1A0E7B3 		.ascii	"\321\240\347\263#\242\216\254\010{\266\025EwB;\"\027"
  83      23A28EAC 
  83      087BB615 
ARM GAS  /tmp/ccizdmys.s 			page 6


  83      4577423B 
  83      2217
  84 0117 11B221C6 		.ascii	"\021\262!\306\005l\361\337\336\202\363F*\361\367\312"
  84      056CF1DF 
  84      DE82F346 
  84      2AF1F7CA 
  85 0127 CDC10394 		.ascii	"\315\301\003\224\032\371\373\221\206\376|C\312~E\214"
  85      1AF9FB91 
  85      86FE7C43 
  85      CA7E458C 
  86 0137 98F709FC 		.ascii	"\230\367\011\374\001t\244\2345\303\217\002\306\037("
  86      0174A49C 
  86      35C38F02 
  86      C61F28
  87 0146 24EA4142 		.ascii	"$\352AB\267\245\277\261$\016\335W\365\220\200\356\376"
  87      B7A5BFB1 
  87      240EDD57 
  87      F59080EE 
  87      FE
  88 0157 75C385D1 		.ascii	"u\303\205\321\223~dq\033r\224\004\011\026O\204\3430"
  88      937E6471 
  88      1B729404 
  88      09164F84 
  88      E330
  89 0169 198EC164 		.ascii	"\031\216\301dL\261\022&\341\323\025%\230.\034k\276+"
  89      4CB11226 
  89      E1D31525 
  89      982E1C6B 
  89      BE2B
  90 017b 25972AA5 		.ascii	"%\227*\245\001%P\2277\261,G\371\005\303\2460\024T\000"
  90      01255097 
  90      37B12C47 
  90      F905C3A6 
  90      30145400 
  91 018f 85A390C2 		.ascii	"\205\243\220\302\316[\301\264\341\010t\002\034\206\016"
  91      CE5BC1B4 
  91      E1087402 
  91      1C860E
  92 019e 3C811F92 		.ascii	"<\201\037\2221\2721tc\025}\207\347{\351\367\274\272"
  92      31BA3174 
  92      63157D87 
  92      E77BE9F7 
  92      BCBA
  93 01b0 7895E874 		.ascii	"x\225\350t\031U\012\221&\201\323Ti4U\2214'8\215\322"
  93      19550A91 
  93      2681D354 
  93      69345591 
  93      3427388D 
  94 01c5 E30F1A69 		.ascii	"\343\017\032i\032\347)\330\233\1772\026y:\025%p\273"
  94      1AE729D8 
  94      9B7F3216 
  94      793A1525 
  94      70BB
  95 01d7 F84DFFA1 		.ascii	"\370M\377\241\036e\255\236g\015'5\242\223j-\240\232"
  95      1E65AD9E 
  95      670D2735 
  95      A2936A2D 
ARM GAS  /tmp/ccizdmys.s 			page 7


  95      A09A
  96 01e9 13D49F39 		.ascii	"\023\324\2379\3600\216~\007\202!\247\375\033Q\233w\321"
  96      F0308E7E 
  96      078221A7 
  96      FD1B519B 
  96      77D1
  97 01fb 5BF7D39E 		.ascii	"[\367\323\236\015:Q\233N\212\276\377hUm\264\330\236"
  97      0D3A519B 
  97      4E8ABEFF 
  97      68556DB4 
  97      D89E
  98 020d 81EE939E 		.ascii	"\201\356\223\236\3026\020\256\001\3355\376\266\215F"
  98      C23610AE 
  98      01DD35FE 
  98      B68D46
  99 021c 15CDBBD3 		.ascii	"\025\315\273\323T\334\025/\374)an\242p\327\027\034\376"
  99      54DC152F 
  99      FC29616E 
  99      A270D717 
  99      1CFE
 100 022e 4D4F8B84 		.ascii	"MO\213\204l\261\377\3019\2258\006\335\213\271\207\266"
 100      6CB1FFC1 
 100      39953806 
 100      DD8BB987 
 100      B6
 101 023f 51E146A1 		.ascii	"Q\341F\241\273\263\246r0\216\226\012\350\215\372\362"
 101      BBB3A672 
 101      308E960A 
 101      E88DFAF2 
 102 024f 7D6C6F9A 		.ascii	"}lo\232\036\330\0052\342\322\301{\307\037\277\"\226"
 102      1ED80532 
 102      E2D2C17B 
 102      C71FBF22 
 102      96
 103 0260 18A2A560 		.ascii	"\030\242\245``\327\004\272\213\303\245\216\266'\301"
 103      60D704BA 
 103      8BC3A58E 
 103      B627C1
 104 026f 78D09BD7 		.ascii	"x\320\233\327*\312\032\2454G\211\375\230@-\366\363\034"
 104      2ACA1AA5 
 104      344789FD 
 104      98402DF6 
 104      F31C
 105 0281 F6139AC1 		.ascii	"\366\023\232\301\314\202X]\240\011\027\033q\261\214"
 105      CC82585D 
 105      A009171B 
 105      71B18C
 106 0290 B53E30FC 		.ascii	"\265>0\374\353{E\003\254\227\027@\017\347\265\332M\323"
 106      EB7B4503 
 106      AC971740 
 106      0FE7B5DA 
 106      4DD3
 107 02a2 8BD697EF 		.ascii	"\213\326\227\357\332\270CGo\011\015\377\326\356\032"
 107      DAB84347 
 107      6F090DFF 
 107      D6EE1A
 108 02b1 693C8D4B 		.ascii	"i<\215K\343j\334?\221\\\233\247(\022\264\240\306EM\003"
ARM GAS  /tmp/ccizdmys.s 			page 8


 108      E36ADC3F 
 108      915C9BA7 
 108      2812B4A0 
 108      C6454D03 
 109 02c5 2585C8CD 		.ascii	"%\205\310\315\312\340j\211n\021\367{(\277\252\237\322"
 109      CAE06A89 
 109      6E11F77B 
 109      28BFAA9F 
 109      D2
 110 02d6 ADDC89AE 		.ascii	"\255\334\211\256\177\3600\307\000&\223)\311\274\203"
 110      7FF030C7 
 110      00269329 
 110      C9BC83
 111 02e5 8906861B 		.ascii	"\211\006\206\033\314%-=\212\262\311\300\331.#[\033$"
 111      CC252D3D 
 111      8AB2C9C0 
 111      D92E235B 
 111      1B24
 112 02f7 6959C8EC 		.ascii	"iY\310\354\366\246\342\203\010\374\315\327\212\225@"
 112      F6A6E283 
 112      08FCCDD7 
 112      8A9540
 113 0306 2EE5E086 		.ascii	".\345\340\2061\301\265\240\241\007\302\320W\"\321ga"
 113      31C1B5A0 
 113      A107C2D0 
 113      5722D167 
 113      61
 114 0317 947B23FF 		.ascii	"\224{#\377\331\240A\024\201\032\004\374\311\367\030"
 114      D9A04114 
 114      811A04FC 
 114      C9F718
 115 0326 1CCF06D7 		.ascii	"\034\317\006\327\261\024\255`\202\253h\327\300\304/"
 115      B114AD60 
 115      82AB68D7 
 115      C0C42F
 116 0335 A128456D 		.ascii	"\241(EmI\342j\214bH\242\226A\375\265V\017\3456\353h"
 116      49E26A8C 
 116      6248A296 
 116      41FDB556 
 116      0FE536EB 
 117 034a 2B3FB654 		.ascii	"+?\266TW\276\267\011 \311<\246\016~ \315/!5T\242\303"
 117      57BEB709 
 117      20C93CA6 
 117      0E7E20CD 
 117      2F213554 
 118 0360 4F020411 		.ascii	"O\002\004\021\370\227Vs&\314\365\372r\273;\343\304\325"
 118      F8975673 
 118      26CCF5FA 
 118      72BB3BE3 
 118      C4D5
 119 0372 9B846E45 		.ascii	"\233\204nE\323\261\366hzG\264 8\320\372}\034\355\027"
 119      D3B1F668 
 119      7A47B420 
 119      38D0FA7D 
 119      1CED17
 120 0385 CEC1A785 		.ascii	"\316\301\247\205{t\364\221p\362+6\3574\322!\356L\310"
 120      7B74F491 
ARM GAS  /tmp/ccizdmys.s 			page 9


 120      70F22B36 
 120      EF34D221 
 120      EE4CC8
 121 0398 FBB9AE64 		.ascii	"\373\271\256d\002o\216\311l\332\301E\037nO\334\254("
 121      026F8EC9 
 121      6CDAC145 
 121      1F6E4FDC 
 121      AC28
 122 03aa F533B86C 		.ascii	"\3653\270l\007\312\206p\036M\274\035\302\273\203\360"
 122      07CA8670 
 122      1E4DBC1D 
 122      C2BB83F0 
 123 03ba D3E6D5BC 		.ascii	"\323\346\325\274\336\014]\037\211\256\203g\332\203\360"
 123      DE0C5D1F 
 123      89AE8367 
 123      DA83F0
 124 03c9 EB61F09B 		.ascii	"\353a\360\233\221\3603\343\264\3474\002N\361\275\220"
 124      91F033E3 
 124      B4E73402 
 124      4EF1BD90 
 125 03d9 5AB31EAC 		.ascii	"Z\263\036\254\331m\254\327\035\264.\264[h\335j\355\204"
 125      D96DACD7 
 125      1DB42EB4 
 125      5B68DD6A 
 125      ED84
 126 03eb 50CBEB9A 		.ascii	"P\313\353\232\320\337\221B\332\025S{\272]\3644\364l"
 126      D0DF9142 
 126      DA15537B 
 126      BA5DF434 
 126      F46C
 127 03fd 4F055328 		.ascii	"O\005S(\274 \235\221Tg\303\216\210\325=\365\370^\236"
 127      BC209D91 
 127      5467C38E 
 127      88D53DF5 
 127      F85E9E
 128 0410 91E6517E 		.ascii	"\221\346Q~\007\016\366\366\177\013\346$\241\321W\316"
 128      070EF6F6 
 128      7F0BE624 
 128      A1D157CE 
 129 0420 9B790F83 		.ascii	"\233y\017\203\377\321\232\031\342\315\034\363\264p\027"
 129      FFD19A19 
 129      E2CD1CF3 
 129      B47017
 130 042f 0FF93207 		.ascii	"\017\3712\007F\331\313\203\377]1&\2514k\307\245!/\342"
 130      46D9CB83 
 130      FF5D3126 
 130      A9346BC7 
 130      A5212FE2 
 131 0443 085D1DDC 		.ascii	"\010]\035\334-M\335\251\034b\177\021\273\343\313\327"
 131      2D4DDDA9 
 131      1C627F11 
 131      BBE3CBD7 
 132 0453 284A2CF4 		.ascii	"(J,\364b`@\244\033\326\006\266\362\205D\240\017\246"
 132      626040A4 
 132      1BD606B6 
 132      F28544A0 
 132      0FA6
ARM GAS  /tmp/ccizdmys.s 			page 10


 133 0465 62E0F6A7 		.ascii	"b\340\366\247O\212\342\015\371\243_\024\376\021\037"
 133      4F8AE20D 
 133      F9A35F14 
 133      FE111F
 134 0474 F9CD11B8 		.ascii	"\371\315\021\270\017\006\376\011g\263\301b\261[=\316"
 134      0F06FE09 
 134      67B3C162 
 134      B15B3DCE 
 135 0484 951687CB 		.ascii	"\225\026\207\313\3413\246\310K\334VO\206x\246\330b\346"
 135      E133A6C8 
 135      4BDC564F 
 135      8678A6D8 
 135      62E6
 136 0496 7EFAF994 		.ascii	"~\372\371\224\264\324T\222\020\261Ab\371\313<\214I\360"
 136      B4D45492 
 136      10B14162 
 136      F9CB3C8C 
 136      49F0
 137 04a8 FA96CF9A 		.ascii	"\372\226\317\232i\2619\335\266/9Ij\212\234\226\351X"
 137      69B139DD 
 137      B62F3949 
 137      6A8A9C96 
 137      E958
 138 04ba E258B050 		.ascii	"\342X\260Pv{\345L\253S\316r{|^y\341g\237\314\232)\236"
 138      767BE54C 
 138      AB53CE72 
 138      7B7C5E79 
 138      E1679FCC 
 139 04d1 1FA5AE58 		.ascii	"\037\245\256X\301v,NgFJ&I\314\302\327\014\373Rk\266"
 139      C1762C4E 
 139      67464A26 
 139      49CCC2D7 
 139      0CFB526B 
 140 04e6 D367B1B9 		.ascii	"\323g\261\271]K\035\313t\351s\346X}Vj\3638\365\026K"
 140      5D4B1DCB 
 140      74E973E6 
 140      587D566A 
 140      F338F516 
 141 04fb B6C3E543 		.ascii	"\266\303\345C\015\337[r\266\327#[=\313\247\273\334."
 141      0DDF5B72 
 141      B6D7235B 
 141      3DCBA7BB 
 141      DC2E
 142 050d FB74BB75 		.ascii	"\373t\273u\211Cv\270l\316\354\014\273\274\334j\313t"
 142      894376B8 
 142      6CCEEC0C 
 142      BBBCDC6A 
 142      CB74
 143 051f B8ECF228 		.ascii	"\270\354\362(\221oe\226\335\213\3541#\321o\274 \332"
 143      916F6596 
 143      DD8BEC31 
 143      23D16FBC 
 143      20DA
 144 0531 BBD22B5B 		.ascii	"\273\322+[\274\276\014\204b\010ugxP:\363\355\027\036"
 144      BCBE0C84 
 144      62087567 
 144      78503AF3 
ARM GAS  /tmp/ccizdmys.s 			page 11


 144      ED171E
 145 0544 65FEFC39 		.ascii	"e\376\3749\362\334\364y\013\276J\345g\311\322\316#J"
 145      F2DCF479 
 145      0BBE4AE5 
 145      67C9D2CE 
 145      234A
 146 0556 B22CCBE1 		.ascii	"\262,\313\341\266x\355\276\354,\213O\227\236\306\316"
 146      B678EDBE 
 146      EC2C8B4F 
 146      979EC6CE 
 147 0566 A34BFF40 		.ascii	"\243K\377@L\263\305\364!\233b\323g\317O\343\247\376"
 147      4CB3C5F4 
 147      219B62D3 
 147      67CF4FE3 
 147      A7FE
 148 0578 1FA3E3D3 		.ascii	"\037\243\343\323<"
 148      3C
 149              		.text
 150              		.section	.gnu.lto_.symtab.ab723a533caa3c43,"",%progbits
 151 0000 5F5F6561 		.ascii	"__early_init\000"
 151      726C795F 
 151      696E6974 
 151      00
 152 000d 00       		.ascii	"\000"
 153 000e 00       		.ascii	"\000"
 154 000f 00       		.ascii	"\000"
 155 0010 00000000 		.ascii	"\000\000\000\000\000\000\000\000"
 155      00000000 
 156 0018 BB000000 		.ascii	"\273\000\000\000"
 157 001c 626F6172 		.ascii	"boardInit\000"
 157      64496E69 
 157      7400
 158 0026 00       		.ascii	"\000"
 159 0027 00       		.ascii	"\000"
 160 0028 00       		.ascii	"\000"
 161 0029 00000000 		.ascii	"\000\000\000\000\000\000\000\000"
 161      00000000 
 162 0031 BD000000 		.ascii	"\275\000\000\000"
 163 0035 70616C5F 		.ascii	"pal_default_config\000"
 163      64656661 
 163      756C745F 
 163      636F6E66 
 163      696700
 164 0048 00       		.ascii	"\000"
 165 0049 00       		.ascii	"\000"
 166 004a 00       		.ascii	"\000"
 167 004b 00000000 		.ascii	"\000\000\000\000\000\000\000\000"
 167      00000000 
 168 0053 EE000000 		.ascii	"\356\000\000\000"
 169 0057 73746D33 		.ascii	"stm32_clock_init\000"
 169      325F636C 
 169      6F636B5F 
 169      696E6974 
 169      00
 170 0068 00       		.ascii	"\000"
 171 0069 02       		.ascii	"\002"
 172 006a 00       		.ascii	"\000"
ARM GAS  /tmp/ccizdmys.s 			page 12


 173 006b 00000000 		.ascii	"\000\000\000\000\000\000\000\000"
 173      00000000 
 174 0073 BF000000 		.ascii	"\277\000\000\000"
 175              		.text
 176              		.section	.gnu.lto_.opts,"",%progbits
 177 0000 272D666D 		.ascii	"'-fmath-errno' '-fsigned-zeros' '-ftrapping-math' '"
 177      6174682D 
 177      6572726E 
 177      6F272027 
 177      2D667369 
 178 0033 2D666E6F 		.ascii	"-fno-trapv' '-fno-strict-overflow' '-fno-openmp' '-"
 178      2D747261 
 178      70762720 
 178      272D666E 
 178      6F2D7374 
 179 0066 666E6F2D 		.ascii	"fno-openacc' '-mcpu=cortex-m3' '-mthumb' '-O0' '-fo"
 179      6F70656E 
 179      61636327 
 179      20272D6D 
 179      6370753D 
 180 0099 6D69742D 		.ascii	"mit-frame-pointer' '-falign-functions=16' '-ffuncti"
 180      6672616D 
 180      652D706F 
 180      696E7465 
 180      72272027 
 181 00cc 6F6E2D73 		.ascii	"on-sections' '-fdata-sections' '-fno-common' '-flto"
 181      65637469 
 181      6F6E7327 
 181      20272D66 
 181      64617461 
 182 00ff 2700     		.ascii	"'\000"
 183              		.text
 184              		.comm	__gnu_lto_v1,1,1
 185              		.comm	__gnu_lto_slim,1,1
 186              		.ident	"GCC: (GNU Tools for Arm Embedded Processors 7-2018-q3-update) 7.3.1 20180622 (release) [AR
ARM GAS  /tmp/ccizdmys.s 			page 13


DEFINED SYMBOLS
                            *ABS*:0000000000000000 board.c
                            *COM*:0000000000000001 __gnu_lto_v1
                            *COM*:0000000000000001 __gnu_lto_slim

NO UNDEFINED SYMBOLS
