ARM GAS  /tmp/ccOq5hdx.s 			page 1


   1              		.cpu cortex-m3
   2              		.eabi_attribute 20, 1
   3              		.eabi_attribute 21, 1
   4              		.eabi_attribute 23, 3
   5              		.eabi_attribute 24, 1
   6              		.eabi_attribute 25, 1
   7              		.eabi_attribute 26, 1
   8              		.eabi_attribute 30, 6
   9              		.eabi_attribute 34, 1
  10              		.eabi_attribute 18, 4
  11              		.file	"chdynamic.c"
  12              		.section	.gnu.lto_.inline.6458f372a20f92c8,"",%progbits
  13 0000 789C6363 		.ascii	"x\234cc``\230\317\200\000,\014\014\254\274\014\014L"
  13      606098CF 
  13      80002C0C 
  13      0CACBC0C 
  13      0C4C
  14 0012 2C1FF480 		.ascii	",\037\364\200l&\220\020#\027\210\300.\314\304 u\014"
  14      6C269010 
  14      231788C0 
  14      2ECCC420 
  14      750C
  15 0024 44891DD8 		.ascii	"D\211\035\330\315\210\"\301\314\003\024\235\340\007"
  15      CD8822C1 
  15      CC03149D 
  15      E007
  16 0032 A6192142 		.ascii	"\246\031!B\254|@\341\011~ A\006\271\313 ]r\015\277\010"
  16      AC7C40E1 
  16      097E2041 
  16      06B9CB20 
  16      5D720DBF 
  17 0047 EA023327 		.ascii	"\352\0023'\3701q\203D\030\000K\014\015B"
  17      F8317183 
  17      4418004B 
  17      0C0D42
  18              		.text
  19              		.section	.gnu.lto_chSysLock.6458f372a20f92c8,"",%progbits
  20 0000 789C6D51 		.ascii	"x\234mQ\317k\023Q\020\236\331\267IJSE\004)H\017\033"
  20      CF6B1351 
  20      109ED9B7 
  20      494A5345 
  20      0429480F 
  21 0015 2487A2E4 		.ascii	"$\207\242\344\011\036<x\222\234z\010J\363\007\024\273"
  21      091E3C78 
  21      929C7A08 
  21      4AF30714 
  21      BB
  22 0026 06B3E076 		.ascii	"\006\263\340v\313n\224\366\224G,\244E\275\324\032CX"
  22      CB6E94F6 
  22      94472CA4 
  22      45BDD41A 
  22      4358
  23 0038 A83F0855 		.ascii	"\250?\010U\321h\353\317$\266\215\355M\250h\301S\013"
  23      D168EBCF 
  23      24B68DED 
  23      4DA868C1 
  23      530B
ARM GAS  /tmp/ccOq5hdx.s 			page 2


  24 004a 9516C5DA 		.ascii	"\225\026\305\332R\260\007\361bu\336\253J\025\007v\037"
  24      52B007F1 
  24      6275DEAB 
  24      4A150776 
  24      1F
  25 005b 33F37DF3 		.ascii	"3\363}\363\315\367^\020\000P\003\030\247s\037}\300T"
  25      CDF75E10 
  25      00500318 
  25      A7731F7D 
  25      C054
  26 006d 8A1AA2EC 		.ascii	"\212\032\242\354@V\303,^b#\014g\362\037\253Z\373\230"
  26      4056C32C 
  26      5E62230C 
  26      67F21FAB 
  26      5AFB98
  27 0080 A0685C1B 		.ascii	"\240h\\\033n\275'\336\010\3463\200\002\003\025\370\010"
  27      6EBD27DE 
  27      08E63380 
  27      020315F8 
  27      08
  28 0091 DB8170CB 		.ascii	"\333\201p\313\343[Ww\005\365\355:>\306 M\001\244\306"
  28      E35B5777 
  28      05F5ED3A 
  28      3EC6204D 
  28      01A4C6
  29 00a4 DB81873E 		.ascii	"\333\201\207>\273H\034D\235\322/s\245\225\3352\325\320"
  29      BB481C44 
  29      9DD22F73 
  29      A595DD32 
  29      D5D0
  30 00b6 A0B4FC6A 		.ascii	"\240\264\374j~:\314\016\240\034q\247r\243\330\022\275"
  30      7E3ACC0E 
  30      A01C71A7 
  30      72A3D812 
  30      BD
  31 00c7 25444E34 		.ascii	"%DN4\226\312\274\364\365\223\020\303\002}\306\360\031"
  31      96CABCF4 
  31      F59310C3 
  31      027DC6F0 
  31      19
  32 00d8 321A8C4F 		.ascii	"2\032\214O\261\015\237`\333\266\360s\214>\230\0174\304"
  32      B10D9F60 
  32      DBB6F073 
  32      8C3E980F 
  32      34C4
  33 00ea D68F3CAD 		.ascii	"\326\217<\255\266w\261\270\372\372`\200\251:\300\240"
  33      B677B1B8 
  33      FAFA6080 
  33      A93AC0A0 
  34 00fa 5A6F8891 		.ascii	"Zo\210\221)\366\031s\031(1\351&\277*&u\251\316\320\300"
  34      29F61973 
  34      192831E9 
  34      26BF2A26 
  34      75A9CED0 
  35 010f 2A4D5AC3 		.ascii	"*MZ\303\334\362\332\345\332\022\376\2610\240\254^)\264"
  35      DCF2DAE5 
  35      DA12FEB1 
ARM GAS  /tmp/ccOq5hdx.s 			page 3


  35      30A0AC5E 
  35      29B4
  36 0121 2A170586 		.ascii	"*\027\005\206;\335a\015\203X's\377\300\027\312G\366"
  36      3BDD610D 
  36      83582773 
  36      FFC017CA 
  36      47F6
  37 0133 2B61D92C 		.ascii	"+a\331,\220\352N\316\013\342L\312\013\241\037\322\265"
  37      90EA4ECE 
  37      0BE24CCA 
  37      0BA11FD2 
  37      B5
  38 0144 14A4D8CD 		.ascii	"\024\244\330\315\321\211o\315\2211\034\025E\303g\272"
  38      D1896FCD 
  38      91311C15 
  38      45C367BA 
  39 0154 24DC5FA9 		.ascii	"$\334_\251\213&]>\303\024F@V\026K\265\221f\252\3404"
  39      8B265D3E 
  39      C3144640 
  39      56164BB5 
  39      9166AAE0 
  40 0169 EA64803A 		.ascii	"\352d\200:\015u\211\267\247f?\264D\356\376\"\007$t\263"
  40      0D7589B7 
  40      A7663FB4 
  40      44EEFE22 
  40      072474B3 
  41 017d 32F12EAC 		.ascii	"2\361.\254\310/%\031gP\207u\274\360~h.\254^\203 \325"
  41      C82F2519 
  41      67508775 
  41      BCF07E68 
  41      2EAC5E83 
  42 0193 EAFA4228 		.ascii	"\352\372B(\373]4\371\214v\224\323f1\013>\013\301\006"
  42      FB5D34F9 
  42      8C7694D3 
  42      66310B3E 
  42      0BC106
  43 01a6 E6AED72B 		.ascii	"\346\256\327+\250\2002\006\3115\320,#\306\343i\253\333"
  43      A8803206 
  43      C935D02C 
  43      23C6E369 
  43      ABDB
  44 01b8 3A91E48E 		.ascii	":\221\344\216\307\335\014\267z\314\263\347N\247\270"
  44      C7DD0CB7 
  44      7ACCB3E7 
  44      4EA7B8
  45 01c7 99F6FABD 		.ascii	"\231\366\372\275X\032B\335\247\274\324I\327\212\375"
  45      581A42DD 
  45      A7BCD449 
  45      D78AFD
  46 01d6 05341DDB 		.ascii	"\0054\035\333vzx\257\343f<~\2743\021O\364\021\303t\334"
  46      767A78AF 
  46      E3663C7E 
  46      BC33114F 
  46      F411C374 
  47 01eb 54D7F9A3 		.ascii	"T\327\371\2436\321\216\375\017\236\352\313H0\217'\222"
  47      36D18EFD 
  47      0F9EEACB 
ARM GAS  /tmp/ccOq5hdx.s 			page 4


  47      48308F27 
  47      92
  48 01fc 1D491E27 		.ascii	"\035I\036'4\357\370-g{\226\327u\3064\211\273'\221\354"
  48      34EFF82D 
  48      677B96D7 
  48      75C63489 
  48      BB2791EC 
  49 0210 34A46CAF 		.ascii	"4\244l\257k\0352\242\207As!d\247l\307\355\207\237d\343"
  49      6B1D32A2 
  49      87417321 
  49      64A76CC7 
  49      ED879F64 
  50 0225 D779     		.ascii	"\327y"
  51              		.text
  52              		.section	.gnu.lto_chSysUnlock.6458f372a20f92c8,"",%progbits
  53 0000 789C6D51 		.ascii	"x\234mQ\337K\024Q\024>g\316\354\256\250Io\202,\264K"
  53      DF4B1451 
  53      143E67CE 
  53      ECAEA849 
  53      6F822CB4 
  54 0015 EC83183B 		.ascii	"\354\203\030;\275\365 \004\261O>,\205\373\007HNK\273"
  54      BDF52004 
  54      B14F3E2C 
  54      85FB0748 
  54      4E4BBB
  55 0028 D03832B3 		.ascii	"\32082\263\205>\355eS4\254\227\262I\226\001\255\020"
  55      853EED65 
  55      5334AC97 
  55      B2499601 
  55      AD10
  56 003a 2B6A4BFB 		.ascii	"+jK\373\271k\351\246oATBO\026\205RdIPD\004\222v\356"
  56      B96BE9A6 
  56      6F415442 
  56      4F168552 
  56      64495044 
  57 0052 352BA10B 		.ascii	"5+\241\013s/\347\234\357;\3379\337\004\001\240A\003"
  57      732FE79C 
  57      EF3BDF39 
  57      DF0401A0 
  57      4103
  58 0064 98E437CC 		.ascii	"\230\3447\314\037\350\200\034\242\206\3047!r\012!\257"
  58      1FE8801C 
  58      A286C437 
  58      21720A21 
  58      AF
  59 0075 11E6F134 		.ascii	"\021\346\3614\015\023\316\015\274/k\315\023\202O\365"
  59      0D13CE0D 
  59      BC2F6BCD 
  59      13824FF5 
  60 0085 42A5F1BA 		.ascii	"B\245\361\272x.\310g\254G\240\016\336\306f`\334\322"
  60      782EC867 
  60      AC47A00E 
  60      DEC66660 
  60      DCD2
  61 0097 E4FAF91D 		.ascii	"\344\372\371\035A}l\253\204w0\310\235@\343\014\227_"
  61      417D6CAB 
  61      847730C8 
ARM GAS  /tmp/ccOq5hdx.s 			page 5


  61      9D40E30C 
  61      975F
  62 00a9 F4DDF269 		.ascii	"\364\335\362i\210\231\210:\207_\236\026\227\033d\250"
  62      8899883A 
  62      875F9E16 
  62      971B64A8 
  63 00b9 6184C3F1 		.ascii	"a\204\303\361'\013\263u\264\033%\362j\351\342H}\354"
  63      270BB375 
  63      B41B25F2 
  63      6AE9E248 
  63      7DEC
  64 00cb B2100551 		.ascii	"\262\020\005Q}3\336Z\374\376A\210\263\002}\"\274\217"
  64      7D33DE5A 
  64      FCFE4188 
  64      B3027D22 
  64      BC8F
  65 00dd C4BDF11E 		.ascii	"\304\275\361\036\206\361.\2067\345\037`\354\346B\240"
  65      86F12E86 
  65      37E51F60 
  65      ECE642A0 
  66 00ed 2AD63706 		.ascii	"*\3267\006x\300\246\327\376\312ZK\200T\036`P\015y\212"
  66      78C0A6D7 
  66      FECA5A4B 
  66      80541E60 
  66      500D798A 
  67 0101 78435AC5 		.ascii	"xCZ\305\223c\033%Rs\261L\271\274\272\030\312\377\024"
  67      93631B25 
  67      5273B14C 
  67      B9BCBA18 
  67      CAFF14
  68 0114 353EE91E 		.ascii	"5>\351\036\361\240X\306<\370\024P\004\346\321G,\344"
  68      F1A058C6 
  68      3CF81450 
  68      04E6D147 
  68      2CE4
  69 0126 A048D204 		.ascii	"\240H\322\004\257\177\356YH\216\313@\254\260\364',,"
  69      AF7FEE59 
  69      488ECB40 
  69      ACB0F427 
  69      2C2C
  70 0138 AD9CA9EC 		.ascii	"\255\234\251\354\372\263x\2372\350\334\267F\265\270"
  70      FAB3789F 
  70      32E8DCB7 
  70      46B5B8
  71 0147 C78A7F3D 		.ascii	"\307\212\177=\001\234\306 >\334\324\375\027\276\330"
  71      019CC620 
  71      3EDCD4FD 
  71      17BED8
  72 0156 BFBF490D 		.ascii	"\277\277I\015*\213\036\3216\316#\346\314H\017\371bU"
  72      2A8B1ED1 
  72      36CE23E6 
  72      CC480FF9 
  72      6255
  73 0168 F090AB97 		.ascii	"\360\220\253\227F\247~\324F'pT\214D|R\015o,O\213\032"
  73      46A77ED4 
  73      46277054 
  73      8C447C52 
ARM GAS  /tmp/ccOq5hdx.s 			page 6


  73      0D6F2C4F 
  74 017e 5DFEC359 		.ascii	"]\376\303Y\214\202\314\274*V\206k9\203U\324\213r\025"
  74      8C82CCBC 
  74      2A56866B 
  74      398355D4 
  74      8B7215
  75 0191 7CAC4CBF 		.ascii	"|\254L\27723\377\256>z\35579$\241_KS/\353\024yN\222"
  75      3233FFAE 
  75      3E7AED37 
  75      3924A15F 
  75      4B532FEB 
  76 01a9 711E75F8 		.ascii	"q\036u\370\214\205\267Ck-\312(y\006\245;\014\211\304"
  76      8C85B743 
  76      6B2DCA28 
  76      7906A53B 
  76      0C89C4
  77 01bc 8D4426DB 		.ascii	"\215D&\333\231=\2302l\327prF\266\313<v\374H\33203n\257"
  77      993D9832 
  77      6CD77072 
  77      46B6CB3C 
  77      76FC48DA 
  78 01d4 1BCF40A8 		.ascii	"\033\317@\250\363\260\233>\344d\343\333\200\246mYv\227"
  78      F3B09B3E 
  78      E464E3DB 
  78      80A66D59 
  78      7697
  79 01e6 D16D3B39 		.ascii	"\321m;9\3278\320\236L${\230a\332N\272\343\304>\213i"
  79      D738D09E 
  79      4C247B98 
  79      61DA4EBA 
  79      E3C43E8B 
  80 01fb ADFF83A7 		.ascii	"\255\377\203\247{r\022l$\222\251\266\224\221`\264\321"
  80      7B72126C 
  80      2492A9B6 
  80      949160B4 
  80      D1
  81 020c B62567B9 		.ascii	"\266%g\271Y\267\343\250i2wg2\325\036\221\262\335NvO"
  81      59B7E3A8 
  81      69327767 
  81      32D51E91 
  81      B2DD4E76 
  82 0221 24B61734 		.ascii	"$\266\0274\007BV\332\262\235^\370\005\010\032\331\340"
  82      074256DA 
  82      B29D5EF8 
  82      05081AD9 
  82      E0
  83              		.text
  84              		.section	.gnu.lto_chThdCreateFromHeap.6458f372a20f92c8,"",%progbits
  85 0000 789C7555 		.ascii	"x\234uU]O\034e\024~\317\234\231\331]`\241\324\202@H"
  85      5D4F1C65 
  85      147ECF9C 
  85      99D95D60 
  85      A1D48240 
  86 0015 43A28470 		.ascii	"C\242\204p!{\341\205$^\230hbz\347\205\277\000)\012\027"
  86      217BE185 
  86      245E9868 
  86      627AE785 
ARM GAS  /tmp/ccOq5hdx.s 			page 7


  86      BF00290A 
  87 002a DA0D608C 		.ascii	"\332\015`\214\3360e\201\202\010\021R\266:\214\315bE"
  87      DE306581 
  87      82081152 
  87      B63A8CCD 
  87      6245
  88 003c 6A1AD212 		.ascii	"j\032\322\022)-\005\352\362Q\300\026ZJ)\266@\011\205"
  88      292D05EA 
  88      F251C016 
  88      5A4A29B6 
  88      400985
  89 004f 525B5836 		.ascii	"R[X6\251b\265\244\037\236\363\3164)+n2\2633\363>\317"
  89      A962B5A4 
  89      1F9EF3CE 
  89      34292B6E 
  89      32B333F3 
  90 0065 73BE9E77 		.ascii	"s\276\236wF\027B4\350B\354\243\3777\350\020.\001\212"
  90      46174234 
  90      E842ECA3 
  90      FF37E810 
  90      2E018A
  91 0078 A0434121 		.ascii	"\240CA!\014E\245\223\212\240\321\023U\2365 0\350\000"
  91      0C45A593 
  91      8AA0D113 
  91      559E3520 
  91      30E800
  92 008b 040551A1 		.ascii	"\004\005Q\241\240\252\351P\001_\341a\204\253U\247,\254"
  92      A0AAE950 
  92      015FE161 
  92      84AB55A7 
  92      2CAC
  93 009d 470B094C 		.ascii	"G\013\011L\267\017&\315\225D\276\005\310\242\333Ht\264"
  93      B70F26CD 
  93      9544BE05 
  93      C8A2DB48 
  93      74B4
  94 00af 3B21B7C3 		.ascii	";!\267\3030*\215\360\221\031\275\265{\312\360X\250\210"
  94      302A8DF0 
  94      9119BDB5 
  94      7BCAF058 
  94      A888
  95 00c1 20C1BB21 		.ascii	" \301\273!\023~\206L\326<\015\271\004\356\216~\363\207"
  95      137E864C 
  95      D63C0DB9 
  95      04EE8E7E 
  95      F387
  96 00d3 075F0141 		.ascii	"\007_\001A\3277'\307\236$\346\264K\342f;\032\257Z\210"
  96      D73727C7 
  96      9E24E6B4 
  96      4BE2663B 
  96      1AAF5A88 
  97 00e7 D003F822 		.ascii	"\320\003\370\"\221\036\0118\0039\004\377\376\340\365"
  97      911E0938 
  97      033904FF 
  97      FEE0F5
  98 00f6 4B5ECC95 		.ascii	"K^\314\225\324\245\272\316\006\325\241\336\351\220T"
  98      D4A5BACE 
ARM GAS  /tmp/ccOq5hdx.s 			page 8


  98      06D5A1DE 
  98      E99054
  99 0105 15CEC652 		.ascii	"\025\316\306RU\001\275\222Z\271\3343\013\230'\251\027"
  99      5501BD92 
  99      5AB9DC33 
  99      0B9827A9 
  99      17
 100 0116 068F6F79 		.ascii	"\006\217oy\035\352\242\231\332\0360\366Y\250\301\271"
 100      1DEAA299 
 100      DA1E30F6 
 100      59A8C1B9 
 101 0126 58B226A0 		.ascii	"X\262&\240O\222OT\376\276\201\370\272$/\217\337>\254"
 101      4F924F54 
 101      FEBE81F8 
 101      BA242F8F 
 101      DF3EAC
 102 0139 39E4093B 		.ascii	"9\344\011;\256\016\375\261T]\300\200\244N\254\365\235"
 102      AE0EFDB1 
 102      545DC080 
 102      A44EACF5 
 102      9D
 103 014a 7663BEA4 		.ascii	"vc\276\244>\236:\1776\301\241\3365\367\376 \343\272"
 103      3E9E3A7F 
 103      36C1A1DE 
 103      35F7FE20 
 103      E3BA
 104 015c E07C2C99 		.ascii	"\340|,\231\346\364\213$\257\033\365\003\200oJr{\343"
 104      E6F48B24 
 104      AF1BF503 
 104      806F4A72 
 104      7BE3
 105 016e 3F5DCAF3 		.ascii	"?]\312\363\270?\312\270n\010\307R\335\002\006!\207\361"
 105      B83FCAB8 
 105      6E08C752 
 105      DD020621 
 105      87F1
 106 0180 D1AAD5A5 		.ascii	"\321\252\325\245x{bit{\252\277j\303\231X\030\270\363"
 106      787B6269 
 106      747BAABF 
 106      6AC39958 
 106      18B8F3
 107 0193 B7FBA371 		.ascii	"\267\373\243q\370\226\224\356\274\263\360i\3661#l\030"
 107      F89694EE 
 107      BCB3F069 
 107      F631236C 
 107      18
 108 01a4 E168EBDE 		.ascii	"\341h\353\336f\303\0307T\013=0b\253\017\223\372\220"
 108      66C31837 
 108      540B3D30 
 108      62AB0F93 
 108      FA90
 109 01b6 9CA06074 		.ascii	"\234\240`tx}\345\204\212oK\346OM\337\365\350D\345\244"
 109      787DE584 
 109      8A6F4BE6 
 109      4F4DDFF5 
 109      E844E5A4 
 110 01ca 1E9ABBDB 		.ascii	"\036\232\273\333\0026\325\015\243\333\023s\250#\253"
ARM GAS  /tmp/ccOq5hdx.s 			page 9


 110      0236D50D 
 110      A3DB1373 
 110      A823AB
 111 01d9 8FA7E3F1 		.ascii	"\217\247\343\361]I]\257\035\357p;\324\250\231\361\234"
 111      5D495DAF 
 111      1DEF703B 
 111      D4A899F1 
 111      9C
 112 01ea AAC0F88E 		.ascii	"\252\300\370\216\324\345\256\247-^]\205_!\033\306\350"
 112      D4E5AEA7 
 112      2D5E5D85 
 112      5F211BC6 
 112      E8
 113 01fb B800D96C 		.ascii	"\270\000\331l/r\325E\262-Y\226m\331\265\361hP\246\323"
 113      2F72D545 
 113      B22D5996 
 113      6DD9B5F1 
 113      6850A6D3 
 114 020f 6C84675B 		.ascii	"l\204g[\323\332\002\325\266\246\210\025\204K$\361\202"
 114      D3DA02D5 
 114      B6A68815 
 114      844B24F1 
 114      82
 115 0220 D4C9692D 		.ascii	"\324\311i-l<}v\210\346\222\021\335\374+9\023\250\227"
 115      6C3C7D76 
 115      88E69211 
 115      DDFC2B39 
 115      13A897
 116 0233 710A9D14 		.ascii	"q\012\235\024\015\330|\264+\310G\324]\"x\200m\341\005"
 116      0DD87CB4 
 116      2BC847D4 
 116      5D227880 
 116      6DE105
 117 0246 9E7012F0 		.ascii	"\236p\022\360\250\222\201\273\236\"X2\235I\031|\022"
 117      A89281BB 
 117      9E225832 
 117      9D49197C 
 117      12
 118 0257 A2961314 		.ascii	"\242\226\023\024u|\211\021\250\011\2554\2708]\023\335"
 118      757C8911 
 118      A809AD34 
 118      B8385D13 
 118      DD
 119 0268 946C6F6F 		.ascii	"\224lood\336U\361\304p[\030\037D\252\000&\240B\230\250"
 119      64DE55F1 
 119      C4705B18 
 119      1F44AA00 
 119      26A04298 
 120 027d 99A8D3B2 		.ascii	"\231\250\323\262\331\267yQ\343\201%\200\033&!\323B\257"
 120      D9B77951 
 120      E3812580 
 120      1B2621D3 
 120      42AF
 121 028f 5885AAB9 		.ascii	"X\205\252\271\341\313\255\011\216\010\344\331\325\324"
 121      E1CBAD09 
 121      8E08E4D9 
 121      D5D4
ARM GAS  /tmp/ccOq5hdx.s 			page 10


 122 029d D10E11B8 		.ascii	"\321\016\021\270\006\225\233\367\316\005\234\010\031"
 122      06959BF7 
 122      CE059C08 
 122      19
 123 02aa 2411AC1E 		.ascii	"$\021\254\036\272\342b\011\005\004\\\226\245\327\321"
 123      BAE26209 
 123      05045C96 
 123      A5D7D1
 124 02b9 8E9050F3 		.ascii	"\216\220P\363\376\300J<C\011\367u\360h\275\313\367\032"
 124      FEC04A3C 
 124      4309F775 
 124      F068BDCB 
 124      F71A
 125 02cb EF01EA45 		.ascii	"\357\001\352E\213L\032\256\200\317D\217 h\320\023\213"
 125      8B4C1AAE 
 125      80CF448F 
 125      2068D013 
 125      8B
 126 02dc 8BB371F2 		.ascii	"\213\263q\362E1\30587\341\002VMC\357\036;:\320#*\203"
 126      4531C538 
 126      37E10256 
 126      4D43EF1E 
 126      3B3AD023 
 127 02f2 D9335FDE 		.ascii	"\3313_\336:\323\017\377\243\240\260\302UV\000\306\232"
 127      3AD30FFF 
 127      A3A0B0C2 
 127      555600C6 
 127      9A
 128 0303 FF89A4DB 		.ascii	"\377\211\244\33389\350i\306yw\306\271l\234\312\270k"
 128      3839E869 
 128      C67977C6 
 128      B96C9CCA 
 128      B86B
 129 0315 8C4BDA86 		.ascii	"\214K\332\206\333<\376`\036\030\347\266q\032\343f\030"
 129      DB3CFE60 
 129      1E18E7B6 
 129      711AE366 
 129      18
 130 0326 972C2210 		.ascii	"\227,\"\020\010\375\331\210\322G\333\307\222\030\344"
 130      08FDD988 
 130      D247DBC7 
 130      9218E4
 131 0335 04E13A8D 		.ascii	"\004\341:\215\305\"\301\010T\205\376n\324\355\012S\266"
 131      C522C108 
 131      5485FE6E 
 131      D4ED0A53 
 131      B6
 132 0346 43770539 		.ascii	"Cw\0059G\230%(-\334mj\252CZ\240_h\013,L\346\250\266"
 132      47982528 
 132      2DDC6D6A 
 132      AA435AA0 
 132      5F680B2C 
 133 035e 517F830A 		.ascii	"Q\177\203\012\013w\0139\254\305c.'\277\376\241\311Q"
 133      0B770B39 
 133      ACC5632E 
 133      27BFFEA1 
 133      C951
ARM GAS  /tmp/ccOq5hdx.s 			page 11


 134 0370 3D04470F 		.ascii	"=\004G\0172#\325\302\227(\200=1Z\2349tc1\336\327\311"
 134      3223D5C2 
 134      9728803D 
 134      315A9C39 
 134      746331DE 
 135 0386 6A5916EE 		.ascii	"jY\026\356\201\033\020\202\026j.\305\273\011>~\243\216"
 135      811B1082 
 135      166A2EC5 
 135      BB093E7E 
 135      A38E
 136 0398 8CD5B879 		.ascii	"\214\325\270y\316)\0000G\254\010T\207\236\355XRj\220"
 136      CE290030 
 136      47AC0854 
 136      879EED58 
 136      526A90
 137 03ab 7B04F3D2 		.ascii	"{\004\363\322i\\\303\311H\357#/s_&\217,\260\315\322"
 137      695CC3C9 
 137      48EF232F 
 137      735F268F 
 137      2CB0CDD2 
 138 03bf 6447DA92 		.ascii	"dG\332\222vn\010\177(n9\015ao\334_\033v:\222N\202\322"
 138      766E087F 
 138      286E390D 
 138      616FDC5F 
 138      1B763A92 
 139 03d6 619A74D8 		.ascii	"a\232t\330\320\202\034:WN\"\337.\205\233\265\374\036"
 139      D0821C3A 
 139      574E22DF 
 139      2E859BB5 
 139      FC1E
 140 03e8 A396BAE1 		.ascii	"\243\226\272\341\021\260\010\371B<\004\205|\212s\321"
 140      11B008F9 
 140      423C0485 
 140      7C8A73D1 
 141 03f8 25B24BBA 		.ascii	"%\262K\272:\2675\005\304\246\272\360\036}\203\216P?"
 141      3AB73505 
 141      C4A6BAF0 
 141      1E7D838E 
 141      503F
 142 040a A3F4BD32 		.ascii	"\243\364\2752\245Ih+\221\333\350*+\317\367Nq\311\007"
 142      A549682B 
 142      91DBE82A 
 142      2BCFF74E 
 142      71C907
 143 041d 25EFBDEF 		.ascii	"%\357\275\357;P\346+-\367\225\225\026\372\012\213\367"
 143      3B50E62B 
 143      2DF79595 
 143      16FA0A8B 
 143      F7
 144 042e 7FFE49C1 		.ascii	"\177\376I\301\307%\205y\205B+.*\360\373\325\262\222"
 144      C7258579 
 144      85422B2E 
 144      2AF0FBD5 
 144      B292
 145 0440 2F8A547A 		.ascii	"/\212TzV\244\372KK\016(\376\017\261\240\364#\245|?~"
 145      56A4FA4B 
 145      4B0E28FE 
ARM GAS  /tmp/ccOq5hdx.s 			page 12


 145      0FB1A0F4 
 145      23A57C3F 
 146 0455 56E657CA 		.ascii	"V\346W\312\375\377\002\330P\024\224"
 146      FDFF02D8 
 146      501494
 147              		.text
 148              		.section	.gnu.lto_chThdCreateFromMemoryPool.6458f372a20f92c8,"",%progbits
 149 0000 789C8D55 		.ascii	"x\234\215U[L\\U\024=\373\356\373\230\007\217R\264 \202"
 149      5B4C5C55 
 149      143DFBEE 
 149      FB98078F 
 149      52B42082 
 150 0014 9228926A 		.ascii	"\222(\222jdL\374\260\361\303\230\370\343\237\211~\371"
 150      644CFCB0 
 150      F1C398F8 
 150      E39F897E 
 150      F9
 151 0025 59A9B67C 		.ascii	"Y\251\266|\324\022\2121~q\313\200\0051FH\231\332\361"
 151      D4128A31 
 151      7E71CB80 
 151      05314648 
 151      99DAF1
 152 0038 DA4C5391 		.ascii	"\332LS\221\026\322\007)E\240@\007(\210ZZ@\244-P\312"
 152      16D20729 
 152      45A04007 
 152      28885A5A 
 152      40A42D50 
 153 004d 5B288FA4 		.ascii	"[(\217\244)\241\202\265u\357s/\006\006L\234d\316}\255"
 153      29A182B5 
 153      75EF732F 
 153      06064C9C 
 153      64CE7DAD 
 154 0061 B5CE3E6B 		.ascii	"\265\316>k\257s\257.\2048f\010\361&\035\337\245\277"
 154      AF73AF2E 
 154      84386608 
 154      F1261DDF 
 154      A5BF
 155 0073 F0085004 		.ascii	"\360\010P\004\375\001iDE\025\302T4\032T\025\350\000"
 155      FD016944 
 155      4515C254 
 155      341A5415 
 155      E800
 156 0085 9AA2F31D 		.ascii	"\232\242\363\035\203\357\350\340\242;\206\034]\340\246"
 156      83EFE8E0 
 156      A23B861C 
 156      5DE0A6
 157 0094 D10D4012 		.ascii	"\321\015@\022 \362\024T5\335p\271!\017\276\304#\010"
 157      20F21454 
 157      35DD70B9 
 157      210FBEC4 
 157      2308
 158 00a6 BD05E72D 		.ascii	"\275\005\347-,A\013\005\250ty\257;8\021\303\227\000"
 158      2C410B05 
 158      A87479AF 
 158      3B3811C3 
 158      9700
 159 00b8 A97439BF 		.ascii	"\251t9\277\330Y\033\265\263\3224\363\315\360\321>\317"
ARM GAS  /tmp/ccOq5hdx.s 			page 13


 159      D8591BB5 
 159      B3D234F3 
 159      CDF0D13E 
 159      CF
 160 00c9 B7B53DA6 		.ascii	"\267\265=\246\333BE\004\010^\013\311p\001\222Y\366\""
 160      DB424504 
 160      085E0BC9 
 160      70019259 
 160      F622
 161 00db EC24F04C 		.ascii	"\354$\360L}g\221\013\237\003A\347\177\035\0329\035\223"
 161      7D67910B 
 161      9F0341E7 
 161      7F1D1A39 
 161      1D93
 162 00ed 5E218993 		.ascii	"^!\211\223?\240\371\274\205\010u\200\353\211tK\300\217"
 162      3FA0F9BC 
 162      85087580 
 162      EB89744B 
 162      C08F
 163 00ff 904EF0FC 		.ascii	"\220N\360\374\361\272\001\300\027$\265\243\365\324j"
 163      F1BA01C0 
 163      1724B5A3 
 163      F5D46A
 164 010e F41A3531 		.ascii	"\364\03251h\206U\013U\250\217\344\252\002\032$\267:"
 164      6886550B 
 164      55A88FE4 
 164      AA021A24 
 164      B73A
 165 0120 FF8F05C4 		.ascii	"\377\217\005\304\227$w\274k\354\210\346p\007\252\222"
 165      972477BC 
 165      6BEC88E6 
 165      7007AA92 
 166 0130 2AFCE6DB 		.ascii	"*\374\346\333\026j\320\030I\326\004\\\222\344\253w/"
 166      166AD018 
 166      49D6045C 
 166      92E4AB77 
 166      2F
 167 0141 5D74E12B 		.ascii	"]t\341+\222\374\260\247\245>\312!\017W\312\232uh\212"
 167      92FCB0A7 
 167      A53ECA21 
 167      0F57CA9A 
 167      75688A
 168 0154 A4EA029A 		.ascii	"\244\352\002\232%u\316,i\006|UR+\276\372\263Fq\250\363"
 168      2575CE2C 
 168      69067C55 
 168      522BBEFA 
 168      B34671A8 
 169 0169 4ECD06B4 		.ascii	"N\315\006\264Dr\015\001\227!\235\011\213\005S\243^\333"
 169      44720D01 
 169      97219D09 
 169      8B0553A3 
 169      5EDB
 170 017b F644BA3C 		.ascii	"\366D\272<\337T\260\340\330\036\006\272\2765\326\264"
 170      DF54B0E0 
 170      D81E06BA 
 170      BE35D6B4 
 171 018b E8C1D7A4 		.ascii	"\350\301\327\244\366\231\311\341O\322N\232a\323\014"
ARM GAS  /tmp/ccOq5hdx.s 			page 14


 171      F699C9E1 
 171      4FD24E9A 
 171      61D30C
 172 019a 2F563F53 		.ascii	"/V?Sf\232]&\251\273\240\315Vo%\365\260l\203`txn\242"
 172      669A5D26 
 172      A9BBA0CD 
 172      566F25F5 
 172      B06C8360 
 173 01b2 5AC5D725 		.ascii	"Z\305\327%\363t\351wu:Q\271\252\351\252\355'\3746\325"
 173      F374E977 
 173      753A51B9 
 173      AAE9AAED 
 173      27FC36D5 
 174 01c6 802B1B0B 		.ascii	"\200+\033\013s\250W\246\036\366y\361\015I\235+\352\252"
 174      73A857A6 
 174      1EF679F1 
 174      0D499D2B 
 174      EAAA
 175 01d8 7439D491 		.ascii	"t9\324\221\252\2445\252\002\235[R\307k\036\225G\353"
 175      AAA435AA 
 175      029D5B52 
 175      C76B1E95 
 175      47EB
 176 01ea 2AFC0469 		.ascii	"*\374\004i\320\001i!B\264C\032\307\204\322\321\005\344"
 176      D0016921 
 176      42B4431A 
 176      C784D2D1 
 176      05E4
 177 01fc 99101AE1 		.ascii	"\231\020\032\341j\026VZeEe\324\237\352\304\023\376B"
 177      6A16565A 
 177      654565D4 
 177      9FEAC413 
 177      FE42
 178 020e 5B56446A 		.ascii	"[VDj\302\317\244\264Q\355\\\237\0266\037=>L\314\027"
 178      C2CFA4B4 
 178      51ED5C9F 
 178      16361F3D 
 178      3E4CCC17 
 179 0222 83EDD367 		.ascii	"\203\355\323g\225g\201,u+4x\220\006E\007N\023m\023\342"
 179      9567812C 
 179      752B3478 
 179      90064507 
 179      4E136D13 
 180 0237 7881D311 		.ascii	"x\201\323\021\013\334\3468\340\216\305\003{\237 X\225"
 180      0BDCE638 
 180      E08EC503 
 180      7B9F2058 
 180      95
 181 0248 7BA1A4F0 		.ascii	"{\241\244\360 D\021\327H#\235b1%R\340\024\024\014\266"
 181      204411D7 
 181      48239D62 
 181      312552E0 
 181      14140CB6 
 182 025c 2F57E95C 		.ascii	"/W\351\\x\020u*;P\330v\335\340\366 \010\370\305)\261"
 182      7810752A 
 182      3B50D876 
 182      DDE0F620 
ARM GAS  /tmp/ccOq5hdx.s 			page 15


 182      08F8C529 
 183 0271 98222870 		.ascii	"\230\"(p\036\012R\345\012\011\326\3200?d\344\375m\272"
 183      1E0A52E5 
 183      0A09D6D0 
 183      303F64E4 
 183      FD6DBA
 184 0284 2CF40608 		.ascii	",\364\006\010*\340W\310\023\353\371Q\322\\\377\352\345"
 184      2AE057C8 
 184      13EBF951 
 184      D25CFFEA 
 184      E5
 185 0295 FB31844B 		.ascii	"\3731\204K\244\033!\264\035\\\351](\362\206\340\370"
 185      A41B21B4 
 185      1D5CE95D 
 185      28F286E0 
 185      F8
 186 02a6 A16D1646 		.ascii	"\241m\026FC7m\317\253<\017\243\277\277P\010\204\376"
 186      43376DCF 
 186      AB3C0FA3 
 186      BFBF5008 
 186      84FE
 187 02b8 C6345359 		.ascii	"\3064SY\341\032\204\300\366\364:\344Y\030#K\321\354"
 187      E11A84C0 
 187      F6F43AE4 
 187      5918234B 
 187      D1EC
 188 02ca 524213E5 		.ascii	"RB\023\345\206]\266gc=\261\001^ \364P=\264$\013\267"
 188      865DB667 
 188      633DB101 
 188      5E20F450 
 188      3DB4240B 
 189 02df 09B9CA6B 		.ascii	"\011\271\312k\325Q\016\0342\326VE\257\021\274\013\371"
 189      D5510E1C 
 189      32D65645 
 189      AF11BC0B 
 189      F9
 190 02f0 4B338D85 		.ascii	"K3\215\205\216V\312\372%(dA\257\264\240\230\362,\241"
 190      8E56CAFA 
 190      25286441 
 190      AFB4A098 
 190      F22CA1
 191 0303 C1D9E629 		.ascii	"\301\331\346)/C\011\367u\340x\211\341{\231\267,\365"
 191      2F4309F7 
 191      75E07889 
 191      E17B99B7 
 191      2CF5
 192 0315 AC5C9A0B 		.ascii	"\254\\\232\013}\340\013\242W\0204\340\216\304yl\234"
 192      7DE00BA2 
 192      571034E0 
 192      8EC4796C 
 192      9C
 193 0326 7C3DFDC6 		.ascii	"|=\375\3068\017\343\032g\273\246\342\355\331y?4\265"
 193      380FE31A 
 193      67BBA6E2 
 193      EDD9793F 
 193      34B5
 194 0338 7577EAEC 		.ascii	"uw\352\354\216)M\210\2435\330}\240g\375\207o\216x}g"
ARM GAS  /tmp/ccOq5hdx.s 			page 16


 194      8E294D88 
 194      A335D87D 
 194      A067FD87 
 194      6F8E787D 
 195 034d 4CFBD176 		.ascii	"L\373\321v\350'\177\312y\265\002~\007\037\211\371\255"
 195      E8277FCA 
 195      79B5027E 
 195      071F89F9 
 195      AD
 196 035e CFDFB7A5 		.ascii	"\317\337\267\245\024R'A\236\240\377\213\3337\232\340"
 196      14522741 
 196      9EA0FF8B 
 196      DB379AE0 
 197 036e 3F8A91B1 		.ascii	"?\212\221\261\035\340b\024\306\0067\025\255\3318\225"
 197      1DE06214 
 197      C6063715 
 197      ADD93895 
 198 037e 71371817 		.ascii	"q7\030\027\2735N\267q\032\343n2.n\003n\351\324\275!"
 198      BB354EB7 
 198      711AE36E 
 198      322E6E03 
 198      6EE9D4BD 
 199 0393 609C61E3 		.ascii	"`\234a\343t\306\335b\\\274\230\007\177\350>\245hs\266"
 199      74C6DD62 
 199      5CBC9807 
 199      7FE83EA5 
 199      6873B6
 200 03a6 E2035C20 		.ascii	"\342\003\\ \014R/-|Bp\333\037\004\234\264&l\204>\031"
 200      0C522F2D 
 200      7C4270DB 
 200      1F049CB4 
 200      266C843E 
 201 03bb E01A61C8 		.ascii	"\340\032a\310\216\341tii1\322\003\372\205V\301\302\035"
 201      8EE17469 
 201      6931D203 
 201      FA8556C1 
 201      C21D
 202 03cd 3CAB1DA5 		.ascii	"<\253\035\245a\216R\202\220}\037\2510\234\372\326\333"
 202      618E5282 
 202      907D1FA9 
 202      309CFAD6 
 202      DB
 203 03de 1EDA6161 		.ascii	"\036\332aa\"M`7\177\223\357O\301m\351\273\301K\030\001"
 203      224D6037 
 203      7F93EF4F 
 203      C16DE9BB 
 203      C14B1801 
 204 03f2 1FBFC81F 		.ascii	"\037\277\310\037?\010\307rd\222\350\243u\207X2*w\376"
 204      3F08C772 
 204      6492E8A3 
 204      75875832 
 204      2A77FE
 205 0405 9F7A75CB 		.ascii	"\237zu\313\322\262\366\257\272\001\243R\335\305\352"
 205      D2B2F6AF 
 205      BA01A352 
 205      DDC5EA
 206 0414 636C904E 		.ascii	"cl\220N\353.\014\235<\272\225AO\007\330q\030\227agG"
ARM GAS  /tmp/ccOq5hdx.s 			page 17


 206      EB2E0C9D 
 206      3CBA9541 
 206      4F07D871 
 206      18976167 
 207 0429 CECD37AC 		.ascii	"\316\3157\254Ds%\311\024\336\011H\2660E\372[\221\260"
 207      447325C9 
 207      14DE0948 
 207      B63045FA 
 207      5B91B0
 208 043c B5BDD407 		.ascii	"\265\275\324\007\230t\354\345\320\316\316u8\376&\223"
 208      9874ECE5 
 208      D0CECE75 
 208      38FE2693 
 209 044c A08CBE4B 		.ascii	"\240\214\276KF\277mXF\210}$\221c\243\3412mW\235YD\336"
 209      46BF6D58 
 209      46887D24 
 209      9163A3E1 
 209      326D579D 
 210 0463 BA044CC1 		.ascii	"\272\004L\301.!\226\001i\003\351\203g\307\200\330\306"
 210      2E219601 
 210      6903E983 
 210      67C780D8 
 210      C6
 211 0474 6A632F10 		.ascii	"jc/\020\233>\3118C\237d*_,\322g=\210\316[\210\266\001"
 211      9B3EC938 
 211      439F642A 
 211      5F2CD267 
 211      3D88CE5B 
 212 048b 253735C3 		.ascii	"%75\303\367\326\276\254\017\262\336y\317w\340\240/'"
 212      F7D6BEAC 
 212      0FB2DE79 
 212      CF77E0A0 
 212      2F27
 213 049d D7773027 		.ascii	"\327w0'\323\227\271o\317g\037\357\336\237\225\231\221"
 213      D397B96F 
 213      CF671FEF 
 213      DE9F9599 
 213      91
 214 04ae 2994FDD9 		.ascii	")\224\375\331*\235\177\250f\347d\035P\262?\302\3359"
 214      2A9D7FA8 
 214      66E7641D 
 214      50B23FC2 
 214      DD39
 215 04c0 7B95DC3D 		.ascii	"{\225\334=\370\351\301l%7\373\037\212\232g\365"
 215      F8E9C16C 
 215      2537FB1F 
 215      8A9A67F5 
 216              		.text
 217              		.section	.gnu.lto___func__.6613.6458f372a20f92c8,"",%progbits
 218 0000 789C6363 		.ascii	"x\234cc``\020\005b\031\006\010\230\302\3148k\357\225"
 218      60601005 
 218      62190608 
 218      98C2CC38 
 218      6BEF95
 219 0013 53AC8A4C 		.ascii	"S\254\212L\363\0338\3460300nfTd\220J\316\010\311Hq."
 219      F31B38E6 
 219      30333030 
ARM GAS  /tmp/ccOq5hdx.s 			page 18


 219      6E665464 
 219      904ACE08 
 220 002b 4A4D2C49 		.ascii	"JM,Iu+\312\317\365M\315\315/\252\014\310\317\317a\000"
 220      752BCACF 
 220      F54DCDCD 
 220      2FAA0CC8 
 220      CFCF6100 
 221 003f 009ABE10 		.ascii	"\000\232\276\020\211"
 221      89
 222              		.text
 223              		.section	.gnu.lto_.symbol_nodes.6458f372a20f92c8,"",%progbits
 224 0000 789C5DCB 		.ascii	"x\234]\313K\012\3020\024\205\341srm\372p\021\202\213"
 224      4B0AC230 
 224      1485E173 
 224      726DFA70 
 224      11828B
 225 0013 70AC2BBB 		.ascii	"p\254+\273\251\202\202#\367\340*t&\235\273\006\241S"
 225      A9828223 
 225      F7E02A74 
 225      269DBB06 
 225      A153
 226 0025 41873E8B 		.ascii	"A\207>\213I[\3018\311\017\337\271\261\000&\364\217\271"
 226      495BC138 
 226      C90FDFB9 
 226      B10026F4 
 226      8FB9
 227 0037 4081CD11 		.ascii	"@\201\315\021!;wp\326\333\025\312\177\273Q\315\327\366"
 227      213B7770 
 227      D6DB15CA 
 227      7FBB51CD 
 227      D7F6
 228 0049 E5CCCB9D 		.ascii	"\345\314\313\235*\221$\245\201\033\003\3027u\320N\200"
 228      2A9124A5 
 228      811B03C2 
 228      3775D04E 
 228      80
 229 005a 7353800D 		.ascii	"sS\200\0155\211\340E\265\021<\251i\004\017j\026\301"
 229      3589E045 
 229      B5113CA9 
 229      69040F6A 
 229      16C1
 230 006c DC681E81 		.ascii	"\334h\036\2013Z\374\202 A}j(\264\330\206\232\274/P/"
 230      335AFC82 
 230      20417D6A 
 230      28B4D886 
 230      9ABC2F50 
 231 0081 CF233119 		.ascii	"\317#1\031\026\253\320\024U[\242\016\225!\252p'E\367"
 231      16ABD014 
 231      555BA20E 
 231      9521AA70 
 231      2745F7
 232 0094 5FD0ED92 		.ascii	"_\320\355\222\365\273\277_\207\372{_|\000\006&SQ"
 232      F5BBBF5F 
 232      87FA7B5F 
 232      7C000626 
 232      5351
 233              		.text
ARM GAS  /tmp/ccOq5hdx.s 			page 19


 234              		.section	.gnu.lto_.refs.6458f372a20f92c8,"",%progbits
 235 0000 789C6363 		.ascii	"x\234cc```\003bFf&\026&\006\000\000\313\000\031"
 235      60606003 
 235      62466626 
 235      16260600 
 235      00CB0019 
 236              		.text
 237              		.section	.gnu.lto_.decls.6458f372a20f92c8,"",%progbits
 238 0000 789CB55A 		.ascii	"x\234\265ZyT\224\331\225\257W\357\253\005(\240\003N"
 238      795494D9 
 238      95AF57EF 
 238      AB0528A0 
 238      034E
 239 0012 623ACC4C 		.ascii	"b:\314L\217M\022\262\264h\233t:'9\231\3568I\267\347"
 239      8F4D12B2 
 239      B4689B74 
 239      3A273999 
 239      EE3849B7 
 240 0027 A4333971 		.ascii	"\24439q2sz\316\314T\020\252\2054\333T\225m\233\231s"
 240      32737ACE 
 240      CC5410AA 
 240      8534DB54 
 240      956D9B99 
 241 003c 522C2A8A 		.ascii	"R,*\212\273\250\254\202(\312\252\270\200\312Z\354\012"
 241      BBA8AC82 
 241      28CAAAB8 
 241      80CA5AEC 
 241      0A
 242 004d 82B8811B 		.ascii	"\202\270\201\033\213\240\340\306\" ((\314}\313W\337"
 242      8BA0E0C6 
 242      22202828 
 242      CC7DCB57 
 242      DF
 243 005e 57459576 		.ascii	"WE\225v\376\230\357\360\250\357\276\357\276{\177\367"
 243      FE98EFF0 
 243      A8EFBEEF 
 243      BE7B7FF7 
 244 006e BE7BEF7B 		.ascii	"\276{\357{\337\242V(\024\341\313\024\212w4\012\305\031"
 244      DFA25628 
 244      14E1CB14 
 244      8A77340A 
 244      C519
 245 0080 A5423107 		.ascii	"\245B1\007\207\032\372j\024\322\341\001\255\034Z%\264"
 245      871AFA6A 
 245      14D2E101 
 245      AD1C5A25 
 245      B4
 246 0091 36A4500C 		.ascii	"6\244P\014C\033\2056\006m\012\232'\214\363\205\366\015"
 246      431B8536 
 246      066D0A9A 
 246      278CF385 
 246      F60D
 247 00a3 68DF8206 		.ascii	"h\337\202\006]\012\177\245\302\356X\013\235Z\370\375"
 247      5D0A7FA5 
 247      C2EE580B 
 247      9D5AF8FD 
 248 00b3 23341F68 		.ascii	"#4\037h\013\240]\204\366\035\340\373\001\264\037B+\343"
ARM GAS  /tmp/ccOq5hdx.s 			page 20


 248      0BA05D84 
 248      F61DE0FB 
 248      01B41F42 
 248      2BE3
 249 00c5 BC02D7B7 		.ascii	"\274\002\327\267\004\372~\254d\272\034\217\377q!O\224"
 249      04FA7EAC 
 249      64BA1C8F 
 249      FF71214F 
 249      94
 250 00d6 23CA15E5 		.ascii	"#\312\025\345\021\354\004\357\373\\&\021\371\013\007"
 250      11EC04EF 
 250      FB5C2611 
 250      F90B07
 251 00e5 8C1958A1 		.ascii	"\214\031X\241\370\246L\336\237\201\251\034Z/\234\337"
 251      F8A64CDE 
 251      9F81A91C 
 251      5A2F9CDF 
 252 00f5 8276195A 		.ascii	"\202v\031Z\0234=4-\214\375-\\\373G\370\375\224\214\221"
 252      13343D34 
 252      2D8CFD2D 
 252      5CFB47F8 
 252      FD948C91 
 253 0109 D9F001FC 		.ascii	"\331\360\001\374~\010M\247d8\177\006\315\017\372\177"
 253      7E084DA7 
 253      64387F06 
 253      CD0FFA7F 
 254 0119 0934F1ED 		.ascii	"\0114\361\355$\320\340n\005\"\376\206s\025\374*\241"
 254      24D0E06E 
 254      0522FE86 
 254      7315FC2A 
 254      A1
 255 012a 09D06681 		.ascii	"\011\320f\201\316C\214\217\370\232\370\225\370\202\370"
 255      CE438C8F 
 255      F89AF895 
 255      F882F8
 256 0139 98F89AD8 		.ascii	"\230\370\232\330A\260/w\300\336\005\330\377\316\001"
 256      41B02F77 
 256      C0DE05D8 
 256      FFCE01
 257 0148 FB23E41C 		.ascii	"\373#\344\0347\301K\260\377\023\234\377\012\332\333"
 257      37C14BB0 
 257      FF139CFF 
 257      0ADADB
 258 0157 D0DE84F6 		.ascii	"\320\336\204\366kh_\207\366\200\333\374\327\330\343"
 258      6B685F87 
 258      F680DBFC 
 258      D7D8E3
 259 0166 26B367C0 		.ascii	"&\263g\300\205M\377\313\355&\361\363-\036/\216\266)"
 259      854DFFCB 
 259      ED26F1F3 
 259      2D1E2F8E 
 259      B629
 260 0178 79EC7CE4 		.ascii	"y\354|\344`\337\012\201\331\375\266C\277\374H\302\250"
 260      60DF0A81 
 260      D9FDB643 
 260      BFFC48C2 
 260      A8
ARM GAS  /tmp/ccOq5hdx.s 			page 21


 261 0189 6057FF3E 		.ascii	"`W\377>\241\007u\021V\364\006B\210\215\222\037\204\236"
 261      A1077511 
 261      56F40642 
 261      888D921F 
 261      849E
 262 019b 130F729D 		.ascii	"\023\017r\2351(\221x\221q\315\2179\316\013M\251\220"
 262      31289178 
 262      9171CD8F 
 262      39CE0B4D 
 262      A990
 263 01ad 78A51132 		.ascii	"x\245\0212\251\262\301\210\036\012\012E\216\205\"\343"
 263      A9B2C188 
 263      1E0A0A45 
 263      8E8522E3 
 264 01bd F090A41E 		.ascii	"\360\220\244\036\331xD~\231Td\033\344$#\024\012\314"
 264      D978447E 
 264      9954641B 
 264      E4242314 
 264      0ACC
 265 01cf 9D70243D 		.ascii	"\235p$=E\325\213\272\201\363\337\025\212\035\332HD:"
 265      45D58BBA 
 265      81F3DF15 
 265      8A1DDA48 
 265      443A
 266 01e1 B7ACCF8F 		.ascii	"\267\254\317\217\321`%=\277\3263\\\250\306:z>\321>\271"
 266      D160253D 
 266      BFD6335C 
 266      A8C63A7A 
 266      3ED13EB9 
 267 01f5 CF7B71A1 		.ascii	"\317{q\241\205\035\332\377P\240R\204Ew6\314MY\275\023"
 267      851DDAFF 
 267      50A05284 
 267      457736CC 
 267      4D59BD13 
 268 0209 31F27147 		.ascii	"1\362qGJ /\217^\310\360\000r\201;z\003\310\302-sI\252"
 268      4A202F8F 
 268      5EC8F000 
 268      72813B7A 
 268      03C8C22D 
 269 0220 857BC9B8 		.ascii	"\205{\311\270\035q\2267\224\350\217_Gg\221\037:\203"
 269      1D719637 
 269      94E88F5F 
 269      4767911F 
 269      3A83
 270 0232 203A5019 		.ascii	" :P\031Z\010\377#\005&\351\322\366\266#\232EY\026\253"
 270      5A08FF23 
 270      0526E9D2 
 270      F6B6239A 
 270      455916AB 
 271 0246 D5621D39 		.ascii	"\325b\0359\374nC\303\006K;\214\373\230\362\241\022\204"
 271      FC6E43C3 
 271      064B3B8C 
 271      FB98F2A1 
 271      1284
 272 0258 D169B498 		.ascii	"\321i\264\230X\\B\264\243S\250\027\241\223\250\007l"
 272      585C42B4 
 272      A353A817 
ARM GAS  /tmp/ccOq5hdx.s 			page 22


 272      A193A807 
 272      6C
 273 0269 28478B60 		.ascii	"(G\213`|\373p\371\026\017\374\257\024\362\370\215\374"
 273      7CFB70F9 
 273      160FFCAF 
 273      14F2F88D 
 273      FC
 274 027a 642597F5 		.ascii	"d%\227\365\360?S-\326X\213%KI\005UH\202*\034\005URA"
 274      F03F532D 
 274      D6588B25 
 274      4B490555 
 274      48822A1C 
 275 0292 9953B933 		.ascii	"\231S\2713\032\274\212\012:Z8S\354N\"\024\351u\004)"
 275      1ABC8A0A 
 275      3A5A3853 
 275      EC4E2214 
 275      E9750429 
 276 02a6 C1195F9C 		.ascii	"\301\031_\234\216\231\305\002\220OZS\373\275\230\305"
 276      8E99C502 
 276      904F5A53 
 276      FBBD98C5 
 277 02b6 6F391F90 		.ascii	"o9\037\220\225\232X\354\351\322\011u\324\011\265\210"
 277      959A58EC 
 277      E9D20975 
 277      D409B588 
 278 02c6 7B212B26 		.ascii	"{!+&\361\212J\267\331b\211\265d\305Y\334>&\327Q\015"
 278      F18A4AB7 
 278      D96289B5 
 278      64C559DC 
 278      3E26D751 
 279 02db 705B2977 		.ascii	"p[)w=\322q\364\300{\254\366\320c-\376\202\000U6\027"
 279      3DD271F4 
 279      C07BACF6 
 279      D0632DFE 
 279      82005536 
 280 02f0 3F2AF440 		.ascii	"?*\364@\001\272\303D\215u*s\311\206\365\026\213\022"
 280      01BAC344 
 280      8D752A73 
 280      C986F516 
 280      8B12
 281 0302 35017F83 		.ascii	"5\001\177\203d1\014\207\037\027\322Q#\012\260W\260a"
 281      64310C87 
 281      1F17D251 
 281      230AB057 
 281      B061
 282 0314 EBCC362F 		.ascii	"\353\3146/j\014\221S\215\2509]\347\362\012\210\375\337"
 282      6A0C9153 
 282      8DA8395D 
 282      E7F20A88 
 282      FDDF
 283 0326 754724E6 		.ascii	"uG$\346\274\011\220\307g\237{\262.\302qy\373\330!\015"
 283      BC0990C7 
 283      679F7BB2 
 283      2EC27179 
 283      FBD8210D 
 284 033a 3E8828B0 		.ascii	">\210(\260\236\0333\267\275\220{@\202M\251B\322\330"
 284      9E1B33B7 
ARM GAS  /tmp/ccOq5hdx.s 			page 23


 284      BD907B40 
 284      824DA942 
 284      D2D8
 285 034c 0A1A6110 		.ascii	"\012\032a\020Q\210\232\241\363<tr\013\212~\2212f\261"
 285      51889AA1 
 285      F33C7472 
 285      0B8A7E91 
 285      3266B1
 286 035f BC852E20 		.ascii	"\274\205. w\324\"Y\360]w\006-\357\320\316l5\356g:\312"
 286      77D42259 
 286      F05D7706 
 286      2DEFD0CE 
 286      6C35EE67 
 287 0375 D3EE3528 		.ascii	"\323\3565(]\351hw\251c\260rQ#\365\322E\320\321&\351"
 287      5DE96877 
 287      A963B072 
 287      5123F5D2 
 287      45D0D126 
 288 038a 00954C89 		.ascii	"\000\225L\211%i&\323\023\357\245)\241\034\211K\313q"
 288      256926D3 
 288      13EFA529 
 288      A11C894B 
 288      CB71
 289 039c 69C815D7 		.ascii	"i\310\025\327\206\264\274\177m#Qr\031\224\\\222\224"
 289      86B4BC7F 
 289      6D235172 
 289      19945C92 
 289      94
 290 03ad 5C1495DC 		.ascii	"\\\024\225\334\333\376\300\252\245N&\034\347\230\223"
 290      DBFEC0AA 
 290      A54E261C 
 290      E79893
 291 03bc AF3DAB9C 		.ascii	"\257=\253\234\326\341\353T\263P\030\227?*\240\000?\004"
 291      D6E1EB54 
 291      B3501897 
 291      3F2AA000 
 291      3F04
 292 03ce 8291FB61 		.ascii	"\202\221\373a1\021\025\350\006\014\270\306s\021\216"
 292      311115E8 
 292      060CB8C6 
 292      73118E
 293 03dd 540B601B 		.ascii	"T\013`\033\375\013\351\206s-\375\245h-\007-x\241\002"
 293      FD0BE986 
 293      732DFDA5 
 293      682D072D 
 293      78A102
 294 03f0 2DF3434B 		.ascii	"-\363CK\000k\007`%\227\024\350:\010\354\004\244\240"
 294      006B0760 
 294      259714E8 
 294      3A08EC04 
 294      A4A0
 295 0402 F078FAB9 		.ascii	"\360x\372\271\347n\356\234;\341u\334w\236\315\325\353"
 295      E76EEE9C 
 295      3BE175DC 
 295      779ECDD5 
 295      EB
 296 0413 E4517A13 		.ascii	"\344Qz\023\220HQz\213\206\031aL\275\337\332\350A\215"
ARM GAS  /tmp/ccOq5hdx.s 			page 24


 296      9048517A 
 296      8B861961 
 296      4CBDDFDA 
 296      E8418D
 297 0426 833E74D5 		.ascii	"\203>t\325>\202>\235\037A\237\262\010:\364|\344\264"
 297      3E823E9D 
 297      1F419FB2 
 297      083AF47C 
 297      E4B4
 298 0438 0E7731C7 		.ascii	"\016w1\307\267\266O\225i]9\376\016\300\373\224;\276"
 298      B7B64F95 
 298      695D39FE 
 298      0EC0FB94 
 298      3BBE
 299 044a 1B3ABBA4 		.ascii	"\033:\273\244\331\275\275\250\274\233DP/`\353\221\034"
 299      D9BDBDA8 
 299      BC9B4450 
 299      2F60EB91 
 299      1C
 300 045b FF29F77B 		.ascii	"\377)\367{l\377\334KO\012\2150\334f\320R\313'\232U,"
 300      6CFFDC4B 
 300      4F0A8D30 
 300      DC66D052 
 300      CB279A55 
 301 0470 B9B5B272 		.ascii	"\271\265\262r\346\303\312Y\351\300\371Fw\226\353\026"
 301      E6C3CA59 
 301      E9C0F946 
 301      7796EB16 
 302 0480 04F4E9E1 		.ascii	"\004\364\351\341\202\323\236\214\266\222\321g\307-\247"
 302      82D39E8C 
 302      B692D167 
 302      C72DA7
 303 048f 3CF13E4C 		.ascii	"<\361>Lm\250\237\3509\254\303\373\0311\326\235\233\357"
 303      6DA89FE8 
 303      39ACC3FB 
 303      1931D69D 
 303      9BEF
 304 04a1 860F3262 		.ascii	"\206\0172b\307\355\347\025\0368\217\0219\033\256\015"
 304      C7EDE715 
 304      1E388F11 
 304      391BAE0D 
 305 04b1 7AE1A38C 		.ascii	"z\341\243\214(\254Mi\366\300e\214\310\216\271\326\342"
 305      28AC4D69 
 305      F6C0658C 
 305      C88EB9D6 
 305      E2
 306 04c2 89AB19D1 		.ascii	"\211\253\031\3213\323]\202q=#\362g'\232\275\361yF\334"
 306      33D35D82 
 306      713D23F2 
 306      67279ABD 
 306      F17946DC 
 307 04d6 DADFF840 		.ascii	"\332\337\370@\207;\031\221~w\3536\225\315(V\177\352"
 307      873B1991 
 307      7E77EB36 
 307      95CD2856 
 307      7FEA
 308 04e8 8A66AC98 		.ascii	"\212f\254\230\366\201\243\2360;\3576\016\335\325\330"
ARM GAS  /tmp/ccOq5hdx.s 			page 25


 308      F681A39E 
 308      303BEF36 
 308      0EDDD5D8 
 309 04f8 F8C658E7 		.ascii	"\370\306X\347\300x\331\026\215\274PA\011\223\012\325"
 309      C078D916 
 309      8DBC5041 
 309      09930AD5 
 310 0508 042D54E3 		.ascii	"\004-T\343b\241j\216\251\256\367\220\207\300\204]\241"
 310      62A16A8E 
 310      A9AEF790 
 310      87C0845D 
 310      A1
 311 0519 7A2AAF23 		.ascii	"z*\257#U3\005\255J\334K!*\207\013\213\233\275\220.\300"
 311      553305AD 
 311      4ADC4B21 
 311      2A870B8B 
 311      9BBD902E 
 312 052e C550F40C 		.ascii	"\305P\364\014fT\032\315\223\350\345\222\224\313d.\247"
 312      66541ACD 
 312      93E8E592 
 312      94CB642E 
 312      A7
 313 053f E0C2A434 		.ascii	"\340\302\2444\227Oi\240\201\206\244\275\327\363\275"
 313      974F69A0 
 313      8186A4BD 
 313      D7F3BD
 314 054e F15E813A 		.ascii	"\361^\201:\341L\345\320\273l\322\374\200*\353zb\345"
 314      E14CE5D0 
 314      BB6CD2FC 
 314      802AEB7A 
 314      62E5
 315 0560 4B522F99 		.ascii	"KR/\231\264\334cG;=p6c-\230\212/\361\306\207\031!N\247"
 315      B4DC6347 
 315      3B3D7036 
 315      632D988A 
 315      2FF1C687 
 316 0578 0F9FCEDC 		.ascii	"\017\237\316\334\201\364m:F\277\017\344\325\366\356"
 316      81F46D3A 
 316      46BF0FE4 
 316      D5F6EE
 317 0587 1C8C0B19 		.ascii	"\034\214\013\031\357\355\223[\353\264\270\204\021\345"
 317      EFED935B 
 317      EBB4B884 
 317      11E5
 318 0595 A72B1A79 		.ascii	"\247+\032y\324,\0012\356n\306\035/\\\311\2565n\217\337"
 318      D42C0132 
 318      EE6EC61D 
 318      2F5CC9AE 
 318      356E8FDF 
 319 05a9 E28E1B29 		.ascii	"\342\216\033)\241|z\351q\212\332U(oP\272\256!\376\035"
 319      A17C7AE9 
 319      718ADA55 
 319      286F50BA 
 319      AE21FE1D 
 320 05bd B486AC57 		.ascii	"\264\206\254W\272\243x\345\374\032\2226\336\365\300"
 320      BAA378E5 
 320      FC1A9236 
ARM GAS  /tmp/ccOq5hdx.s 			page 26


 320      DEF5C0
 321 05cc 8D010820 		.ascii	"\215\001\010 \305\261l<G\215/3\000\365\375W\316\251"
 321      C5B16C3C 
 321      478D2F33 
 321      00F5FD57 
 321      CEA9
 322 05de F02D4664 		.ascii	"\360-Fd\325\336y\007?f\347e{*\206\264\370\011#\372\346"
 322      D5DE7907 
 322      3F66E765 
 322      7B2A86B4 
 322      F80923FA 
 323 05f3 66FF8463 		.ascii	"f\377\204cT\364|S\341\246F/\274\211\021\331\325\345"
 323      54F47C53 
 323      E1A6462F 
 323      BC8911D9 
 323      D5E5
 324 0605 8F353885 		.ascii	"\21758\205\021\342b\347\303\026\273\334\207=/0\316e"
 324      11E262E7 
 324      C316BBDC 
 324      873D2F30 
 324      CE65
 325 0617 D7EEDC6E 		.ascii	"\327\356\334n*\366\302\371\214(\237J+\367\306\307\031"
 325      2AF6C2F9 
 325      8C289F4A 
 325      2BF7C6C7 
 325      19
 326 0628 D1DA3F37 		.ascii	"\321\332?7\346\216\3170\342t\352\254U\300\325\214X\277"
 326      E68ECF30 
 326      E274EAAC 
 326      55C0D58C 
 326      58BF
 327 063a B5681F49 		.ascii	"\265h\037I(5\253\004\032\022\231\243\323\245\002\353"
 327      2835AB04 
 327      1A1299A3 
 327      D3A502EB 
 328 064a 22B67F09 		.ascii	"\"\266\177\011]\031)\267\217{\341::DYu\345L\274'\012"
 328      5D1929B7 
 328      8F7BE13A 
 328      3A445975 
 328      E54CBC27 
 329 065f 70179789 		.ascii	"p\027\227\211\367RFI`\244\200g\366I\236Q\023\307$\020"
 329      F7524649 
 329      60A48067 
 329      F6499E51 
 329      13C72410 
 330 0673 16472F27 		.ascii	"\026G/'\203\227\325\334\313{\225~h\217\222V\264\261"
 330      8397D5DC 
 330      CB7B957E 
 330      688F9256 
 330      B4B1
 331 0685 E7A3A704 		.ascii	"\347\243\247\004\334\312t\234\334\375\"\331\313\246"
 331      DCCA749C 
 331      DCFD22D9 
 331      CBA6
 332 0693 63B0F2DD 		.ascii	"c\260\362\335\022\272L\244\203\216TI\007\250t\245$\315"
 332      12BA4CA4 
 332      838E5449 
ARM GAS  /tmp/ccOq5hdx.s 			page 27


 332      07A874A5 
 332      24CD
 333 06a5 B9923B96 		.ascii	"\271\222;\226\231\024\035\276\306\224\244\325f\237T"
 333      99141DBE 
 333      C694A4D5 
 333      669F54
 334 06b4 4A86B4FC 		.ascii	"J\206\264\374\220Mq&(\311\220\224\244\273V\262\337\271"
 334      904D7126 
 334      28C99094 
 334      A4BB56B2 
 334      DFB9
 335 06c6 92E9DD67 		.ascii	"\222\351\335gK<\360-\346\340\304=C\207\275\360\035F"
 335      4B3CF02D 
 335      E6E0C43D 
 335      4387BDF0 
 335      1D46
 336 06d8 CCDC4FBA 		.ascii	"\314\334O\272\201\330\354\351H\001,\277\261\323\233"
 336      81D8ECE9 
 336      48012CBF 
 336      B1D39B
 337 06e7 27065DB6 		.ascii	"'\006]\266\247\023f\005<\314x;\267\\\271\245\306\223"
 337      A7136605 
 337      3CCC783B 
 337      B75CB9A5 
 337      C693
 338 06f9 0CEAE996 		.ascii	"\014\352\351\226\3333\330\006uZ\365\001:\002(s\276\022"
 338      DB33D806 
 338      755AF501 
 338      3A022873 
 338      BE12
 339 070b CAC3CE51 		.ascii	"\312\303\316Q6^\314\032\327\342\027L\331\331\235\273"
 339      365ECC1A 
 339      D7E2174C 
 339      D9D99DBB 
 340 071b 201263D5 		.ascii	" \022c\325\224\350NN,\367\300{\030Q\265}\354\214\033"
 340      94E84E4E 
 340      2CF7C07B 
 340      1851B57D 
 340      EC8C1B
 341 072e 4E67C4C6 		.ascii	"Ng\304\306g}\305\3368\207\021\017\343\254w\004\\\310"
 341      677DC5DE 
 341      3887110F 
 341      E3AC7704 
 341      5CC8
 342 0740 8863EBEF 		.ascii	"\210c\353\357\346i\301\024?\210#$[N\374\330rr\312:^"
 342      E669C114 
 342      3F882324 
 342      5B4EFCD8 
 342      7272CA3A 
 343 0755 24E0E394 		.ascii	"$\340\343\224Wy\274\350\356\237d\361\263x=u\373\011"
 343      5779BCE8 
 343      EE9F64F1 
 343      B3783D75 
 343      FB09
 344 0767 30A85832 		.ascii	"0\250X2\310\217\333\343\270v\036\007k\374\2705\307\300"
 344      C88FDBE3 
 344      B8761E07 
ARM GAS  /tmp/ccOq5hdx.s 			page 28


 344      6BFCB835 
 344      C7C0
 345 0779 9AA3CC9A 		.ascii	"\232\243\314\232\274\314\334zO\\\316\024t\027\215\264"
 345      BCCCDC7A 
 345      4F5CCE14 
 345      74178DB4 
 346 0789 6159F42C 		.ascii	"aY\364,:I\243\247\0044\234\2244\234P\272Pq\312\271\212"
 346      3A49A3A7 
 346      04349C94 
 346      349C50BA 
 346      5071CAB9 
 347 079e D8DD570A 		.ascii	"\330\335W\012\335p\035S\021\333\260\343\222F\254#\366"
 347      DD701D53 
 347      11DBB0E3 
 347      9246AC23 
 347      F6
 348 07af C3CF3819 		.ascii	"\303\3178\031.\206\330\022\266\0239\015HJ%$%J^E\366"
 348      2E86D812 
 348      B613390D 
 348      484A2524 
 348      254A5E45 
 349 07c4 A40E2CC4 		.ascii	"\244\016,\304-\314\243\211[f\217a"
 349      2DCCA389 
 349      5B668F61 
 350 07d0 7C89A91B 		.ascii	"|\211\251\033\332\226{Z\355\\]\205Ku\227!L\312AS\231"
 350      DA967B5A 
 350      ED5C5D85 
 350      4B759721 
 350      4CCA4153 
 351 07e5 134D5D19 		.ascii	"\023M]\031#\343\002\276\301T\035\252;vI\203{\230\252"
 351      23E302BE 
 351      C1541DAA 
 351      3B764983 
 351      7B98AA
 352 07f8 1B4F5B76 		.ascii	"\033O[vKYq\023dXAF\225\243\014'H\252\235\373m8\376^"
 352      4B597113 
 352      64584146 
 352      95A30C27 
 352      48AA9DFB 
 353 0810 2F5FC217 		.ascii	"/_\302\027\222\354HJ^\206\3573\305C9m'H\325\014pG\177"
 353      92EC484A 
 353      5E86EF33 
 353      C543396D 
 353      2748D50C 
 354 0827 91054D00 		.ascii	"\221\005M\000\013\232\364\235}\373\334\360\010\203\225"
 354      0B9AF49D 
 354      7DFBDCF0 
 354      088395
 355 0836 F2F4D48C 		.ascii	"\362\364\324\214m\363W\034g\371Z\314R\005\032\200\030"
 355      6DF3571C 
 355      67F95ACC 
 355      52051A80 
 355      18
 356 0847 EF2731DE 		.ascii	"\357'1\336\004\252\003\270\352zP]'\371\274\350;\031"
 356      04AA03B8 
 356      EA7A505D 
 356      27F9BCE8 
ARM GAS  /tmp/ccOq5hdx.s 			page 29


 356      3B19
 357 0859 741BDB08 		.ascii	"t\033\333\010V4HV\004pGl\214\317\335\356\201\247\231"
 357      56344856 
 357      0470476C 
 357      8CCFDDEE 
 357      81A799
 358 086c 92A4ED7D 		.ascii	"\222\244\355}\2674\362\262\323D\003\247\031\206\236"
 358      B734F2B2 
 358      D34403A7 
 358      19869E
 359 087b 9386364A 		.ascii	"\223\2066J\016\230\007\344\274\023 $\245\216\335\252"
 359      0E9807E4 
 359      BC132024 
 359      A58EDDAA 
 360 088b 17709C86 		.ascii	"\027p\234\206\255A\233\206\262\\\233\322\352\332\224"
 360      AD419B86 
 360      B25C9BD2 
 360      EADA94
 361 089a 07F87A1D 		.ascii	"\007\370z\035,\332\002\272\000\200Z$@\315\342\254\226"
 361      2CDA02BA 
 361      00805A24 
 361      40CDE2AC 
 361      96
 362 08ab 6D791A6F 		.ascii	"my\032o\267% \214\322\226\240M)\356\012c\373J;\020>"
 362      B725208C 
 362      D296A04D 
 362      29EE0A63 
 362      FB4A3B10 
 363 08c0 4BF1A09A 		.ascii	"K\361\240\232\326\270<\017\\\305\210\276\227\007\356"
 363      D6B83C0F 
 363      5CC588BE 
 363      9707EE
 364 08cf 6A703D23 		.ascii	"jp=#\236%\237?\344\211\233\031\261\253\260\275S\215"
 364      9E259F3F 
 364      E4899B19 
 364      B1ABB0BD 
 364      538D
 365 08e1 DB18D17D 		.ascii	"\333\030\321}t\266B\215/1\2427\266\361\212\026_e\304"
 365      74B6428D 
 365      2F31A237 
 365      B6F18A16 
 365      5F65C4
 366 08f4 93E1AB2F 		.ascii	"\223\341\253/<\361uFX\236W\335T\343\333\214\270\265"
 366      3CF17546 
 366      589E57DD 
 366      54E3DB8C 
 366      B8B5
 367 0906 E759AF1B 		.ascii	"\347Y\257\033\356a\304\271k\211\325\002\356c\304\221"
 367      EE61C4B9 
 367      6B89D502 
 367      EE63C491 
 368 0916 965E8B0A 		.ascii	"\226^\213\012\337cD\305\346\226\027Z|\237\021\251e\033"
 368      DF6344C5 
 368      E696175A 
 368      7C9F11A9 
 368      651B
 369 0928 63DDF123 		.ascii	"c\335\361#F\024\314\215o\327\341a\216\255\342R\266\222"
ARM GAS  /tmp/ccOq5hdx.s 			page 30


 369      4614CC8D 
 369      6FD7E161 
 369      8EADE252 
 369      B692
 370 093a 85953FD9 		.ascii	"\205\225?\331\221Y\023\317aVK\263\340>\330\243&\343"
 370      915913CF 
 370      61564BB3 
 370      E03ED8A3 
 370      26E3
 371 094c D97E84FC 		.ascii	"\331~\204\374\331\341\353\037\340\237M\274b\355\234"
 371      D9E1EB1F 
 371      E09F4DBC 
 371      62ED9C
 372 095b C36D459B 		.ascii	"\303mE\233\267Z\262j\021\275\351\270\012^\034T\372J"
 372      B75AB26A 
 372      11BDE9B8 
 372      0A5E1C54 
 372      FA4A
 373 096d D572BB92 		.ascii	"\325r\273\222xj)yv\302FL\177\016w\257\361\230r\337r"
 373      786A2979 
 373      76C2464C 
 373      7F0E77AF 
 373      F19872DF 
 374 0982 E40E24CC 		.ascii	"\344\016$\3145H\342\256\015\227\270o:r\367#\007\331"
 374      3548E2AE 
 374      0D97B86F 
 374      3A72F723 
 374      07D9
 375 0994 7D32EE0E 		.ascii	"}2\356\016G\356\032G$c2$\267\235\"\2211\337\224\211"
 375      47EE1A47 
 375      24633224 
 375      B79D2291 
 375      31DF9489 
 376 09a8 EE7464BE 		.ascii	"\356td\276\213\034q_\226\261_w\316N\205\357\244{Sh\260"
 376      8B1C715F 
 376      96B15F77 
 376      CE4E85EF 
 376      A47B5368 
 377 09bd 0B453D10 		.ascii	"\013E=\020\236\335\200\022u\361\021\020\217\350\001"
 377      9EDD8012 
 377      75F11110 
 377      8FE801
 378 09cc C4EF5DA5 		.ascii	"\304\357]\245?\272\003\255\017\332}h\003\320\356A\353"
 378      3FBA03AD 
 378      0FDA7D68 
 378      03D0EE41 
 378      EB
 379 09dd 87F6105A 		.ascii	"\207\366\020Z\257\322\237\336/1\335\3152\3357\234\373"
 379      AFD29FDE 
 379      2F31DDCD 
 379      32DD379C 
 379      FB
 380 09ee 8C416569 		.ascii	"\214Aei0|\377\215\030\320O\330\024<\003$Y\303\217}\262"
 380      307CFF8D 
 380      18D04FD8 
 380      143C0324 
 380      59C38F7D 
ARM GAS  /tmp/ccOq5hdx.s 			page 31


 381 0a03 E32CE796 		.ascii	"\343,\347\226Pa\327\234\273\224\011\203\230\351\350"
 381      5061D79C 
 381      BB940983 
 381      98E9E8
 382 0a12 7D5CA594 		.ascii	"}\\\245\224\247\213\234Y\201\036\331\322\245\273\"{"
 382      A78B9C59 
 382      811ED9D2 
 382      A5BB227B 
 383 0a22 CA13E769 		.ascii	"\312\023\347iI\340\341\234\322\231\227\336\310?\300"
 383      49E0E19C 
 383      D29997DE 
 383      C83FC0
 384 0a31 9769EC18 		.ascii	"\227i\354\030Zp\220j\004vt\0054\2168\237\026\006\276"
 384      5A70906A 
 384      04767405 
 384      348E389F 
 384      1606BE
 385 0a44 6D88811F 		.ascii	"m\210\201\037\261\007\277\223/\334\324\255\266\301\217"
 385      B107BF93 
 385      2FDCD4AD 
 385      B6C18F
 386 0a53 B934E2D6 		.ascii	"\2714\342\326ap\353\020w\033I\205\330\301!\214K)\"\364"
 386      6170EB10 
 386      771B4985 
 386      D8C1218C 
 386      4B2922F4 
 387 0a67 68A000A2 		.ascii	"h\240\000\242\247\234\021\351=\265\335|'ZO\350\322\236"
 387      A79C11E9 
 387      3DB5DD7C 
 387      275A4FE8 
 387      D29E
 388 0a79 A44D3A9E 		.ascii	"\244M:\236\030\344q\311\340\344d\207\03270\346\223s"
 388      18E471C9 
 388      E0E46487 
 388      1A3730E6 
 388      9373
 389 0a8b 791B306E 		.ascii	"y\0330na\304\213\234\213\327!\215\031Q\363\362F\272"
 389      61C48B9C 
 389      8BD7218D 
 389      1951F3F2 
 389      46BA
 390 0a9d 3BEEA2C4 		.ascii	";\356\242\304\317'\316v\356\367D\276\376:_H%\362\037"
 390      CF27CE76 
 390      EEF744BE 
 390      FE3A5F48 
 390      25F21F
 391 0ab0 FEFCC979 		.ascii	"\376\374\311y\000\034$\277\340\377\002\177z\0052\315"
 391      001C24BF 
 391      E0FF027F 
 391      7A0532CD 
 392 0ac0 5FA7239D 		.ascii	"_\247#\235\001\376\266# \300\271\201[\301\300g\334\300"
 392      01FEB623 
 392      20C0B981 
 392      5BC1C067 
 392      DCC0
 393 0ad2 DD38003D 		.ascii	"\3358\000=\267\213\213\221t\325\313\272m,W\247\301\271"
 393      B78B8B91 
ARM GAS  /tmp/ccOq5hdx.s 			page 32


 393      74D5CBBA 
 393      6D2C57A7 
 393      C1B9
 394 0ae4 0F11E376 		.ascii	"\017\021\343v\342\\\331\034\316\330\315!\031\307\334"
 394      E25CD91C 
 394      CED8CD21 
 394      19C7DC
 395 0af3 6C17B9E3 		.ascii	"l\027\271\343\020\271c$rO\202\326\227\034\301\0118?"
 395      10B96324 
 395      724F82D6 
 395      971CC109 
 395      383F
 396 0b05 8EFD5131 		.ascii	"\216\375Q1\264c\320\216B+\202V\010\255\000Z>\264<h\271"
 396      B463D08E 
 396      422B8256 
 396      08AD005A 
 396      3EB43C68 
 397 0b1a D0F640DB 		.ascii	"\320\366@\333\011m\007\264\355\320\346 \252g\241\275"
 397      096D07B4 
 397      EDD0E620 
 397      AA67A1BD 
 398 0b2a B0B360EC 		.ascii	"\260\263`\3547,\262\3416n\002L})\007?\353\"\251l\320"
 398      372CB2E1 
 398      366E024C 
 398      7D29073F 
 398      EB22A96C 
 399 0b3f 9EF011FF 		.ascii	"\236\360\021\377?\320f[|X\330\222g\036\026Gps\363\012"
 399      3FD0665B 
 399      7C58D892 
 399      671E1647 
 399      7073F30A 
 400 0b53 44770B0F 		.ascii	"Dw\013\017s\013\326\241\030\347\374\216S\021\203\345"
 400      730BD6A1 
 400      18E7FC8E 
 400      531183E5 
 401 0b63 53010315 		.ascii	"S\001\003\025\216\306\336\203\253\244\272\240I\220H"
 401      8EC6DE83 
 401      ABA4BAA0 
 401      499048
 402 0b72 D889B15B 		.ascii	"\330\211\261[\301\330\015\000|=\264X,\007=\223\253\232"
 402      C1D80D00 
 402      7C3DB458 
 402      2C073D93 
 402      AB9A
 403 0b84 3D65B16C 		.ascii	"=e\261lR\2438\314\342A\256\302\256V\310`\304\333\301"
 403      52A338CC 
 403      E241AEC2 
 403      AE56C860 
 403      C4DBC1
 404 0b97 887B158C 		.ascii	"\210{\025\214m\240\372\3650\372\216`\313\241\2054\266"
 404      6DA0FAF5 
 404      30FA8E60 
 404      CBA18534 
 404      B6
 405 0ba8 5E3AC720 		.ascii	"^:\307 \026b\310\370\216}\232\030\032\004\033\201-\213"
 405      1662C8F8 
 405      8E7D9A18 
ARM GAS  /tmp/ccOq5hdx.s 			page 33


 405      1A041B81 
 405      2D8B
 406 0bba 9B695BED 		.ascii	"\233i[\355\003\235\007\201\355\372\026\000\261\211\003"
 406      039D0781 
 406      EDFA1600 
 406      B18903
 407 0bc9 4A84F3CD 		.ascii	"J\204\363\315\000&\001;d\311\326\006Y\226l\006\025\233"
 407      0026013B 
 407      64C9D606 
 407      59966C06 
 407      159B
 408 0bdb B0F335CA 		.ascii	"\260\3635\312\271\216M|\204k\035}\001,\216\305,\234"
 408      B98E4D7C 
 408      846B1D7D 
 408      012C8EC5 
 408      2C9C
 409 0bed 2F5F56E2 		.ascii	"/_V\342\272sY\211\003&y\211c\027\233\212T[\017\356\""
 409      BA735989 
 409      03267989 
 409      63179B8A 
 409      545B0FEE 
 410 0c02 7B18E28E 		.ascii	"{\030\342\216Di\017C\270E\246\271\\\325\363b\262g\213"
 410      44690F43 
 410      B845A6B9 
 410      5CD5F362 
 410      B2678B
 411 0c15 71266260 		.ascii	"q&b`\257\306b\321\322Y\235\222\306\307\320\361\014\356"
 411      AFC662D1 
 411      D2599D92 
 411      C6C7D0F1 
 411      0CEE
 412 0c27 A37455E1 		.ascii	"\243tU\341\371\015\226\035A\364v=\3161Xc\225v\301\015"
 412      F90D961D 
 412      41F4763D 
 412      CE315863 
 412      9576C10D 
 413 0c3b 22C75648 		.ascii	"\"\307VHS\224\300\331m\356\3318\217\275v\005s\307.`"
 413      5394C0D9 
 413      6DEED938 
 413      8FBD7605 
 413      73C72E60 
 414 0c4f DFE2287D 		.ascii	"\337\342(}\243\322~J\347\025\275$p\261\263\242\307\255"
 414      A3D27E4A 
 414      E715BD24 
 414      70B1B3A2 
 414      C7AD
 415 0c61 CB64DE7B 		.ascii	"\313d\336{\246t\356\275\331\0351\340\030\242y\233d<"
 415      A674EEBD 
 415      D91D31E0 
 415      18A2799B 
 415      643C
 416 0c73 6116C141 		.ascii	"a\026\301A<$\346\361x\330\213\027\240\035\216\000\267"
 416      3C24E6F1 
 416      78D88B17 
 416      A01D8E00 
 416      B7
 417 0c84 CBECD9E5 		.ascii	"\313\354\331\345\014\241\202\216#\360\216\000\274\303"
ARM GAS  /tmp/ccOq5hdx.s 			page 34


 417      0CA1828E 
 417      23F08E00 
 417      BCC3
 418 0c92 100D39D0 		.ascii	"\020\0159\320\016A\313\202\226\011-\005Z2\264}vQ\322"
 418      0E41CB82 
 418      96092D05 
 418      5A32B47D 
 418      7651D2
 419 0ca5 FC31730B 		.ascii	"\3741s\013q\372N\320J\244\270\334\237\264U\313\352\311"
 419      71FA4ED0 
 419      4AA4B8DC 
 419      9FB455CB 
 419      EAC9
 420 0cb7 AED771D7 		.ascii	"\256\327q\327\376\202\211N\005\346\335\256\231eI\237"
 420      FE82894E 
 420      05E6DDAE 
 420      9965499F 
 421 0cc7 6697F4A9 		.ascii	"f\227\364\251N\222\376 \024\332lRh\017\200\3004\036"
 421      4E92FE20 
 421      14DA6C52 
 421      680F80C0 
 421      341E
 422 0cd9 FFFBC1E2 		.ascii	"\377\373\301\342\014\260,]\262\214\354\274\317\252F"
 422      0CB02C5D 
 422      B28CECBC 
 422      CFAA46
 423 0ce8 C6EE5B2C 		.ascii	"\306\356[,\273t\364\351@\022\037\340:\351\037~\235\024"
 423      BB74F4E9 
 423      40121FE0 
 423      3AE91F7E 
 423      9D14
 424 0cfa 0831E3D3 		.ascii	"\0101\343\323\234g<\237\360\015*\022\316i\330q7\303"
 424      9C673C9F 
 424      F00D2A12 
 424      CE69D871 
 424      37C3
 425 0d0c E6F2E211 		.ascii	"\346\362\342\021>\227\344\206\377\320\353\374\324Q\301"
 425      3E97E486 
 425      FFD0EBFC 
 425      D451C1
 426 0d1b BD7A001C 		.ascii	"\275z\000\034\225\373\225\034\225\015\234\222\243\016"
 426      95FB951C 
 426      950D9C92 
 426      A30E
 427 0d29 3047B958 		.ascii	"0G\271XO\321Ap\217\264\244\332\202\362\371u\222\255"
 427      4FD14170 
 427      8FB4A4DA 
 427      82F2F975 
 427      92AD
 428 0d3b 44529E14 		.ascii	"DR\236\024\224\323t\373d+R\345M\334\020X\014\363_i\007"
 428      94D374FB 
 428      642B52E5 
 428      4DDC1058 
 428      0CF35F69 
 429 0d50 714A195F 		.ascii	"qJ\031_\235\210\325\005\257\343~\370S\026\035\204\271"
 429      9D88D505 
 429      AFE37EF8 
ARM GAS  /tmp/ccOq5hdx.s 			page 35


 429      53161D84 
 429      B9
 430 0d61 D0353383 		.ascii	"\32053\203;yFM\374\015<\363w\217\035G}\342\342,\311"
 430      3B79464D 
 430      FC0D3CF3 
 430      778F1D47 
 430      7DE2E22C 
 431 0d76 4BE80D7A 		.ascii	"K\350\015z\021O\034~w\313\322\346\254lI|\370N\262\305"
 431      114F1C7E 
 431      77CBD2E6 
 431      AC6C497C 
 431      F84EB2C5 
 432 0d8a 1A83E93D 		.ascii	"\032\203\351=\366Yg\314\313$\336f\316K\356\245+\235"
 432      F65967CC 
 432      CB24DE66 
 432      CE4BEEA5 
 432      2B9D
 433 0d9c F1CA2671 		.ascii	"\361\312&q\240\220O\"\334\257\241Z\307\364\255\261/"
 433      A0904F22 
 433      DCAFA15A 
 433      C7F4ADB1 
 433      2F
 434 0dad 4764ABFF 		.ascii	"Gd\253\377\003f>y\300\177\3219\273\374\236\343\373R"
 434      03663E79 
 434      C07FD139 
 434      BBFC9EE3 
 434      FB52
 435 0dbf 2D6F77E4 		.ascii	"-ow\344\236\177cpS\306~\3119\273l&\332\362\371\274\221"
 435      9E7F6370 
 435      53C67EC9 
 435      39BB6C26 
 435      DAF2F9BC 
 436 0dd4 6DEB6547 		.ascii	"m\353eG\366\376y\322k\271t\262\011\031u\316.\223>\375"
 436      F6FE79D2 
 436      6BB974B2 
 436      091975CE 
 436      2E933EFD 
 437 0de8 3DFB95D4 		.ascii	"=\373\225\324\256L\317\233\347<VH_\272(\244\217'H\314"
 437      AE4CCF9B 
 437      E73C5648 
 437      5FBA28A4 
 437      8F2748CC 
 438 0dfc 92E87E2A 		.ascii	"\222\350~*\305\354KZHa\373\333\236\237\235\246\303#"
 438      C5EC4B5A 
 438      4861FBDB 
 438      9E9F9DA6 
 438      C323
 439 0e0e 6E64FBFB 		.ascii	"nd\373\373\215-i=Mn(`\001\337\374\372\372\2633\330\364"
 439      8D2D693D 
 439      4D6E2860 
 439      01DFFCFA 
 439      FAB333D8 
 440 0e23 C2F69709 		.ascii	"\302\366\227\011\034\251Ve\364o#\353\232\025\202oDz"
 440      1CA95665 
 440      F46F23EB 
 440      9A15826F 
 440      447A
ARM GAS  /tmp/ccOq5hdx.s 			page 36


 441 0e35 405E8A17 		.ascii	"@^\212\027\210uv\336\302\373\010\330Jy\251m\202\314"
 441      887576DE 
 441      C2FB08D8 
 441      4A79A96D 
 441      82CC
 442 0e47 AA81C273 		.ascii	"\252\201\302s\332\256\360t\244\2713\223\317\200\311"
 442      DAAEF074 
 442      A4B93393 
 442      CF80C9
 443 0e56 8F39FB57 		.ascii	"\2179\373W\335<(\350(\"\274\005\204\227\201\360\263"
 443      DD3C28E8 
 443      2822BC05 
 443      849781F0 
 443      B3
 444 0e67 76F5BA2D 		.ascii	"v\365\272-\215O\026y\0031\204\230\022\327\267\266\215"
 444      8D4F1679 
 444      03318498 
 444      12D7B7B6 
 444      8D
 445 0e78 693C2CCB 		.ascii	"i<,\313!\317\207\235\262;\326\226\012\273\"\\\356\244"
 445      21CF879D 
 445      B23BD696 
 445      0ABB225C 
 445      EEA4
 446 0e8a 08CFC0D5 		.ascii	"\010\317\300\325i2\276\031 Vq\270\347\341\374\034\300"
 446      6932BE19 
 446      205671B8 
 446      E7E1FC1C 
 446      C0
 447 0e9b AD865669 		.ascii	"\255\206Vi\347\217\341t\237\335\026\202\201\254\376"
 447      E78FE174 
 447      9FDD1682 
 447      81ACFE
 448 0eaa 2F000319 		.ascii	"/\000\003\031b\333\275\311\343\313\271\226\347|\310"
 448      62DBBDC9 
 448      E3CBB996 
 448      E77CC8
 449 0eb9 ABB5DCF4 		.ascii	"\253\265\334\364cN'S9\310G\330;]\266z\316\233\325\022"
 449      634E2753 
 449      39C847D8 
 449      3B5DB67A 
 449      CE9BD512 
 450 0ecd 90FBEA59 		.ascii	"\220\373\352Y\235L\345\263Z\013\202\357\377\325\263"
 450      9D4CE5B3 
 450      5A0B82EF 
 450      FFD5B3
 451 0edc 5ACB0D68 		.ascii	"Z\313\015h\004\341\365 \274\316nV\207Se\263\372\000"
 451      04E1F520 
 451      BCCE6E56 
 451      875365B3 
 451      FA00
 452 0eee 3125AE67 		.ascii	"1%\256gu \225\317j\003\337Q\317gw\234U\253\254\274*"
 452      752095CF 
 452      6A03DF51 
 452      CF67779C 
 452      55ABACBC 
 453 0f03 C83829AF 		.ascii	"\3108)\257\272Siq\255u\266o\353H\365\"\327J\235\025"
ARM GAS  /tmp/ccOq5hdx.s 			page 37


 453      BA536971 
 453      AD75B66F 
 453      EB48F522 
 453      D74A9D15 
 454 0f17 DEB6740E 		.ascii	"\336\266t\016\232\274^\032\345.wY\302\033\323YjW9S\323"
 454      9ABC5E1A 
 454      E52E7759 
 454      C21BD359 
 454      6A573953 
 455 0f2c 98B290EC 		.ascii	"\230\262\220\354gh\354\235\302\266<\254\222\355/g\031"
 455      6768EC9D 
 455      C2B63CAC 
 455      92ED2F67 
 455      19
 456 0f3d CA33F6C3 		.ascii	"\3123\366\303!\3533+o\216\261\227\245$\306\373\330K"
 456      21EB332B 
 456      6F8EB197 
 456      A524C6FB 
 456      D84B
 457 0f4f B9BAFAAB 		.ascii	"\271\272\372\253\255H\376R\216\224B\351\255\\+&o\345"
 457      AD48FE52 
 457      8E9442E9 
 457      AD5C2B26 
 457      6FE5
 458 0f61 2E60FE56 		.ascii	".`\376Vn\2622'AX\224e\311\262\302\266\341\202*\277\177"
 458      6EB23227 
 458      41589465 
 458      C9B2C2B6 
 458      E1822ABF 
 459 0f76 03AC7AE8 		.ascii	"\003\254z\350\003\302\206\252\244\262P\345\370\345C"
 459      03C286AA 
 459      A4B250E5 
 459      F8E543
 460 0f85 1B265F3E 		.ascii	"\033&_>4\014\344\234V\343&wW\237>\330\177\017\320\216"
 460      340CE49C 
 460      56E32677 
 460      579F3ED8 
 460      7F0FD08E 
 461 0f99 85F9EFAF 		.ascii	"\205\371\357\257/\261N"
 461      2FB14E
 462 0fa0 FBF7BE97 		.ascii	"\373\367\276\227Y\347\216\231\227\275\032|\207\211\177"
 462      59E78E99 
 462      97BD1A7C 
 462      87897F
 463 0faf 949A912C 		.ascii	"\224\232\221,\340AF$\357*<\213\3608%\204\256\311\253"
 463      E0414624 
 463      EF2A3C8B 
 463      F0382584 
 463      AEC9AB
 464 0fc2 4F55C857 		.ascii	"OU\310W\347\357\342\266\275\003\334\332\311\203\360"
 464      E7EFE2B6 
 464      BD03DCDA 
 464      C983F0
 465 0fd1 2604E10D 		.ascii	"&\004\341\015\036\200\262\030\351\264\313\374\353,F"
 465      1E80B218 
 465      E9B4CBFC 
 465      EB2C46
ARM GAS  /tmp/ccOq5hdx.s 			page 38


 466 0fe0 D85CCFF5 		.ascii	"\330\\\317\365\250\236O\260\315\324u\036s\235\257\234"
 466      A89E4FB0 
 466      CDD4751E 
 466      739DAF9C 
 467 0ff0 ED8D98CC 		.ascii	"\355\215\230\314V\347\274\331\222\374\363\251\370\246"
 467      56E7BCD9 
 467      92FCF3A9 
 467      F8A6
 468 0ffe B5F3     		.ascii	"\265\363"
 469 1000 C55485F4 		.ascii	"\305T\205\364V\365\026\263\372bJ^\211\267\313\267\252"
 469      56F516B3 
 469      FA624A5E 
 469      89B7CBB7 
 469      AA
 470 1011 5D74FE6E 		.ascii	"]t\376n\213\363wk\237\245\316\356\231\020\\\227Y\322"
 470      8BF3776B 
 470      9FA5CEEE 
 470      99105C97 
 470      59D2
 471 1023 8D656F55 		.ascii	"\215eoUOvo\253\363\304\271\036\364\251nf\376\346T\215"
 471      4F766FAB 
 471      F3C4B91E 
 471      F4A96E66 
 471      FEE6548D 
 472 1037 FD5B55F9 		.ascii	"\375[U\371Pt\007\034%\215\026\337\252\376<\231\276U"
 472      5074071C 
 472      258D16DF 
 472      AAFE3C99 
 472      BE55
 473 1049 ED850B3D 		.ascii	"\355\205\013=R\260vc\366VU\235\030\333\235\343\205\350"
 473      52B07663 
 473      F656559D 
 473      18DB9DE3 
 473      85E8
 474 105b C3145F9B 		.ascii	"\303\024_\233\3676\211\017ED\367\015:w\037O\360d\236"
 474      F736890F 
 474      4544F70D 
 474      3A771F4F 
 474      F0649E
 475 106e 5AE0A4AB 		.ascii	"Z\340\244\253\330\201y\336\023\311\207\013\331\202L"
 475      D88179DE 
 475      13C9870B 
 475      D9824C
 476 107d 008D3A8A 		.ascii	"\000\215:\212\236\377,\2561\331\207=\213\233\267{%\273"
 476      9EFF2CAE 
 476      31D9873D 
 476      8B9BB77B 
 476      25BB
 477 108f A9645925 		.ascii	"\251dY%\272\346\250\332\325m\251X\315\025\224\235\204"
 477      BAE6A8DA 
 477      D56DA958 
 477      CD15949D 
 477      84
 478 10a0 D83DF05C 		.ascii	"\330=\360\\\037\324\271\001h\375\320\356b\333c\260\313"
 478      1FD4B901 
 478      68FDD0EE 
 478      62DB63B0 
ARM GAS  /tmp/ccOq5hdx.s 			page 39


 478      CB
 479 10b1 7B1B0A34 		.ascii	"{\033\0124\270\204\315@I\321\351#\236\3107\300\371\255"
 479      B884CD40 
 479      49D1E923 
 479      9EC837C0 
 479      F9AD
 480 10c3 FD4390F2 		.ascii	"\375C\220\362:\211\274<$\323\362\360\200\024giN\006"
 480      3A89BC3C 
 480      24D3F2F0 
 480      80146769 
 480      4E06
 481 10d5 31DF1A58 		.ascii	"1\337\032XKNL\331=d\177`\027\353\217\260\370\324\360"
 481      4B4E4CD9 
 481      3D647F60 
 481      17EB8FB0 
 481      F8D4F0
 482 10e8 4CC58D76 		.ascii	"L\305\215v\026\214\320\207\256\260`|`\231}\252t]M\206"
 482      168CD087 
 482      AEB0607C 
 482      60997DAA 
 482      745D4D86 
 483 10fc 68343E16 		.ascii	"h4>\026\243\261j\256\354\202\247TM\362\356\361j\002"
 483      A3B16AAE 
 483      EC82A754 
 483      4DF2EEF1 
 483      6A02
 484 110e 6CE8A284 		.ascii	"l\350\242\204\015N\355\253\3110\255&;\2326\352q\035"
 484      0D4EEDAB 
 484      C930AD26 
 484      3B9A36EA 
 484      711D
 485 1120 750EEABA 		.ascii	"u\016\352\272\320\264M\013\222z\301\300\236i\325\321"
 485      D0B44D0B 
 485      927AC1C0 
 485      9E69D5D1 
 486 1130 F520E900 		.ascii	"\365 \351\000b\237v\215H\222F0\373\230\005\215R\011"
 486      629F768D 
 486      48924630 
 486      FB98058D 
 486      5209
 487 1142 939947A6 		.ascii	"\223\231G\246\021\236d\"v=.8\250\346\"\246a\343V\313"
 487      119E6422 
 487      763D2E38 
 487      A8E622A6 
 487      61E356CB 
 488 1156 BEE77A22 		.ascii	"\276\347z\"\215~\"\216\036\243\243\023\217\025\016\270"
 488      8D7E228E 
 488      1EA3A313 
 488      8F150EB8 
 489 1166 E304FE11 		.ascii	"\343\004\376\021\333h\347\2547\365\006\331\246\263t"
 489      DB68E7AC 
 489      37F506D9 
 489      A6B374
 490 1175 AD2E9A4C 		.ascii	"\255.\232L\326\321>\342\205\011\346\2413WbO*]~\2555"
 490      D6D13EE2 
 490      8509E6A1 
 490      3357624F 
ARM GAS  /tmp/ccOq5hdx.s 			page 40


 490      2A5D7EAD 
 491 118a 491DF454 		.ascii	"I\035\364TtP\314\3756\201C\202\273\376\242\213\033\254"
 491      7450CCFD 
 491      36814382 
 491      BBFEA28B 
 491      1BAC
 492 119c BFA33C68 		.ascii	"\277\243<h\\B5.\242\232\242\250v\345w\264\011x\017C"
 492      5C42352E 
 492      A29AA2A8 
 492      76E577B4 
 492      09780F43 
 493 11b0 D5345994 		.ascii	"\3254Y\224\351\215\013\0301\230\2665\313\035\037gD\301"
 493      E98D0B18 
 493      3198B635 
 493      CB1D1F67 
 493      44C1
 494 11c2 4C6ABF0E 		.ascii	"Lj\277\016\2272\242\270\"~\210\177cf%\2577\037Y\022"
 494      9732A2B8 
 494      227E887F 
 494      636625AF 
 494      371F5912 
 495 11d6 2B11AEA0 		.ascii	"+\021\256\240\027\265\011\035\227F0\"\017D\3113O\026"
 495      17B5091D 
 495      97463022 
 495      0F44C933 
 495      4F16
 496 11e8 FB5399FE 		.ascii	"\373S\231\376\251\267Y\221\203j\363\022\300X\204W\356"
 496      A9B75991 
 496      836AF312 
 496      C0588457 
 496      EE
 497 11f9 B39B79E2 		.ascii	"\263\233y\342\221=\377\214#\273\253\\y\201\375\370\006"
 497      913DFF8C 
 497      23BBAB5C 
 497      7981FDF8 
 497      06
 498 120a 9FB093C8 		.ascii	"\237\260\223\310\216\023\002P\214\340\217\346\310\203"
 498      8E130250 
 498      8CE08FE6 
 498      C883
 499 1218 2BF88D85 		.ascii	"+\370\215\205\026\017m\326n\217\360\220=\300\022o\030"
 499      160F6DD6 
 499      6E8FF090 
 499      3DC0126F 
 499      18
 500 1229 E6EB92DF 		.ascii	"\346\353\222\337\250\247\274\231m{P8\352\310=\277$\264"
 500      A8A7BC99 
 500      6D7B5038 
 500      EAC83DBF 
 500      24B4
 501 123b EDA3E51A 		.ascii	"\355\243\345\032\270\234<\235\027e\221\325\353\271s"
 501      B89C3C9D 
 501      176591D5 
 501      EBB973
 502 124a A7C8540F 		.ascii	"\247\310T\017'\373e\333n\204\246\035\331e\265\013f\244"
 502      27FB65DB 
 502      6E84A61D 
ARM GAS  /tmp/ccOq5hdx.s 			page 41


 502      D965B50B 
 502      66A4
 503 125c B667A00C 		.ascii	"\266g\240\014c\253\216\275\307\033.M\324\240\000_q\343"
 503      63AB8EBD 
 503      C71B2E4D 
 503      D4A0005F 
 503      71E3
 504 126e 41F33901 		.ascii	"A\3639\001\006o\020lQA\000\272p'\332\010^\374\252\036"
 504      066F106C 
 504      514100BA 
 504      7027DA08 
 504      5EFCAA1E 
 505 1282 05DD53F7 		.ascii	"\005\335S\367\217O _.*\301\245(\305\353\344\034=~\253"
 505      8F4F205F 
 505      2E2AC1A5 
 505      28C5EBE4 
 505      1C3D7EAB 
 506 1296 5C2DAF2C 		.ascii	"\\-\257,\233\004ye\331,\210\225%\273\260+G\240y\003"
 506      9B047965 
 506      D92C8895 
 506      25BBB02B 
 506      47A07903 
 507 12aa 7D3C9706 		.ascii	"}<\227\006g/M\277b\233\262E y\223(\360\274\251\270\274"
 507      672F4DBF 
 507      629BB245 
 507      20799328 
 507      F0BCA9B8 
 508 12bf FD8C8627 		.ascii	"\375\214\206'Nw\305\233\007\342\262\002\010\013z&\245"
 508      4E77C59B 
 508      07E2B202 
 508      080B7A26 
 508      A5
 509 12d0 CD33316D 		.ascii	"\31531m\266\012$m\346\016vWz\342\253:\207\255\211\213"
 509      B60A246D 
 509      E60E7657 
 509      7AE2AB3A 
 509      87AD898B 
 510 12e4 A577BB40 		.ascii	"\245w\273@;\023\206\207st\266\015\325\016\326yno\343"
 510      3B138687 
 510      7374B60D 
 510      D50ED679 
 510      6E6FE3
 511 12f7 5DADCBF5 		.ascii	"]\255\313\365x\027\005\272S\004:>\232:\356\311\201\302"
 511      781705BA 
 511      53043A3E 
 511      9A3AEEC9 
 511      81C2
 512 1309 4DD6DC41 		.ascii	"M\326\334A^\267\200\015m\223f\023N\031\330\335\024l"
 512      5EB7800D 
 512      6D936613 
 512      4E19D8DD 
 512      146C
 513 131b CDD34D5B 		.ascii	"\315\323M[\335\361 \003\233\325u)Ce\253\303\014\355"
 513      DDF12003 
 513      9BD57529 
 513      4365ABC3 
 513      0CED
ARM GAS  /tmp/ccOq5hdx.s 			page 42


 514 132d DD81D8F5 		.ascii	"\335\201\330\365\256\277\264\332K1\354\0211\024'\365"
 514      AEBFB4DA 
 514      4B31EC11 
 514      311427F5 
 515 133d 9489B573 		.ascii	"\224\211\265s\246GU\326@\253\0140\241$\011A\222\210"
 515      A64755D6 
 515      40AB0C30 
 515      A1240941 
 515      9288
 516 134f 601F4560 		.ascii	"`\037E`\035=\224\214\3618Cp\261e\317^o\333f\214!\230"
 516      1D3D948C 
 516      F1384370 
 516      B165CF5E 
 516      6FDB668C 
 517 1365 8B4B9974 		.ascii	"\213K\231t\375en*E\220\"\"\210\271\322q\036\211^\310"
 517      FD656E2A 
 517      45902222 
 517      88B9D271 
 517      1E895EC8 
 518 1379 D4B4C471 		.ascii	"\324\264\304q/\000\033J\2260$\213\030\322(\206\341\270"
 518      2F001B4A 
 518      9630248B 
 518      18D22886 
 518      E1B8
 519 138b FDD54A9C 		.ascii	"\375\325J\234\346\311\212\333\340\201$\376-\325\233"
 519      E6C98ADB 
 519      E08124FE 
 519      2DD59B
 520 139a 643DD85D 		.ascii	"d=\330]\223\241f\025\255\235T\264\003\255\343{\335q"
 520      93A16615 
 520      AD9D54B4 
 520      03ADE37B 
 520      DD71
 521 13ac 1EE39DD8 		.ascii	"\036\343\235\330w\341\006\377\246\370\233d\327\2310"
 521      77E106FF 
 521      A6F89B64 
 521      D79930
 522 13bb 34E4ED2E 		.ascii	"4\344\355.}\\B\372e\217\214\004\362mb\240\037\312\022"
 522      7D5C42FA 
 522      658F8C04 
 522      F26D62A0 
 522      1FCA12
 523 13ce D8872505 		.ascii	"\330\207%\005\315\2675>;xb}\200\350G\222\373\005?\224"
 523      CDB7353E 
 523      3B78627D 
 523      80E84792 
 523      FB053F94 
 524 13e2 2110F66C 		.ascii	"!\020\366l\301G\034D\270Gvf\215z\311\271o\276\212\373"
 524      C1471C44 
 524      B8477666 
 524      8D7AC9B9 
 524      6FBE8AFB 
 525 13f6 42D9F1AD 		.ascii	"B\331\361\255\312o\037\264\264\263\365\360\350\275x"
 525      CA6F1FB4 
 525      B4B3F5F0 
 525      E8BD78
 526 1405 4BCC2ED8 		.ascii	"K\314.\330\177\034\024|P&\370\001\326=\331\340t\350"
ARM GAS  /tmp/ccOq5hdx.s 			page 43


 526      7F1C147C 
 526      5026F801 
 526      D63DD9E0 
 526      74E8
 527 1417 F92FA502 		.ascii	"\371/\245\002\035\022\276\015cw\216\216\355V\273\264"
 527      1D12BE0D 
 527      63778E8E 
 527      ED56BBB4 
 528 1427 2247B462 		.ascii	"\"G\264b\011\373\330\243|xFp4B\232\236\303\024\026\035"
 528      09FBD8A3 
 528      7C784670 
 528      34429A9E 
 528      C314161D 
 529 143b 43091251 		.ascii	"C\011\022Q3Ee\374\313,5Y\332.\304Wx\270\324\226+j;\302"
 529      334565FC 
 529      CB2C3559 
 529      DA2EC457 
 529      78B8D496 
 530 1453 7C36B179 		.ascii	"|6\261y\375\024\377\244\231|\202%~\367\266\200}\367"
 530      FD14FFA4 
 530      997C8225 
 530      7EF7B680 
 530      7DF7
 531 1465 56D097D4 		.ascii	"V\320\227\324\202\034\301\344\203\231y\324\314\002\012"
 531      821CC1E4 
 531      839979D4 
 531      CC020A
 532 1474 26978129 		.ascii	"&\227\201)\240`2_\314\244x\311+I\231\335\267\201\205"
 532      A060325F 
 532      CCA478C9 
 532      2B4999DD 
 532      B78185
 533 1487 AC92905F 		.ascii	"\254\222\220_`><\365,\321\013\237`S\237_\264\277\330"
 533      603E3CF5 
 533      2CD10B9F 
 533      60539F5F 
 533      B4BFD8
 534 149a 0B573022 		.ascii	"\013W0\"\261\266.]\015q\213\216\322\300\202\236\353"
 534      B1B62E5D 
 534      0D718B8E 
 534      D2C0829E 
 534      EB
 535 14ab 954DBDDE 		.ascii	"\225M\275\336\374\273\356\3169\\Y\362\370R\214eA\374"
 535      FCBBEECE 
 535      395C59F2 
 535      F8528C65 
 535      41FC
 536 14bd F7A88222 		.ascii	"\367\250\202\"1\022\3211A \224\375\246\244\230\006e"
 536      3112D131 
 536      412094FD 
 536      A6A49806 
 536      65
 537 14ce E7406D08 		.ascii	"\347@m\010nv%\277)\267\244\006\321L\271h\373|r\337\225"
 537      6E7625BF 
 537      29B7A406 
 537      D14CB968 
 537      FB7C72DF 
ARM GAS  /tmp/ccOq5hdx.s 			page 44


 538 14e3 EC32D79F 		.ascii	"\3542\327\237o\237\242\231rR\314\224\336\344\376\253"
 538      6F9FA299 
 538      7252CC94 
 538      DEE4FEAB 
 539 14f3 6E1C605D 		.ascii	"n\034`]\271\346\326E\372\021{\326\307\2100\242\3436"
 539      B9E6D645 
 539      FA117BD6 
 539      C78830A2 
 539      E336
 540 1505 842700E1 		.ascii	"\204'\000\341qG\204%\024ao\346\340nO\234\344\345\312"
 540      71478425 
 540      14616FE6 
 540      E06E4F9C 
 540      E4E5CA
 541 1518 0587924B 		.ascii	"\005\207\222K=\270\206+sx\250\004\226y\360t<Z@\235P"
 541      3DB8862B 
 541      7378A804 
 541      9679F074 
 541      3C5A409D 
 542 152d 6A53711A 		.ascii	"jSq\032T\224:\2528\303\352\323\315\366\233*\234\305"
 542      54943AAA 
 542      38C3EAD3 
 542      CDF69B2A 
 542      9CC5
 543 153f 5474DE88 		.ascii	"Tt\336\210?\313\277\012\363\0002\256\260\252T\3452r"
 543      3FCBBF0A 
 543      F30032AE 
 543      B0AA54E5 
 543      3272
 544 1551 CAC5C829 		.ascii	"\312\305\310)c\2213\374\370p\201\31216\304G\333\012"
 544      639133FC 
 544      F87081CA 
 544      3136C447 
 544      DB0A
 545 1563 544163A3 		.ascii	"TAc\243\\\314\237\322\306\224\247\356\216\331\346\222"
 545      5CCC9FD2 
 545      C694A7EE 
 545      8ED9E692 
 546 1573 FBF6C454 		.ascii	"\373\366\304T\256\027\317\266\221\306\237\225\304Z-"
 546      AE17CFB6 
 546      91C69F95 
 546      C45A2D
 547 1582 711FA04A 		.ascii	"q\037\240J\236k\225h\221l\350Y\236kU4\327\266\265\336"
 547      9E6B9568 
 547      916CE859 
 547      9E6B5534 
 547      D7B6B5DE 
 548 1596 DBE9298F 		.ascii	"\333\351)\217?R\256%#\252y\374U\323\370\313\317=Zk\267"
 548      3F52AE25 
 548      23AA79FC 
 548      55D3F8CB 
 548      CF3D5A6B 
 549 15ab EC6DB163 		.ascii	"\354m\261c\266rf+en\275\232~\314Nr\202\335\032Y\303"
 549      B672662B 
 549      656EBD9A 
 549      7ECC4E72 
 549      82DD1A59 
ARM GAS  /tmp/ccOq5hdx.s 			page 45


 550 15c0 996B2873 		.ascii	"\231k(sL\377@\026\2223O\332\335\314\325r\346Z\312\234"
 550      4CFF4016 
 550      92334FDA 
 550      DDCCD572 
 550      E65ACA9C 
 551 15d4 7CF14E99 		.ascii	"|\361N\231\367\333\007\330\215\331\005\325\243\203\226"
 551      F7DB07D8 
 551      8DD905D5 
 551      A38396
 552 15e3 ACB720D4 		.ascii	"\254\267 \324\350\2559\253\252u\302\333\2444\324\266"
 552      E8AD39AB 
 552      AA75C2DB 
 552      A434D4B6 
 553 15f3 276BE542 		.ascii	"'k\345BS\355\340\326s\241\365T\350\345\332\252T793\251"
 553      53EDE0D6 
 553      73A1F554 
 553      E8E5DAAA 
 553      54373933 
 554 1608 54B28727 		.ascii	"T\262\207'\234\271\2012o.\231\270j\367Q\367^;\311\215"
 554      9CB98132 
 554      6F2E99B8 
 554      6AF751F7 
 554      5E3BC98D 
 555 161c 9CB99132 		.ascii	"\234\271\2212\247g\365\246\212p\373\026[\022\264\024"
 555      A767F5A6 
 555      8A70FB16 
 555      5B12B414 
 556 162c EBB088B5 		.ascii	"\353\260\210\265Ix[\341\026\034\272r\235\3517Q\301\237"
 556      49785BE1 
 556      161CBA72 
 556      9DE93751 
 556      C19F
 557 163e FFFDE2C0 		.ascii	"\377\375\342\300\345\241a\253\302\376ye`\224)\320h\016"
 557      E5A161AB 
 557      C2FE7965 
 557      609429D0 
 557      680E
 558 1650 34198303 		.ascii	"4\031\203\003\203CC\326E\006E\204\005/\016\326~\364"
 558      834343D6 
 558      45064584 
 558      052F0ED6 
 558      7EF4
 559 1662 DB3FBCB5 		.ascii	"\333?\274\265|\351R\305[\216\214a\221\301\341kB\014"
 559      7CE952C5 
 559      5B8E8C61 
 559      91C1E16B 
 559      420C
 560 1674 C06C5A67 		.ascii	"\300lZgZ\034\252\360\2402\377\020\031\016R}\203C\377"
 560      5A1CAAF0 
 560      A032FF10 
 560      190E527D 
 560      8343FF
 561 1687 253464B9 		.ascii	"%4d\271\321\020d6\374\332\030\025\361\261!(Zc\376lM"
 561      D1106436 
 561      FCDA1815 
 561      F1B12128 
 561      5A63FE6C 
ARM GAS  /tmp/ccOq5hdx.s 			page 46


 562 169c 64B0DEEC 		.ascii	"d\260\336\354\357Z\2209\024F\204\020a\356z\375\232\260"
 562      EF5A9039 
 562      14468410 
 562      61EE7AFD 
 562      9AB0
 563 16ae 48F3B277 		.ascii	"H\363\262w\365\346\037\005\2561\031\003\203\214\021"
 563      F5E61F05 
 563      AE311903 
 563      838C11
 564 16bd EF444645 		.ascii	"\357DFE\032\3361\004\255\012\263\015\211\010\012\016"
 564      1ADE3104 
 564      AD0AB30D 
 564      89080A0E 
 565 16cd 0D8B3404 		.ascii	"\015\2134\004\352C\014\237\005\255\0117\353\315\353"
 565      EA430C9F 
 565      05AD0937 
 565      EBCDEB
 566 16dc A20D64BC 		.ascii	"\242\015d\274V\034\375\275W\214\006\334\201z\2239\004"
 566      561CFDBD 
 566      578C06DC 
 566      817A9339 
 566      04
 567 16ed 586188C6 		.ascii	"Xa\210\306\034m\014\213\322\233\177j\207/8*\"\"*20:"
 567      1C6D0C8B 
 567      D29B7F6A 
 567      872F382A 
 567      22222A32 
 568 1703 CA683605 		.ascii	"\312h6\005~\370\373O\226\177\362%\351\213\016\0137\030"
 568      7EF8FB4F 
 568      967FF225 
 568      E98B0E0B 
 568      3718
 569 1715 4D811F2D 		.ascii	"M\201\037-_N`s\245Bph\220Qm\012\373\263Ao~\227\352\015"
 569      5F4E6073 
 569      A5427068 
 569      90516D0A 
 569      FBB3416F 
 570 172d 0F5B15B8 		.ascii	"\017[\025\270:8\330A\377O\026/[\274TBa\016\001\3640"
 570      3A38D841 
 570      FF4F162F 
 570      5BBC5442 
 570      610E01F4 
 571 1742 5C1D0AC6 		.ascii	"\\\035\012\306\033\214\302gF\203A\025\035\264\332`\022"
 571      1B8CC267 
 571      46834115 
 571      1DB4DA60 
 571      12
 572 1753 220D5F9A 		.ascii	"\"\015_\232=\240;Z\317\257\2551\031B\004\242A \275\236"
 572      3DA03B5A 
 572      CFAFAD31 
 572      194204A2 
 572      4120BD9E 
 573 1767 B24B7AB3 		.ascii	"\262Kz\2636\332\030\365E\030\234zF\030\"V\033\250\273"
 573      36DA18F5 
 573      45189C7A 
 573      46182256 
 573      1BA8BB
ARM GAS  /tmp/ccOq5hdx.s 			page 47


 574 177a C103DFB5 		.ascii	"\301\003\337\265\263'\312D0I.\007\326\340(\243\201\314"
 574      B327CA44 
 574      30492E07 
 574      D6E028A3 
 574      81CC
 575 178c 1F9C4619 		.ascii	"\037\234F\031\327\021q\3218\302\374\245*jm\244\301\250"
 575      D71171D1 
 575      38C2FCA5 
 575      2A6A6DA4 
 575      C1A8
 576 179e 85190927 		.ascii	"\205\031\011'\216\321@Wx\230\311\2545D\033\"\301e\253"
 576      8ED14057 
 576      7898C9AC 
 576      35441B22 
 576      C165AB
 577 17b1 3D0C5F18 		.ascii	"=\014_\030\"\315\021A\246\317Au\204i\365\177\2571\254"
 577      22CD1141 
 577      A6CF4175 
 577      8469F57F 
 577      AF31AC
 578 17c4 31BC111C 		.ascii	"1\274\021\034\252\347\263\250\247\035B\264"
 578      AAE7B3A8 
 578      A71D42B4 
 579 17d0 D1F085B7 		.ascii	"\321\360\205\267]\227\336\254Y\033\024f\006\021\336"
 579      5D97DEAC 
 579      591B1466 
 579      0611DE
 580 17df 326E22DB 		.ascii	"2n\"\333KN\350\315h\215\332\260\226(P\2575\203\366h"
 580      4B4EE8CD 
 580      688DDAB0 
 580      962850AF 
 580      3583F668 
 581 17f3 F8311922 		.ascii	"\3701\031\"\242qp\244\331M\257\347\023\254\341\277*"
 581      A27170A4 
 581      D94DAFE7 
 581      13ACE1BF 
 581      2A
 582 1804 E885FF54 		.ascii	"\350\205\377T\203\016\344\002gPt(\230\2461\021\230\246"
 582      830EE402 
 582      67507428 
 582      98A63111 
 582      98A6
 583 1816 D52A68C0 		.ascii	"\325*h\300\260\326l6F\3730Ez\243\3413\203\321\020\031"
 583      B0D66C36 
 583      46FB3045 
 583      7AA3E133 
 583      83D11019 
 584 182a 0C984078 		.ascii	"\014\230@x\324\252?Ek\015_\206\231\203\243B\014jc\310"
 584      D4AA3F45 
 584      6B0D5F86 
 584      9983A342 
 584      0C6A63C8 
 585 183e 3A182100 		.ascii	":\030!\000\213\311\215E\343\373\240M\3745\223~\020\367"
 585      8BC98D45 
 585      E3FBA04D 
 585      FC35937E 
 585      10F7
ARM GAS  /tmp/ccOq5hdx.s 			page 48


 586 1850 5978D06A 		.ascii	"Yx\320j\223\306\034\001#\2002\231!\340\265f\372CD\006"
 586      93C61C01 
 586      23803299 
 586      21E0B566 
 586      FA434406 
 587 1864 AD0A3219 		.ascii	"\255\0122\031x,\277\367#\360\223x\342n2\177\036\024"
 587      782CBFF7 
 587      23F09378 
 587      E26E327F 
 587      1E14
 588 1876 1EB63A52 		.ascii	"\036\266:Ro\376\376\353\343-\224O\221\000IiPE\205\303"
 588      6FFEFEEB 
 588      E32D944F 
 588      91004969 
 588      504585C3 
 589 188a 1CAB220D 		.ascii	"\034\253\"\015k\015F\034l\376Ri\212V\206\033\261q\351"
 589      6B0D461C 
 589      6CFE5269 
 589      8A56861B 
 589      B171E9
 590 189d 52684B94 		.ascii	"RhK\224\306\237*\215\357+\215?Q\032\337S\032\177\254"
 590      C69F2A8D 
 590      EF2B8D3F 
 590      511ADF53 
 590      1A7FAC
 591 18b0 34FEC883 		.ascii	"4\376\310\203\310\"\336\002\336\305_Q\227\376\213\237"
 591      C822DE02 
 591      DEC55F51 
 591      97FE8B9F 
 592 18c0 44803E1D 		.ascii	"D\200>\035\035\032\034\025i\2068\024H\024\270\331fL"
 592      1D1A1C15 
 592      69863814 
 592      4814B8D9 
 592      664C
 593 18d2 15111D15 		.ascii	"\025\021\035\025\025\256\345\2164k\341B\304\032\340"
 593      15AEE58E 
 593      346BE142 
 593      C41AE0
 594 18e1 D3D0FF7A 		.ascii	"\323\320\377z\363?\274\242^@}\001\351\257\250(0\333"
 594      F33FBCA2 
 594      5E407D01 
 594      E9AFA828 
 594      30DB
 595 18f3 C0F0ED57 		.ascii	"\300\360\355W\226\0341\353^U\230\014\304\012OY`\353"
 595      961C31EB 
 595      5E55980C 
 595      C40A4F59 
 595      60EB
 596 1905 CD01AF4B 		.ascii	"\315\001\257K\007\302\346T\256CeT|\323\241\310}B\325"
 596      07C2E654 
 596      AE436554 
 596      7CD3A1C8 
 596      7D42D5
 597 1918 FC0EBCA2 		.ascii	"\374\016\274\242\242S\353\001\361d\0106\353I\272z\020"
 597      A253EB01 
 597      F1640836 
 597      EB49BA7A 
ARM GAS  /tmp/ccOq5hdx.s 			page 49


 597      10
 598 1929 67F14C7D 		.ascii	"g\361L}-\002\302K\020\350\244<\326\233E+\250 \263\267"
 598      2D02C24B 
 598      10E8A43C 
 598      D69B452B 
 598      A820B3B7 
 599 193d 3E64D56A 		.ascii	">d\325j}p\250!\370s=)\270\213\\;!\304\260j\315j\220"
 599      7D70A821 
 599      F8733D29 
 599      B88B5C3B 
 599      21C4B06A 
 600 1954 F635D990 		.ascii	"\3665\331\2205\264JC\232\254\014\016\375\267\240\317"
 600      35B44A43 
 600      9AAC0C0E 
 600      FDB7A0CF 
 601 1964 0D6BA257 		.ascii	"\015k\242W\376\215\314\232\225kL$\311\015!+TDy\264\260"
 601      FE8DCC9A 
 601      956B4C24 
 601      C90D212B 
 601      544479B4 
 602 1979 1628D55A 		.ascii	"\026(\325Z\022\3148\310\270\332\227Oz\210\301\024l\014"
 602      12CC38C8 
 602      B8DA974F 
 602      7A88C114 
 602      6C0C
 603 198b 8B364741 		.ascii	"\2136GA\361\361\011\016%E\376\303p\020\374!\261\336"
 603      F1F1090E 
 603      2545FEC3 
 603      7010FC21 
 603      B1DE
 604 199d 10020B02 		.ascii	"\020\002\013\002q\006\355b\013\316\307A\341\346\277"
 604      7106ED62 
 604      0BCEC741 
 604      E1E6BF
 605 19ac 758D94CC 		.ascii	"u\215\224\314\225^O\315\325/~\357\275\245\313\264\""
 605      955E4FCD 
 605      D52F7EEF 
 605      BDA5CBB4 
 605      22
 606 19bd E5460391 		.ascii	"\345F\003\221`\366\014\012_\033\264\316\004\361\034"
 606      60F60C0A 
 606      5F1BB4CE 
 606      04F11C
 607 19cc 0E851FD8 		.ascii	"\016\205\037\330M\006\263\376\227\037\256\374\325\357"
 607      4D06B3FE 
 607      971FAEFC 
 607      D5EF
 608 19da 7EBFE267 		.ascii	"~\277\342g\316\242\033\"\227\304v\340\362OV\256X\031"
 608      CEA21B22 
 608      97C476E0 
 608      F24F56AE 
 608      5819
 609 19ec B81C823B 		.ascii	"\270\034\202;p\205\2501\302\024f\322C}&\325\217j`~\221"
 609      7085A831 
 609      C21466D2 
 609      437D26D5 
 609      8F6A607E 
ARM GAS  /tmp/ccOq5hdx.s 			page 50


 610 1a01 40FC78D9 		.ascii	"@\374x\331{K\377\017d0\030\243"
 610      7B4BFF0F 
 610      643018A3 
 611              		.text
 612              		.section	.gnu.lto_.symtab.6458f372a20f92c8,"",%progbits
 613 0000 63685468 		.ascii	"chThdCreateFromHeap\000"
 613      64437265 
 613      61746546 
 613      726F6D48 
 613      65617000 
 614 0014 00       		.ascii	"\000"
 615 0015 00       		.ascii	"\000"
 616 0016 00       		.ascii	"\000"
 617 0017 00000000 		.ascii	"\000\000\000\000\000\000\000\000"
 617      00000000 
 618 001f CE010000 		.ascii	"\316\001\000\000"
 619 0023 63685468 		.ascii	"chThdCreateFromMemoryPool\000"
 619      64437265 
 619      61746546 
 619      726F6D4D 
 619      656D6F72 
 620 003d 00       		.ascii	"\000"
 621 003e 00       		.ascii	"\000"
 622 003f 00       		.ascii	"\000"
 623 0040 00000000 		.ascii	"\000\000\000\000\000\000\000\000"
 623      00000000 
 624 0048 EE010000 		.ascii	"\356\001\000\000"
 625 004c 5F646267 		.ascii	"_dbg_check_lock\000"
 625      5F636865 
 625      636B5F6C 
 625      6F636B00 
 626 005c 00       		.ascii	"\000"
 627 005d 02       		.ascii	"\002"
 628 005e 00       		.ascii	"\000"
 629 005f 00000000 		.ascii	"\000\000\000\000\000\000\000\000"
 629      00000000 
 630 0067 F0010000 		.ascii	"\360\001\000\000"
 631 006b 5F646267 		.ascii	"_dbg_check_unlock\000"
 631      5F636865 
 631      636B5F75 
 631      6E6C6F63 
 631      6B00
 632 007d 00       		.ascii	"\000"
 633 007e 02       		.ascii	"\002"
 634 007f 00       		.ascii	"\000"
 635 0080 00000000 		.ascii	"\000\000\000\000\000\000\000\000"
 635      00000000 
 636 0088 F2010000 		.ascii	"\362\001\000\000"
 637 008c 63685363 		.ascii	"chSchWakeupS\000"
 637      6857616B 
 637      65757053 
 637      00
 638 0099 00       		.ascii	"\000"
 639 009a 02       		.ascii	"\002"
 640 009b 00       		.ascii	"\000"
 641 009c 00000000 		.ascii	"\000\000\000\000\000\000\000\000"
 641      00000000 
ARM GAS  /tmp/ccOq5hdx.s 			page 51


 642 00a4 F7010000 		.ascii	"\367\001\000\000"
 643 00a8 63685468 		.ascii	"chThdCreateSuspendedI\000"
 643      64437265 
 643      61746553 
 643      75737065 
 643      6E646564 
 644 00be 00       		.ascii	"\000"
 645 00bf 02       		.ascii	"\002"
 646 00c0 00       		.ascii	"\000"
 647 00c1 00000000 		.ascii	"\000\000\000\000\000\000\000\000"
 647      00000000 
 648 00c9 0D020000 		.ascii	"\015\002\000\000"
 649 00cd 63684865 		.ascii	"chHeapAllocAligned\000"
 649      6170416C 
 649      6C6F6341 
 649      6C69676E 
 649      656400
 650 00e0 00       		.ascii	"\000"
 651 00e1 02       		.ascii	"\002"
 652 00e2 00       		.ascii	"\000"
 653 00e3 00000000 		.ascii	"\000\000\000\000\000\000\000\000"
 653      00000000 
 654 00eb 13020000 		.ascii	"\023\002\000\000"
 655 00ef 6368506F 		.ascii	"chPoolAlloc\000"
 655      6F6C416C 
 655      6C6F6300 
 656 00fb 00       		.ascii	"\000"
 657 00fc 02       		.ascii	"\002"
 658 00fd 00       		.ascii	"\000"
 659 00fe 00000000 		.ascii	"\000\000\000\000\000\000\000\000"
 659      00000000 
 660 0106 17020000 		.ascii	"\027\002\000\000"
 661 010a 63685379 		.ascii	"chSysHalt\000"
 661      7348616C 
 661      7400
 662 0114 00       		.ascii	"\000"
 663 0115 02       		.ascii	"\002"
 664 0116 00       		.ascii	"\000"
 665 0117 00000000 		.ascii	"\000\000\000\000\000\000\000\000"
 665      00000000 
 666 011f 1B020000 		.ascii	"\033\002\000\000"
 667              		.text
 668              		.section	.gnu.lto_.opts,"",%progbits
 669 0000 272D666D 		.ascii	"'-fmath-errno' '-fsigned-zeros' '-ftrapping-math' '"
 669      6174682D 
 669      6572726E 
 669      6F272027 
 669      2D667369 
 670 0033 2D666E6F 		.ascii	"-fno-trapv' '-fno-strict-overflow' '-fno-openmp' '-"
 670      2D747261 
 670      70762720 
 670      272D666E 
 670      6F2D7374 
 671 0066 666E6F2D 		.ascii	"fno-openacc' '-mcpu=cortex-m3' '-mthumb' '-O0' '-fo"
 671      6F70656E 
 671      61636327 
 671      20272D6D 
ARM GAS  /tmp/ccOq5hdx.s 			page 52


 671      6370753D 
 672 0099 6D69742D 		.ascii	"mit-frame-pointer' '-falign-functions=16' '-ffuncti"
 672      6672616D 
 672      652D706F 
 672      696E7465 
 672      72272027 
 673 00cc 6F6E2D73 		.ascii	"on-sections' '-fdata-sections' '-fno-common' '-flto"
 673      65637469 
 673      6F6E7327 
 673      20272D66 
 673      64617461 
 674 00ff 2700     		.ascii	"'\000"
 675              		.text
 676              		.comm	__gnu_lto_v1,1,1
 677              		.comm	__gnu_lto_slim,1,1
 678              		.ident	"GCC: (GNU Tools for Arm Embedded Processors 7-2018-q3-update) 7.3.1 20180622 (release) [AR
ARM GAS  /tmp/ccOq5hdx.s 			page 53


DEFINED SYMBOLS
                            *ABS*:0000000000000000 chdynamic.c
                            *COM*:0000000000000001 __gnu_lto_v1
                            *COM*:0000000000000001 __gnu_lto_slim

NO UNDEFINED SYMBOLS
