ARM GAS  /tmp/ccuzAygD.s 			page 1


   1              		.cpu cortex-m3
   2              		.eabi_attribute 20, 1
   3              		.eabi_attribute 21, 1
   4              		.eabi_attribute 23, 3
   5              		.eabi_attribute 24, 1
   6              		.eabi_attribute 25, 1
   7              		.eabi_attribute 26, 1
   8              		.eabi_attribute 30, 6
   9              		.eabi_attribute 34, 1
  10              		.eabi_attribute 18, 4
  11              		.file	"chmemcore.c"
  12              		.section	.gnu.lto_.inline.7dea285b9160424e,"",%progbits
  13 0000 789C6363 		.ascii	"x\234cc``\270\307\200\000\034\014\014\254\274\014\014"
  13      6060B8C7 
  13      80001C0C 
  13      0CACBC0C 
  13      0C
  14 0011 4C2C1FF4 		.ascii	"L,\037\364\030X\030\230@B\214\\ \002\2730\023\003+\013"
  14      18581898 
  14      40428C5C 
  14      2002BB30 
  14      13032B0B 
  15 0025 90643B60 		.ascii	"\220d;`\007\023fc\220\322\006\212h=\270\316\004\023"
  15      07136663 
  15      90D2068A 
  15      683DB8CE 
  15      0413
  16 0037 62E206E9 		.ascii	"b\342\006\351\007\253\347\300+\313\305\300\245\002\024"
  16      07ABE7C0 
  16      2BCBC5C0 
  16      A50214
  17 0046 605A208F 		.ascii	"`Z \217b\011+\037\003\003\363\004?\020\004\363\271\211"
  17      62092B1F 
  17      0303F304 
  17      3F1004F3 
  17      B989
  18 0058 53C6C3C0 		.ascii	"S\306\303\300\306\012T\3061\301\017\246\214\001\000"
  18      C60A54C6 
  18      31C10FA6 
  18      8C0100
  19 0067 9CBC11C7 		.ascii	"\234\274\021\307"
  20              		.text
  21              		.section	.gnu.lto_chSysLock.7dea285b9160424e,"",%progbits
  22 0000 789C6D51 		.ascii	"x\234mQ\317k\023Q\020\236\331\267IJSE\004)H\017\033"
  22      CF6B1351 
  22      109ED9B7 
  22      494A5345 
  22      0429480F 
  23 0015 2487A2E4 		.ascii	"$\207\242\344\011\036<x\222\234z\010J\363\007\024\273"
  23      091E3C78 
  23      929C7A08 
  23      4AF30714 
  23      BB
  24 0026 06B3E076 		.ascii	"\006\263\340v\313n\224\366\224G,\244E\275\324\032CX"
  24      CB6E94F6 
  24      94472CA4 
  24      45BDD41A 
ARM GAS  /tmp/ccuzAygD.s 			page 2


  24      4358
  25 0038 A83F0855 		.ascii	"\250?\010U\321h\353\317$\266\215\355M\250h\301S\013"
  25      D168EBCF 
  25      24B68DED 
  25      4DA868C1 
  25      530B
  26 004a 9516C5DA 		.ascii	"\225\026\305\332R\260\007\361bu\336\253J\025\007v\037"
  26      52B007F1 
  26      6275DEAB 
  26      4A150776 
  26      1F
  27 005b 33F37DF3 		.ascii	"3\363}\363\315\367^\020\000P\003\030\247s\037}\300T"
  27      CDF75E10 
  27      00500318 
  27      A7731F7D 
  27      C054
  28 006d 8A1AA2EC 		.ascii	"\212\032\242\354@V\303,^b#\014g\362\037\253Z\373\230"
  28      4056C32C 
  28      5E62230C 
  28      67F21FAB 
  28      5AFB98
  29 0080 A0685C1B 		.ascii	"\240h\\\033n\275'\336\010\3463\200\002\003\025\370\010"
  29      6EBD27DE 
  29      08E63380 
  29      020315F8 
  29      08
  30 0091 DB8170CB 		.ascii	"\333\201p\313\343[Ww\005\365\355:>\306 M\001\244\306"
  30      E35B5777 
  30      05F5ED3A 
  30      3EC6204D 
  30      01A4C6
  31 00a4 DB81873E 		.ascii	"\333\201\207>\273H\034D\235\322/s\245\225\3352\325\320"
  31      BB481C44 
  31      9DD22F73 
  31      A595DD32 
  31      D5D0
  32 00b6 A0B4FC6A 		.ascii	"\240\264\374j~:\314\016\240\034q\247r\243\330\022\275"
  32      7E3ACC0E 
  32      A01C71A7 
  32      72A3D812 
  32      BD
  33 00c7 25444E34 		.ascii	"%DN4\226\312\274\364\365\223\020\303\002}\306\360\031"
  33      96CABCF4 
  33      F59310C3 
  33      027DC6F0 
  33      19
  34 00d8 321A8C4F 		.ascii	"2\032\214O\261\015\237`\333\266\360s\214>\230\0174\304"
  34      B10D9F60 
  34      DBB6F073 
  34      8C3E980F 
  34      34C4
  35 00ea D68F3CAD 		.ascii	"\326\217<\255\266w\261\270\372\372`\200\251:\300\240"
  35      B677B1B8 
  35      FAFA6080 
  35      A93AC0A0 
  36 00fa 5A6F8891 		.ascii	"Zo\210\221)\366\031s\031(1\351&\277*&u\251\316\320\300"
  36      29F61973 
ARM GAS  /tmp/ccuzAygD.s 			page 3


  36      192831E9 
  36      26BF2A26 
  36      75A9CED0 
  37 010f 2A4D5AC3 		.ascii	"*MZ\303\334\362\332\345\332\022\376\2610\240\254^)\264"
  37      DCF2DAE5 
  37      DA12FEB1 
  37      30A0AC5E 
  37      29B4
  38 0121 2A170586 		.ascii	"*\027\005\206;\335a\015\203X's\377\300\027\312G\366"
  38      3BDD610D 
  38      83582773 
  38      FFC017CA 
  38      47F6
  39 0133 2B61D92C 		.ascii	"+a\331,\220\352N\316\013\342L\312\013\241\037\322\265"
  39      90EA4ECE 
  39      0BE24CCA 
  39      0BA11FD2 
  39      B5
  40 0144 14A4D8CD 		.ascii	"\024\244\330\315\321\211o\315\2211\034\025E\303g\272"
  40      D1896FCD 
  40      91311C15 
  40      45C367BA 
  41 0154 24DC5FA9 		.ascii	"$\334_\251\213&]>\303\024F@V\026K\265\221f\252\3404"
  41      8B265D3E 
  41      C3144640 
  41      56164BB5 
  41      9166AAE0 
  42 0169 EA64803A 		.ascii	"\352d\200:\015u\211\267\247f?\264D\356\376\"\007$t\263"
  42      0D7589B7 
  42      A7663FB4 
  42      44EEFE22 
  42      072474B3 
  43 017d 32F12EAC 		.ascii	"2\361.\254\310/%\031gP\207u\274\360~h.\254^\203 \325"
  43      C82F2519 
  43      67508775 
  43      BCF07E68 
  43      2EAC5E83 
  44 0193 EAFA4228 		.ascii	"\352\372B(\373]4\371\214v\224\323f1\013>\013\301\006"
  44      FB5D34F9 
  44      8C7694D3 
  44      66310B3E 
  44      0BC106
  45 01a6 E6AED72B 		.ascii	"\346\256\327+\250\2002\006\3115\320,#\306\343i\253\333"
  45      A8803206 
  45      C935D02C 
  45      23C6E369 
  45      ABDB
  46 01b8 3A91E48E 		.ascii	":\221\344\216\307\335\014\267z\314\263\347N\247\270"
  46      C7DD0CB7 
  46      7ACCB3E7 
  46      4EA7B8
  47 01c7 99F6FABD 		.ascii	"\231\366\372\275X\032B\335\247\274\324I\327\212\375"
  47      581A42DD 
  47      A7BCD449 
  47      D78AFD
  48 01d6 05341DDB 		.ascii	"\0054\035\333vzx\257\343f<~\2743\021O\364\021\303t\334"
  48      767A78AF 
ARM GAS  /tmp/ccuzAygD.s 			page 4


  48      E3663C7E 
  48      BC33114F 
  48      F411C374 
  49 01eb 54D7F9A3 		.ascii	"T\327\371\2436\321\216\375\017\236\352\313H0\217'\222"
  49      36D18EFD 
  49      0F9EEACB 
  49      48308F27 
  49      92
  50 01fc 1D491E27 		.ascii	"\035I\036'4\357\370-g{\226\327u\3064\211\273'\221\354"
  50      34EFF82D 
  50      677B96D7 
  50      75C63489 
  50      BB2791EC 
  51 0210 34A46CAF 		.ascii	"4\244l\257k\0352\242\207As!d\247l\307\355\207\237d\343"
  51      6B1D32A2 
  51      87417321 
  51      64A76CC7 
  51      ED879F64 
  52 0225 D779     		.ascii	"\327y"
  53              		.text
  54              		.section	.gnu.lto_chSysUnlock.7dea285b9160424e,"",%progbits
  55 0000 789C6D51 		.ascii	"x\234mQ\337K\024Q\024>g\316\354\256\250Io\202,\264K"
  55      DF4B1451 
  55      143E67CE 
  55      ECAEA849 
  55      6F822CB4 
  56 0015 EC83183B 		.ascii	"\354\203\030;\275\365 \004\261O>,\205\373\007HNK\273"
  56      BDF52004 
  56      B14F3E2C 
  56      85FB0748 
  56      4E4BBB
  57 0028 D03832B3 		.ascii	"\32082\263\205>\355eS4\254\227\262I\226\001\255\020"
  57      853EED65 
  57      5334AC97 
  57      B2499601 
  57      AD10
  58 003a 2B6A4BFB 		.ascii	"+jK\373\271k\351\246oATBO\026\205RdIPD\004\222v\356"
  58      B96BE9A6 
  58      6F415442 
  58      4F168552 
  58      64495044 
  59 0052 352BA10B 		.ascii	"5+\241\013s/\347\234\357;\3379\337\004\001\240A\003"
  59      732FE79C 
  59      EF3BDF39 
  59      DF0401A0 
  59      4103
  60 0064 98E437CC 		.ascii	"\230\3447\314\037\350\200\034\242\206\3047!r\012!\257"
  60      1FE8801C 
  60      A286C437 
  60      21720A21 
  60      AF
  61 0075 11E6F134 		.ascii	"\021\346\3614\015\023\316\015\274/k\315\023\202O\365"
  61      0D13CE0D 
  61      BC2F6BCD 
  61      13824FF5 
  62 0085 42A5F1BA 		.ascii	"B\245\361\272x.\310g\254G\240\016\336\306f`\334\322"
  62      782EC867 
ARM GAS  /tmp/ccuzAygD.s 			page 5


  62      AC47A00E 
  62      DEC66660 
  62      DCD2
  63 0097 E4FAF91D 		.ascii	"\344\372\371\035A}l\253\204w0\310\235@\343\014\227_"
  63      417D6CAB 
  63      847730C8 
  63      9D40E30C 
  63      975F
  64 00a9 F4DDF269 		.ascii	"\364\335\362i\210\231\210:\207_\236\026\227\033d\250"
  64      8899883A 
  64      875F9E16 
  64      971B64A8 
  65 00b9 6184C3F1 		.ascii	"a\204\303\361'\013\263u\264\033%\362j\351\342H}\354"
  65      270BB375 
  65      B41B25F2 
  65      6AE9E248 
  65      7DEC
  66 00cb B2100551 		.ascii	"\262\020\005Q}3\336Z\374\376A\210\263\002}\"\274\217"
  66      7D33DE5A 
  66      FCFE4188 
  66      B3027D22 
  66      BC8F
  67 00dd C4BDF11E 		.ascii	"\304\275\361\036\206\361.\2067\345\037`\354\346B\240"
  67      86F12E86 
  67      37E51F60 
  67      ECE642A0 
  68 00ed 2AD63706 		.ascii	"*\3267\006x\300\246\327\376\312ZK\200T\036`P\015y\212"
  68      78C0A6D7 
  68      FECA5A4B 
  68      80541E60 
  68      500D798A 
  69 0101 78435AC5 		.ascii	"xCZ\305\223c\033%Rs\261L\271\274\272\030\312\377\024"
  69      93631B25 
  69      5273B14C 
  69      B9BCBA18 
  69      CAFF14
  70 0114 353EE91E 		.ascii	"5>\351\036\361\240X\306<\370\024P\004\346\321G,\344"
  70      F1A058C6 
  70      3CF81450 
  70      04E6D147 
  70      2CE4
  71 0126 A048D204 		.ascii	"\240H\322\004\257\177\356YH\216\313@\254\260\364',,"
  71      AF7FEE59 
  71      488ECB40 
  71      ACB0F427 
  71      2C2C
  72 0138 AD9CA9EC 		.ascii	"\255\234\251\354\372\263x\2372\350\334\267F\265\270"
  72      FAB3789F 
  72      32E8DCB7 
  72      46B5B8
  73 0147 C78A7F3D 		.ascii	"\307\212\177=\001\234\306 >\334\324\375\027\276\330"
  73      019CC620 
  73      3EDCD4FD 
  73      17BED8
  74 0156 BFBF490D 		.ascii	"\277\277I\015*\213\036\3216\316#\346\314H\017\371bU"
  74      2A8B1ED1 
  74      36CE23E6 
ARM GAS  /tmp/ccuzAygD.s 			page 6


  74      CC480FF9 
  74      6255
  75 0168 F090AB97 		.ascii	"\360\220\253\227F\247~\324F'pT\214D|R\015o,O\213\032"
  75      46A77ED4 
  75      46277054 
  75      8C447C52 
  75      0D6F2C4F 
  76 017e 5DFEC359 		.ascii	"]\376\303Y\214\202\314\274*V\206k9\203U\324\213r\025"
  76      8C82CCBC 
  76      2A56866B 
  76      398355D4 
  76      8B7215
  77 0191 7CAC4CBF 		.ascii	"|\254L\27723\377\256>z\35579$\241_KS/\353\024yN\222"
  77      3233FFAE 
  77      3E7AED37 
  77      3924A15F 
  77      4B532FEB 
  78 01a9 711E75F8 		.ascii	"q\036u\370\214\205\267Ck-\312(y\006\245;\014\211\304"
  78      8C85B743 
  78      6B2DCA28 
  78      7906A53B 
  78      0C89C4
  79 01bc 8D4426DB 		.ascii	"\215D&\333\231=\2302l\327prF\266\313<v\374H\33203n\257"
  79      993D9832 
  79      6CD77072 
  79      46B6CB3C 
  79      76FC48DA 
  80 01d4 1BCF40A8 		.ascii	"\033\317@\250\363\260\233>\344d\343\333\200\246mYv\227"
  80      F3B09B3E 
  80      E464E3DB 
  80      80A66D59 
  80      7697
  81 01e6 D16D3B39 		.ascii	"\321m;9\3278\320\236L${\230a\332N\272\343\304>\213i"
  81      D738D09E 
  81      4C247B98 
  81      61DA4EBA 
  81      E3C43E8B 
  82 01fb ADFF83A7 		.ascii	"\255\377\203\247{r\022l$\222\251\266\224\221`\264\321"
  82      7B72126C 
  82      2492A9B6 
  82      949160B4 
  82      D1
  83 020c B62567B9 		.ascii	"\266%g\271Y\267\343\250i2wg2\325\036\221\262\335NvO"
  83      59B7E3A8 
  83      69327767 
  83      32D51E91 
  83      B2DD4E76 
  84 0221 24B61734 		.ascii	"$\266\0274\007BV\332\262\235^\370\005\010\032\331\340"
  84      074256DA 
  84      B29D5EF8 
  84      05081AD9 
  84      E0
  85              		.text
  86              		.section	.gnu.lto__core_init.7dea285b9160424e,"",%progbits
  87 0000 789C8591 		.ascii	"x\234\205\221\315KTQ\030\207\337\337}g\256.\032#H\010"
  87      CD4B5451 
  87      1887DFDF 
ARM GAS  /tmp/ccuzAygD.s 			page 7


  87      7D67AE2E 
  87      1A234808 
  88 0014 6911C404 		.ascii	"i\021\304\004n\274\213\376\201\240?\240E\373.\316ta"
  88      6EBC8BFE 
  88      81A03FA0 
  88      45FB2ECE 
  88      7461
  89 0026 0652C381 		.ascii	"\006R\303\201\266s4t&\373X\210_\310%.\270hU24\216^+"
  89      B6733474 
  89      26FB5888 
  89      5FC8252E 
  89      B8685532 
  90 003e 9D6E5FE0 		.ascii	"\235n_\340B\301MP\021\342\327\"B\220h\223h\275\347x"
  90      42C14D50 
  90      11E2D722 
  90      42906893 
  90      68BDE778 
  91 0052 A954D0C3 		.ascii	"\251T\320\303\275\334s\316}\177\317y\31696\021\335\260"
  91      BDDC73CE 
  91      7D7FCF79 
  91      CE393611 
  91      DDB0
  92 0064 88AEC8B7 		.ascii	"\210\256\310\267Y^b\202\014a\0012\000\025-\024\361\200"
  92      595E6282 
  92      0C610132 
  92      00152D14 
  92      F180
  93 0076 87185169 		.ascii	"\207\030Qi3\264Z\237(i\365\321e\273_\365\235\363\231"
  93      33B45A9F 
  93      2869F5D1 
  93      65BB5FF5 
  93      9DF399
  94 0089 6884C934 		.ascii	"h\204\3114<G+I\331\317\201\037\033)\276\004\335\017"
  94      3C472B49 
  94      D9CF811F 
  94      1B29BE04 
  94      DD0F
  95 009b E6A3A5D3 		.ascii	"\346\243\245\323\351\011\265\"\221\315\361\263\203*"
  95      E909B522 
  95      91CDF1B3 
  95      832A
  96 00a9 1853099F 		.ascii	"\030S\011\237\201*8\316\351.\351\332\217\353\325\012"
  96      812A38CE 
  96      E92EE9DA 
  96      8FEBD50A 
  97 00b9 F8B2C97D 		.ascii	"\370\262\311}\015\237U\3548\367\251\245GE=\027t\252"
  97      0D9F55EC 
  97      38F7A9A5 
  97      47453D17 
  97      74AA
  98 00cb F62F558B 		.ascii	"\366/U\213S\253\225\275\341\224\235\3004\322\230Bz\337"
  98      53AB95BD 
  98      E1949DC0 
  98      34D29842 
  98      7ADF
  99 00dd 0633B049 		.ascii	"\0063\260I\353O.'\353j\357wI\325\027[&\253\353g\022"
  99      EB4F2E27 
ARM GAS  /tmp/ccuzAygD.s 			page 8


  99      EB6AEF77 
  99      49D5175B 
  99      26ABEB67 
 100 00f2 446503B8 		.ascii	"De\003\270\307\262G\376\206\336_\245\335\251\031\350"
 100      C7B247FE 
 100      86DE5FA5 
 100      DDA919E8 
 101 0102 80C046FA 		.ascii	"\200\300F\372\242\245\206\373\354\263e,\302\360\373"
 101      A2A586FB 
 101      ECB3652C 
 101      C2F0FB
 102 0111 E786E2AE 		.ascii	"\347\206\342\256j\224\211@\307d\256zw{\260)\300c\370"
 102      6A948940 
 102      C764AE7A 
 102      777BB029 
 102      C063F8
 103 0124 CC9895A3 		.ascii	"\314\230\225\243\011q\336\374\250}\370\262\323\350<"
 103      0971DEFC 
 103      A87DF8B2 
 103      D3E83C
 104 0133 D5A713DC 		.ascii	"\325\247\023\334\3619\201\027\0100l\026\303K8\377\323"
 104      F1398117 
 104      08306C16 
 104      C34B38FF 
 104      D3
 105 0144 9387E9C9 		.ascii	"\223\207\351\311\200q\230\016\314\011\375UL\237\333"
 105      8071980E 
 105      CC09FD55 
 105      4C9FDB
 106 0153 5E586B92 		.ascii	"^Xk\222\342\262\320W\241\021\363\202\027t\035E2\333"
 106      E2B2D057 
 106      A111F382 
 106      17741D45 
 106      32DB
 107 0165 7838FD77 		.ascii	"x8\375w\033'z\277>\316;2\336\346\362\337\030\357\203"
 107      1B277ABF 
 107      3ECE3B32 
 107      DEE6F2DF 
 107      18EF83
 108 0178 A2D651D1 		.ascii	"\242\326Q\321\267\307\212\276\333\027}/\242[\350\015"
 108      B7C78ABE 
 108      DB177D2F 
 108      A25BE80D 
 109 0188 261E194D 		.ascii	"&\036\031Ms\213e\275\214\000/\2669Ws\371L\376\332u\247"
 109      738B65BD 
 109      8C002FB6 
 109      395773F9 
 109      4CFEDA75 
 110 019d AB20CFAD 		.ascii	"\253 \317\255|\306)tg\235l\256\303\353\310vu{mY:\345"
 110      7CC62974 
 110      679D6CAE 
 110      C3EBC876 
 110      757B6D59 
 111 01b3 BA39AFFD 		.ascii	"\2729\257\375\266\353u\336t\335T<\310\264\027<\327\375"
 111      B6EB75DE 
 111      74DD543C 
 111      C8B4173C 
ARM GAS  /tmp/ccuzAygD.s 			page 9


 111      D7FD
 112 01c5 03B5D2DD 		.ascii	"\003\265\322\335\177"
 112      7F
 113              		.text
 114              		.section	.gnu.lto_chCoreAllocFromBaseI.7dea285b9160424e,"",%progbits
 115 0000 789C8D55 		.ascii	"x\234\215U]hSg\030\376\336\363\236\277\234\244Q\361"
 115      5D685367 
 115      18FEDEF3 
 115      9EBF9CA4 
 115      51F1
 116 0012 87388A2B 		.ascii	"\2078\212+l]\221A\303`\203\335l7\336x!\354bW\273\333"
 116      6C5D9141 
 116      C36083DD 
 116      6C37DE78 
 116      21EC6257 
 117 0028 2C7106D4 		.ascii	",q\006\324\016+c\354&\237Mk\333m2\3215\325p\220\254"
 117      0E2B63EC 
 117      269F4D6B 
 117      DB6D32D1 
 117      35D57090 
 118 003d 76D332A4 		.ascii	"v\3232\244\016\235[\234\256\321\250\255S\253\321(R;"
 118      0E9D5B9C 
 118      AED1A8AD 
 118      53ABD128 
 118      523B
 119 004f 56DC041D 		.ascii	"V\334\004\035\235\340\024\241\355Z}\337\357;\265\255"
 119      9DE014A1 
 119      ED5A7DDF 
 119      EF3BB5AD 
 120 005f 166948DE 		.ascii	"\026iH\336|\347\371\236\347{\336\237s\022[\010\261\306"
 120      7CE7F99E 
 120      E77BDE9F 
 120      73125B08 
 120      B1C6
 121 0071 16E25DFA 		.ascii	"\026\342]\372N\320G\204\005\030\202>\200\024\321\260"
 121      4ED04784 
 121      0518823E 
 121      8014D1B0 
 122 0081 84908649 		.ascii	"\204\220\206I\3014\365\332\346\265\005\364\005\266\341"
 122      C134F5DA 
 122      E6B505F4 
 122      05B6E1
 123 0090 32E230E2 		.ascii	"2\3420\342\350u\210\327.x\264\033R\321\003\240CA\244"
 123      E87588D7 
 123      2E78B41B 
 123      52D103A0 
 123      4341A4
 124 00a3 0C342DDB 		.ascii	"\0144-\333qC\036\244\340+\374\006\241\324t\310\307/"
 124      71431EA4 
 124      E02BFC06 
 124      A1D474C8 
 124      C72F
 125 00b5 D1470126 		.ascii	"\321G\001&]\336\277\230\375+\312\227\000Ut\331\335\362"
 125      5DDEBF98 
 125      FD2BCA97 
 125      005574D9 
 125      DDF2
ARM GAS  /tmp/ccuzAygD.s 			page 10


 126 00c7 A064AFDC 		.ascii	"\240d\257\334/e\243,t\\v\366\247\233W\373h\210\014\261"
 126      2F65A32C 
 126      745C76F6 
 126      A79B57FB 
 126      68880CB1 
 127 00db 8F40251C 		.ascii	"\217@%\034\206J>\366'XI\334\316\255\327\316W\340k h"
 127      864A3EF6 
 127      275849DC 
 127      CEADD7CE 
 127      57E06B20 
 128 00f0 3DDC7670 		.ascii	"=\334vp\273Y\363\235\322\015u\241|\325G\204\243\200"
 128      BB59F39D 
 128      D20D75A1 
 128      7CD54784 
 128      A380
 129 0102 33850409 		.ascii	"3\205\004\011\370\031j\210\276c|b\330\301\327\225\264"
 129      F8196A88 
 129      BE637C62 
 129      D8C1D795 
 129      B4
 130 0113 BBAFBDD5 		.ascii	"\273\257\275\325\013\244\345\357\225\324\204_\236\225"
 130      0BA4E5EF 
 130      95D4845F 
 130      9E95
 131 0121 9A02F24A 		.ascii	"\232\002\362J\372p\327\340\237Q|CI\313\327\267\275\025"
 131      FA70D7E0 
 131      9F517C43 
 131      49CBD7B7 
 131      BD15
 132 0133 284FC7B2 		.ascii	"(O\307\262\262`\262\353\2619\\\177\205\032\346\357\030"
 132      B260B2EB 
 132      B1395C7F 
 132      851AE6EF 
 132      18
 133 0144 1A3D1EC6 		.ascii	"\032=\036\306\267\225\366\013\331{\010\252\367)\361"
 133      B795F60B 
 133      D97B08AA 
 133      F729F1
 134 0153 C0DE859D 		.ascii	"\300\336\205\235i\331/Io\301\361\331z~\021\375B\241"
 134      69D92F49 
 134      6FC1F1D9 
 134      7A7E11FD 
 134      42A1
 135 0165 ADC7C377 		.ascii	"\255\307\303w\224t\274#\177\333\014\244\177\177\213"
 135      9474BC23 
 135      7FDB0CA4 
 135      7F7F8B
 136 0174 B24B1A2C 		.ascii	"\262K\032,\374mN\341\255\037'\333+l\023z\241\032N@u"
 136      FC6D4EE1 
 136      AD1F27DB 
 136      2B6C137A 
 136      A11A4E40 
 137 0189 8EE64B2C 		.ascii	"\216\346K,jb\201\206IC\342!\354)_--\340\003w\312\302"
 137      6A628186 
 137      4943E221 
 137      EC295F2D 
 137      2DE00377 
ARM GAS  /tmp/ccuzAygD.s 			page 11


 138 019f E0CBD903 		.ascii	"\340\313\331\003\205\246\252\347\273N\222\223t\306\364"
 138      85A6AAE7 
 138      BB4E9293 
 138      74C6F4
 139 01ae 393D57AC 		.ascii	"9=W\254\202\234|\334\"\013gW\354.\016\0340^\002n\224"
 139      829C7CDC 
 139      220B6757 
 139      EC2E0E1C 
 139      305E026E 
 140 01c3 C1012958 		.ascii	"\301\001)X&\007\213/m\016\016\007\227C\210\203\307\273"
 140      26078B2F 
 140      6D0E0E07 
 140      97438883 
 140      C7BB
 141 01d5 610E110A 		.ascii	"a\016\021\012\306\"\340\006/\006\356\325\022\3016K\201"
 141      C622E006 
 141      2F06EED5 
 141      12C1364B 
 141      81
 142 01e6 A7B54CB0 		.ascii	"\247\265L\260]\214)\3139\010\321\312\351\2136^\342\010"
 142      5D8C29CB 
 142      3908D1CA 
 142      E98B365E 
 142      E208
 143 01f8 A4733D5F 		.ascii	"\244s=_\243*\206\012\311\347Gn:\251\011\351\372hg\220"
 143      A32A860A 
 143      C9E7476E 
 143      3AA909E9 
 143      FA686790 
 144 020c AA835390 		.ascii	"\252\203S\220\"\225\243\004\244\303\333\3204X\274\265"
 144      2295A304 
 144      A4C3DBD0 
 144      3458BCB5 
 145 021c 8205595C 		.ascii	"\202\005Y\\D\222\236\221\374h\005\337\200&\010(\006"
 145      44929E91 
 145      FC6805DF 
 145      80260828 
 145      06
 146 022d 95B6D1BC 		.ascii	"\225\266\321\274\005\376\003\351\3146\320T\320\354?"
 146      05FE03E9 
 146      CC36D054 
 146      D0EC3F
 147 023c FABB7F40 		.ascii	"\372\273\177@\315~L\257\005p\232\024\304\373\177\212"
 147      CD7E4CAF 
 147      05709A14 
 147      C4FB7F8A 
 148 024c 67108FD8 		.ascii	"g\020\217\330\202|n\256\012\240\031\307Z*\347\246\252"
 148      827C6EAE 
 148      0AA019C7 
 148      5A2AE7A6 
 148      AA
 149 025d 39127633 		.ascii	"9\022v3\\\021\234\241\204i#\323|\352\222\303F!5\362"
 149      5C119CA1 
 149      846923D3 
 149      7CEA92C3 
 149      462135F2 
 150 0271 F458EF83 		.ascii	"\364X\357\203(\361b\004\360\010\031\033-\375\333\032"
ARM GAS  /tmp/ccuzAygD.s 			page 12


 150      28F16204 
 150      F008191B 
 150      2DFDDB1A 
 151 0281 CEC1DEAD 		.ascii	"\316\301\336\255\013}\364\240\217\036\260\263\354\303"
 151      0B7DF4A0 
 151      8F1EB0B3 
 151      ECC3
 152 028f ECAEC3CD 		.ascii	"\354\256\303\315@\354\335RV\361\011\375\220\003=\357"
 152      40ECDD52 
 152      56F109FD 
 152      90033DEF 
 153 029f 7390F231 		.ascii	"s\220\3621\254R\261U\205\215\307\356\336+z:Q\234\351"
 153      AC52B155 
 153      858DC7EE 
 153      DE2B7A3A 
 153      519CE9
 154 02b2 1B8167F2 		.ascii	"\033\201g\362\213\344\270\241\204\035I\337\337\031%"
 154      8BE4B8A1 
 154      841D49DF 
 154      DF1925
 155 02c1 5FF0B102 		.ascii	"_\360\261\002\316\223\355\357\201\355\321\276\241q7"
 155      CE93EDEF 
 155      81EDD1BE 
 155      A17137
 156 02d0 7E504A65 		.ascii	"~PJek\301\005\262mW\303\202\213\020\3476\371Sm2\311"
 156      6BC105B2 
 156      6D57C382 
 156      8B10E736 
 156      F9536D32 
 157 02e5 2D8B8B09 		.ascii	"-\213\213\011k\374\257%\300,\202\305\314\236\333\252"
 157      6BFCAF25 
 157      C02C82C5 
 157      CC9EDBAA 
 158 02f5 97D62CCC 		.ascii	"\227\326,\314!8hz\343\215)\320%\342\254)\204\024\321"
 158      2138687A 
 158      E38D29D0 
 158      25E2AC29 
 158      8414D1
 159 0308 D5C77FA0 		.ascii	"\325\307\177\240\261%\004\353\034&N|\250\241e\012]*"
 159      B12504EB 
 159      1C264E7C 
 159      A8A1650A 
 159      5D2A
 160 031a 541BC6F6 		.ascii	"T\033\306\366E5\352\315\247\356\201\027\324}I\325\255"
 160      4535EACD 
 160      A7EE8117 
 160      D47D49D5 
 160      AD
 161 032b 7E002F53 		.ascii	"~\000/S\335t+\334(\276\371\324\321\013n\005'\350\377"
 161      DD742BDC 
 161      28BEF9D4 
 161      D10B6E05 
 161      27E8FF
 162 033e B97ABD15 		.ascii	"\271z\275\025\236\217m\351\005\266W\246\333}U\333\016"
 162      9E8F6DE9 
 162      05B657A6 
 162      DB7D55DB 
ARM GAS  /tmp/ccuzAygD.s 			page 13


 162      0E
 163 034f 14CBE653 		.ascii	"\024\313\346S\337p\340\353j\337\207w\306\323\216\336"
 163      DF70E0EB 
 163      6ADF8777 
 163      C6D38EDE 
 164 035f 5C0EB595 		.ascii	"\\\016\265\225j+\244\2672w'\213a\336\232OF\345\2713"
 164      6A2BA4B7 
 164      3277278B 
 164      61DE9A4F 
 164      46E5B933 
 165 0373 CA7DCA29 		.ascii	"\312}\312)]\233N\351:\304)\015\241\216o=ck\347\030\015"
 165      5D9B4EE9 
 165      3AC4290D 
 165      A18E6F3D 
 165      636BE718 
 166 0388 40395353 		.ascii	"@9SS\360\016\375gt\3203p\217\376\211\262\030!\374\021"
 166      F00EFD67 
 166      74D03370 
 166      8FFE89B2 
 166      1821FC11 
 167 039c 44283B77 		.ascii	"D(;wlr\230\036\277X(\333Y\002z\372)\011zP^\251\215\257"
 167      6C72981E 
 167      BF5828DB 
 167      59027AFA 
 167      29097A50 
 168 03b4 5A9F5C9B 		.ascii	"Z\237\\\233|\357\375x}\003\2757$\327\306\0336\327\305"
 168      7CEFFD78 
 168      7D03BD37 
 168      24D7C61B 
 168      36D7C5
 169 03c7 EBD66F4C 		.ascii	"\353\326oLl\254\253\337\234\250\255\023fC\362\363\204"
 169      6CACABDF 
 169      9CA8AD13 
 169      6643F2F3 
 169      84
 170 03d8 F5D186E4 		.ascii	"\365\321\206\344\307\233\354\372u\353\032\022[\314M"
 170      C79BECFA 
 170      75EB1A12 
 170      5BCC4D
 171 03e7 89CFB6C0 		.ascii	"\211\317\266\300'O\0006\001\364\034"
 171      274F0036 
 171      01F41C
 172              		.text
 173              		.section	.gnu.lto_chCoreAllocFromTopI.7dea285b9160424e,"",%progbits
 174 0000 789C8D55 		.ascii	"x\234\215U]lSe\030\376\336\363\236\377v\005\302O\206"
 174      5D6C5365 
 174      18FEDEF3 
 174      9EFF7605 
 174      C24F86
 175 0013 D9C5129D 		.ascii	"\331\305\022\235\013\020\327\220`\342\215\336\340\205"
 175      0B10D790 
 175      60E28DDE 
 175      E085
 176 0021 775E78E5 		.ascii	"w^x\345\245,E\232\200[6C\2147=\254\033[#\213\006Y\247"
 176      A52C459A 
 176      805B3643 
 176      8C373DAC 
ARM GAS  /tmp/ccuzAygD.s 			page 14


 176      1B5B238B 
 177 0038 F5C454DC 		.ascii	"\365\304T\334\234SI\325!\332\015]]\235\333d\014;\306"
 177      9C5349D5 
 177      21DA0D5D 
 177      5D9DDB64 
 177      0C3BC6
 178 004b 2480911F 		.ascii	"$\200\221\037I\200L\023\204\230\300\370\361}\277\357"
 178      49804C13 
 178      8498C0F8 
 178      F17DBFEF 
 179 005b 8C6DB890 		.ascii	"\214m\270\2205\355\333\357<\337\363|\317\373sNk\012"
 179      35EDDBEF 
 179      3CDFF37C 
 179      CFFB734E 
 179      6B0A
 180 006d 219E3785 		.ascii	"!\2367\205x\216\276c\364\021!\001\232\240\017 E\324"
 180      788EBE63 
 180      F4112101 
 180      9AA00F20 
 180      45D4
 181 007f 0C213C4D 		.ascii	"\014!<M\247\240\353jm\362\332\000\372\002S\263\031\261"
 181      A7A0EB6A 
 181      6DF2DA00 
 181      FA0253B3 
 181      19B1
 182 0091 18B1D4DA 		.ascii	"\030\261\324\332\341\265\015.\355:2\272\000t(\210\204"
 182      E1B50D2E 
 182      ED3A32BA 
 182      00742888 
 182      84
 183 00a2 86BA615A 		.ascii	"\206\272aZ\266\343B\002\366\341\001\204R\363\227>\276"
 183      B6E34202 
 183      F6E10184 
 183      52F3973E 
 183      BE
 184 00b3 853E0AD0 		.ascii	"\205>\012\320\351\362\372\361\314\245\010_\002T\322"
 184      E9F2FAF1 
 184      CCA5085F 
 184      0254D2
 185 00c2 656FEB8D 		.ascii	"eo\353\215\222\271\241\307\363\232\274B\347\244\333"
 185      92B9A1C7 
 185      F39ABC42 
 185      E7A4DB
 186 00d1 936C79C1 		.ascii	"\223ly\301GM\244\211}\030*\240\017*\370\330o`\003q\017"
 186      474DA489 
 186      7D182AA0 
 186      0F2AF8D8 
 186      6F600371 
 187 00e6 EE3975AC 		.ascii	"\3569u\254\014\237\004A\353\363\251C\355zu\267\324M"
 187      0C9F0441 
 187      EBF3A943 
 187      ED7A75B7 
 187      D44D
 188 00f8 75A1F784 		.ascii	"u\241\367\204\217\010G\000\027\012\011\022\360-T\023"
 188      8F084700 
 188      170A0912 
 188      F02D5413 
ARM GAS  /tmp/ccuzAygD.s 			page 15


 189 0108 FD9DD9BB 		.ascii	"\375\235\331\273\347-\334$\245\275#\035mn \035\377D"
 189      E72DDC24 
 189      A5BD231D 
 189      6D6E201D 
 189      FF44
 190 011a 4A75F8EE 		.ascii	"Ju\370\356a\251. /\2457\337=\363G\0047K\351\324\364"
 190      61A92E20 
 190      2FA537DF 
 190      3DF34704 
 190      374BE9D4 
 191 012f DEA703E5 		.ascii	"\336\247\003\345\235\236\300\264\177\011\323\001\250"
 191      9D9EC0B4 
 191      7F09D301 
 191      A8
 192 013c 667A76E8 		.ascii	"fzv\350\302S\370\214T~00\334nW},\245\323\237\255<\230"
 192      C253F88C 
 192      547E3030 
 192      DC6E577D 
 192      2CA5D39F 
 193 0153 F4463DDD 		.ascii	"\364F=\335G\003\216.\226\363\213\350\343\205T\316\305"
 193      47038E2E 
 193      96F38BE8 
 193      E38554CE 
 193      C5
 194 0164 67A574B6 		.ascii	"g\245t\2663\177Y\017\244\177~\204^\227\247\261\360\207"
 194      337F590F 
 194      A47F7E84 
 194      5E97A7B1 
 194      F087
 195 0176 258517BF 		.ascii	"%\205\027\277\272\327Qf\3520\010U\360=Tei\272\304\242"
 195      BAD75166 
 195      EA300855 
 195      F03D5465 
 195      69BAC4A2 
 196 018a 16166894 		.ascii	"\026\026h\2244\"\036\301\373S'K+\370\300\375^\341\342"
 196      34221EC1 
 196      FB53274B 
 196      2BF8C0FD 
 196      5EE1E2
 197 019d A6CCA785 		.ascii	"\246\314\247\205\346\312\377\367\234$?\322\031\363\347"
 197      E6CAFFF7 
 197      9C243FD2 
 197      19F3E7
 198 01ac E4268D82 		.ascii	"\344&\215\202w\357~\253W\230\330\370vq\372\013\3551"
 198      77EF7EAB 
 198      5798D8F8 
 198      7671FA0B 
 198      ED31
 199 01be E036691C 		.ascii	"\3406i\034\220\202\241S\020\006\257L\306,\0166\007\207"
 199      9082A153 
 199      1006AF4C 
 199      C62C0E36 
 199      0787
 200 01d0 375CDE08 		.ascii	"7\\\336\010q\010S\320V\001\267w5\360|\326\010\266Y\013"
 200      710853D0 
 200      5601B777 
 200      35F07CD6 
ARM GAS  /tmp/ccuzAygD.s 			page 16


 200      08B6590B 
 201 01e4 DCB67582 		.ascii	"\334\266u\202\355\312\231\262\236\203\020m\234\276H"
 201      EDCA99B2 
 201      9E83106D 
 201      9CBE48
 202 01f3 F1126720 		.ascii	"\361\022g \231\355\353@Y\014\025\222\317\317\234\265"
 202      99EDEB40 
 202      590C1592 
 202      CFCF9CB5 
 203 0203 12773DDB 		.ascii	"\022w=\333G3\215T\035\014A\202T\226\024\220\016/C\363"
 203      47338D54 
 203      1D0C4182 
 203      54961490 
 203      0E2F43F3 
 204 0217 99E2B58D 		.ascii	"\231\342\265\215,\310\340*\222\344f\362\267\312\370"
 204      2CC8E02A 
 204      92E466F2 
 204      B7CAF8
 205 0226 F6D34140 		.ascii	"\366\323A@1\2504E\323\026x\015\222\351\275\240\250\240"
 205      31A83445 
 205      D316780D 
 205      92E9BDA0 
 205      A8A0
 206 0238 D8BF8FF6 		.ascii	"\330\277\217\366~\216\212}\237^+\340'R\020\357\316\034"
 206      7E8E8A7D 
 206      9F5E2BE0 
 206      275210EF 
 206      CE1C
 207 024a 4F231EB1 		.ascii	"O#\036\261\005\371\234\335\032@\013\2165d\316\315\225"
 207      05F99CDD 
 207      1A400B8E 
 207      3564CECD 
 207      95
 208 025b 4B246CA7 		.ascii	"K$l\247\271\"\030\246\204i#\3352t\302b#G\216<y{\360"
 208      B92218A6 
 208      846923DD 
 208      3274C262 
 208      23478E3C 
 209 0272 468478E5 		.ascii	"F\204x\345\004\360\010\031\273U\372\253-\224\205\017"
 209      04F00819 
 209      BB55FAAB 
 209      2D94850F 
 210 0282 F7ACF4D1 		.ascii	"\367\254\364\321\205\021z\274~f\037fw\365\265\000\261"
 210      85117ABC 
 210      7E661F66 
 210      77F5B500 
 210      B1
 211 0293 DFF3BC4A 		.ascii	"\337\363\274J>a\024\262\240\346=\006\011\037C2\025S"
 211      3E6114B2 
 211      A0E63D06 
 211      091F4332 
 211      1553
 212 02a5 56D8D47F 		.ascii	"V\330\324\17757\354\252Dq\241o\030\036\312/\234\345"
 212      3537ECAA 
 212      4471A16F 
 212      181ECA2F 
 212      9CE5
ARM GAS  /tmp/ccuzAygD.s 			page 17


 213 02b7 86127638 		.ascii	"\206\022v8y}\177\204|\301\30728F\266\277\004\266GF\316"
 213      797D7F84 
 213      7CC1C732 
 213      3846B6BF 
 213      04B64746 
 214 02cc CDDAD143 		.ascii	"\315\332\321C\236'm\015\030'\333\0169,8\016QjS\323\351"
 214      9E276D0D 
 214      1827DB0E 
 214      392C380E 
 214      516A53D3 
 215 02e1 B936E919 		.ascii	"\2716\351\031\\\315}\363\347\000\203\354\011f\322?\255"
 215      5CCD7DF3 
 215      E70083EC 
 215      0966D23F 
 215      AD
 216 02f2 01C6F022 		.ascii	"\001\306\360\"\225E\315]\324m[\222,\245zYak\010V\252"
 216      9545CD5D 
 216      D46D5B92 
 216      2CA57A59 
 216      616B0856 
 217 0307 F6DFEA15 		.ascii	"\366\337\352\025\344dp\255rK\241B\326I\236#d\003\006"
 217      E46470AD 
 217      724BA142 
 217      D6499E23 
 217      640306
 218 031a BA230A75 		.ascii	"\272#\012u\227S\361\304#*>!+\226?|\277R\305t\023L\024"
 218      9753F1C4 
 218      232A3E21 
 218      2B963F7C 
 218      BF52C574 
 219 0331 B73C7074 		.ascii	"\267<pt\203\233\300\012:?\366\206\332\012-\307\266\364"
 219      839BC00A 
 219      3A3FF686 
 219      DA0A2DC7 
 219      B6F4
 220 0343 08DBC9F9 		.ascii	"\010\333\311\371F\237T\266\247\213\347\364\007\276\241"
 220      469F54B6 
 220      A78BE7F4 
 220      07BEA1
 221 0352 C0D756BE 		.ascii	"\300\327V\2767\257\034m\261\324\346z\250\251\220[\216"
 221      37AF1C6D 
 221      B1D4E67A 
 221      A8A9905B 
 221      8E
 222 0363 DA4A5F1D 		.ascii	"\332J_\035\354\016\361\326r2\232Z:\243\354nN\351\324"
 222      EC0EF1D6 
 222      72329A5A 
 222      3AA3EC6E 
 222      4EE9D4
 223 0376 7C4AD310 		.ascii	"|J\323\020\2454\204<~l\330T\316\3454\000\351LM\301+"
 223      A534843C 
 223      7E6CD854 
 223      CEE53400 
 223      E94C4DC1 
 224 038b F45FD149 		.ascii	"\364_\321Iw\377\337\364\017\224\3010\341\377B\230\262"
 224      77FFDFF4 
 224      0F94C130 
ARM GAS  /tmp/ccuzAygD.s 			page 18


 224      E1FF4298 
 224      B2
 225 039c B333B90B 		.ascii	"\2633\271\013\364\340\225;\375_\227\200\236{J\202\036"
 225      F4E0953B 
 225      FD5F9780 
 225      9E7B4A82 
 225      1E
 226 03ad 91C76BA2 		.ascii	"\221\307k\242[w\304\267\305_|)Z\327H\357\235\361m\321"
 226      5B77C4B7 
 226      C55F7C29 
 226      5AD748EF 
 226      9DF16DD1 
 227 03c1 C686DA68 		.ascii	"\306\206\332h\355\216]\261]\265u\015\261\232Z\2417\306"
 227      ED8E5DB1 
 227      5DB5750D 
 227      B19A5AA1 
 227      37C6
 228 03d3 DF8C19AF 		.ascii	"\337\214\031\257\354\214\277\372\232Y\267}{c\354u\275"
 228      EC8CBFFA 
 228      9A59B77D 
 228      7B63EC75 
 228      BD
 229 03e4 BE21B61B 		.ascii	"\276!\266\033\352\377\003z\365\361]"
 229      EAFF037A 
 229      F5F15D
 230              		.text
 231              		.section	.gnu.lto_chCoreAllocFromBase.7dea285b9160424e,"",%progbits
 232 0000 789C7552 		.ascii	"x\234uRKk\023Q\024>\337\234y\264\221V\020\227]\0244"
 232      4B6B1351 
 232      143EDF9C 
 232      79B49156 
 232      10975D14 
 233 0015 862224B8 		.ascii	"\206\"$\270\020t\355\306\235\013\177A\033R;\320\032"
 233      1074EDC6 
 233      9D0B7F41 
 233      1B523BD0 
 233      1A
 234 0026 695CB9C9 		.ascii	"i\\\271\311\230\364\221\240\322\2426\301a\026\255UC"
 234      98F491A0 
 234      D2A236C1 
 234      6116AD55 
 234      43
 235 0037 171AC547 		.ascii	"\027\032\305G\215U;*>\300*Dc\026\012Z\352F%\010\242"
 235      8D553B2A 
 235      3EC02A44 
 235      63160A5A 
 235      EA462508 
 236 004c 0B455B3D 		.ascii	"\013E[=w\232\205-:\314\3349\347\336\357q\316\341\232"
 236      779A852D 
 236      3ACCDC39 
 236      E7DEEF71 
 236      CEE19A
 237 005f 4434A411 		.ascii	"D4\244\021\355\226\177\207|\244\023$\205\006\226\225"
 237      ED967F87 
 237      7CA41324 
 237      85069695 
 238 006f 01D902A5 		.ascii	"\001\331\002\2455F\032\307\3714\243:t\331\343c\3541"
ARM GAS  /tmp/ccuzAygD.s 			page 19


 238      35461AC7 
 238      F934A33A 
 238      74D9E363 
 238      EC31
 239 0081 4197F4CB 		.ascii	"A\227\364\3133\367}\273J\201NIgF\277V\315\256\222\343"
 239      33F77DBB 
 239      4A814E49 
 239      6746BF56 
 239      CDAE92E3 
 240 0095 641CBF58 		.ascii	"d\034\277X\333P\312\016\357\365X\243\202\240\257\241"
 240      DB50CA0E 
 240      EFF558A3 
 240      82A0AFA1 
 241 00a5 0357A13C 		.ascii	"\003W\241<p\035]\202={\364\325\3236\336\006\222x1\177"
 241      701D5D82 
 241      3D7BF4D5 
 241      D336DE06 
 241      9278317F 
 242 00b9 F1841E39 		.ascii	"\361\204\0369\037\360j\347\330\331\3521\343\006\370"
 242      1FF06AE7 
 242      D8D9EA31 
 242      E306F8
 243 00c8 6FA26C11 		.ascii	"o\242l\021f\021\021\370\370\317\345E\213\267\007\324"
 243      661111F8 
 243      F8CFE545 
 243      8BB707D4 
 244 00d8 99C713B9 		.ascii	"\231\307\023\271P\223\272p!\240\352\270\271\236*mU\002"
 244      5093BA70 
 244      21A0EAB8 
 244      B99E2A6D 
 244      5502
 245 00ea EAB753AF 		.ascii	"\352\267S\257\337\265\363\216\200Z\253\217\354l2\177"
 245      DFB5F38E 
 245      805AAB8F 
 245      EC6C327F 
 246 00fa 959AA6B7 		.ascii	"\225\232\246\267\376a:\207\210\202/\370\371r\210w\005"
 246      FE613A87 
 246      88822FF8 
 246      F9728877 
 246      05
 247 010b D447DFA7 		.ascii	"\324G\337\247\273\303\323\001\365\355\245MSY\347\211"
 247      BBC3D301 
 247      F5EDA54D 
 247      5359E789 
 248 011b A34BA7B8 		.ascii	"\243K\247\270\275\226\256\036A/]Y\231h3u\334AX\315B"
 248      BD96AE1E 
 248      412F5D59 
 248      99683375 
 248      DC4158CD 
 249 0130 467017A6 		.ascii	"Fp\027\246\314\22549<S{Y\335\250\264N:\376\363\362\346"
 249      CC953439 
 249      3C537B59 
 249      DDA8B44E 
 249      3AFEF3F2 
 250 0145 A9ECF0AA 		.ascii	"\251\354\360\252\026\255\027\302<\302J\242\374\302\360"
 250      16AD17C2 
 250      3CC24AA2 
ARM GAS  /tmp/ccuzAygD.s 			page 20


 250      FCC2F0
 251 0154 9D95DFA3 		.ascii	"\235\225\337\243\216_\217\216=\250\227\265\220L_\006"
 251      8E5F8F8E 
 251      3DA897B5 
 251      904C5F06 
 252 0164 A343F568 		.ascii	"\243C\365h@\325k\221B\266\222\322\241\234\262\244\274"
 252      40D56B91 
 252      42B692D2 
 252      A19CB2A4 
 252      BC
 253 0175 0AB981EC 		.ascii	"\012\271\201\354\344l\221\203\002\304\274Ri\274\261"
 253      E46C9183 
 253      02C4BC52 
 253      69BCB1
 254 0184 D2CB4E8B 		.ascii	"\322\313N\213\307F\201\245\"\370H\013\313\244\006F&"
 254      C74681A5 
 254      22F8480B 
 254      CBA40646 
 254      26
 255 0195 E78A8602 		.ascii	"\347\212\206\002\272l\255\205Z\005\245\205{\002u\231"
 255      BA6CAD85 
 255      5A05A585 
 255      7B027599 
 256 01a5 5DD65D36 		.ascii	"]\326]6<n!%>\377?qu\241\3567\305?!S\370\370\343\241"
 256      3C6E2125 
 256      3EFF3F71 
 256      75A1EE37 
 256      C53F2153 
 257 01bd B9AADE2A 		.ascii	"\271\252\336*\006A\201\002\341\017r\347\212\022|F\246"
 257      06418102 
 257      E10F72E7 
 257      8A127C46 
 257      A6
 258 01ce B379ACAA 		.ascii	"\263y\254\252\317\251\342\304tK4\266\247\317\356\261"
 258      CFA9E2C4 
 258      744B34B6 
 258      A7CFEEB1 
 259 01de F7ED8F25 		.ascii	"\367\355\217%S\362\366\333=\261\324`<\026\357\033H\014"
 259      53F2F6DB 
 259      3DB1D460 
 259      3C16EF1B 
 259      480C
 260 01f0 C4938389 		.ascii	"\304\223\203\211h\234\364\224}$at\367\333\007\016\232"
 260      689CF494 
 260      7D246174 
 260      F7DB070E 
 260      9A
 261 0201 C9DEDE54 		.ascii	"\311\336\336T\3420\016\375\001\246\224\322\374"
 261      E2300EFD 
 261      01A694D2 
 261      FC
 262              		.text
 263              		.section	.gnu.lto_chCoreAllocFromTop.7dea285b9160424e,"",%progbits
 264 0000 789C7552 		.ascii	"x\234uR\311k\023a\024\177\277y\263\264\201F\020\217"
 264      C96B1361 
 264      147FBF79 
 264      B3B48146 
ARM GAS  /tmp/ccuzAygD.s 			page 21


 264      108F
 265 0012 3D143486 		.ascii	"=\0244\206\"4x\020\354\331\2137\017\376\005mH\355@k"
 265      22347810 
 265      ECD98B37 
 265      0FFE056D 
 265      48ED406B 
 266 0026 A4F1E425 		.ascii	"\244\361\344%c\322%\301\005Q\233\3420\207\326\252!\007"
 266      63D225C1 
 266      05519BE2 
 266      3087D6AA 
 266      2107
 267 0038 A9625D12 		.ascii	"\251b]\022\267q\301\012V!ZsP\320\242\027\225 \210\005"
 267      B771C10A 
 267      56215A73 
 267      50D0A217 
 267      95208805 
 268 004c 85D2D6F7 		.ascii	"\205\322\326\367M\347`\213\016\263\274\367}\277\345"
 268      4DE7608B 
 268      0EB3BCF7 
 268      7DBFE5
 269 005b BD379F49 		.ascii	"\2757\237ID\303\032Q\267|\333\345!\235 )4\260\274\031"
 269      44C31A51 
 269      B77CDBE5 
 269      219D2029 
 269      34B0BC19 
 270 006f 90255056 		.ascii	"\220%PVcdq\222\3173\352\303\327<>\301\036\023tI\177"
 270      63647192 
 270      CF33EAC3 
 270      D73C3EC1 
 270      1E137449 
 271 0084 BC743F47 		.ascii	"\274t?GU\012tHZ\031\373Y7;\313\216\223s\374\211\331"
 271      550A7448 
 271      5A19FB59 
 271      373BCB8E 
 271      9373FC89 
 272 0099 68393FB2 		.ascii	"h9?\262\337c\215J\202\236E;n@y\340&:\005{\361\370\333"
 272      DF638D4A 
 272      829E453B 
 272      6E4079E0 
 272      263A057B 
 273 00b0 176DBC13 		.ascii	"\027m\274\023$\361b\361\352)=~9\340\315_bg\207\307\214"
 273      24F162F1 
 273      EA293D7E 
 273      39E0CD5F 
 273      626787C7 
 274 00c5 5BE0BF89 		.ascii	"[\340\277\211\262D\270\215\270\300\317,\257,Z\274+\240"
 274      B244B88D 
 274      B8C0CF2C 
 274      AF2C5ABC 
 274      2BA0
 275 00d7 56E6C60B 		.ascii	"V\346\306\013\221\220\372\364J@\325qg3U\332\252\006"
 275      9190FAF4 
 275      4A40D571 
 275      673355DA 
 275      AA06
 276 00e9 D4A573EF 		.ascii	"\324\245s\357>Fyw@]h\214\356\011\231K\345\320\264\366"
 276      3E467977 
ARM GAS  /tmp/ccuzAygD.s 			page 22


 276      405D688C 
 276      EE09994B 
 276      E5D0B4F6 
 277 00fd 0FD3BB88 		.ascii	"\017\323\273\210+\370\274_\234\211\360\336\200\372\354"
 277      2BF8BC5F 
 277      9C89F0DE 
 277      80FAEC
 278 010c F7744F6C 		.ascii	"\367tOl:\240~\250n\235\312;\317\035]:\305\275\215tu"
 278      3AA07EA8 
 278      6E9DCA3B 
 278      CF1D5D3A 
 278      C5BD8D74 
 279 0121 09FAD3F5 		.ascii	"\011\372\323\365\325\3616S\307}\304\324,d\004\017`\312"
 279      D5F13653 
 279      C77DC4D4 
 279      2C64040F 
 279      60CA
 280 0133 5C4993CD 		.ascii	"\\I\223\315\013\013o\352[\224\326Y\307\177U\3336\225"
 280      0B0B6FEA 
 280      5B94D659 
 280      C77F55DB 
 280      3695
 281 0145 1F59D7A2 		.ascii	"\037Y\327\242\315Bx\210\230\222\230ym\370\316\352\332"
 281      CD427888 
 281      98929879 
 281      6DF8CEEA 
 281      DA
 282 0156 98E337BA 		.ascii	"\230\3437\272O?i\324\264\210L_\006\243C\365h@\325k\221"
 282      4F3F69D4 
 282      B4884C5F 
 282      06A343F5 
 282      6840D56B 
 283 016b 42B692D2 		.ascii	"B\266\222\322\241\202\262\244\242\012\271\211\374\344"
 283      A182B2A4 
 283      A20AB989 
 283      FCE4
 284 0179 2FF95DAA 		.ascii	"/\371]\252\0001\257V\233\357\255\354\212\323\342\261"
 284      0031AF56 
 284      9BEFADEC 
 284      8AD3E2B1 
 285 0189 5162A908 		.ascii	"Qb\251\010>\262\3022\251\211\321\311e\317P@\227\255"
 285      3EB2C232 
 285      A989D1C9 
 285      65CF5040 
 285      97AD
 286 019b 8D50ABA4 		.ascii	"\215P\253\244\264\360H\240.\263\313\272\313\206\307"
 286      B4F048A0 
 286      2EB3CBBA 
 286      CB86C7
 287 01aa 2DA4C4D7 		.ascii	"-\244\304\327\376'\256\016\324\343P\374\033r\245\257"
 287      FE27AE0E 
 287      D4E350FC 
 287      1B72A5AF 
 288 01ba 9539735D 		.ascii	"\2259s]\275U\014\202\002\005\302_\344\314MH\360\035"
 288      BD550C82 
 288      0205C25F 
 288      E4CC4D48 
ARM GAS  /tmp/ccuzAygD.s 			page 23


 288      F01D
 289 01cc B98E705B 		.ascii	"\271\216p[U_P\305\211\351\366\256\304\276~\273\327>"
 289      555F50C5 
 289      89E9F6AE 
 289      C4BE7EBB 
 289      D73E
 290 01de 703091CE 		.ascii	"p0\221\316\310=`\367&2C\311D\262\17705\230L\017\245"
 290      C83D60F7 
 290      263243C9 
 290      44B27F30 
 290      35984C0F 
 291 01f3 BA92A467 		.ascii	"\272\222\244g\354c)\243g\300>t\330L\367\365eRGq\344"
 291      EC6329A3 
 291      67C03E74 
 291      D84CF7F5 
 291      65524771 
 292 0208 0FE320D3 		.ascii	"\017\343 \323s"
 292      73
 293              		.text
 294              		.section	.gnu.lto_chCoreGetStatusX.7dea285b9160424e,"",%progbits
 295 0000 789C8D91 		.ascii	"x\234\215\221MK\033a\020\307\347\277\263\331D0\351\241"
 295      4D4B1B61 
 295      10C7E7BF 
 295      B3D94430 
 295      E9A1
 296 0012 1E3D0424 		.ascii	"\036=\004$\207\\\262\037\240\307~\200\036\374\006\006"
 296      875CB21F 
 296      A0C77E80 
 296      1EFC0606 
 297 0022 C1802298 		.ascii	"\301\200\"\230\017\220\207D\233H{\012\215\021Y$\245"
 297      0F908744 
 297      9B487B0A 
 297      8D115924 
 297      A5
 298 0033 07E94154 		.ascii	"\007\351AT\\_\222\2641z\360\345 Uo\242\364\320\366\320"
 298      5C5F92B4 
 298      317AF0E5 
 298      20556FA2 
 298      F4D0F6D0 
 299 0047 162BD843 		.ascii	"\026+\330C\240\224\2523\273=\265P\272\354>;\363\237"
 299      A094AA33 
 299      BB3DB550 
 299      BAEC3E3B 
 299      F39F
 300 0059 79E637CF 		.ascii	"y\3467\317<\016\021\305-\242\224\374\007\345#\233 ."
 300      3C0E11C5 
 300      2DA294FC 
 300      07E5239B 
 300      202E
 301 006b 2CB0AC0C 		.ascii	",\260\254\014\210\004*X\214\002\236\363\013\306\351"
 301      88042A58 
 301      8C029EF3 
 301      0BC6E9
 302 007a F4AAC7CF 		.ascii	"\364\252\307\317\330c\202-\356\315\361\302\307\204\272"
 302      D863822D 
 302      EECDF1C2 
 302      C784BA
ARM GAS  /tmp/ccuzAygD.s 			page 24


 303 0089 4052DCAB 		.ascii	"@R\334\253\353}\277?\275dL\321t\353\275\304\274\177"
 303      EB7DBF3F 
 303      BD644CD1 
 303      74EBBDC4 
 303      BC7F
 304 009b 62FA3CB6 		.ascii	"b\372<\266hN\322}\014b\035\012\301\006\322$\331\037"
 304      684ED27D 
 304      0C621D0A 
 304      C106D224 
 304      D91F
 305 00ad D66E6B71 		.ascii	"\326nkq\307\326\250\210\233p\004E\220\300\332\267\037"
 305      C7D6A888 
 305      9B700445 
 305      90C0DAB7 
 305      1F
 306 00be BB4EEA95 		.ascii	"\273N\352\2251U\323\355\265\007^\226f\016\215\375w\035"
 306      3155D3ED 
 306      B5075E96 
 306      660E8DFD 
 306      771D
 307 00d0 49DE426A 		.ascii	"I\336Bj\345,\3225\267we\323}\377h\307\377\3640\006\362"
 307      E52CD235 
 307      B77765D3 
 307      7DFF68C7 
 307      FFF43006 
 308 00e5 58723DB6 		.ascii	"Xr=\266Y-[\255\210.Q\322\032TQ\034\315\252\311_Ql}\351"
 308      592D5BAD 
 308      882E51D2 
 308      1A54511C 
 308      CDAAC95F 
 309 00fd 2C3D50FA 		.ascii	",=P\372\002+{nf\357]TO\024\201\366\330l^]D\013\277L"
 309      022B7B6E 
 309      66EF5D54 
 309      4F1481F6 
 309      D86C5E5D 
 310 0115 4C84866E 		.ascii	"L\204\206n\024\315/\335T\023\015,\302c\007M\231\314"
 310      14CD2FDD 
 310      54130D2C 
 310      C263074D 
 310      99CC
 311 0127 B6B62381 		.ascii	"\266\266#\201\315\203\313\2371w\331\310\223\0242Zh\240"
 311      CD83CB9F 
 311      3177D9C8 
 311      9314325A 
 311      68A0
 312 0139 16D0D086 		.ascii	"\026\320\320\206K\002\373^>\357\013Y\226\340Ti\035\345"
 312      4B02FB5E 
 312      3EEF0B59 
 312      96E05469 
 312      1DE5
 313 014b 4281FF87 		.ascii	"B\201\377\207\366\346\037\264\267\001-\270\261\316\237"
 313      F6E61FB4 
 313      B7012DB8 
 313      B1CE9F
 314 015a 345BEA8B 		.ascii	"4[\352\213R\232\177\212P\210\004\035\330a\326k\016\305"
 314      529A7F8A 
 314      5088041D 
ARM GAS  /tmp/ccuzAygD.s 			page 25


 314      D861D66B 
 314      0EC5
 315 016c A8E8C168 		.ascii	"\250\350\301h\004\315\237\345\362\353R\356\032\305\344"
 315      04CD9FE5 
 315      F2EB52EE 
 315      1AC5E4
 316 017b EFB09EA4 		.ascii	"\357\260\236\244\242\004\031\335P\306}<\226\033\311"
 316      A20419DD 
 316      50C67D3C 
 316      961BC9
 317 018a 3D197627 		.ascii	"=\031v'\363\362\216\347F\334\374T\326\315\216M\214N"
 317      F3F28EE7 
 317      46DCFC54 
 317      D6CD8E4D 
 317      8C4E
 318 019c 6427A746 		.ascii	"d'\247F3Y\272\007\2557\250\213"
 318      3359BA07 
 318      AD37A88B 
 319              		.text
 320              		.section	.gnu.lto_.symbol_nodes.7dea285b9160424e,"",%progbits
 321 0000 789C5DCC 		.ascii	"x\234]\314\311\015\3020\020\205\3417\343\304\204D,%"
 321      C90DC230 
 321      1085E137 
 321      E3C48444 
 321      2C25
 322 0012 202A8162 		.ascii	" *\201b\250c\034\2663=P\005\334P\356\324\000\242\000"
 322      A8631CB6 
 322      333D5005 
 322      DC50EED4 
 322      00A200
 323 0025 38B206EC 		.ascii	"8\262\006\354\330H\230\213\177\3157\2665\200\011\331"
 323      D848988B 
 323      7FCD37B6 
 323      358009D9 
 324 0035 83CF1060 		.ascii	"\203\317\020`\265\207\313\306\354\214\266v\201\320\277"
 324      B587CBC6 
 324      EC8CB676 
 324      81D0BF
 325 0044 DD48F86B 		.ascii	"\335H\370k\333r\014\244W\302bh\277H\337D\003W\303\354"
 325      DB720CA4 
 325      57C26268 
 325      BF48DF44 
 325      0357C3EC 
 326 0058 CA771215 		.ascii	"\312w\022\025_\235\2612\366\252\342\007I\022\257\346"
 326      5F9DB132 
 326      F6AAE207 
 326      4912AFE6 
 327 0068 9CF8D593 		.ascii	"\234\370\325\223$\215V\374\"\321\261\324$\255Hh\301"
 327      248D56FC 
 327      22D1B1D4 
 327      24AD4868 
 327      C1
 328 0079 92350218 		.ascii	"\2225\002\0303\262\260diG0e\311#(Y\212_P\350\340t\250"
 328      33B2B064 
 328      69473065 
 328      C9232859 
 328      8A5F50E8 
ARM GAS  /tmp/ccuzAygD.s 			page 26


 329 0090 4951176B 		.ascii	"IQ\027kW\335\017\355\241:\332fa\316\302\234\303\317"
 329      57DD0FED 
 329      A13ADA66 
 329      61CEC29C 
 329      C3CF
 330 00a2 B946D594 		.ascii	"\271F\325\224\374\373\"x\221y/\274\343\003\0165]\374"
 330      FCFB2278 
 330      91792FBC 
 330      E3030E35 
 330      5DFC
 331              		.text
 332              		.section	.gnu.lto_.refs.7dea285b9160424e,"",%progbits
 333 0000 789C55C8 		.ascii	"x\234U\3101\016\2000\020\003\301\265\235\273\200\224"
 333      310E8030 
 333      1003C1B5 
 333      9DBB8094 
 334 0010 0221F118 		.ascii	"\002!\361\030\376\377\261\320RL3\015\274\237aE\036R"
 334      FEFFB1D0 
 334      524C330D 
 334      BC9F6145 
 334      1E52
 335 0022 EC72B567 		.ascii	"\354r\265g\223I.r+O\035>\177\341ED\302\006*m\001G"
 335      93492E72 
 335      2B4F1D3E 
 335      7FE14544 
 335      C2062A6D 
 336              		.text
 337              		.section	.gnu.lto_.decls.7dea285b9160424e,"",%progbits
 338 0000 789C9D57 		.ascii	"x\234\235W{PT\347\025\277\337\375\330eY\026\260h:NJ"
 338      7B5054E7 
 338      15BFDFFD 
 338      D8655916 
 338      B0683A4E 
 339 0015 668C9AD1 		.ascii	"f\214\232\321d\022Vck\314\243\251\206\266\2113I\333"
 339      64125663 
 339      6BCCA3A9 
 339      86B68933 
 339      49DB
 340 0027 89CD4CED 		.ascii	"\211\315L\355L{\003\353Fhx8\354\322\304\366\217\\^\276"
 340      4C7B03EB 
 340      46687838 
 340      ECD2C4F6 
 340      8F5C5EBE 
 341 003b F0818628 		.ascii	"\360\201\206(/y\210\021\004\021\037<\224\207.(B\024"
 341      2F798811 
 341      04111F3C 
 341      94872E28 
 341      4214
 342 004d 115151C4 		.ascii	"\021QQ\304\007\312C\242\010**\012*=\337\343\356\336"
 342      07CA43A2 
 342      082A2A0A 
 342      2A3DDFE3 
 342      EEDE
 343 005f 5DD966DA 		.ascii	"]\331f\332;\034\356\375\276{\316\357\234\357w\316w\356"
 343      3B1CEEFD 
 343      BE7BCEEF 
 343      9CEF77CE 
ARM GAS  /tmp/ccuzAygD.s 			page 27


 343      77EE
 344 0071 B75A4110 		.ascii	"\267ZA\020\316\370\013B*\026\204\217A\306\340\362\202"
 344      CEF80B42 
 344      2A16848F 
 344      41C6E0F2 
 344      82
 345 0082 B95AC171 		.ascii	"\271Z\301q\031@\252@j@\016\2034\2014\203\264\200\264"
 345      1940AA40 
 345      6A400E83 
 345      34813483 
 345      B480B4
 346 0095 829C0339 		.ascii	"\202\234\0039\017\322\016\322\015\322\013\242\001y\002"
 346      0FD20ED2 
 346      0DD20BA2 
 346      017902
 347 00a4 32068290 		.ascii	"2\006\202\220 x\203LD\202\323\365\025\214up\377\034"
 347      2078834C 
 347      4482D3F5 
 347      158C7570 
 347      FF1C
 348 00b6 04421026 		.ascii	"\004B\020&\201\274\010s/\201L\005\231\006R\311u=x\014"
 348      81BC0873 
 348      2F814C05 
 348      990652C9 
 348      753D780C 
 349 00ca 3360EE75 		.ascii	"3`\356u\304\374\271^\377v\203\247\340(\270\012^\015"
 349      C4FCB95E 
 349      FF7683A7 
 349      E028B80A 
 349      5E0D
 350 00dc 8FD9C831 		.ascii	"\217\331\3101\311\253\267\\b\374\006\306Z\216\371\014"
 350      C9ABB75C 
 350      62FC06C6 
 350      5A8EF90C 
 351 00ec 641E8C47 		.ascii	"d\036\214G\340>\004\3626<\213p\177\0102,0{\302\017v"
 351      E03E04F2 
 351      363C8B70 
 351      7F08322C 
 351      307BC20F 
 352 0101 59BBFA4A 		.ascii	"Y\273\372J\203\261\257*>\011\344\030\310b\216\251\304"
 352      83B1AF2A 
 352      3E09E418 
 352      C8628EA9 
 352      C4
 353 0112 FA0EDCDF 		.ascii	"\372\016\334\337\005\361\004\351R\371U\373\303<\027"
 353      05F104E9 
 353      52F955FB 
 353      C33C17
 354 0121 BD9C7732 		.ascii	"\275\234w2&<\023\337\357\271\370\335\372?\370\3755\310"
 354      263C13DF 
 354      EFB9F8DD 
 354      FA3FF8FD 
 354      35C8
 355 0133 8471FC0E 		.ascii	"\204q\374\016s\337\304O\263\213\337\211\334\357\373"
 355      73DFC44F 
 355      B38BDF89 
 355      DCEFFB
ARM GAS  /tmp/ccuzAygD.s 			page 28


 356 0142 2E7E7361 		.ascii	".~sa\354\345\306\257\342\3637p?!8\362B\352\252\212\257"
 356      ECE5C6AF 
 356      E2F33770 
 356      3F2138F2 
 356      42EAAA8A 
 357 0157 AD86F33A 		.ascii	"\255\206\363:\337\005\367\373\377\003\267\225\3436\253"
 357      DF05F7FB 
 357      FF03B795 
 357      E336AB
 358 0166 7017B8E0 		.ascii	"p\027\270\340\026\021\316U\270\3078?\177u\303\0051?"
 358      1611CE55 
 358      B8C7383F 
 358      7F75C305 
 358      313F
 359 0178 C7E7C8FA 		.ascii	"\307\347\310\372?p\301K\301\250hS\327\026\217\253\350"
 359      3F70C14B 
 359      C1A86853 
 359      D7168FAB 
 359      E8
 360 0189 32798326 		.ascii	"2y\203& \304+M}\221\361\230r!{\325\210Hy\311\264\\\315"
 360      20C42B4D 
 360      7D91F198 
 360      72217BD5 
 360      884879C9 
 361 01a0 E83BC444 		.ascii	"\350;\304D\024\034\272\016\013\025\252\312\030\321K"
 361      141CBA0E 
 361      0B15AACA 
 361      18D14B
 362 01af A0A1A863 		.ascii	"\240\241\250c\241\221\361\360\220\303=\262\353(\372"
 362      A191F1F0 
 362      90C33DB2 
 362      EB28FA
 363 01be 2A546437 		.ascii	"*Td7z>:\201\325\006!!?3M\323\211\256\200&0\231\254\213"
 363      7A3E3A81 
 363      D5062121 
 363      3F334DD3 
 363      89AE8026 
 364 01d6 4464726D 		.ascii	"Ddrmba\254'\026\351\363\266\204\316A\214\015\364y\335"
 364      6261AC27 
 364      16E9F3B6 
 364      84CE418C 
 364      0DF479DD 
 365 01ea CDD51D9A 		.ascii	"\315\325\035\232\300]2\273t\222\200\312\021V\350\254"
 365      C05D32BB 
 365      749280CA 
 365      1156E8AC 
 366 01fa 1F1BB6F9 		.ascii	"\037\033\266\371%a\344\257G\"\014[\3574m\365\206\341"
 366      2561E4AF 
 366      47220C5B 
 366      EF346DF5 
 366      86E1
 367 020c 243D9A00 		.ascii	"$=\232\000\303]k\307R4\2237\023\273\344xy\202\210>\377"
 367      C35D6BC7 
 367      52349337 
 367      13BBE478 
 367      7982883E 
 368 0221 393A8802 		.ascii	"9:\210\002\320\001\024\000!V\242\311\360?\322\203!\235"
ARM GAS  /tmp/ccuzAygD.s 			page 29


 368      D0011400 
 368      2156A2C9 
 368      F03FD283 
 368      219D
 369 0233 DED09CEF 		.ascii	"\336\320\234\35795G\266\331d[C\376\233\365\365+\344"
 369      393547B6 
 369      D9645B43 
 369      FE9BF5F5 
 369      2BE4
 370 0245 16B0FB88 		.ascii	"\026\260\373\210\352\2412\204Q\005\012$+.#\336Q)\352"
 370      EAA13284 
 370      51050A24 
 370      2B2E23DE 
 370      5129EA
 371 0258 44683FBA 		.ascii	"Dh?\272\012k\250BS\301\276e\240j\2557^LC\036j/L\025"
 371      0A6BA842 
 371      53C1BE65 
 371      A06AAD37 
 371      5E4C431E 
 372 0270 39D6CDBF 		.ascii	"9\326\315\277\245\313\2668Y\316\021)P\265\003\250\332"
 372      A5CBB638 
 372      59CE1129 
 372      50B503A8 
 372      DA
 373 0281 15A88602 		.ascii	"\025\250\206\002\335\334{)\327\027\233)P\305\265\221"
 373      DDDC7B29 
 373      D7179B29 
 373      50C5B591 
 374 0291 8DBE00D4 		.ascii	"\215\276\000\324I\202\312\232\236\336\304\202\232\317"
 374      4982CA9A 
 374      9EDEC482 
 374      9ACF
 375 029f 823AE4C0 		.ascii	"\202:\344\300:\344\212u\230b\025]:=\346\215S\020\005"
 375      3AE48A75 
 375      9862155D 
 375      3A3DE68D 
 375      531005
 376 02b2 BBDCB8B3 		.ascii	"\273\334\270\263\010\0039\213\365\210d\313\017\246J"
 376      0803398B 
 376      F58864CB 
 376      0FA64A
 377 02c1 FA0F3EF6 		.ascii	"\372\017>\366aSDc\373\343\301\012\003\336\311\324O'"
 377      61534463 
 377      FBE3C10A 
 377      03DEC9D4 
 377      4F27
 378 02d3 ECC9C48C 		.ascii	"\354\311\304\214Z\017\030\336=\231\336\345\313\250\235"
 378      5A0F18DE 
 378      3D99DEE5 
 378      CBA89D
 379 02e2 9282C593 		.ascii	"\222\202\305\223-\303\225:\244\237\271J\226\343\344"
 379      2DC3953A 
 379      A49FB94A 
 379      96E3E4
 380 02f1 9C78D90B 		.ascii	"\234x\331\013\210\252\007j\217\002\265\250\001\315$"
 380      88AA076A 
 380      8F02B5A8 
ARM GAS  /tmp/ccuzAygD.s 			page 30


 380      01CD24
 381 0300 90243654 		.ascii	"\220$6T\007\223\2650\271\203d\301\326\260{j\325\025"
 381      0793B530 
 381      B98364C1 
 381      D6B07B6A 
 381      D515
 382 0312 599E828E 		.ascii	"Y\236\202\216!=:\342\210\177\261\236e!\263{\335z\215"
 382      213D3AE2 
 382      887FB19E 
 382      6521B37B 
 382      DD7A8D
 383 0325 07942F55 		.ascii	"\007\224/U\200\334\300\334\221\342Q\033\246s\200\331"
 383      80DCC0DC 
 383      91E2511B 
 383      A67380D9 
 384 0335 88E85CF7 		.ascii	"\210\350\\\367\261\333\335\236v\275\037\330d\357P\345"
 384      B1DBDD9E 
 384      76BD1FD8 
 384      64EF50E5 
 385 0345 5A4F75BA 		.ascii	"ZOu\272%\203*\335'h\272\217#\236\357\370\236\342\255"
 385      25832ADD 
 385      2768BA8F 
 385      239EEFF8 
 385      9EE2AD
 386 0358 D84EED94 		.ascii	"\330N\355\224\254f;\265\240\210l\216\320l\256\3246Q"
 386      AC663BB5 
 386      A0886C8E 
 386      D06CAED4 
 386      3651
 387 036a 6A9B3A1A 		.ascii	"j\233:\032J4\270\213q\2254T\365T\344`\307_c\011\227"
 387      4A34B88B 
 387      71953454 
 387      F554E460 
 387      C75F6309 
 388 037f 458A74D2 		.ascii	"E\212t\322\201t\322\025\251\231\"\215$\365\3547\340"
 388      8174D215 
 388      A999228D 
 388      24F5EC37 
 388      E0
 389 0390 6186D4B1 		.ascii	"a\206\324\261\341l\275\001\220r\000\2515\320\011\351"
 389      E16CBD01 
 389      907200A9 
 389      35D009E9 
 390 03a0 9403E994 		.ascii	"\224\003\351\224+R\013E\332p\253\021\220\222\330\036"
 390      2B520B45 
 390      DA70AB11 
 390      9092D81E 
 391 03b0 3ADB7DF6 		.ascii	":\333}\366;e\201\255o;!\235v \235vEj\245H%w\367dx\342"
 391      3B6581AD 
 391      6F3B219D 
 391      76209D76 
 391      456AA548 
 392 03ca 2C8634B4 		.ascii	",\2064\264\342\310*\0175\257\204s\007\261g\235\366\321"
 392      E2C82A0F 
 392      35AF8473 
 392      07B1679D 
 392      F6D1
ARM GAS  /tmp/ccuzAygD.s 			page 31


 393 03dc F78F876F 		.ascii	"\367\217\207o!\276\200+U\023r\343\345\002\231$\034\264"
 393      21BE802B 
 393      551372E3 
 393      E5029924 
 393      1CB4
 394 03ee D01987DF 		.ascii	"\320\031\207\3373\256~\317Q\277\311\015+%\\\302\334"
 394      33AE7ECF 
 394      51BFC90D 
 394      2B255CC2 
 394      DC
 395 03ff 5E6E6A58 		.ascii	"^njX\257#\013\200\272\031=5\257\260TN\320\320\272os"
 395      AF230B80 
 395      BA193D35 
 395      AFB0544E 
 395      D0D0BA6F 
 396 0414 C0B4F156 		.ascii	"\300\264\361V\200\316S\363\207\331\371#\010_g\366\233"
 396      80CE53F3 
 396      87D9F923 
 396      085F67F6 
 396      9B
 397 0425 FA8BF2B4 		.ascii	"\372\213\362\264\334~\004\222R\307v\340\005\207\365"
 397      DC7E0492 
 397      52C776E0 
 397      0587F5
 398 0434 05C5BA9D 		.ascii	"\005\305\272\235Z\333\356lO\305\370>\263>\367\250f\304"
 398      5ADBEE6C 
 398      4FC5F83E 
 398      B33EF7A8 
 398      66C4
 399 0446 809FD181 		.ascii	"\200\237\321\201\307\256\370\302;\036hf\000\202E#\375"
 399      C7AEF8C2 
 399      3B1E6866 
 399      00824523 
 399      FD
 400 0457 0EA51709 		.ascii	"\016\245\027\011\020\271\036up\024\270\322e\330\017"
 400      10B91E75 
 400      7014B8D2 
 400      65D80F
 401 0466 77BE21D3 		.ascii	"w\276!\323\360\254\243w\272C\344<\031O\026\320\234\000"
 401      F0ACA377 
 401      BA43E43C 
 401      194F16D0 
 401      9C00
 402 0478 340BF6C7 		.ascii	"4\013\366\307%\330\037\344\225\000=0\000\276\005\001"
 402      25D81FE4 
 402      95003D30 
 402      00BE0501 
 403 0488 C4E1DECC 		.ascii	"\304\341\336\314\306\307^z\256\275\352\247\264\257="
 403      C6C75E7A 
 403      AEBDEAA7 
 403      B4AF3D
 404 0497 1A3B6A30 		.ascii	"\032;j0\254\261\357> Ro\337\200\002\272\206\014\274"
 404      ACB1EF3E 
 404      20526FDF 
 404      8002BA86 
 404      0CBC
 405 04a9 439E3AF1 		.ascii	"C\236:\361\335f?\272S`\216\357\250\261\370\264\207\356"
ARM GAS  /tmp/ccuzAygD.s 			page 32


 405      DD663FBA 
 405      53608EEF 
 405      A8B1F8B4 
 405      87EE
 406 04bb FB6217CD 		.ascii	"\373b\027\315\347ue\243\304\236i\373\001q\032;\372^"
 406      E77565A3 
 406      C49E69FB 
 406      01711A3B 
 406      FA5E
 407 04cd CFA46900 		.ascii	"\317\244i\000\035t\321A\344E\205\310nJ\344\352[U\273"
 407      1D74D141 
 407      E44585C8 
 407      6E4AE4EA 
 407      5B55BB
 408 04e0 10CEC594 		.ascii	"\020\316\305\224\310\226\224U\275z{\032g\025\331\323"
 408      C8969455 
 408      BD7A7B1A 
 408      6715D9D3 
 409 04f0 D8E3B0EF 		.ascii	"\330\343\260\357Q\354{\251}j_\217M\217\3671\373\364"
 409      51EC7BA9 
 409      7D6A5F8F 
 409      4D8FF731 
 409      FBF4
 410 0502 AAFBC735 		.ascii	"\252\373\3075\254\017\351HK\034(\252\360a}\310F^W\367"
 410      AC0FE948 
 410      4B1C28AA 
 410      F0617DC8 
 410      465E57F7 
 411 0516 0EAFC2B8 		.ascii	"\016\257\302\270\206\351\226$v\357\324\301\313\000h"
 411      86E99624 
 411      76EFD4C1 
 411      CB0068
 412 0525 7148D5DF 		.ascii	"qH\325\337\002X\177+\265\015\025{\340z\252+\356-\356"
 412      02587F2B 
 412      B50D157B 
 412      E07AAA2B 
 412      EE2DEE
 413 0538 FE079AC9 		.ascii	"\376\007\232\311\222i\033{\034\230\270\222l\217A\240"
 413      92691B7B 
 413      1C98B892 
 413      6C8F41A0 
 414 0548 F1B623B0 		.ascii	"\361\266#\260\000\322\227\306\311\340\000\344$\200w"
 414      00D297C6 
 414      C9E000E4 
 414      248077
 415 0557 B87E60EE 		.ascii	"\270~`\356\026\313\312\316\354\202\243>8\301\203:\270"
 415      16CBCACE 
 415      EC82A33E 
 415      38C1833A 
 415      B8
 416 0568 523CD88C 		.ascii	"R<\330\214\355\036n\254\236v\240\215l\204{\340\341\216"
 416      ED1E6EAC 
 416      9E76A08D 
 416      6C847BE0 
 416      E18E
 417 057a C3C32072 		.ascii	"\303\303 r\343\342\356\370.\012Kw\355\360S'\376\236"
 417      E3E2EEF8 
ARM GAS  /tmp/ccuzAygD.s 			page 33


 417      2E0A4B77 
 417      EDF05327 
 417      FE9E
 418 058c 53E287EC 		.ascii	"S\342\207\354\211\277\321\237~I\213\313i,\036\371\315"
 418      89BFD19F 
 418      7E498BCB 
 418      692C1EF9 
 418      CD
 419 059d 07467568 		.ascii	"\007Fuh\342\364\35137\322\254\203@~\321\217`\327G\355"
 419      E2F4E933 
 419      37D2AC83 
 419      407ED18F 
 419      60D747ED 
 420 05b1 1EA089C4 		.ascii	"\036\240\211\304\025z\004^\037\242\351h\030M\247\031"
 420      157A045E 
 420      1FA2E968 
 420      184DA719 
 421 05c1 D9461CD9 		.ascii	"\331F\034\331\0067\340\342\370\225\353\344\234:D<\240"
 421      0637E0E2 
 421      F895EBE4 
 421      9C3A443C 
 421      A0
 422 05d2 9B103FB1 		.ascii	"\233\020?\261\260w|#\301\230\035`78\376\013h8\011\230"
 422      B0777C23 
 422      C1981D60 
 422      3738FE0B 
 422      68380998 
 423 05e6 2ADF1F57 		.ascii	"*\337\037W\271\236\270\345_\205\346t\377X\010\210h\011"
 423      B99EB8E5 
 423      5F85E674 
 423      FF580888 
 423      6809
 424 05f8 9C17BE88 		.ascii	"\234\027\276\210\226#\027!\273=\214\320\214\254\304"
 424      96231721 
 424      BB3D8CD0 
 424      8CACC4
 425 0607 0184268E 		.ascii	"\001\204&\216\277\0044\012\221\273[\005s\323\226\241"
 425      BF04340A 
 425      91BB5B05 
 425      73D396A1 
 426 0617 854D8B46 		.ascii	"\205M\213F@\351\261#\001\304)\365\325\232\267\365\254"
 426      40E9B123 
 426      01C429F5 
 426      D59AB7F5 
 426      AC
 427 0628 FE953CDA 		.ascii	"\376\225<\332\271\032\262fV\344\201\023D\265o0m\025"
 427      B91AB266 
 427      56E48113 
 427      44B56F30 
 427      6D15
 428 063a 5D3768FB 		.ascii	"]7h\373z\202^\001\273\363\335\245{\021\036\2441\242"
 428      7A825E01 
 428      BBF3DDA5 
 428      7B111EA4 
 428      31A2
 429 064c 07B5FB1B 		.ascii	"\007\265\373\033\265\376\311<\302\371\210\244\207V\366"
 429      B5FEC93C 
ARM GAS  /tmp/ccuzAygD.s 			page 34


 429      C2F988A4 
 429      8756F6
 430 065b 33E46F5F 		.ascii	"3\344o_Uu\332\263b-x\"[\342J\372\244Mr\316d\362\036"
 430      5575DAB3 
 430      622D7822 
 430      5BE24AFA 
 430      A44D72CE 
 431 0672 3D55B601 		.ascii	"=U\266\001}\200\022&\360\017\326\014\365\370\340\247"
 431      7D801226 
 431      F00FD60C 
 431      F5F8E0A7 
 432 0682 0C7ECBCE 		.ascii	"\014~\313\316\342r\314-\257\277\030+C>\210\241,rC\372"
 432      E272CC2D 
 432      AFBF182B 
 432      433E88A1 
 432      2C7243FA 
 433 0696 80624562 		.ascii	"\200bEbx\367\311\326\012/\266q&\301P\256\035\354\361"
 433      78F7C9D6 
 433      0A2FB671 
 433      26C150AE 
 433      1DECF1
 434 06a9 23FD45E6 		.ascii	"#\375E\346\205\343\257\256\233x\2214\030c\000\212\023"
 434      85E3AFAE 
 434      9B789134 
 434      1863008A 
 434      13
 435 06ba 699975E5 		.ascii	"i\231u\345?\333\242e\306/\220O@\301\276,\035\333u\005"
 435      3FDBA265 
 435      C62F904F 
 435      40C1BE2C 
 435      1DDB7505 
 436 06ce 64630D64 		.ascii	"dc\015d_[\351\253^&i\204\211b\000J\020\011\332\012\321"
 436      5F5BE9AB 
 436      5E266984 
 436      8962004A 
 436      1009DA0A 
 437 06e3 5FC12460 		.ascii	"_\301$`\375\033v\337\365Qkw\3767\355\315\003}7\305\227"
 437      FD1B76DF 
 437      F5516B77 
 437      FE37EDCD 
 437      037D37C5 
 438 06f8 D768B221 		.ascii	"\327h\262!W+\341\025L\345\346\025\236G8GC9\310=9\264"
 438      572BE115 
 438      4CE5E615 
 438      9E473847 
 438      4339C83D 
 439 070e 598F77B3 		.ascii	"Y\217w\263Av\342\232\026\004\204\264@\322z\263\264\261"
 439      4176E29A 
 439      160484B4 
 439      40D27AB3 
 439      B4B1
 440 0720 39B68429 		.ascii	"9\266\204)\304\012\255\0211\371R\253\334\254\206\231"
 440      C40AAD11 
 440      31F952AB 
 440      DCAC8699 
 441 0730 55E2CB02 		.ascii	"U\342\313\002J\242\364\334?\270b\304\227\255p\"\014"
 441      4AA2F4DC 
ARM GAS  /tmp/ccuzAygD.s 			page 35


 441      3FB862C4 
 441      97AD7022 
 441      0C
 442 0741 AB129FDD 		.ascii	"\253\022\237\3356\270\245g\235B\317ZF\317\323\253\311"
 442      36B8A567 
 442      9D42CF5A 
 442      46CFD3AB 
 442      C9
 443 0752 C99E8C8F 		.ascii	"\311\236\214\217\034\302GB~\306\217^\256|\254\027\031"
 443      1CC24742 
 443      7EC68F5E 
 443      AE7CAC17 
 443      19
 444 0763 9D02DA40 		.ascii	"\235\002\332@W\270\316\276\302#%\305ZW>\334j\237.I\034"
 444      57B8CEBE 
 444      C22325C5 
 444      5A573EDC 
 444      6A9F2E49 
 445 0778 D0BC5C41 		.ascii	"\320\274\\A\371Hf|\\\273\334S\256\305M\214\202\273\215"
 445      F948667C 
 445      5CBBDC53 
 445      AEC54D8C 
 445      82BB8D
 446 078b 6D6D7A4E 		.ascii	"mmzN\301\315\327\030\003\311\234\0018a\250\2007\301"
 446      C1CDD718 
 446      03C99C01 
 446      3861A880 
 446      37C1
 447 079d CC46C2C0 		.ascii	"\314F\302\300\267\224\001\345@8\343\371\003\341\014"
 447      B79401E5 
 447      4038E3F9 
 447      03E10C
 448 07ac D6305B37 		.ascii	"\3260[7\334\333\356\211/R?\342\325\366\321K\276\356"
 448      DCDBEE89 
 448      2F523FE2 
 448      D5F6D14B 
 448      BEEE
 449 07be 8E7CA9E2 		.ascii	"\216|\251\342LbD\273\325w\3400ET\216|c\217"
 449      4C6244BB 
 449      D577E030 
 449      45548E7C 
 449      638F
 450 07d0 DF4FBB47 		.ascii	"\337O\273G\032\337\026Q\2176\213\366}7\203/o\347\366"
 450      1ADF1651 
 450      8F368BF6 
 450      7D37832F 
 450      6FE7F6
 451 07e3 8DDBB4B8 		.ascii	"\215\333\264\270\207\371\250\312\350\251\027\335\371"
 451      87F9A8CA 
 451      E8A917DD 
 451      F9
 452 07f0 C870EB03 		.ascii	"\310p\353\003\232k\337\005\342#\035|\2449|l\241\034"
 452      9A6BDF05 
 452      E2231D7C 
 452      A4397C6C 
 452      A11C
 453 0802 925970B4 		.ascii	"\222Yp\264\361\316\275o\265n3\234\251dx\026Mp\\\325"
ARM GAS  /tmp/ccuzAygD.s 			page 36


 453      F1CEBD6F 
 453      B56E339C 
 453      A9647816 
 453      4D705CD5 
 454 0816 C0A8876B 		.ascii	"\300\250\207kB\035\337\310\2554E\231\014\036\006\344"
 454      421DDFC8 
 454      AD344599 
 454      0C1E06E4 
 455 0826 483A5A5C 		.ascii	"H:Z\\\311\353I\013\303\303M\011\325\336n\275e+\336\262"
 455      C9EB490B 
 455      C3C34D09 
 455      D5DE6EBD 
 455      652BDEB2 
 456 083a 583DDD5F 		.ascii	"X=\335_\2238\314\017\333\2360,\350\315\\o`\3455\217"
 456      9338CC0F 
 456      DB9E302C 
 456      E8CD5C6F 
 456      60E5358F 
 457 084e 1CE3AFA7 		.ascii	"\034\343\257\247\234@\256\301\344\002\00394\255\333"
 457      9C40AEC1 
 457      E4020339 
 457      34ADDB
 458 085d 6830D92C 		.ascii	"h0\331,\230m4\230\354'\243i\276\352\257\004\371\340"
 458      986D3498 
 458      EC27A369 
 458      BEEAAF04 
 458      F9E0
 459 086f 3ADCE789 		.ascii	":\334\347\211\364+A\356\240\274c\370Q\222/\036`\325"
 459      F42B41EE 
 459      A0BC63F8 
 459      51922F1E 
 459      60D5
 460 0881 54589CB5 		.ascii	"TX\234\265\307\027?b\203\244\272#\231Z8<\240\357i\203"
 460      C7173F62 
 460      83A4BA23 
 460      995A383C 
 460      A0EF6983 
 461 0895 81990B35 		.ascii	"\201\231\0135\015\235~\374\247\315p#\256)\353?\035+"
 461      0D9D7EFC 
 461      A7CD7023 
 461      AE29EB3F 
 461      1D2B
 462 08a7 4F4A7895 		.ascii	"OJx\225:\330\2560\217v\210\036d\344|\304\313\027\311"
 462      3AD8AE30 
 462      8F76881E 
 462      64E47CC4 
 462      CB17C9
 463 08ba C7FD7C6F 		.ascii	"\307\375|o\335\022\\\246u\203\337PPV\213\350q\205\244"
 463      DD125CA6 
 463      7583DF50 
 463      50568BE8 
 463      7185A4
 464 08cd 921D57B6 		.ascii	"\222\035W\266\234\331V\351\343\366\270R$\222\343J\241"
 464      9CD956E9 
 464      E3F6B852 
 464      2492E34A 
 464      A1
ARM GAS  /tmp/ccuzAygD.s 			page 37


 465 08de C88F2B9D 		.ascii	"\310\217+\235\251]g\275x\200\035\027p\307)z\256\317"
 465      A95D67BD 
 465      78801D17 
 465      70C7297A 
 465      AECF
 466 08f0 F9081145 		.ascii	"\371\010\021ET`\217p'DX\340\032\341.\032ag\366\215o"
 466      54608F70 
 466      274458E0 
 466      1AE12E1A 
 466      6167F68D 
 467 0905 7DF098BB 		.ascii	"}\360\230\273\020/lO-\367\346\036\206\032\361\355\262"
 467      102F6C4F 
 467      2DF7E61E 
 467      861AF1ED 
 467      B2
 468 0916 3E5906A6 		.ascii	">Y\006\246\023\320$JB\261\335\305npQ\354\352\242\204"
 468      13D0244A 
 468      42B1DDC5 
 468      6E7051EC 
 468      EAA284
 469 0929 BAA8BDD8 		.ascii	"\272\250\275\330rQ\203\223<\251\213\321\276\224v\304"
 469      72518393 
 469      3CA98BD1 
 469      BE9476C4 
 470 0939 926FA0A5 		.ascii	"\222o\240\245\327\276\321\217%\277\223\274>\337\236"
 470      D7BED18F 
 470      25BF93BC 
 470      3EDF9E
 471 0948 7090BFF6 		.ascii	"p\220\277\366&?\\v\035*\327\270-\254R\245\260\366\263"
 471      263F5C76 
 471      1D2AD7B8 
 471      2DAC52A5 
 471      B0F6B3
 472 095b C21AE8DF 		.ascii	"\302\032\350\337Q\244q-\235}P:{i\351\224\321\322)UZ"
 472      51A4712D 
 472      9D7D503A 
 472      7B69E994 
 472      D1D22955 
 473 0970 4DF9B1B4 		.ascii	"M\371\261\264\007z\327\306\344V\373\322\375\341\002"
 473      077AD7C6 
 473      E456FBD2 
 473      FDE102
 474 097f 5FDE781A 		.ascii	"_\336x\032\032\336-\213\263\311\361\363Q9o=\360kVe\272"
 474      1ADE2D8B 
 474      B3C9F1F3 
 474      51396F3D 
 474      F06B5665 
 475 0994 0766FE0E 		.ascii	"\007f\376\016,V\320\316S\273//\303K]\236#\252\363\201"
 475      2C56D0CE 
 475      53BB2F2F 
 475      C34B5D9E 
 475      23AAF381 
 476 09a8 800EF0F2 		.ascii	"\200\016\360\362<@\313\363D\332\272d\247\243.\371\342"
 476      3C40CBF3 
 476      44DABA64 
 476      A7A32EF9 
 476      E2
ARM GAS  /tmp/ccuzAygD.s 			page 38


 477 09b9 39940F72 		.ascii	"9\224\017r\345\203T9\256\256%U\247V\356r*\374J\256\\"
 477      E5835439 
 477      AEAE2555 
 477      A756EE72 
 477      2AFC4AAE 
 478 09ce C9940FF5 		.ascii	"\311\224\017\365\335\306je\362\341p(Wq\345*\252\234"
 478      DDC66A65 
 478      F2E17028 
 478      5771E52A 
 478      AA9C
 479 09e0 5A1DDB6E 		.ascii	"Z\035\333n\230\226\313~\306fM/\210\223\343H%\322\337"
 479      9896CB7E 
 479      C6664D2F 
 479      8893E348 
 479      25D2DF
 480 09f3 83ECE35B 		.ascii	"\203\354\343[-N#\277\340\266vl\326\250A\223\235@k8h"
 480      2D4E23BF 
 480      E0B6766C 
 480      D6A84193 
 480      9D406B38 
 481 0a08 0D05DD37 		.ascii	"\015\005\3357\322\333\246\345\240\255\257\313\253t\024"
 481      D2DBA6E5 
 481      A0ADAFCB 
 481      AB7414
 482 0a17 B159413C 		.ascii	"\261YA<D\021\217\307\036>\352\255F<\341\264\246\303"
 482      44118FC7 
 482      1E3EEAAD 
 482      463CE1B4 
 482      A6C3
 483 0a29 A241E977 		.ascii	"\242A\351w\207)\350\315\356\344\025J\244\255F\005\264"
 483      8729E8CD 
 483      EEE4154A 
 483      A4AD4605 
 483      B4
 484 0a3a 4501B551 		.ascii	"E\001\265Q\320\353\345\303\245XQzGQjU\224j\251\322\276"
 484      D0EBE5C3 
 484      A558517A 
 484      47516A55 
 484      946AA9D2 
 485 0a4f E6D5C55E 		.ascii	"\346\325\305^\\\251\356=E\351\234\242T'N\023\274L\241"
 485      5CA9EE3D 
 485      45E99CA2 
 485      54274E13 
 485      BC4CA1
 486 0a62 8B965B3E 		.ascii	"\213\226[>\2162}95\320\030\024\032\026\022\366\307E"
 486      8E327D39 
 486      35D01814 
 486      1A1612F6 
 486      C745
 487 0a74 C6280BFC 		.ascii	"\306(\013\374\205\207\205\030-\321&\243)4\302\034a\212"
 487      85878518 
 487      2DD126A3 
 487      2934C21C 
 487      618A
 488 0a86 8A36079A 		.ascii	"\2126\007\232t\037\376\341\263)A\263g\013S\234t\243"
 488      741FFEE1 
 488      B32941B3 
ARM GAS  /tmp/ccuzAygD.s 			page 39


 488      670B539C 
 488      74A3
 489 0a98 ADC6B048 		.ascii	"\255\306\260HSx\314\0223([\226[\002C\005o\012\373Yd"
 489      5378CC12 
 489      33285B96 
 489      5B024305 
 489      6F0AFB59 
 490 0aad 3800EB25 		.ascii	"8\000\353%b-\205E\206Y\247\375\264\017a\222)4\010\236"
 490      622D8545 
 490      8659A7FD 
 490      B40F6192 
 490      2934089E 
 491 0ac1 168483ED 		.ascii	"\026\204\203\355\357\243\243\">\010\266\230\027j-a\377"
 491      EFA3A322 
 491      3E08B698 
 491      176A2D61 
 491      FF
 492 0ad2 324BD637 		.ascii	"2K\3267\2151\226h#\261Zj2\031\203\243#\336\210\214\212"
 492      8D319668 
 492      23B15A6A 
 492      321983A3 
 492      23DE888C 
 493 0ae7 34BF610E 		.ascii	"4\277a\016\016\0113\276\0258'p\266=\020\213u\311\022"
 493      0E0933BE 
 493      15382770 
 493      B63D108B 
 493      75C912
 494 0afa F31710C9 		.ascii	"\363\027\020\311D\027\270?G-[\350:G\\\370?\2577\201"
 494      4417B83F 
 494      472D5BE8 
 494      3A475CF8 
 494      3FAF3781 
 495 0b0e 4D7D68B6 		.ascii	"M}h\266.\262\006[c,\177\361\223\226\204,\225L\241f\323"
 495      2EB2065B 
 495      632C7FF1 
 495      9396842C 
 495      954CA166 
 496 0b23 9752F873 		.ascii	"\227R\370s\2249\321\260\304\034\022\263\024\334\377"
 496      9439D1B0 
 496      C41C12B3 
 496      14DCFF
 497 0b32 4C651243 		.ascii	"Le\022C\351`\214\177\024\034n\3650\205\006G\277\344"
 497      E9608C7F 
 497      141C6EF5 
 497      30850647 
 497      BFE4
 498 0b44 1E03CC21 		.ascii	"\036\003\314!\204\337\206,\015\"\346A\341\301\026\313"
 498      84DF862C 
 498      0D22E641 
 498      E1C116CB 
 499 0b54 42BD2954 		.ascii	"B\275)T\342\\y\206@\330\360\354%I1a\221\326y\222\365"
 499      E25C7986 
 499      40D8F0EC 
 499      25493161 
 499      91D67992 
 500 0b69 97941E67 		.ascii	"\227\224\036gZ\024\270\210`ShX\244\331(\001-\3011\341"
 500      5A14B888 
ARM GAS  /tmp/ccuzAygD.s 			page 40


 500      60536858 
 500      A4D92801 
 500      2DC131E1 
 501 0b7d 56C9BA7C 		.ascii	"V\311\272|\231\231\244\312\223\033\277\372_\214!\251"
 501      9999A4CA 
 501      931BBFFA 
 501      5F8C21A9 
 502 0b8d 46092805 		.ascii	"F\011(\005M\260\320Z\243\226\201\337\031\343$\323\021"
 502      4DB0D05A 
 502      A39681DF 
 502      19E324D3 
 502      11
 503 0b9e BC92D050 		.ascii	"\274\222\320P\301\213?JV\037I\0125\007/\223H\340\222"
 503      C18B3F4A 
 503      561F490A 
 503      35072F93 
 503      48E092
 504 0bb1 64E02373 		.ascii	"d\340#s\344\022Iza\274\254\013`\360EL\244I\222\002\347"
 504      E412497A 
 504      61BCAC0B 
 504      60F0454C 
 504      A4499202 
 505 0bc6 CE9D354F 		.ascii	"\316\2355O\247\214\\K\204\344\324Iw\366\\=#e\316\233"
 505      A78C5C4B 
 505      84E4D449 
 505      77F65C3D 
 505      2365CE9B 
 506 0bda 9255A73C 		.ascii	"\222U\247<x-\213\212\266\322\304\371\004\207\177\025"
 506      782D8B8A 
 506      B6D2C4F9 
 506      04877F15 
 507 0bea BCDC0235 		.ascii	"\274\334\0025\031\016\234\004:-\304\024\025\021\021"
 507      190E9C04 
 507      3A2DC414 
 507      151111
 508 0bf9 156924BA 		.ascii	"\025i$\272\026\343\202O?\011\372\344kX\016]\300?\337"
 508      16E3824F 
 508      3F09FAE4 
 508      6B580E5D 
 508      C03FDF
 509 0c0c 8A80F580 		.ascii	"\212\200\365\200#\213\331*}\260`\321\357\376\364\351"
 509      238BD92A 
 509      7DB060D1 
 509      EFFEF4E9 
 510 0c1c C277C733 		.ascii	"\302w\30736\177m%\246\306\240O\026-\\d$\261\032\027"
 510      367F6D25 
 510      A6C6A04F 
 510      162D5C64 
 510      24B11A17 
 511 0c30 2ACC4458 		.ascii	"*\314DX\302,\022\224/\331%4 V\026\216\360\1775g\356"
 511      C22C1294 
 511      2FD92534 
 511      2056168E 
 511      F07F3567 
 512 0c45 ECFF008E 		.ascii	"\354\377\000\2165\373^"
 512      35FB5E
 513              		.text
ARM GAS  /tmp/ccuzAygD.s 			page 41


 514              		.section	.gnu.lto_.symtab.7dea285b9160424e,"",%progbits
 515 0000 5F636F72 		.ascii	"_core_init\000"
 515      655F696E 
 515      697400
 516 000b 00       		.ascii	"\000"
 517 000c 00       		.ascii	"\000"
 518 000d 00       		.ascii	"\000"
 519 000e 00000000 		.ascii	"\000\000\000\000\000\000\000\000"
 519      00000000 
 520 0016 BF000000 		.ascii	"\277\000\000\000"
 521 001a 63685F6D 		.ascii	"ch_memcore\000"
 521      656D636F 
 521      726500
 522 0025 00       		.ascii	"\000"
 523 0026 00       		.ascii	"\000"
 524 0027 00       		.ascii	"\000"
 525 0028 00000000 		.ascii	"\000\000\000\000\000\000\000\000"
 525      00000000 
 526 0030 FC000000 		.ascii	"\374\000\000\000"
 527 0034 6368436F 		.ascii	"chCoreAllocFromBaseI\000"
 527      7265416C 
 527      6C6F6346 
 527      726F6D42 
 527      61736549 
 528 0049 00       		.ascii	"\000"
 529 004a 00       		.ascii	"\000"
 530 004b 00       		.ascii	"\000"
 531 004c 00000000 		.ascii	"\000\000\000\000\000\000\000\000"
 531      00000000 
 532 0054 CC000000 		.ascii	"\314\000\000\000"
 533 0058 6368436F 		.ascii	"chCoreAllocFromTopI\000"
 533      7265416C 
 533      6C6F6346 
 533      726F6D54 
 533      6F704900 
 534 006c 00       		.ascii	"\000"
 535 006d 00       		.ascii	"\000"
 536 006e 00       		.ascii	"\000"
 537 006f 00000000 		.ascii	"\000\000\000\000\000\000\000\000"
 537      00000000 
 538 0077 CE000000 		.ascii	"\316\000\000\000"
 539 007b 6368436F 		.ascii	"chCoreAllocFromBase\000"
 539      7265416C 
 539      6C6F6346 
 539      726F6D42 
 539      61736500 
 540 008f 00       		.ascii	"\000"
 541 0090 00       		.ascii	"\000"
 542 0091 00       		.ascii	"\000"
 543 0092 00000000 		.ascii	"\000\000\000\000\000\000\000\000"
 543      00000000 
 544 009a D0000000 		.ascii	"\320\000\000\000"
 545 009e 6368436F 		.ascii	"chCoreAllocFromTop\000"
 545      7265416C 
 545      6C6F6346 
 545      726F6D54 
 545      6F7000
ARM GAS  /tmp/ccuzAygD.s 			page 42


 546 00b1 00       		.ascii	"\000"
 547 00b2 00       		.ascii	"\000"
 548 00b3 00       		.ascii	"\000"
 549 00b4 00000000 		.ascii	"\000\000\000\000\000\000\000\000"
 549      00000000 
 550 00bc D2000000 		.ascii	"\322\000\000\000"
 551 00c0 6368436F 		.ascii	"chCoreGetStatusX\000"
 551      72654765 
 551      74537461 
 551      74757358 
 551      00
 552 00d1 00       		.ascii	"\000"
 553 00d2 00       		.ascii	"\000"
 554 00d3 00       		.ascii	"\000"
 555 00d4 00000000 		.ascii	"\000\000\000\000\000\000\000\000"
 555      00000000 
 556 00dc D5000000 		.ascii	"\325\000\000\000"
 557 00e0 5F5F6865 		.ascii	"__heap_base__\000"
 557      61705F62 
 557      6173655F 
 557      5F00
 558 00ee 00       		.ascii	"\000"
 559 00ef 02       		.ascii	"\002"
 560 00f0 00       		.ascii	"\000"
 561 00f1 00000000 		.ascii	"\000\000\000\000\000\000\000\000"
 561      00000000 
 562 00f9 FF000000 		.ascii	"\377\000\000\000"
 563 00fd 5F5F6865 		.ascii	"__heap_end__\000"
 563      61705F65 
 563      6E645F5F 
 563      00
 564 010a 00       		.ascii	"\000"
 565 010b 02       		.ascii	"\002"
 566 010c 00       		.ascii	"\000"
 567 010d 00000000 		.ascii	"\000\000\000\000\000\000\000\000"
 567      00000000 
 568 0115 01010000 		.ascii	"\001\001\000\000"
 569 0119 5F646267 		.ascii	"_dbg_check_lock\000"
 569      5F636865 
 569      636B5F6C 
 569      6F636B00 
 570 0129 00       		.ascii	"\000"
 571 012a 02       		.ascii	"\002"
 572 012b 00       		.ascii	"\000"
 573 012c 00000000 		.ascii	"\000\000\000\000\000\000\000\000"
 573      00000000 
 574 0134 D7000000 		.ascii	"\327\000\000\000"
 575 0138 5F646267 		.ascii	"_dbg_check_unlock\000"
 575      5F636865 
 575      636B5F75 
 575      6E6C6F63 
 575      6B00
 576 014a 00       		.ascii	"\000"
 577 014b 02       		.ascii	"\002"
 578 014c 00       		.ascii	"\000"
 579 014d 00000000 		.ascii	"\000\000\000\000\000\000\000\000"
 579      00000000 
ARM GAS  /tmp/ccuzAygD.s 			page 43


 580 0155 D9000000 		.ascii	"\331\000\000\000"
 581 0159 63685379 		.ascii	"chSysHalt\000"
 581      7348616C 
 581      7400
 582 0163 00       		.ascii	"\000"
 583 0164 02       		.ascii	"\002"
 584 0165 00       		.ascii	"\000"
 585 0166 00000000 		.ascii	"\000\000\000\000\000\000\000\000"
 585      00000000 
 586 016e E4000000 		.ascii	"\344\000\000\000"
 587 0172 63684462 		.ascii	"chDbgCheckClassI\000"
 587      67436865 
 587      636B436C 
 587      61737349 
 587      00
 588 0183 00       		.ascii	"\000"
 589 0184 02       		.ascii	"\002"
 590 0185 00       		.ascii	"\000"
 591 0186 00000000 		.ascii	"\000\000\000\000\000\000\000\000"
 591      00000000 
 592 018e E6000000 		.ascii	"\346\000\000\000"
 593              		.text
 594              		.section	.gnu.lto_.opts,"",%progbits
 595 0000 272D666D 		.ascii	"'-fmath-errno' '-fsigned-zeros' '-ftrapping-math' '"
 595      6174682D 
 595      6572726E 
 595      6F272027 
 595      2D667369 
 596 0033 2D666E6F 		.ascii	"-fno-trapv' '-fno-strict-overflow' '-fno-openmp' '-"
 596      2D747261 
 596      70762720 
 596      272D666E 
 596      6F2D7374 
 597 0066 666E6F2D 		.ascii	"fno-openacc' '-mcpu=cortex-m3' '-mthumb' '-O0' '-fo"
 597      6F70656E 
 597      61636327 
 597      20272D6D 
 597      6370753D 
 598 0099 6D69742D 		.ascii	"mit-frame-pointer' '-falign-functions=16' '-ffuncti"
 598      6672616D 
 598      652D706F 
 598      696E7465 
 598      72272027 
 599 00cc 6F6E2D73 		.ascii	"on-sections' '-fdata-sections' '-fno-common' '-flto"
 599      65637469 
 599      6F6E7327 
 599      20272D66 
 599      64617461 
 600 00ff 2700     		.ascii	"'\000"
 601              		.text
 602              		.comm	__gnu_lto_v1,1,1
 603              		.comm	__gnu_lto_slim,1,1
 604              		.ident	"GCC: (GNU Tools for Arm Embedded Processors 7-2018-q3-update) 7.3.1 20180622 (release) [AR
ARM GAS  /tmp/ccuzAygD.s 			page 44


DEFINED SYMBOLS
                            *ABS*:0000000000000000 chmemcore.c
                            *COM*:0000000000000001 __gnu_lto_v1
                            *COM*:0000000000000001 __gnu_lto_slim

NO UNDEFINED SYMBOLS
