ARM GAS  /tmp/ccI9zwse.s 			page 1


   1              		.cpu cortex-m3
   2              		.eabi_attribute 20, 1
   3              		.eabi_attribute 21, 1
   4              		.eabi_attribute 23, 3
   5              		.eabi_attribute 24, 1
   6              		.eabi_attribute 25, 1
   7              		.eabi_attribute 26, 1
   8              		.eabi_attribute 30, 6
   9              		.eabi_attribute 34, 1
  10              		.eabi_attribute 18, 4
  11              		.file	"crt1.c"
  12              		.section	.gnu.lto_.inline.384c6ff071d9afdc,"",%progbits
  13 0000 789C6363 		.ascii	"x\234cc``\210a@\000V\006\006f&\006\006&\246\005\362"
  13      60608861 
  13      40005606 
  13      06662606 
  13      0626A605 
  14 0015 0C2C0C4C 		.ascii	"\014,\014L !F\014\021&\014\021f0\005\302P\001\026\006"
  14      2021460C 
  14      11260C11 
  14      663005C2 
  14      50011606 
  15 0029 1161A080 		.ascii	"\021a\240\200\312\207\025L0!\006\000\340\274\004\323"
  15      CA87154C 
  15      30210600 
  15      E0BC04D3 
  16              		.text
  17              		.section	.gnu.lto___core_init.384c6ff071d9afdc,"",%progbits
  18 0000 789C6363 		.ascii	"x\234cc``(\001b+ \026\005b\006f\006F&\006 fd\004r\030"
  18      60602801 
  18      622B2016 
  18      05620666 
  18      06462606 
  19 001a 19EA9918 		.ascii	"\031\352\231\030\353\031{\230\24703\036j\177\266\223"
  19      EB197B98 
  19      A730331E 
  19      6A7FB693 
  20 002a 49737903 		.ascii	"Isy\003\020\034\230\276\211\253\255\241Ub\0163\003\303"
  20      101C98BE 
  20      89ABADA1 
  20      55620E33 
  20      03C3
  21 003c 34660630 		.ascii	"4f\0060`\334\314\250\311\000T\366h\343\277\251\274l"
  21      60DCCCA8 
  21      C90054F6 
  21      68E3BFA9 
  21      BC6C
  22 004e 2C1071C6 		.ascii	",\020q\306-\214l\014 \203\326_b=\320\360\357\177{\303"
  22      2D8C6C0C 
  22      2083D65F 
  22      623DD0F0 
  22      EF7F7BC3 
  23 0062 81238B19 		.ascii	"\201#\213\031\367{\001m\350\000\353\353d\0062\231\337"
  23      F77B016D 
  23      E800EBEB 
  23      64063299 
  23      DF
ARM GAS  /tmp/ccI9zwse.s 			page 2


  24 0073 31362980 		.ascii	"16)\200\225\202@\0073P\003P\324BO\3379#3)\323?X?\277"
  24      95824007 
  24      33500350 
  24      D4424FDF 
  24      39233329 
  25 008c 583F393F 		.ascii	"X?9?77?O\277\270$\261\250\244\264@\3371\310\327\331"
  25      37373F4F 
  25      BFB824B1 
  25      A8A4B440 
  25      DF31C8D7 
  26 00a1 B702245A 		.ascii	"\267\002$Z\220\231\223ZT\254\357\356\354\254\237\\T"
  26      9099935A 
  26      54ACEFEE 
  26      ECAC9F5C 
  26      54
  27 00b2 62A897CC 		.ascii	"b\250\227\314\000\000\311\2144\017"
  27      0000C98C 
  27      340F
  28              		.text
  29              		.section	.gnu.lto___early_init.384c6ff071d9afdc,"",%progbits
  30 0000 789C6363 		.ascii	"x\234cc``(\002b+ \026\005b\006f\006F&\006 fd\004r\030"
  30      60602802 
  30      622B2016 
  30      05620666 
  30      06462606 
  31 001a 19EA9918 		.ascii	"\031\352\231\030\353\031{\230\24703\036j\177\266\223"
  31      EB197B98 
  31      A730331E 
  31      6A7FB693 
  32 002a 49737903 		.ascii	"Isy\003\020\034\230\376\203\253\255\241Ub\0163\003\303"
  32      101C98FE 
  32      83ABADA1 
  32      55620E33 
  32      03C3
  33 003c 34660630 		.ascii	"4f\0060`\334\314\250\311\000T\366h\343\277\251\274l"
  33      60DCCCA8 
  33      C90054F6 
  33      68E3BFA9 
  33      BC6C
  34 004e 2C1071C6 		.ascii	",\020q\306-\214l\014 \203\326_b=\320\360\357\177{\303"
  34      2D8C6C0C 
  34      2083D65F 
  34      623DD0F0 
  34      EF7F7BC3 
  35 0062 8133CACC 		.ascii	"\2013\312\314@\363;\300\272:AL\346w\214M\012`\205 \320"
  35      40F33BC0 
  35      BA3A414C 
  35      E6778C4D 
  35      0A608520 
  36 0077 C10C540E 		.ascii	"\301\014T\016\024\265\320\323w\316\310L\312\364\017"
  36      14B5D0D3 
  36      77CEC84C 
  36      CAF40F
  37 0086 D6CF2FD6 		.ascii	"\326\317/\326O\316\317\315\315\317\323/.I,*)-\320w\014"
  37      4FCECFCD 
  37      CDCFD32F 
  37      2E492C2A 
ARM GAS  /tmp/ccI9zwse.s 			page 3


  37      292DD077 
  38 009b F275F6AD 		.ascii	"\362u\366\255\000\211\026d\346\244\026\025\353\273;"
  38      00891664 
  38      E6A41615 
  38      EBBB3B
  39 00aa 3BEB2717 		.ascii	";\353'\027\225\030\352%3\000\000,\3712\324"
  39      9518EA25 
  39      3300002C 
  39      F932D4
  40              		.text
  41              		.section	.gnu.lto___late_init.384c6ff071d9afdc,"",%progbits
  42 0000 789C6363 		.ascii	"x\234cc``(\002b+ \026\005b\006f\006F&\006 fd\004r\030"
  42      60602802 
  42      622B2016 
  42      05620666 
  42      06462606 
  43 001a 19EA9918 		.ascii	"\031\352\231\030\353\031{\230\24703\036j\177\266\223"
  43      EB197B98 
  43      A730331E 
  43      6A7FB693 
  44 002a 49737903 		.ascii	"Isy\003\020\034\230\276\205\273\255\241Ub\0163\003\303"
  44      101C98BE 
  44      85BBADA1 
  44      55620E33 
  44      03C3
  45 003c 34660630 		.ascii	"4f\0060`\334\314\250\311\000T\366h\343\277\251\274l"
  45      60DCCCA8 
  45      C90054F6 
  45      68E3BFA9 
  45      BC6C
  46 004e 2C1071C6 		.ascii	",\020q\306-\214l\014 \203\326_b=\320\360\357\177{\303"
  46      2D8C6C0C 
  46      2083D65F 
  46      623DD0F0 
  46      EF7F7BC3 
  47 0062 8123CACC 		.ascii	"\201#\312\314@\363;\300\272:AL\346w\214M\012`\205 \320"
  47      40F33BC0 
  47      BA3A414C 
  47      E6778C4D 
  47      0A608520 
  48 0077 C10C540E 		.ascii	"\301\014T\016\024\265\320\323w\316\310L\312\364\017"
  48      14B5D0D3 
  48      77CEC84C 
  48      CAF40F
  49 0086 D6CF2FD6 		.ascii	"\326\317/\326O\316\317\315\315\317\323/.I,*)-\320w\014"
  49      4FCECFCD 
  49      CDCFD32F 
  49      2E492C2A 
  49      292DD077 
  50 009b F275F6AD 		.ascii	"\362u\366\255\000\211\026d\346\244\026\025\353\273;"
  50      00891664 
  50      E6A41615 
  50      EBBB3B
  51 00aa 3BEB2717 		.ascii	";\353'\027\225\030\352%3\000\000\001\2522\211"
  51      9518EA25 
  51      33000001 
  51      AA3289
ARM GAS  /tmp/ccI9zwse.s 			page 4


  52              		.text
  53              		.section	.gnu.lto___default_exit.384c6ff071d9afdc,"",%progbits
  54 0000 789C6363 		.ascii	"x\234cc``H\007b+ \226\003b\006f\006F&\006 \006\223\214"
  54      60604807 
  54      622B2096 
  54      03620666 
  54      06462606 
  55 0018 0CF54C8C 		.ascii	"\014\365L\214\365LL\014P\320\303<\205\231\361P\373\263"
  55      F54C4C0C 
  55      50D0C33C 
  55      8599F150 
  55      FBB3
  56 002a 9D4C9ACB 		.ascii	"\235L\232\313\033\200\340\300\364{\334m\015\255\022"
  56      1B80E0C0 
  56      F47BDC6D 
  56      0DAD12
  57 0039 73981918 		.ascii	"s\230\031\030\2461C\3240nf\324d\000*{\264\361\337T^"
  57      A63143D4 
  57      306E66D4 
  57      64002A7B 
  57      B4F1DF54 
  58 004e 36168838 		.ascii	"6\026\2108\343\026F6\006F c\375%\326\003\015\377\376"
  58      E3164636 
  58      06462063 
  58      FD25D603 
  58      0DFFFE
  59 0061 B7371CB8 		.ascii	"\2677\034\270\263\230\361\2477P\250\003\254\257\203"
  59      B398F1A7 
  59      3750A803 
  59      ACAF83
  60 0070 19680973 		.ascii	"\031h\011s\0073#\330\014\013=}\347\214\314\244L\377"
  60      073323D8 
  60      0C0B3D7D 
  60      E78CCCA4 
  60      4CFF
  61 0082 60FDFC62 		.ascii	"`\375\374b\375\344\374\334\334\374<\375\342\222\304"
  61      FDE4FCDC 
  61      DCFC3CFD 
  61      E292C4
  62 0091 A292D202 		.ascii	"\242\222\322\002}\307 _g\337\012\220hAfNjQ\261\276\273"
  62      7DC7205F 
  62      67DF0A90 
  62      6841664E 
  62      6A51B1BE 
  63 00a6 B3B37E72 		.ascii	"\263\263~rQ\211\241^2\003\000\333Z2?"
  63      5189A15E 
  63      320300DB 
  63      5A323F
  64              		.text
  65              		.section	.gnu.lto___init_ram_areas.384c6ff071d9afdc,"",%progbits
  66 0000 789C9554 		.ascii	"x\234\225T\335o\024U\024\277g\316\235\231\375H\267\220"
  66      DD6F1455 
  66      14BF67CE 
  66      9D99FD48 
  66      B790
  67 0012 D6C40742 		.ascii	"\326\304\007Bx\351\003/L\372\326\304\007C\366\201'b"
  67      78E9032F 
ARM GAS  /tmp/ccI9zwse.s 			page 5


  67      4CFAD6C4 
  67      0743F681 
  67      2762
  68 0024 A2FF0050 		.ascii	"\242\377\000PMl\"v\323\226\304\370\262\327~\320-\030"
  68      4D6C2276 
  68      D396C4F8 
  68      B2D77ED0 
  68      2D18
  69 0036 31443E32 		.ascii	"1D>2\331\342*&\210\211\251\006?\332\205m\227\202P\260"
  69      D9E22A26 
  69      8889A906 
  69      3FDA856D 
  69      978250B0 
  70 004a 5B680163 		.ascii	"[h\001c\010\362\000\224\205\342Wmm\302\202\325s\316"
  70      08F20094 
  70      85E2576D 
  70      6DC282D5 
  70      73CE
  71 005c CC244D51 		.ascii	"\314$MQ\324I\346\314\235s\317\371\235\363\373\335\017"
  71      D449E6CC 
  71      9D73CFF9 
  71      9DF3FBDD 
  71      0F
  72 006d 472975C5 		.ascii	"G)u\305V*M\3377\351UI\005\226\242\027\220,\002M\201"
  72      562A4DDF 
  72      37E95549 
  72      0596A217 
  72      902C024D 
  73 0082 166B5B5A 		.ascii	"\026k[Z)c9d\264\0031\362\270bc\226\313\3768\373\343"
  73      29633964 
  73      B40331F2 
  73      B8626396 
  73      CBFE38FB 
  74 0097 16F238C1 		.ascii	"\026\3628\301\343\004\000\301\201\312Z\250m\307\215"
  74      E30400C1 
  74      81CA5AA8 
  74      6DC78D
  75 00a6 C51390D5 		.ascii	"\305\023\220\325\250\302\307\216\006\261h\3606\276\207"
  75      A8C2C78E 
  75      06B168F0 
  75      36BE87
  76 00b5 30DE7F77 		.ascii	"0\336\177w\304\332x\314\320S>\264?\265\333\364=\233"
  76      C4DA78CC 
  76      D0533EB4 
  76      3FB5DBF4 
  76      3D9B
  77 00c7 A79C8361 		.ascii	"\247\234\203a\036\234\200\215\212\302\246{?\313\343"
  77      1E9C808D 
  77      8AC2A67B 
  77      3FCBE3
  78 00d6 5ECC2380 		.ascii	"^\314#\200\246\337\371\212\177;\305\277\026l\240\337"
  78      A6DFF98A 
  78      7F3BC5BF 
  78      166CA0DF 
  79 00e6 DEF73F1E 		.ascii	"\336\367?\036\322\370\034p\344/\271\331;\251\246\243"
  79      D2F81C70 
  79      E42FB9D9 
ARM GAS  /tmp/ccI9zwse.s 			page 6


  79      3BA9A6A3 
  80 00f6 C6749BF2 		.ascii	"\306t\233\362\315\341\306\243=f\302\350<\"|\005H\250"
  80      CDE1C6A3 
  80      3D66C2E8 
  80      3C227C05 
  80      48A8
  81 0108 F025AC83 		.ascii	"\360%\254\203/`\235\240S\370\255\317\227\017\3249\032"
  81      2F609DA0 
  81      53F8ADCF 
  81      970FD439 
  81      1A
  82 0119 BE86A6A0 		.ascii	"\276\206\246\240(\014\203\00341Y\036\030J\340\363\202"
  82      280C8303 
  82      3431591E 
  82      184AE0F3 
  82      82
  83 012a F9E8D0C8 		.ascii	"\371\350\320\310\254\0161\227\207\327\177\020bj\030"
  83      AC0E3197 
  83      87D77F10 
  83      626A18
  84 0139 F95BCCB3 		.ascii	"\371[\314\263\263\217g\222\270YR\037\344&\216\305\302"
  84      B38F6792 
  84      B859521F 
  84      E4268EC5 
  84      C2
  85 014a D4DF5A7C 		.ascii	"\324\337Z|S\356\335\300\211'\237\332\314)h\202\"5\304"
  85      53EEDDC0 
  85      89279FDA 
  85      CC296882 
  85      2235C4
  86 015d BD504725 		.ascii	"\275PG%\352H)\344\036\243\251\241\031\273l\226\377\354"
  86      EA4829E4 
  86      1EA3A9A1 
  86      19BB6C96 
  86      FFEC
  87 016f 37E5A996 		.ascii	"7\345\251\226\322\342\215\206g@\345\321\266\310\220"
  87      D2E28D86 
  87      6740E5D1 
  87      B6C890
  88 017e E264B4E2 		.ascii	"\342d\264\342h[q\274\2438\303\025\233\024\177\235\370"
  88      685B71BC 
  88      A338C315 
  88      9B147F9D 
  88      F8
  89 018f 53E2A917 		.ascii	"S\342\251\027\317Z\0317\210m\224Y\245r\262\006\003H"
  89      CF5A1937 
  89      886D9459 
  89      A572B206 
  89      0348
  90 01a1 BB03E7A0 		.ascii	"\273\003\347\240\273\326_\232\277\007\334\222\217Ij"
  90      BBD65F9A 
  90      BF07DC92 
  90      8F496A
  91 01b0 F660DFF8 		.ascii	"\366`\337\370%\227\327\300\021\242=\265\261\205T\366"
  91      2597D7C0 
  91      11A23DB5 
  91      B18554F6 
ARM GAS  /tmp/ccI9zwse.s 			page 7


  92 01c0 0F43CBE7 		.ascii	"\017C\313\347\0240\340\363p\372\247\\\262\000G\336Z"
  92      1430E0F3 
  92      70FAA75C 
  92      B20047DE 
  92      5A
  93 01d1 934717C6 		.ascii	"\223G\027\306 \013\243L\226\243?:\321\007\024}\330\230"
  93      200BA34C 
  93      96A33F3A 
  93      D107147D 
  93      D898
  94 01e3 C2871663 		.ascii	"\302\207\026c\224\241@$\3414d\245(\006E\213\367\337"
  94      94A14024 
  94      E13464A5 
  94      2806458B 
  94      F7DF
  95 01f5 A9BA2C80 		.ascii	"\251\272,\200\217u+k\242\324<5^9\3470>\355\236\302("
  95      8F752B6B 
  95      A2D43C35 
  95      5E39E730 
  95      3EED9EC2 
  96 020a 4B10F349 		.ascii	"K\020\363I\334\361\260\310\374\336\375\337\203\367\251"
  96      DCF1B0C8 
  96      FCDEFDDF 
  96      83F7A9
  97 0219 79D71812 		.ascii	"y\327\030\022=\016g\250\304\001!\005g\301S\002\277/"
  97      3D0E67A8 
  97      C4012105 
  97      67C15302 
  97      BF2F
  98 022b 824FADC6 		.ascii	"\202O\255\306+\376+\3367\202'\233\376\034\341\251%\320"
  98      2BFE2BDE 
  98      3782279B 
  98      FE1CE1A9 
  98      25D0
  99 023d 248D55BB 		.ascii	"$\215U\2735\215>\326\307\213\017N\0031\321\001\223\307"
  99      358D3ED6 
  99      C78B0F4E 
  99      0331D101 
  99      93C7
 100 024f 7B4A0B99 		.ascii	"{J\013\231\240\024\254d\242\237`B\330\011\037m8\317"
 100      A014AC64 
 100      A29F6042 
 100      D8091F6D 
 100      38CF
 101 0261 65618275 		.ascii	"ea\202u\241\374\253{\216#\247\257ns\275D;a\364\005\212"
 101      A1FCAB7B 
 101      8E23A7AF 
 101      6E73BD44 
 101      3B61F405 
 102 0276 A60294D0 		.ascii	"\246\002\224\320\223\337]Y\330\026\024l\340\000\336"
 102      93DF5D59 
 102      D816146C 
 102      E000DE
 103 0285 67E2FE61 		.ascii	"g\342\376a\341\345\300\335\310U\202\3557\200v$\270_"
 103      E1E5C0DD 
 103      C85582ED 
 103      37807624 
ARM GAS  /tmp/ccI9zwse.s 			page 8


 103      B85F
 104 0297 4D04D3D6 		.ascii	"M\004\323\326\223}=U\216\213\"\207\305r|Kr\314B\357"
 104      937D3D55 
 104      8E8B2287 
 104      C5727C4B 
 104      72CC42EF 
 105 02ab D4991B10 		.ascii	"\324\231\033\020`1\034\013\277\0046\255$^\277\375\220"
 105      60311C0B 
 105      BF0436AD 
 105      245EBFFD 
 105      90
 106 02bc DA6CD4C5 		.ascii	"\332l\324\305\352\005X\022\365\261&\256\006\355WI\265"
 106      EA055812 
 106      F5B126AE 
 106      06ED5749 
 106      B5
 107 02cd 1CD2BEC7 		.ascii	"\034\322\276\307\001t\203\246\026\357}r\336\371g\362"
 107      017483A6 
 107      16EF7D72 
 107      DEF967F2 
 108 02dd 6E487E92 		.ascii	"nH~\222\032X)m\002\024T\"\326\245\337C1\326rB\304:\026"
 108      1A58296D 
 108      02145422 
 108      D6A5DF43 
 108      31D67242 
 109 02f4 B13E1EB1 		.ascii	"\261>\036\261\306\377\311zJX\313\315qi5k\327\227\011"
 109      C6FFC97A 
 109      4A58CBCD 
 109      7169356B 
 109      D79709
 110 0307 624D23C7 		.ascii	"bM#\307QT\334\255\315\311\256\210Ka\352\353\332\256"
 110      5154DCAD 
 110      CDC9AE88 
 110      4B61EAEB 
 110      DAAE
 111 0319 20B69E8A 		.ascii	" \266\236\212\020\374\314\257\223\203\311\340\242[\003"
 111      10FCCCAF 
 111      9383C9E0 
 111      A25B03
 112 0328 97A9A600 		.ascii	"\227\251\246\000.\027\235\340\340\325S\210\177r\361"
 112      2E179DE0 
 112      E0D55388 
 112      7F72F1
 113 0337 A2CD2149 		.ascii	"\242\315!I\210\375\247\2037\263\342\340\215]\037=\254"
 113      88FDA783 
 113      37B3E2E0 
 113      8D5D1F3D 
 113      AC
 114 0348 9B87B8FD 		.ascii	"\233\207\270\375\302\034\0207\270B\004`:\270\204(\240"
 114      C21C1037 
 114      B8420460 
 114      3AB88428 
 114      A0
 115 0359 32F8E377 		.ascii	"2\370\343wNt2\201O\332Uh&r\327\344`\262ft\331\343\317"
 115      4E743281 
 115      4FDA5568 
 115      2672D7E4 
ARM GAS  /tmp/ccI9zwse.s 			page 9


 115      60B26674 
 116 0370 D05DA80E 		.ascii	"\320]\250\016BpA)\276+\350\030\320\012\267l\362\322"
 116      42704129 
 116      BE2BE818 
 116      D00AB76C 
 116      F2D2
 117 0382 AFB6ED68 		.ascii	"\257\266\355h{\341%\257\275\323km\337\271\263\375u\257"
 117      7BE125AF 
 117      BDD36B6D 
 117      DFB9B3FD 
 117      75AF
 118 0394 B36B7B47 		.ascii	"\263k{G\327\256\214\267\371\305\255\351\255o\2607\323"
 118      D7AE8CB7 
 118      F9C5ADE9 
 118      AD6FB037 
 118      D3
 119 03a5 F6DA2B1D 		.ascii	"\366\332+\035\235\336\226t\332k\355\350j\336\324\252"
 119      9DDE9674 
 119      DA6BEDE8 
 119      6ADED4AA 
 120 03b5 B0637B06 		.ascii	"\260c{\0062VW\346/\272\000\346\372"
 120      325657E6 
 120      2FBA00E6 
 120      FA
 121              		.text
 122              		.section	.gnu.lto_ram_areas.384c6ff071d9afdc,"",%progbits
 123 0000 789C75D1 		.ascii	"x\234u\321\311K[Q\024\006\360{rM\242\326\251V\255\266"
 123      C94B5B51 
 123      1406F07B 
 123      724DA2D6 
 123      A956ADB6 
 124 0014 69FB1FF8 		.ascii	"i\373\037\370\320Up\245dQ\\\210\240\177\201\015B\003"
 124      D05570A5 
 124      64515C88 
 124      A07F810D 
 124      4203
 125 0026 6A2449A1 		.ascii	"j$I\241\270\311[(\210\242+]\231E\300BWR\241\255\232"
 125      B8C95B28 
 125      88A22B5D 
 125      9945C042 
 125      5752A1AD 
 126 003b 380F69B5 		.ascii	"8\017i\265u\250\263\255\255\003\210\005q\345\200\240"
 126      75A8B3AD 
 126      AD038805 
 126      71E580A0 
 127 004b 16BDC9F7 		.ascii	"\026\275\311\367\026\345\205\363\026\357\203s.\037?"
 127      16E585F3 
 127      16EF8373 
 127      2E1F3F
 128 005a EEB50921 		.ascii	"\356\265\011!*\255B\224\011|=\222\"\221\323]{\360\237"
 128      2AAD4294 
 128      097C3D92 
 128      2291D35D 
 128      7BF09F
 129 006d DEAEEB07 		.ascii	"\336\256\353\007\235'\262%$EX&\255\302\307\226\304\202"
 129      9D27B225 
 129      24455826 
ARM GAS  /tmp/ccI9zwse.s 			page 10


 129      ADC2C796 
 129      C482
 130 007f 92179458 		.ascii	"\222\027\224XX\222\026\271\211\271L\314/\217\217&S\235"
 130      589216B9 
 130      89B94CCC 
 130      2F8F8F26 
 130      539D
 131 0091 437A7B58 		.ascii	"Cz{X/\017I\352\225\202\206(\330+\211>\307\303B\237\342"
 131      2F0F49EA 
 131      95828628 
 131      D82B893E 
 131      C7C3429F 
 132 00a6 21E92305 		.ascii	"!\351#\005\343\307/:\332\256d\247\014\251\205\335\324"
 132      E3C72F3A 
 132      DAAE64A7 
 132      0CA985DD 
 132      D4
 133 00b7 7AD70D61 		.ascii	"z\327\015a\012'\264rB\033#\264s\3021\010G!\214B\030"
 133      0A27B472 
 133      421B23B4 
 133      73C23108 
 133      47218C42 
 134 00cc 81F0E866 		.ascii	"\201\360\350f \232\005\241\315\324zn\010S9a\032'Lg\204"
 134      209A05A1 
 134      CDD47A6E 
 134      08533961 
 134      1A274C67 
 135 00e1 0F38E10C 		.ascii	"\0178\341\014\204\323\020NA8\011\341\302\273\350m\006"
 135      84D3104E 
 135      413809E1 
 135      C2BBE86D 
 135      06
 136 00f2 845653EB 		.ascii	"\204VS\353_C\230\301\01139a\026#\314\346\204\363\020"
 136      5F4398C1 
 136      09333961 
 136      1623CCE6 
 136      84F310
 137 0105 7E85F00B 		.ascii	"~\205\360\013\2041\010W[\007C\306+\247\230ZG\015a\016"
 137      84310857 
 137      5B0743C6 
 137      2BA7985A 
 137      470D610E 
 138 0119 277CC809 		.ascii	"'|\310\011s\031\341#N\270\014\341\022\204\213\020~\207"
 138      7319E123 
 138      4EB80CE1 
 138      12848B10 
 138      7E87
 139 012b 70E66CF0 		.ascii	"p\346l\360\275q\207\322\324\372\301\020\346q\302|NX"
 139      BD7187D2 
 139      D4FAC110 
 139      E671C27C 
 139      4E58
 140 013d C0081F73 		.ascii	"\300\010\037s\302\015\010\327!\\\203p\025\302\330\335"
 140      C20D08D7 
 140      215C8370 
 140      15C2D8DD 
 141 014d D5543684 		.ascii	"\325T6\204\026Sk\277!,\344\204E\234\360\011#|\312\011"
ARM GAS  /tmp/ccI9zwse.s 			page 11


 141      16536BBF 
 141      212CE484 
 141      459CF009 
 141      237CCA09 
 142 0161 7F41F813 		.ascii	"\177A\370\023\302\035\010\267!\374\277\346\246\013$"
 142      C21D08B7 
 142      21FCBFE6 
 142      A60B24
 143 0170 07477AC6 		.ascii	"\007Gz\306\221\2363\244\027\034i\037\244=\220\376\200"
 143      919E33A4 
 143      171C691F 
 143      A43D90FE 
 143      80
 144 0181 F41BA4D6 		.ascii	"\364\033\244\326\276\330\265\035\307uuu\222J\034t@N"
 144      BED8B51D 
 144      C7757575 
 144      924A1C74 
 144      404E
 145 0193 2A75D0AE 		.ascii	"*u\320\256\212-r\320\246\312\037*WT~S\271\240rN\345"
 145      8A2D72D0 
 145      A6CA1F2A 
 145      57547E53 
 145      B9A0724E 
 146 01a8 ACCA0995 		.ascii	"\254\312\011\225\343*GT\016\223S\320\241\3729\2135\327"
 146      E32A4754 
 146      0E9353D0 
 146      A1FA398B 
 146      35D7
 147 01ba 6BCF2B4F 		.ascii	"k\317+Ou\255\346\365knoc\243\267I\363\007\352|\2017"
 147      75ADE6F5 
 147      6B6E6F63 
 147      A3B749F3 
 147      07EA7C81 
 148 01cf CD5A454D 		.ascii	"\315ZEM\225\253\352m|\332\354i\250\367\371\265\227."
 148      95ABEA6D 
 148      7CDAEC69 
 148      A8F7F9B5 
 148      972E
 149 01e1 97E6F605 		.ascii	"\227\346\366\005J\212\335\342\036j\357\015\303"
 149      4A8ADDE2 
 149      1E6AEF0D 
 149      C3
 150              		.text
 151              		.section	.gnu.lto_.symbol_nodes.384c6ff071d9afdc,"",%progbits
 152 0000 789C55CD 		.ascii	"x\234U\315[VAq\000\205\361\357\334\204\244\\\223\220"
 152      5B564171 
 152      0085F1EF 
 152      DC84A45C 
 152      9390
 153 0012 D54C1A4C 		.ascii	"\325L\032L\343\370/k\031\200\361xs\227P\344\032%*\343"
 153      E3F82F6B 
 153      1980F178 
 153      739750E4 
 153      1A252AE3 
 154 0026 70ECB7F3 		.ascii	"p\354\267\363\262\177k}/;\004<[\376\330M\014\324\306"
 154      B27F6B7D 
 154      2F3B043C 
ARM GAS  /tmp/ccI9zwse.s 			page 12


 154      5BFED84D 
 154      0CD4C6
 155 0039 9CA9579E 		.ascii	"\234\251W\236\374\322\302X\301\322\306\330\301\322\301"
 155      FCD2C258 
 155      C1D2C6D8 
 155      C1D2C1
 156 0048 38C1D2C5 		.ascii	"8\301\322\305\270\201\3425\240\372\010\216\327\303*"
 156      B881E235 
 156      A0FA088E 
 156      D7C32A
 157 0057 FB575E1F 		.ascii	"\373W^\037[\276\340\310\001\256|\305\223CBr\304\205"
 157      5BBEE0C8 
 157      01AE7CC5 
 157      93434272 
 157      C485
 158 0069 1C13966F 		.ascii	"\034\023\226oD\344;Q9\341RN\211\311\017\256\344\214"
 158      44E43B51 
 158      39E1524E 
 158      89C90FAE 
 158      E48C
 159 007b B89C732D 		.ascii	"\270\234s-\027\334\310%\011\271\")\327\244\344'i\271"
 159      17DCC825 
 159      09B92229 
 159      D7A4E427 
 159      69B9
 160 008d 2123B764 		.ascii	"!#\267d\345\027\267\362\233\234\334q'\177\310\313=\367"
 160      E517B7F2 
 160      9B9CDC71 
 160      277FC8CB 
 160      3DF7
 161 009f F24041FE 		.ascii	"\362@A\376R\224\177\224\344?\017\362H\371,'\322\015"
 161      52947F94 
 161      E43F0FF2 
 161      48F92C27 
 161      D20D
 162 00b1 3A7C     		.ascii	":|"
 163              		.text
 164              		.section	.gnu.lto_.refs.384c6ff071d9afdc,"",%progbits
 165 0000 789C0DC3 		.ascii	"x\234\015\303\211\015\202@\000\000\260\243\341\020A"
 165      890D8240 
 165      0000B0A3 
 165      E11041
 166 000f 901F7F11 		.ascii	"\220\037\177\021e\032\367\337G\2334\013!|\377\245b\""
 166      651AF7DF 
 166      479B340B 
 166      217CFFA5 
 166      6222
 167 0021 F64B94D9 		.ascii	"\366K\224\331\311\355\025J\007\225\332Q\243\325\351"
 167      C9ED154A 
 167      0795DA51 
 167      A3D5E9
 168 0030 0D4693D9 		.ascii	"\015F\223\331\311\331\305\325\315\335\303\323\342e\365"
 168      C9D9C5D5 
 168      CDDDC3D3 
 168      E265F5
 169 003f F6B1851F 		.ascii	"\366\261\205\037y\344\003\217"
 169      79E4038F 
ARM GAS  /tmp/ccI9zwse.s 			page 13


 170              		.text
 171              		.section	.gnu.lto_.decls.384c6ff071d9afdc,"",%progbits
 172 0000 789C9D96 		.ascii	"x\234\235\226iPT\331\025\307\337\355\3334M\263\026Z"
 172      695054D9 
 172      15C7DFED 
 172      DB344DB3 
 172      165A
 173 0012 53548A49 		.ascii	"ST\212I\210\305D\222\214\364\340\306|JM\312\0173_&\251"
 173      88C54492 
 173      8CF4E0C6 
 173      7C4A4DCA 
 173      0F335F26 
 174 0027 4A2A5FE6 		.ascii	"J*_\346Cz\030\354\224T\260\261\240I\264\362\245\025"
 174      437A18EC 
 174      9454B0B1 
 174      A049B4F2 
 174      A515
 175 0039 51511836 		.ascii	"QQ\0306\225UA\331d\021\304\021T\020e\221U\026Q\007D"
 175      955541D9 
 175      6411C411 
 175      54106591 
 175      55165107 
 176 004e 11507007 		.ascii	"\021Pp\007d\020\027l\226\234{\356\353\365\302\244*\257"
 176      6410176C 
 176      969C7BEE 
 176      EBF5C2A4 
 176      2AAF
 177 0060 EADFEFDD 		.ascii	"\352\337\357\335\367\316\377w\316;\367\276[\255\222"
 177      F7CEFF77 
 177      CE3BF7BE 
 177      5BAD92
 178 006f 2429D747 		.ascii	"$)\327G\222\022\251$\355WH\3222\034\256p\257I\262\035"
 178      9212A924 
 178      ED5748D2 
 178      321CAE70 
 178      AF49B21D 
 179 0083 2EA00650 		.ascii	".\240\006P#\250\005\324\001\352\002\375\0324\015\232"
 179      23A805D4 
 179      01EA02FD 
 179      1A340D9A 
 180 0093 01CD82E6 		.ascii	"\001\315\202\346@oA\357A\037@\013\240%\006 \222\244"
 180      406F41EF 
 180      411F400B 
 180      A0250620 
 180      92A4
 181 00a5 0029412A 		.ascii	"\000)A*\220\032\244\001y\200\274@> _\320Z\320G ?\320"
 181      901AA401 
 181      7980BC40 
 181      3E205FD0 
 181      5AD04720 
 182 00bb 2F40FEA0 		.ascii	"/@\376\240_\202\002@\353@\201\240\337\200\202@\277\003"
 182      5F820240 
 182      EB4081A0 
 182      DF808240 
 182      BF03
 183 00cd 7D0A0A26 		.ascii	"}\012\012&\222\303\361\037\202\351\244o\3451\221kw>"
 183      92C3F11F 
ARM GAS  /tmp/ccI9zwse.s 			page 14


 183      82E9A46F 
 183      E531916B 
 183      773E
 184 00df F6AE10D7 		.ascii	"\366\256\020\327\270B\334\301\025\342ZV\210K]!\256c"
 184      B842DCC1 
 184      15E25A56 
 184      884B5D21 
 184      AE63
 185 00f1 85B863EC 		.ascii	"\205\270c\354\275\3458_\320Z\220\026\356\015\303y=\350"
 185      BDE5385F 
 185      D05A9016 
 185      EE0DC379 
 185      3DE8
 186 0103 33B89E82 		.ascii	"3\270\236\202\363$(\004\256\357\301\371\033\220\022"
 186      F3242804 
 186      AEEFC1F9 
 186      1B9012
 187 0112 F418340E 		.ascii	"\364\0304\016z\004\232\220st\311\347i\247<\017\010\367"
 187      7A049A90 
 187      7374C9E7 
 187      69A73C0F 
 187      08F7
 188 0124 0CCB2C96 		.ascii	"\014\313,\226gj\025\016;\002$\336\313O\345\336\006\311"
 188      676A150E 
 188      3B0224DE 
 188      CB4FE5DE 
 188      06C9
 189 0136 BD0E947B 		.ascii	"\275\016\224{\037 \317\205\277<7~\362\\\255\225\347"
 189      1F20CF85 
 189      BF3C377E 
 189      F25CAD95 
 189      E7
 190 0147 CE479E4B 		.ascii	"\316G\236K\017yn\325\362\\+\345\271gE\262\265\300\326"
 190      0F796ED5 
 190      F25C2BE5 
 190      B96745B2 
 190      B5C0D6
 191 015a 045B1B6C 		.ascii	"\004[\033l\215\260\265\302\326\014[;3N\365\037\245\244"
 191      8DB0B5C2 
 191      D60C5B3B 
 191      334EF51F 
 191      A5A4
 192 016c 3C6D3C43 		.ascii	"<m<C9J\036\240\333\207\020\271\303\366\007\033/[\016"
 192      394A1EA0 
 192      DB8710B9 
 192      C3F6071B 
 192      2F5B0E
 193 017f F69C0760 		.ascii	"\366\234\007`B[0q\266\3413\302\245\220l\2616\207\035"
 193      425B3071 
 193      B6E133C2 
 193      A5906CB1 
 193      36871D
 194 0192 D5CE4CF0 		.ascii	"\325\316L\360\220\260\024\373Z\2602\271<bKO\2541\226"
 194      90B014FB 
 194      5AB032B9 
 194      3C624B4F 
 194      AC3196
ARM GAS  /tmp/ccI9zwse.s 			page 15


 195 01a5 783B2AB1 		.ascii	"x;*\261\232\304\352\340\240r\023Jr\263\\\306\310\010"
 195      9AC4EAE0 
 195      A072134A 
 195      72B35CC6 
 195      C808
 196 01b7 44C22A48 		.ascii	"D\302*HQ\033\010\273y\361^r\273\212*\360\272gx\252\302"
 196      511B08BB 
 196      79F15E72 
 196      BB8A2AF0 
 196      BA6778AA 
 197 01cc 857AE1F5 		.ascii	"\205z\341\365\271\334\205~\265R!\221ZB\271\335\234Z"
 197      B9DC857E 
 197      B5522191 
 197      5A42B9DD 
 197      9C5A
 198 01de 54EE45D7 		.ascii	"T\356E\327\340\323\342\005\363=Up\205\211\037\352\034"
 198      E0D3E205 
 198      F33D5570 
 198      85891FEA 
 198      1C
 199 01ef 2A914B18 		.ascii	"*\221K\030\207\221\255\313\357\032\275\217P\342\253"
 199      8791ADCB 
 199      EF1ABD8F 
 199      50E2AB
 200 01fe 210A18DE 		.ascii	"!\012\030\336\232\351>\341\016\303\265\032\342\003\303"
 200      9AE93EE1 
 200      0EC3B51A 
 200      E203C3
 201 020d 8AC4E5A3 		.ascii	"\212\304\345\243.~\307\2311%\316\344\243 \337~D\352"
 201      2E7EC799 
 201      3125CEE4 
 201      A320DF7E 
 201      44EA
 202 021f 893FA923 		.ascii	"\211?\251#\376\360\006W\210\037\374\032\2242\251\260"
 202      FEF00657 
 202      881FFC1A 
 202      9432A9B0 
 203 022f DCECB22E 		.ascii	"\334\354\262.\337\224\337hj|\232\035X\332}\300t3\337"
 203      DF94DF68 
 203      6A7C9A1D 
 203      58DA7DC0 
 203      7433DF
 204 0242 64FA02E3 		.ascii	"d\372\002\343H\015\241\3442\011\206\370\213D\311Fpu"
 204      480DA1E4 
 204      320986F8 
 204      8B44C946 
 204      7075
 205 0254 818C11F2 		.ascii	"\201\214\021\362\003\031\205\267l \353\000\361\323T"
 205      031985B7 
 205      6C20EB00 
 205      F1D354
 206 0263 72AF374D 		.ascii	"r\2577M\"\253\274U\\\361\363E*gx\364\373lS\343\276\275"
 206      22ABBC55 
 206      5CF1F345 
 206      2A6778F4 
 206      FB6C53E3 
 207 0279 269302F1 		.ascii	"&\223\002\361W\255\370k\200\277\352\214oD\374\253;3"
ARM GAS  /tmp/ccI9zwse.s 			page 16


 207      57ADF86B 
 207      80BFEA8C 
 207      6F44FCAB 
 207      3B33
 208 028b 239466AF 		.ascii	"#\224f\257\206\037h*Ip\223\361\26768\340\233\254\370"
 208      861F682A 
 208      497093F1 
 208      B73638E0 
 208      9BACF8
 209 029e 66C03739 		.ascii	"f\30079\343[\020_:\364\246\331\235\026s|^\347\243S\036"
 209      E35B105F 
 209      3AF4A6D9 
 209      9D16737C 
 209      5EE7A353 
 210 02b3 B4860F9E 		.ascii	"\264\206\017\236?\273s\337\233\345j\265\344\032O\350"
 210      3FBB73DF 
 210      9BE56AB5 
 210      E41A4FE8 
 211 02c3 BFE266C9 		.ascii	"\277\342f\311N\332\210\222\335<\237\036\367\322\223"
 211      4EDA8892 
 211      DD3C9F1E 
 211      F7D293
 212 02d2 15D0646A 		.ascii	"\025\320dj\374\020\354P\300uk\001\355P\300u\347\002"
 212      FC10EC50 
 212      C0756B01 
 212      ED50C075 
 212      E702
 213 02e4 3AB0809B 		.ascii	":\260\200\233\231G\016\020z\225\347\354\236-*\267\274"
 213      99470E10 
 213      7A95E7EC 
 213      9E2D2AB7 
 213      BC
 214 02f5 4DD7E70C 		.ascii	"M\327\347\014f\262\300:-0\211]:\222\272\220t\2717\275"
 214      66B2C03A 
 214      2D30895D 
 214      3A92BA90 
 214      74B937BD 
 215 0309 C58BF671 		.ascii	"\305\213\366qR\355\223\3166\015_\"&\002\343\305\201"
 215      52ED93CE 
 215      360D5F22 
 215      2602E3C5 
 215      81
 216 031a 97D7095F 		.ascii	"\227\327\011_#&5\214\347\016\307\277\243\374\271+\014"
 216      2326358C 
 216      E70EC7BF 
 216      A3FCB92B 
 216      0C
 217 032b FBF79FCB 		.ascii	"\373\367\237\313\225\207J6\247=\331\343^<:\000\206\023"
 217      95874A36 
 217      A73DD9E3 
 217      5E3C3A00 
 217      8613
 218 033d 5DB3E7BD 		.ascii	"]\263\347\2754\207\330\212\312\2173\271}\305\302n\302"
 218      3487D88A 
 218      CA8F33B9 
 218      7DC5C26E 
 218      C2
ARM GAS  /tmp/ccI9zwse.s 			page 17


 219 034e 8AEAC315 		.ascii	"\212\352\303\025\325O4\360\253\365'\2750\204\350\354"
 219      D54F34F0 
 219      ABF527BD 
 219      3084E8EC 
 220 035e FAB92E17 		.ascii	"\372\271.\027\316b\231\016\276\276\276OI\207xY\017:"
 220      CE62990E 
 220      BEBEBE4F 
 220      49877859 
 220      0F3A
 221 0370 4ACB599E 		.ascii	"J\313Y\236\365\032\302>-o\270U5yy\336\223\337b\021\267"
 221      F51AC23E 
 221      2D6FB855 
 221      357979DE 
 221      93DF6211 
 222 0385 92670B5D 		.ascii	"\222g\013]\351\004\206+F\207\314\303^D\023\004\251\367"
 222      E904862B 
 222      4687CCC3 
 222      5E441304 
 222      A9F7
 223 0397 F1D49235 		.ascii	"\361\324\22251\271K\202\230\2115\205\374\0107\357\300"
 223      31B94B82 
 223      98893585 
 223      FC0837EF 
 223      C0
 224 03a8 CD625663 		.ascii	"\315bVc\343r\303\037\262fM\246\0002H4d\300\326\270\365"
 224      E372C31F 
 224      B2664DA6 
 224      00324834 
 224      64C0D6B8 
 225 03bd 1A3E91A5 		.ascii	"\032>\221\245\205\251\247U\264\020?JE}\316\343V\305"
 225      85A9A755 
 225      B4103F4A 
 225      457DCEE3 
 225      56C5
 226 03cf 6A39EEAF 		.ascii	"j9\356\257\232\343U\317\272\266x69\367 \307\220-\307"
 226      9AE355CF 
 226      BAB67836 
 226      39F720C7 
 226      902DC7
 227 03e2 2091932C 		.ascii	" \221\223,?\270\335\251\3628l\245b\240\255k\303\304"
 227      3FB8DDA9 
 227      F2386CA5 
 227      62A0AD6B 
 227      C3C4
 228 03f4 43FE9A6F 		.ascii	"C\376\232ot']u\245\203|\213H\231\316mp\247\017\371\300"
 228      74275D75 
 228      A5837C8B 
 228      4899CE6D 
 228      70A70FF9 
 229 0409 F261FBF2 		.ascii	"\362a\373\362\017\3332\247k\3459\355\233|wICg0Vu\243"
 229      0FDB32A7 
 229      6BE539ED 
 229      9B7C7749 
 229      43673056 
 230 041f 3DF77B4F 		.ascii	"=\367{O\022\010G\320\232\323,)|\317\001%\355\007L)a"
 230      120847D0 
 230      9AD32C29 
ARM GAS  /tmp/ccI9zwse.s 			page 18


 230      7CCF0125 
 230      ED074C29 
 231 0434 2C17B90D 		.ascii	",\027\271\015%>%kl\257v\013\313\010\201\037\211\307"
 231      253E256B 
 231      6CAF760B 
 231      CB08811F 
 231      89C7
 232 0446 7F28A6A6 		.ascii	"\177(\246\246B?\014~\340\034\254e\2617\211-\270\253"
 232      423F0C7E 
 232      E01CAC65 
 232      B137892D 
 232      B8AB
 233 0458 C41AFC70 		.ascii	"\304\032\374pe\262}\364\254\015=\262\"\032\313\340\215"
 233      65B27DF4 
 233      AC0D3DB2 
 233      221ACBE0 
 233      8D
 234 0469 9D3E4E61 		.ascii	"\235>Na\307c1\222\334Sv\244\342v\006\202\257\016\026"
 234      C7633192 
 234      DC5376A4 
 234      E2760682 
 234      AF0E16
 235 047c BE3FAC7B 		.ascii	"\276?\254{\346c$\010\"O`\236\036\223@2\016z\004\232"
 235      E6632408 
 235      224F609E 
 235      1E934032 
 235      0E7A049A 
 236 0490 208196CD 		.ascii	" \201\226\315r\340n\177\233\033]\344\223}\346\356\371"
 236      72E06E7F 
 236      9B1B5DE4 
 236      937DE6EE 
 236      F9
 237 04a1 160D5913 		.ascii	"\026\015Y\023\264\"\216\274\000\312\377\"\362\"\007"
 237      B4228EBC 
 237      00CAFF22 
 237      F22207
 238 04b0 42598DCF 		.ascii	"BY\215\317!\366\231m\352Y\311\230\262'q\254L\341\233"
 238      21F6996D 
 238      EA59C998 
 238      B22771AC 
 238      4CE19B
 239 04c3 22E7F842 		.ascii	"\"\347\370B\211\201=\220\245\033\213~I|-\237\015n+c"
 239      89813D90 
 239      A51B8B7E 
 239      497C2D9F 
 239      0D6E2B63 
 240 04d7 978E7BAD 		.ascii	"\227\216{\255\221+:\264jE\322j/\370C\333\3231\017\373"
 240      912B3AB4 
 240      6A45D26A 
 240      2FF843DB 
 240      D3310FFB 
 241 04eb 6C933F97 		.ascii	"l\223?\227\355\314Ru\005\371\244\300t\023\266\230\351"
 241      EDCC5275 
 241      05F9A4C0 
 241      7413B698 
 241      E9
 242 04fc 1CFF7493 		.ascii	"\034\377t\223\351+2E|\311\015\376\036vFv\347\357\260"
ARM GAS  /tmp/ccI9zwse.s 			page 19


 242      E92B3245 
 242      7CC90DFE 
 242      1E764676 
 242      E7EFB0
 243 050f DB4D934F 		.ascii	"\333M\223O\3007;\227t\001\266y\212\013\263\367Qz\233"
 243      C0373B97 
 243      7401B679 
 243      8A0BB3F7 
 243      517A9B
 244 0522 3740C660 		.ascii	"7@\306`n{3}O\307\345\363\345\375J\206\330\226\371+\334"
 244      6E7B337D 
 244      4FC7E5F3 
 244      E5FD4A86 
 244      D896F92B 
 245 0537 AB6610F1 		.ascii	"\253f\020\361\"\351\307eo\232\317\021'\006\315\255j"
 245      22E9C765 
 245      6F9ACF11 
 245      2706CDAD 
 245      6A
 246 0548 19315948 		.ascii	"\0311YHS\002\021\360\223\000\370\011\001\263\010(^\272"
 246      530211F0 
 246      9300F809 
 246      01B30828 
 246      5EBA
 247 055a 53ABA295 		.ascii	"S\253\242\225\034p\177\357E\263F\006L\024[\000\257\005"
 247      1C707FEF 
 247      45B34606 
 247      4C145B00 
 247      AF05
 248 056c C06B04CC 		.ascii	"\300k\004\314! \253l*KC\0338\240o\260\240\316\323\002"
 248      2120AB6C 
 248      2A4B431B 
 248      38A06FB0 
 248      A0CED302 
 249 0580 F0CB3635 		.ascii	"\360\31365+\221\360F \274A\302[$<n\351x\250\246=\234"
 249      2B91F046 
 249      20BC41C2 
 249      5B243C6E 
 249      E978A8A6 
 250 0596 303AD65D 		.ascii	"0:\326]\346.\023\236\330\265\341\235\200x\207\210\367"
 250      E62E139E 
 250      D8B5E19D 
 250      80788788 
 250      F7
 251 05a7 88D83793 		.ascii	"\210\3307\223Q\355N\3078\342\344\265\304\016*\264a^"
 251      51ED4EC7 
 251      38E2E4B5 
 251      C40E2AB4 
 251      615E
 252 05b9 00CC23E0 		.ascii	"\000\314#\340\003\002\372\033k\312\\\3514\007\334Hj"
 252      0302FA1B 
 252      6BCA5CE9 
 252      3407DC48 
 252      6A
 253 05ca 5F7011DA 		.ascii	"_p\021\332`\026\000f\004, \340\311xb\265\212.r@Z}\342"
 253      60160066 
 253      042C20E0 
ARM GAS  /tmp/ccI9zwse.s 			page 20


 253      C97862B5 
 253      8A2E7240 
 254 05e1 F115DAB0 		.ascii	"\361\025\332\260(\020\026\221\260\204\204\341\274\222"
 254      28101691 
 254      B08484E1 
 254      BC92
 255 05ef 790F9AA4 		.ascii	"y\017\232\244\3443\221y\261\3002\023KvmX\026\020\313"
 255      E4339179 
 255      B1C03213 
 255      4B766D58 
 255      1610CB
 256 0602 88302918 		.ascii	"\2100)\030\"\243\256\373\242+\315\347\010\363\331j\245"
 256      22A3AEFB 
 256      A22BCDE7 
 256      08F3D96A 
 256      A5
 257 0613 D085BD0A 		.ascii	"\320\205\275\012g?\334\201\337}\350_\356\315\353Q\320"
 257      673FDC81 
 257      DF7DE85F 
 257      EECDEB51 
 257      D0
 258 0624 4AEE9F69 		.ascii	"J\356\237i\032y\354!t!N\000\304!`?\002\272\256\244\325"
 258      1A79EC21 
 258      74214E00 
 258      C421603F 
 258      02BAAEA4 
 259 0639 C362E080 		.ascii	"\303b\340\200\252\242\275\373=\304.\304\013\204x$\034"
 259      AAA2BDFB 
 259      3DC42EC4 
 259      0B847824 
 259      1C
 260 064a 40426662 		.ascii	"@Bfb\302\307\264\207\003\006;3f,M\030\310\2625\341\240"
 260      C2C7B487 
 260      03063B33 
 260      662C4D18 
 260      C8B235E1 
 261 065f 40388884 		.ascii	"@8\210\204CHxQy\271\306\215\216qDSju\237J\350B\202\000"
 261      43487851 
 261      79B9C68D 
 261      8E714453 
 261      6A759F4A 
 262 0677 4840C061 		.ascii	"H@\300a\004\230O\315\227)\3514\007\224O\014\035\026"
 262      04984FCD 
 262      9729E934 
 262      07944F0C 
 262      1D16
 263 0689 3F892302 		.ascii	"?\211#\002\340\010\002\022\021\220\223{\262\336\203"
 263      E0080212 
 263      1190937B 
 263      B2DE83
 264 0698 2E724041 		.ascii	".r@A\332\345\223j\261\013I\002!\011\011\337#\241\362"
 264      DAE5936A 
 264      B10B4902 
 264      210909DF 
 264      23A1F2
 265 06ab EA833A37 		.ascii	"\352\203:7\232\344\302w\206\363o\006,;\303\264]\033"
 265      9AE4C277 
ARM GAS  /tmp/ccI9zwse.s 			page 21


 265      86F36F06 
 265      2C3BC3B4 
 265      5D1B
 266 06bd 92054432 		.ascii	"\222\005D2\"R\020\021\377\376@\216\232\346s\304\261"
 266      22521011 
 266      FFFE408E 
 266      9AE673C4 
 266      B1
 267 06ce A7CF525C 		.ascii	"\247\317R\\\2056\244\012\200T\004\244!\240-#\351\202"
 267      8536A40A 
 267      805404A4 
 267      21A02D23 
 267      E982
 268 06e0 3BADE480 		.ascii	";\255\344\200\262\326\241_\011]H\027\374\351\350?\212"
 268      B2D6A15F 
 268      095D4817 
 268      FCE9E83F 
 268      8A
 269 06f1 FEA2B994 		.ascii	"\376\242\271\224N%m\340\376\204\274\361j\"v\341\230"
 269      4E256DE0 
 269      FE84BCF1 
 269      6A2276E1 
 269      98
 270 0702 40388684 		.ascii	"@8\206\204\343HHh*.\325\320\036N\270]a\316\266\274B"
 270      E3484868 
 270      2A2ED5D0 
 270      1E4EB85D 
 270      61CEB6BC 
 271 0717 5BB6AD0B 		.ascii	"[\266\255\013\031\002\"\003\021\231\210\250;S5\013\033"
 271      19022203 
 271      119988A8 
 271      3B53350B 
 271      1B
 272 0728 03473437 		.ascii	"\003G47<-\360\026\272\220%\000\262\020\220\215\200K"
 272      3C2DF016 
 272      BA902500 
 272      B210908D 
 272      804B
 273 073a 53F7DEAB 		.ascii	"S\367\336\253\3504\007\314\317Ne\271\012m\310\021\000"
 273      E83407CC 
 273      CF4E65B9 
 273      0A6DC811 
 273      00
 274 074b 3908C845 		.ascii	"9\010\310E\300\353\033)\360I,r@\362\265\342y\205\330"
 274      C0EB1B29 
 274      F0492C72 
 274      40F2B5E2 
 274      7985D8
 275 075e 861302E1 		.ascii	"\206\023\002\341\004\022N\"\241\376\212\371c\232\244"
 275      04124E22 
 275      A1FE8AF9 
 275      639AA4
 276 076d 42406773 		.ascii	"B@gs\253\365\233\032\261\353B\236@\310CB>\022R\252N"
 276      ABF59B1A 
 276      B1EB429E 
 276      40C84342 
 276      3E1252AA 
ARM GAS  /tmp/ccI9zwse.s 			page 22


 277 0782 2DC05AE0 		.ascii	"-\300Z\340\210\276\372\332Z\"t\341\224\0008\205\200"
 277      88BEFADA 
 277      5A2274E1 
 277      94003885 
 277      80
 278 0793 D3FC256E 		.ascii	"\323\374%nW\014z\322J\016\270VS\371V\334\036\013\004"
 278      570C7AD2 
 278      4A0EB856 
 278      53F956DC 
 278      1E0B04
 279 07a6 4001020A 		.ascii	"@\001\002\012\0210VS[\345E\0338\300<\223\026\277B\027"
 279      11305653 
 279      5BE5451B 
 279      38C03C93 
 279      16BF4217 
 280 07ba 8A044211 		.ascii	"\212\004B\021\022\212\221p6e<\303\225\366pBf]\372\250"
 280      128A9170 
 280      36653CC3 
 280      95F67042 
 280      665DFAA8 
 281 07ce 6573     		.ascii	"es"
 282 07d0 7B6BD786 		.ascii	"{k\327\206\022\001Q\202\2103\210\310\276}\264\236\320"
 282      12015182 
 282      883388C8 
 282      BE7DB49E 
 282      D0
 283 07e1 318E7856 		.ascii	"1\216xV\332S\354)\264\241T\000\224\"\240\014\001\223"
 283      DA53EC29 
 283      B4A15400 
 283      9422A00C 
 283      0193
 284 07f3 07474760 		.ascii	"\007GG`1p@\333\363\266f7\241\015\345\002\240\034\001"
 284      317040DB 
 284      F3B66637 
 284      A10DE502 
 284      A01C01
 285 0806 157C837E 		.ascii	"\025|\203~\375!\016\026\003\007\324\344\245\376K\354"
 285      FD210E16 
 285      0307D4E4 
 285      A5FE4BEC 
 286 0816 C2590170 		.ascii	"\302Y\001p\026\001\225\010(\234\234hW\330\377\003\236"
 286      16019508 
 286      289C9C68 
 286      57D8FF03 
 286      9E
 287 0827 B4FBDF27 		.ascii	"\264\373\337'\221*\005\376\003fg\010\256~R\363\320\315"
 287      912A05FE 
 287      03666708 
 287      AE7E52F3 
 287      D0CD
 288 0839 3E98FD29 		.ascii	">\230\375)\261\005\237\223\203\317ap\367\322\300\234"
 288      B1059F93 
 288      83CF6170 
 288      F7D2C09C 
 289 0849 AB25F8D0 		.ascii	"\253%\370\320j\377\255I5\230\334u\272\360\250h\275."
 289      6AFFAD49 
 289      3598DC75 
ARM GAS  /tmp/ccI9zwse.s 			page 23


 289      BAF0A868 
 289      BD2E
 290 085b C2106154 		.ascii	"\302\020aT\376[\037\366\317\320`\355\266\035\021\337"
 290      FE5B1FF6 
 290      CFD060ED 
 290      B61D11DF 
 291 086b 45FCF9AF 		.ascii	"E\374\371\257\332\250\030mx\324\316\235Q\006m\2141,"
 291      DAA8186D 
 291      78D4CE9D 
 291      51066D8C 
 291      312C
 292 087d DA18BB4B 		.ascii	"\332\030\273K\373\307\277|\275\355\353\335\354\356\256"
 292      FBC7BF7C 
 292      BDEDEBDD 
 292      ECEEAE
 293 088c 88487D74 		.ascii	"\210H}t\214\366\313m\333\264\341\321\306\220\340p\365"
 293      8CF6CB6D 
 293      DBB4E1D1 
 293      C690E070 
 293      F5
 294 089d 977FFA5B 		.ascii	"\227\177\372[\300\266\220\020\351\363\377\023 y\350"
 294      C0B69010 
 294      E9F3FF13 
 294      2079E8
 295 08ac 74FAB0E8 		.ascii	"t\372\260\350\310=X\013\324\025\031f\344uy\351t\333"
 295      C83D580B 
 295      D4151966 
 295      E47579E9 
 295      74DB
 296 08be F5FF088B 		.ascii	"\365\377\010\213\2154\352\364\273#\214j\003\024l\214"
 296      8D34EAF4 
 296      BB238C6A 
 296      03146C8C 
 297 08ce 8D36F8E8 		.ascii	"\2156\370\350\360\261.:l\247.,Z\037\026\343f\275\322"
 297      F0B12E3A 
 297      6CA72E2C 
 297      5A1F16E3 
 297      66BDD2
 298 08e1 8447020B 		.ascii	"\204G\002\013\2575:]l\204\301\270i\243\316\270Y\033"
 298      AF353A5D 
 298      6C84C1B8 
 298      69A3CEB8 
 298      591B
 299 08f3 1B13AD0D 		.ascii	"\033\023\255\015\213\336\271\301\020e\320o\320\207}"
 299      8BDEB9C1 
 299      1065D06F 
 299      D0877D
 300 0902 17A18D30 		.ascii	"\027\241\2150\204G\306n\327kw\206\205\357\2100\350\265"
 300      8447C66E 
 300      D76B7786 
 300      85EF8830 
 300      E8B5
 301 0914 D654C63D 		.ascii	"\326T\306=\273\3641\301;$\265\305\375\333\237q\307\354"
 301      BBF431C1 
 301      3B24B5C5 
 301      FDDB9F71 
 301      C7EC
ARM GAS  /tmp/ccI9zwse.s 			page 24


 302 0926 89D1EA62 		.ascii	"\211\321\352b\214\333!\024,nX\026K\356\205WF\375n>\364"
 302      8CDB2114 
 302      2C6E5816 
 302      4BEE8557 
 302      46FD6E3E 
 303 093b 3044E9AC 		.ascii	"0D\351\254\317\274Y\265\326\221\316\350\253co\362\231"
 303      CFBC59B5 
 303      D691CEE8 
 303      AB636FF2 
 303      99
 304 094c CE66D179 		.ascii	"\316f\321y\332\337\322y\311#\376n:oyh\210\342\217\271"
 304      DADFD279 
 304      C923FE6E 
 304      3A6F7968 
 304      88E28FB9 
 305 0960 3F44F487 		.ascii	"?D\364\2078\370C\034\375!N\376\215\242\177\243\203\177"
 305      38F8431C 
 305      FD214EFE 
 305      8DA27FA3 
 305      837F
 306 0972 A3A37FA3 		.ascii	"\243\243\177\243\223\177\223\350\337\344\340\337\344"
 306      937F93E8 
 306      DFE4E0DF 
 306      E4
 307 097f E8DFE4E4 		.ascii	"\350\337\344\344\337,\3727;\3707;\3727;\371\267\210"
 307      DF2CFA37 
 307      3BF8373B 
 307      FA373BF9 
 307      B788
 308 0991 FE2D0EFE 		.ascii	"\376-\016\376-\216\376-N\376\255\242\177\253\203\177"
 308      2D8EFE2D 
 308      4EFEADA2 
 308      7FAB837F 
 309 09a1 ABA37FAB 		.ascii	"\253\243\177\253\223?T\364\207:\370C\035\375\241V\377"
 309      933F54F4 
 309      873AF843 
 309      1DFDA156 
 309      FF
 310 09b2 7F01B7EE 		.ascii	"\177\001\267\356eS"
 310      6553
 311              		.text
 312              		.section	.gnu.lto_.symtab.384c6ff071d9afdc,"",%progbits
 313 0000 5F5F636F 		.ascii	"__core_init\000"
 313      72655F69 
 313      6E697400 
 314 000c 00       		.ascii	"\000"
 315 000d 01       		.ascii	"\001"
 316 000e 00       		.ascii	"\000"
 317 000f 00000000 		.ascii	"\000\000\000\000\000\000\000\000"
 317      00000000 
 318 0017 BD000000 		.ascii	"\275\000\000\000"
 319 001b 5F5F6561 		.ascii	"__early_init\000"
 319      726C795F 
 319      696E6974 
 319      00
 320 0028 00       		.ascii	"\000"
 321 0029 01       		.ascii	"\001"
ARM GAS  /tmp/ccI9zwse.s 			page 25


 322 002a 00       		.ascii	"\000"
 323 002b 00000000 		.ascii	"\000\000\000\000\000\000\000\000"
 323      00000000 
 324 0033 C0000000 		.ascii	"\300\000\000\000"
 325 0037 5F5F6C61 		.ascii	"__late_init\000"
 325      74655F69 
 325      6E697400 
 326 0043 00       		.ascii	"\000"
 327 0044 01       		.ascii	"\001"
 328 0045 00       		.ascii	"\000"
 329 0046 00000000 		.ascii	"\000\000\000\000\000\000\000\000"
 329      00000000 
 330 004e C3000000 		.ascii	"\303\000\000\000"
 331 0052 5F5F6465 		.ascii	"__default_exit\000"
 331      6661756C 
 331      745F6578 
 331      697400
 332 0061 00       		.ascii	"\000"
 333 0062 01       		.ascii	"\001"
 334 0063 00       		.ascii	"\000"
 335 0064 00000000 		.ascii	"\000\000\000\000\000\000\000\000"
 335      00000000 
 336 006c C8000000 		.ascii	"\310\000\000\000"
 337 0070 5F5F696E 		.ascii	"__init_ram_areas\000"
 337      69745F72 
 337      616D5F61 
 337      72656173 
 337      00
 338 0081 00       		.ascii	"\000"
 339 0082 00       		.ascii	"\000"
 340 0083 00       		.ascii	"\000"
 341 0084 00000000 		.ascii	"\000\000\000\000\000\000\000\000"
 341      00000000 
 342 008c CA000000 		.ascii	"\312\000\000\000"
 343 0090 5F5F7261 		.ascii	"__ram0_init_text__\000"
 343      6D305F69 
 343      6E69745F 
 343      74657874 
 343      5F5F00
 344 00a3 00       		.ascii	"\000"
 345 00a4 02       		.ascii	"\002"
 346 00a5 00       		.ascii	"\000"
 347 00a6 00000000 		.ascii	"\000\000\000\000\000\000\000\000"
 347      00000000 
 348 00ae F0000000 		.ascii	"\360\000\000\000"
 349 00b2 5F5F7261 		.ascii	"__ram0_init__\000"
 349      6D305F69 
 349      6E69745F 
 349      5F00
 350 00c0 00       		.ascii	"\000"
 351 00c1 02       		.ascii	"\002"
 352 00c2 00       		.ascii	"\000"
 353 00c3 00000000 		.ascii	"\000\000\000\000\000\000\000\000"
 353      00000000 
 354 00cb F2000000 		.ascii	"\362\000\000\000"
 355 00cf 5F5F7261 		.ascii	"__ram0_clear__\000"
 355      6D305F63 
ARM GAS  /tmp/ccI9zwse.s 			page 26


 355      6C656172 
 355      5F5F00
 356 00de 00       		.ascii	"\000"
 357 00df 02       		.ascii	"\002"
 358 00e0 00       		.ascii	"\000"
 359 00e1 00000000 		.ascii	"\000\000\000\000\000\000\000\000"
 359      00000000 
 360 00e9 F4000000 		.ascii	"\364\000\000\000"
 361 00ed 5F5F7261 		.ascii	"__ram0_noinit__\000"
 361      6D305F6E 
 361      6F696E69 
 361      745F5F00 
 362 00fd 00       		.ascii	"\000"
 363 00fe 02       		.ascii	"\002"
 364 00ff 00       		.ascii	"\000"
 365 0100 00000000 		.ascii	"\000\000\000\000\000\000\000\000"
 365      00000000 
 366 0108 F6000000 		.ascii	"\366\000\000\000"
 367 010c 5F5F7261 		.ascii	"__ram1_init_text__\000"
 367      6D315F69 
 367      6E69745F 
 367      74657874 
 367      5F5F00
 368 011f 00       		.ascii	"\000"
 369 0120 02       		.ascii	"\002"
 370 0121 00       		.ascii	"\000"
 371 0122 00000000 		.ascii	"\000\000\000\000\000\000\000\000"
 371      00000000 
 372 012a F8000000 		.ascii	"\370\000\000\000"
 373 012e 5F5F7261 		.ascii	"__ram1_init__\000"
 373      6D315F69 
 373      6E69745F 
 373      5F00
 374 013c 00       		.ascii	"\000"
 375 013d 02       		.ascii	"\002"
 376 013e 00       		.ascii	"\000"
 377 013f 00000000 		.ascii	"\000\000\000\000\000\000\000\000"
 377      00000000 
 378 0147 FA000000 		.ascii	"\372\000\000\000"
 379 014b 5F5F7261 		.ascii	"__ram1_clear__\000"
 379      6D315F63 
 379      6C656172 
 379      5F5F00
 380 015a 00       		.ascii	"\000"
 381 015b 02       		.ascii	"\002"
 382 015c 00       		.ascii	"\000"
 383 015d 00000000 		.ascii	"\000\000\000\000\000\000\000\000"
 383      00000000 
 384 0165 FC000000 		.ascii	"\374\000\000\000"
 385 0169 5F5F7261 		.ascii	"__ram1_noinit__\000"
 385      6D315F6E 
 385      6F696E69 
 385      745F5F00 
 386 0179 00       		.ascii	"\000"
 387 017a 02       		.ascii	"\002"
 388 017b 00       		.ascii	"\000"
 389 017c 00000000 		.ascii	"\000\000\000\000\000\000\000\000"
ARM GAS  /tmp/ccI9zwse.s 			page 27


 389      00000000 
 390 0184 FE000000 		.ascii	"\376\000\000\000"
 391 0188 5F5F7261 		.ascii	"__ram2_init_text__\000"
 391      6D325F69 
 391      6E69745F 
 391      74657874 
 391      5F5F00
 392 019b 00       		.ascii	"\000"
 393 019c 02       		.ascii	"\002"
 394 019d 00       		.ascii	"\000"
 395 019e 00000000 		.ascii	"\000\000\000\000\000\000\000\000"
 395      00000000 
 396 01a6 00010000 		.ascii	"\000\001\000\000"
 397 01aa 5F5F7261 		.ascii	"__ram2_init__\000"
 397      6D325F69 
 397      6E69745F 
 397      5F00
 398 01b8 00       		.ascii	"\000"
 399 01b9 02       		.ascii	"\002"
 400 01ba 00       		.ascii	"\000"
 401 01bb 00000000 		.ascii	"\000\000\000\000\000\000\000\000"
 401      00000000 
 402 01c3 02010000 		.ascii	"\002\001\000\000"
 403 01c7 5F5F7261 		.ascii	"__ram2_clear__\000"
 403      6D325F63 
 403      6C656172 
 403      5F5F00
 404 01d6 00       		.ascii	"\000"
 405 01d7 02       		.ascii	"\002"
 406 01d8 00       		.ascii	"\000"
 407 01d9 00000000 		.ascii	"\000\000\000\000\000\000\000\000"
 407      00000000 
 408 01e1 04010000 		.ascii	"\004\001\000\000"
 409 01e5 5F5F7261 		.ascii	"__ram2_noinit__\000"
 409      6D325F6E 
 409      6F696E69 
 409      745F5F00 
 410 01f5 00       		.ascii	"\000"
 411 01f6 02       		.ascii	"\002"
 412 01f7 00       		.ascii	"\000"
 413 01f8 00000000 		.ascii	"\000\000\000\000\000\000\000\000"
 413      00000000 
 414 0200 06010000 		.ascii	"\006\001\000\000"
 415 0204 5F5F7261 		.ascii	"__ram3_init_text__\000"
 415      6D335F69 
 415      6E69745F 
 415      74657874 
 415      5F5F00
 416 0217 00       		.ascii	"\000"
 417 0218 02       		.ascii	"\002"
 418 0219 00       		.ascii	"\000"
 419 021a 00000000 		.ascii	"\000\000\000\000\000\000\000\000"
 419      00000000 
 420 0222 08010000 		.ascii	"\010\001\000\000"
 421 0226 5F5F7261 		.ascii	"__ram3_init__\000"
 421      6D335F69 
 421      6E69745F 
ARM GAS  /tmp/ccI9zwse.s 			page 28


 421      5F00
 422 0234 00       		.ascii	"\000"
 423 0235 02       		.ascii	"\002"
 424 0236 00       		.ascii	"\000"
 425 0237 00000000 		.ascii	"\000\000\000\000\000\000\000\000"
 425      00000000 
 426 023f 0A010000 		.ascii	"\012\001\000\000"
 427 0243 5F5F7261 		.ascii	"__ram3_clear__\000"
 427      6D335F63 
 427      6C656172 
 427      5F5F00
 428 0252 00       		.ascii	"\000"
 429 0253 02       		.ascii	"\002"
 430 0254 00       		.ascii	"\000"
 431 0255 00000000 		.ascii	"\000\000\000\000\000\000\000\000"
 431      00000000 
 432 025d 0C010000 		.ascii	"\014\001\000\000"
 433 0261 5F5F7261 		.ascii	"__ram3_noinit__\000"
 433      6D335F6E 
 433      6F696E69 
 433      745F5F00 
 434 0271 00       		.ascii	"\000"
 435 0272 02       		.ascii	"\002"
 436 0273 00       		.ascii	"\000"
 437 0274 00000000 		.ascii	"\000\000\000\000\000\000\000\000"
 437      00000000 
 438 027c 0E010000 		.ascii	"\016\001\000\000"
 439 0280 5F5F7261 		.ascii	"__ram4_init_text__\000"
 439      6D345F69 
 439      6E69745F 
 439      74657874 
 439      5F5F00
 440 0293 00       		.ascii	"\000"
 441 0294 02       		.ascii	"\002"
 442 0295 00       		.ascii	"\000"
 443 0296 00000000 		.ascii	"\000\000\000\000\000\000\000\000"
 443      00000000 
 444 029e 10010000 		.ascii	"\020\001\000\000"
 445 02a2 5F5F7261 		.ascii	"__ram4_init__\000"
 445      6D345F69 
 445      6E69745F 
 445      5F00
 446 02b0 00       		.ascii	"\000"
 447 02b1 02       		.ascii	"\002"
 448 02b2 00       		.ascii	"\000"
 449 02b3 00000000 		.ascii	"\000\000\000\000\000\000\000\000"
 449      00000000 
 450 02bb 12010000 		.ascii	"\022\001\000\000"
 451 02bf 5F5F7261 		.ascii	"__ram4_clear__\000"
 451      6D345F63 
 451      6C656172 
 451      5F5F00
 452 02ce 00       		.ascii	"\000"
 453 02cf 02       		.ascii	"\002"
 454 02d0 00       		.ascii	"\000"
 455 02d1 00000000 		.ascii	"\000\000\000\000\000\000\000\000"
 455      00000000 
ARM GAS  /tmp/ccI9zwse.s 			page 29


 456 02d9 14010000 		.ascii	"\024\001\000\000"
 457 02dd 5F5F7261 		.ascii	"__ram4_noinit__\000"
 457      6D345F6E 
 457      6F696E69 
 457      745F5F00 
 458 02ed 00       		.ascii	"\000"
 459 02ee 02       		.ascii	"\002"
 460 02ef 00       		.ascii	"\000"
 461 02f0 00000000 		.ascii	"\000\000\000\000\000\000\000\000"
 461      00000000 
 462 02f8 16010000 		.ascii	"\026\001\000\000"
 463 02fc 5F5F7261 		.ascii	"__ram5_init_text__\000"
 463      6D355F69 
 463      6E69745F 
 463      74657874 
 463      5F5F00
 464 030f 00       		.ascii	"\000"
 465 0310 02       		.ascii	"\002"
 466 0311 00       		.ascii	"\000"
 467 0312 00000000 		.ascii	"\000\000\000\000\000\000\000\000"
 467      00000000 
 468 031a 18010000 		.ascii	"\030\001\000\000"
 469 031e 5F5F7261 		.ascii	"__ram5_init__\000"
 469      6D355F69 
 469      6E69745F 
 469      5F00
 470 032c 00       		.ascii	"\000"
 471 032d 02       		.ascii	"\002"
 472 032e 00       		.ascii	"\000"
 473 032f 00000000 		.ascii	"\000\000\000\000\000\000\000\000"
 473      00000000 
 474 0337 1A010000 		.ascii	"\032\001\000\000"
 475 033b 5F5F7261 		.ascii	"__ram5_clear__\000"
 475      6D355F63 
 475      6C656172 
 475      5F5F00
 476 034a 00       		.ascii	"\000"
 477 034b 02       		.ascii	"\002"
 478 034c 00       		.ascii	"\000"
 479 034d 00000000 		.ascii	"\000\000\000\000\000\000\000\000"
 479      00000000 
 480 0355 1C010000 		.ascii	"\034\001\000\000"
 481 0359 5F5F7261 		.ascii	"__ram5_noinit__\000"
 481      6D355F6E 
 481      6F696E69 
 481      745F5F00 
 482 0369 00       		.ascii	"\000"
 483 036a 02       		.ascii	"\002"
 484 036b 00       		.ascii	"\000"
 485 036c 00000000 		.ascii	"\000\000\000\000\000\000\000\000"
 485      00000000 
 486 0374 1E010000 		.ascii	"\036\001\000\000"
 487 0378 5F5F7261 		.ascii	"__ram6_init_text__\000"
 487      6D365F69 
 487      6E69745F 
 487      74657874 
 487      5F5F00
ARM GAS  /tmp/ccI9zwse.s 			page 30


 488 038b 00       		.ascii	"\000"
 489 038c 02       		.ascii	"\002"
 490 038d 00       		.ascii	"\000"
 491 038e 00000000 		.ascii	"\000\000\000\000\000\000\000\000"
 491      00000000 
 492 0396 20010000 		.ascii	" \001\000\000"
 493 039a 5F5F7261 		.ascii	"__ram6_init__\000"
 493      6D365F69 
 493      6E69745F 
 493      5F00
 494 03a8 00       		.ascii	"\000"
 495 03a9 02       		.ascii	"\002"
 496 03aa 00       		.ascii	"\000"
 497 03ab 00000000 		.ascii	"\000\000\000\000\000\000\000\000"
 497      00000000 
 498 03b3 22010000 		.ascii	"\"\001\000\000"
 499 03b7 5F5F7261 		.ascii	"__ram6_clear__\000"
 499      6D365F63 
 499      6C656172 
 499      5F5F00
 500 03c6 00       		.ascii	"\000"
 501 03c7 02       		.ascii	"\002"
 502 03c8 00       		.ascii	"\000"
 503 03c9 00000000 		.ascii	"\000\000\000\000\000\000\000\000"
 503      00000000 
 504 03d1 24010000 		.ascii	"$\001\000\000"
 505 03d5 5F5F7261 		.ascii	"__ram6_noinit__\000"
 505      6D365F6E 
 505      6F696E69 
 505      745F5F00 
 506 03e5 00       		.ascii	"\000"
 507 03e6 02       		.ascii	"\002"
 508 03e7 00       		.ascii	"\000"
 509 03e8 00000000 		.ascii	"\000\000\000\000\000\000\000\000"
 509      00000000 
 510 03f0 26010000 		.ascii	"&\001\000\000"
 511 03f4 5F5F7261 		.ascii	"__ram7_init_text__\000"
 511      6D375F69 
 511      6E69745F 
 511      74657874 
 511      5F5F00
 512 0407 00       		.ascii	"\000"
 513 0408 02       		.ascii	"\002"
 514 0409 00       		.ascii	"\000"
 515 040a 00000000 		.ascii	"\000\000\000\000\000\000\000\000"
 515      00000000 
 516 0412 28010000 		.ascii	"(\001\000\000"
 517 0416 5F5F7261 		.ascii	"__ram7_init__\000"
 517      6D375F69 
 517      6E69745F 
 517      5F00
 518 0424 00       		.ascii	"\000"
 519 0425 02       		.ascii	"\002"
 520 0426 00       		.ascii	"\000"
 521 0427 00000000 		.ascii	"\000\000\000\000\000\000\000\000"
 521      00000000 
 522 042f 2A010000 		.ascii	"*\001\000\000"
ARM GAS  /tmp/ccI9zwse.s 			page 31


 523 0433 5F5F7261 		.ascii	"__ram7_clear__\000"
 523      6D375F63 
 523      6C656172 
 523      5F5F00
 524 0442 00       		.ascii	"\000"
 525 0443 02       		.ascii	"\002"
 526 0444 00       		.ascii	"\000"
 527 0445 00000000 		.ascii	"\000\000\000\000\000\000\000\000"
 527      00000000 
 528 044d 2C010000 		.ascii	",\001\000\000"
 529 0451 5F5F7261 		.ascii	"__ram7_noinit__\000"
 529      6D375F6E 
 529      6F696E69 
 529      745F5F00 
 530 0461 00       		.ascii	"\000"
 531 0462 02       		.ascii	"\002"
 532 0463 00       		.ascii	"\000"
 533 0464 00000000 		.ascii	"\000\000\000\000\000\000\000\000"
 533      00000000 
 534 046c 2E010000 		.ascii	".\001\000\000"
 535              		.text
 536              		.section	.gnu.lto_.opts,"",%progbits
 537 0000 272D666D 		.ascii	"'-fmath-errno' '-fsigned-zeros' '-ftrapping-math' '"
 537      6174682D 
 537      6572726E 
 537      6F272027 
 537      2D667369 
 538 0033 2D666E6F 		.ascii	"-fno-trapv' '-fno-strict-overflow' '-fno-openmp' '-"
 538      2D747261 
 538      70762720 
 538      272D666E 
 538      6F2D7374 
 539 0066 666E6F2D 		.ascii	"fno-openacc' '-mcpu=cortex-m3' '-mthumb' '-O0' '-fo"
 539      6F70656E 
 539      61636327 
 539      20272D6D 
 539      6370753D 
 540 0099 6D69742D 		.ascii	"mit-frame-pointer' '-falign-functions=16' '-ffuncti"
 540      6672616D 
 540      652D706F 
 540      696E7465 
 540      72272027 
 541 00cc 6F6E2D73 		.ascii	"on-sections' '-fdata-sections' '-fno-common' '-flto"
 541      65637469 
 541      6F6E7327 
 541      20272D66 
 541      64617461 
 542 00ff 2700     		.ascii	"'\000"
 543              		.text
 544              		.comm	__gnu_lto_v1,1,1
 545              		.comm	__gnu_lto_slim,1,1
 546              		.ident	"GCC: (GNU Tools for Arm Embedded Processors 7-2018-q3-update) 7.3.1 20180622 (release) [AR
ARM GAS  /tmp/ccI9zwse.s 			page 32


DEFINED SYMBOLS
                            *ABS*:0000000000000000 crt1.c
                            *COM*:0000000000000001 __gnu_lto_v1
                            *COM*:0000000000000001 __gnu_lto_slim

NO UNDEFINED SYMBOLS
