ARM GAS  /tmp/ccgBkUsj.s 			page 1


   1              		.cpu cortex-m3
   2              		.eabi_attribute 20, 1
   3              		.eabi_attribute 21, 1
   4              		.eabi_attribute 23, 3
   5              		.eabi_attribute 24, 1
   6              		.eabi_attribute 25, 1
   7              		.eabi_attribute 26, 1
   8              		.eabi_attribute 30, 6
   9              		.eabi_attribute 34, 1
  10              		.eabi_attribute 18, 4
  11              		.file	"hal.c"
  12              		.section	.gnu.lto_.inline.f016856e68a4e7ec,"",%progbits
  13 0000 789C6363 		.ascii	"x\234cc``\360f@\000&\006\006f fbZ \317\300\002\3421"
  13      6060F066 
  13      40002606 
  13      06662066 
  13      625A20CF 
  14 0018 30303270 		.ascii	"002p\237d@\023\342\302$\230\270AJ\021|\006\000\250\350"
  14      9F644013 
  14      E2C22498 
  14      B8414A11 
  14      7C0600A8 
  15 002d 0310     		.ascii	"\003\020"
  16              		.text
  17              		.section	.gnu.lto_osalInit.f016856e68a4e7ec,"",%progbits
  18 0000 789C6363 		.ascii	"x\234cc``(\005b5 \026\005b\006f\006F&\006 fd\004r\030"
  18      60602805 
  18      62352016 
  18      05620666 
  18      06462606 
  19 001a 19EA9918 		.ascii	"\031\352\231\030\353\031{\230\24703\036j\177\266\223"
  19      EB197B98 
  19      A730331E 
  19      6A7FB693 
  20 002a 49737903 		.ascii	"Isy\003\020\034\230~MnM\303\205\006\3469\314\014\014"
  20      101C987E 
  20      4D6E4DC3 
  20      8506E639 
  20      CC0C0C
  21 003d D39819C0 		.ascii	"\323\230\031\300\200q3\243&\003P\335\243\215\377\246"
  21      807133A3 
  21      260350DD 
  21      A38DFFA6 
  22 004d F2B2B140 		.ascii	"\362\262\261@\304\031\2670\2621\200LZ\177\211\365@\303"
  22      C419B730 
  22      B231804C 
  22      5A7F89F5 
  22      40C3
  23 005f BFFFED0D 		.ascii	"\277\377\355\015\007\356,a\274\035\007\264\242\003\254"
  23      07EE2C61 
  23      BC1D07B4 
  23      A203AC
  24 006e AF9319C8 		.ascii	"\257\223\031\310d~\307\330\244\000V\012\002\035\314"
  24      647EC7D8 
  24      A400560A 
  24      021DCC
  25 007d 400D4051 		.ascii	"@\015@Q\025=}\347\214\314\244L\377`\375\374b\375\214"
ARM GAS  /tmp/ccgBkUsj.s 			page 2


  25      153D7DE7 
  25      8CCCA44C 
  25      FF60FDFC 
  25      62FD8C
  26 0090 C41C2005 		.ascii	"\304\034 \005$\212Jt\3632!l\275\014\006\000\212\273"
  26      248A4A74 
  26      F332216C 
  26      BD0C0600 
  26      8ABB
  27 00a2 2E3C     		.ascii	".<"
  28              		.text
  29              		.section	.gnu.lto_halInit.f016856e68a4e7ec,"",%progbits
  30 0000 789C7590 		.ascii	"x\234u\220MK\002a\020\307\347\357\350Z\364B\027\241"
  30      4D4B0261 
  30      10C7E7EF 
  30      E85AF442 
  30      17A1
  31 0012 B0A0AB17 		.ascii	"\260\240\253\027\367Ct\353\322\241OP^\024\202 ?\300"
  31      F74374EB 
  31      D2A14F50 
  31      5E148220 
  31      3FC0
  32 0024 6E9968D4 		.ascii	"n\231h\3241\267\016K,\021T\247\020{\333\336\\\374\002"
  32      31B70E4B 
  32      2C1154A7 
  32      107BDBDE 
  32      5CFC02
  33 0037 51D76E91 		.ascii	"Q\327n\221\235,\203\016a\2405\317\032\341a\035\030\036"
  33      9D2C830E 
  33      61A035CF 
  33      1AE1611D 
  33      181E
  34 0049 9E99DFCC 		.ascii	"\236\231\337\314\374g4\"j\200hJ\336\23081!D\342\220"
  34      FC673422 
  34      6A80684A 
  34      DE983831 
  34      2144E290 
  35 005d 20818C10 		.ascii	" \201\214\020\014l\3616\243VxuC\211CS\314\333\371\230"
  35      0C6CF136 
  35      A3567875 
  35      43894353 
  35      CCDBF998 
  36 0071 308F3CD8 		.ascii	"0\217<\330Ld1\371\206\012\022$\330s\271S\032\321\302"
  36      4C6431F9 
  36      860A1224 
  36      D873B953 
  36      1AD1C2
  37 0084 DD384EA1 		.ascii	"\3358N\241\221jt\362\030\361\314\316O\301\364^\366\361"
  37      916A74F2 
  37      18F1CCCE 
  37      4FC1F45E 
  37      F6F1
  38 0096 353B4854 		.ascii	"5;HT\364\3536X\206q\0039\247\031\367a\351\340\272\215"
  38      F4EB3658 
  38      86710339 
  38      A719F761 
  38      E9E0BA8D 
ARM GAS  /tmp/ccgBkUsj.s 			page 3


  39 00aa A7A8D136 		.ascii	"\247\250\3216\007l\206\305R\2153\030d\013\251\270\026"
  39      076C86C5 
  39      528D3318 
  39      640BA9B8 
  39      16
  40 00bb 07734AF4 		.ascii	"\007sJ\364\371?\267\356\224\207\0038\266X\306\342B8"
  40      F93FB7EE 
  40      94870338 
  40      B658C6E2 
  40      4238
  41 00cd 4958F9DA 		.ascii	"IX\371\332}t\223m\016C}s\337\325\317Q\341\306%\340("
  41      7D74936D 
  41      0E437D73 
  41      DFD5CF51 
  41      E1C625E0 
  42 00e2 75126B3D 		.ascii	"u\022k=\274\025\207\034\354\255\216\331\034\201+\267"
  42      BC15871C 
  42      ECAD8ED9 
  42      1C812BB7 
  43 00f2 B8C4A49F 		.ascii	"\270\304\244\237\311\035T\362\020z\3274\247U\207+8\350"
  43      C91D54F2 
  43      107AD734 
  43      A755872B 
  43      38E8
  44 0104 AE7B0DC3 		.ascii	"\256{\015\303f\315\027[\037\015\026\033\026\0217=K\265"
  44      66CD175B 
  44      1F0D161B 
  44      1611373D 
  44      4BB5
  45 0116 FB7011E1 		.ascii	"\373p\021\341n{\270\343X0\247\011w\327\303\325\373p"
  45      6E7BB8E3 
  45      5830A709 
  45      77D7C3D5 
  45      FB70
  46 0128 51E1AA7F 		.ascii	"Q\341\252\177\334;\326\234f\251\253YYQ\235Z\256\030"
  46      DC3BD69C 
  46      66A9AB59 
  46      59519D5A 
  46      AE18
  47 013a 4FEA33E9 		.ascii	"O\3523\351\314bfn^_\316\352\351\205%=\273\222Ro2E\277"
  47      CC62666E 
  47      5E5FCEEA 
  47      E985253D 
  47      BB92526F 
  48 0151 6D81A44F 		.ascii	"m\201\244O"
  49              		.text
  50              		.section	.gnu.lto_.symbol_nodes.f016856e68a4e7ec,"",%progbits
  51 0000 789C55CA 		.ascii	"x\234U\312\315\015\3020\014@\341g\247I\031\203Q`2\007"
  51      CD0DC230 
  51      0C40E167 
  51      A7491983 
  51      51603207 
  52 0014 B1001BF0 		.ascii	"\261\000\033\360\023`\007\270\241\336\231\201\252Kp"
  52      136007B8 
  52      A1DE9981 
  52      AA4B70
  53 0023 42B89190 		.ascii	"B\270\221\220\310\301z\326g'\340\351\203\276\305`\347"
ARM GAS  /tmp/ccgBkUsj.s 			page 4


  53      C8C17AD6 
  53      6727E0E9 
  53      83BEC560 
  53      E7
  54 0034 BBE7961F 		.ascii	"\273\347\226\0379\271\355\325\344g\367\315\032\342I"
  54      39B9EDD5 
  54      E467F7CD 
  54      1AE249
  55 0043 59FAB75C 		.ascii	"Y\372\267\\\325\264^ \347\225\303E-4pV\353\032(j\261"
  55      D5B45E20 
  55      E795C345 
  55      2D347056 
  55      EB1A286A 
  56 0058 81A35A6A 		.ascii	"\201\243Zj\340\240\326\377C\020(\257\217\004Y0\324\366"
  56      E0A0D6FF 
  56      431028AF 
  56      8F045930 
  56      D4F6
  57 006a 4CB589ED 		.ascii	"L\265\211\35587Rj;\206\332\300\344\345\013q\3515\016"
  57      3837526A 
  57      3B86DAC0 
  57      E4E50B71 
  57      E9350E
  58              		.text
  59              		.section	.gnu.lto_.refs.f016856e68a4e7ec,"",%progbits
  60 0000 789C6363 		.ascii	"x\234cc```\003bFF&&f\006\000\000\275\000\026"
  60      60606003 
  60      62464626 
  60      26660600 
  60      00BD0016 
  61              		.text
  62              		.section	.gnu.lto_.decls.f016856e68a4e7ec,"",%progbits
  63 0000 789C8D55 		.ascii	"x\234\215UmPTU\030\276\357\236ea\027\024\006\232\306"
  63      6D505455 
  63      18BEEF9E 
  63      65611714 
  63      069AC6
  64 0013 299B18C2 		.ascii	")\233\030\302\334\232dE\233\246\037M3\246e\316\2301"
  64      DC9A6445 
  64      9BA61F4D 
  64      33A665CE 
  64      9831
  65 0025 A3FDE9CF 		.ascii	"\243\375\351\317\272\002\312\316\340.\263\273\224\216"
  65      BA02CACE 
  65      E02EB3BB 
  65      948E
  66 0033 33751154 		.ascii	"3u\021T\"\013QF\005D\011,B(-\305\017\360c\025\371\310"
  66      220B5146 
  66      0544092C 
  66      42282DC5 
  66      0FF06315 
  67 0049 4010C584 		.ascii	"@\020\305\204@\010DA\021\021\024\345\273\367\234sw\357"
  67      40084441 
  67      111114E5 
  67      BBF79C73 
  67      77EF
  68 005b 7511EACC 		.ascii	"u\021\352\314\274\367\336\367\236\347y\336\217s\356"
ARM GAS  /tmp/ccgBkUsj.s 			page 5


  68      BCF7DEF7 
  68      9EE779DE 
  68      8F73EE
  69 006a B91A4110 		.ascii	"\271\032A\020F\265\202\020\253\022\204:|\236\300A\360"
  69      46B58210 
  69      AB12843A 
  69      7C9EC041 
  69      F0
  70 007b 7E5E9087 		.ascii	"~^\220\207\017Z)\332\031\264s\322\\\031Z9\332\023\264"
  70      0F5A29DA 
  70      19B473D2 
  70      5C195A39 
  70      DA13B4
  71 008e 2134401B 		.ascii	"!4@\033\021\236\035_\002\177\277Z\362A\322\361\034\233"
  71      119E1D5F 
  71      027FBF5A 
  71      F241D2F1 
  71      1C9B
  72 00a0 70C25BC2 		.ascii	"p\302[\302\215\242\225\240\215\241=B\033@\033T\344q"
  72      8DA295A0 
  72      8DA13D42 
  72      1B401B54 
  72      E471
  73 00b2 46D21892 		.ascii	"F\322\030\222b\227K\271\234\227r{^\036\351\004\012w"
  73      62974BB9 
  73      9C97727B 
  73      5E1EE904 
  73      0A77
  74 00c4 76EC51B7 		.ascii	"v\354Q\267B\013\235\206\000\000)3\345\000\251z6\350"
  74      420B9D86 
  74      00002933 
  74      E500A97A 
  74      36E8
  75 00d6 3C07A8C0 		.ascii	"<\007\250\3005\311Q\23646\007\334T\202\214\225\031\012"
  75      35C9519E 
  75      343607DC 
  75      54828C95 
  75      190A
  76 00e8 550519D8 		.ascii	"U\005\031\330\020X*\312\\XfRz \207\0077\306\205W\250"
  76      10582ACA 
  76      5C586652 
  76      7A208707 
  76      37C68557 
  77 00fd 829B3439 		.ascii	"\202\23349;\034DjB\376\276\014\2576\270\211\310\317"
  77      3B1C446A 
  77      42FEBE0C 
  77      AF36B889 
  77      C8CF
  78 010f 0561878F 		.ascii	"\005a\207\217\005\350\313\275\207\322r|\211\212=w\367"
  78      05E8CBBD 
  78      87D2727C 
  78      898A3D77 
  78      F7
  79 0120 54ECF623 		.ascii	"T\354\366#\276\354\271b\274\351\2366\254H\344\303g\205"
  79      BEECB962 
  79      BCE99E36 
  79      AC48E4C3 
ARM GAS  /tmp/ccgBkUsj.s 			page 6


  79      6785
  80 0132 00C781B8 		.ascii	"\000\307\201\270\332Y>\361\304\351\377-\201@\035\250"
  80      DA593EF1 
  80      C4E9FF2D 
  80      81401DA8 
  81 0142 D0ADEFAB 		.ascii	"\320\255\357\253\316\366E\367\005\035\004\240[\264}"
  81      CEF645F7 
  81      051D04A0 
  81      5BB47D
  82 0151 22DD6BD6 		.ascii	"\"\335k\326n\312\333\221(\006\250`\365\213p\012f\303"
  82      6ECADB91 
  82      2806A860 
  82      F58B700A 
  82      66C3
  83 0163 49988D29 		.ascii	"I\230\215)\226\300,\274Z\324\\\251o\254\375\354\314"
  83      96C02CBC 
  83      5AD45CA9 
  83      6FACFDEC 
  83      CC
  84 0174 901CD1E9 		.ascii	"\220\034\321\351\024\235\023\235oV\226o\025\353\220"
  84      149D139D 
  84      6F56966F 
  84      15EB90
  85 0183 F731C341 		.ascii	"\3671\303A1\0208\001a\264\342b\032\035\216A\033\300"
  85      31103801 
  85      61B4E262 
  85      1A1D8E41 
  85      1BC0
  86 0195 5168C51A 		.ascii	"Qh\305\032J!\204\362\217\212\355:\262\212\245\234Vt"
  86      4A2184F2 
  86      8F8AED3A 
  86      B28AA59C 
  86      5674
  87 01a7 E31B2D6A 		.ascii	"\343\033-j\345\240\326\235\254\340;\307Dq\013j\251\231"
  87      E5A0D69D 
  87      ACE03BC7 
  87      44710B6A 
  87      A999
  88 01b9 D46959EA 		.ascii	"\324iY\352\264\247\324\031&\265\355\367\336V/\262\201"
  88      B4A7D419 
  88      26B5EDF7 
  88      DE562FB2 
  88      81
  89 01ca 496DBF55 		.ascii	"Im\277UZ\354\217Rm\"\246u\340\335\275G\272\304d\035"
  89      5AEC8F52 
  89      6D22A675 
  89      E0DDBD47 
  89      BAC4641D 
  90 01de CFE9AC2C 		.ascii	"\317\351\254,tV\352\010\234c\002\325\267[6\221\\`\002"
  90      7456EA08 
  90      9C6302D5 
  90      B75B3691 
  90      5C6002
  91 01f1 85E52909 		.ascii	"\205\345)\011jI\240\343\027}\34111\311\213\321\2352"
  91      6A49A0E3 
  91      177DE131 
  91      31C98BD1 
ARM GAS  /tmp/ccgBkUsj.s 			page 7


  91      9D32
  92 0203 DDE9A29F 		.ascii	"\335\351\242\237g\364\213\015w\223\275\310\031\316/"
  92      67F48B0D 
  92      7793BDC8 
  92      19CE2F
  93 0212 19D86D97 		.ascii	"\031\330m\227\350\367N\2765\356\246_\220\351\027\\\364"
  93      E8F74EBE 
  93      35EEA65F 
  93      90E9175C 
  93      F4
  94 0223 3246AFBD 		.ascii	"2F\257\275\2247:\203ts\372\325\364\202\241\031\022\277"
  94      94373A83 
  94      7473FAD5 
  94      F482A119 
  94      12BF
  95 0235 ECACBEDA 		.ascii	"\354\254\276\332\315\277(\363/\272\370\345\214\177\250"
  95      CDBF28F3 
  95      2FBAF8E5 
  95      8C7FA8
  96 0244 28A3534B 		.ascii	"(\243SK\366\360\235p%\351\310>\302\027X\215\356\303"
  96      F6F09D70 
  96      25E9C83E 
  96      C217588D 
  96      EEC3
  97 0256 9ACC8E99 		.ascii	"\232\314\216\231|\201\203\321-=q\272\302\213\317\316"
  97      7C8183D1 
  97      2D3D71BA 
  97      C28BCFCE 
  98 0266 4777A42B 		.ascii	"Gw\244+\275\021\270\353\207\356\346\322\3064\177\016"
  98      BD11B8EB 
  98      87EEE6D2 
  98      C6347F0E 
  99 0276 6E1314E4 		.ascii	"n\023\024\344@N\376>\365\350o:\362#\217\223Y\372\350"
  99      404EFE3E 
  99      F5E86F3A 
  99      F2238F93 
  99      59FAE8
 100 0289 92A4E483 		.ascii	"\222\244\344\203n^y\311\260/)\342s-U\005\2054\207\271"
 100      6E5E79C9 
 100      B02F29E2 
 100      732D5505 
 100      853487B9 
 101 029d 3AA0DBDC 		.ascii	":\240\333\334\037_\035\356954\203\277\242\210\372\324"
 101      1F5F1DEE 
 101      39353483 
 101      BFA288FA 
 101      D4
 102 02ae FE83DEE4 		.ascii	"\376\203\336\344\010\203\253Z\033G\232g\202N\237,\212"
 102      0883AB5A 
 102      1B479A67 
 102      824E9F2C 
 102      8A
 103 02bf 9BC59C44 		.ascii	"\233\305\234DQ\213{\250\012w]%\356:\270\006zJ\242\225"
 103      518B7BA8 
 103      0A775D25 
 103      EE3AB806 
 103      7A4AA295 
ARM GAS  /tmp/ccgBkUsj.s 			page 8


 104 02d3 C3157C59 		.ascii	"\303\025|Y\207/\177\242\033\324\331Z\373~F\277(\006"
 104      872F7FA2 
 104      1BD4D95A 
 104      FB7E46BF 
 104      2806
 105 02e5 C355D041 		.ascii	"\303U\320A\275\334\235\271:\276A\013\016\246\345jH\037"
 105      BDDC9DB9 
 105      3ABE410B 
 105      0EA6E56A 
 105      481F
 106 02f7 8F519AD5 		.ascii	"\217Q\232\325Y\256\232*\306_S\306\250m\015\251\300\235"
 106      59AE9A2A 
 106      C65F53C6 
 106      A86D0DA9 
 106      C09D
 107 0309 A882EB18 		.ascii	"\250\202\353\030\243A\216\201!y\220\366\222\346\004"
 107      A3418E81 
 107      217990F6 
 107      92E604
 108 0318 15C923AC 		.ascii	"\025\311#\254\252\361\224\323}\204\3443\307\253\352"
 108      AAF194D3 
 108      7D84E433 
 108      C7ABEA
 109 0327 D160A21F 		.ascii	"\321`\242\037\204\206\206\006\351siPg\353}}v}\227(\356"
 109      84868606 
 109      E9736950 
 109      67EB7D7D 
 109      767D9728 
 110 033c F4636A37 		.ascii	"\364cj7P\255\005\202\344,\014\364\033\013\307\213\300"
 110      50AD0582 
 110      E42C0CF4 
 110      1B0BC78B 
 110      C0
 111 034d F1EDAF64 		.ascii	"\361\355\257d\212\316$\302\300\265\317\005W\201\214"
 111      8ACE24C2 
 111      C0B5CF05 
 111      57818C
 112 035c EE57A01B 		.ascii	"\356W\240\033=\321\227\301\255\235\306>n4P\013\360'"
 112      3DD197C1 
 112      AD9DC63E 
 112      6E34500B 
 112      F027
 113 036e 022EB139 		.ascii	"\002.\2619\012\307\332\360\214\321C\023\204\302\337"
 113      0AC7DAF0 
 113      8CD14313 
 113      84C2DF
 114 037d 68CD10CA 		.ascii	"h\315\020\312\266\031oEEv`\002\262(R\220\332 \235)\347"
 114      B6196F45 
 114      45766002 
 114      B2285290 
 114      DA209D29 
 115 0392 C693EA34 		.ascii	"\306\223\3524\244\235\225\255\252,8T\003\020\244\177"
 115      A49D95AD 
 115      AA2C3854 
 115      0310A47F 
 116 03a2 6E1CF807 		.ascii	"n\034\370\007\345\377;\324x\266\006\017.\374\312\203"
 116      E5FF3BD4 
ARM GAS  /tmp/ccgBkUsj.s 			page 9


 116      78B6060F 
 116      2EFCCA83 
 117 03b2 F02377F7 		.ascii	"\360#w\367\234\006f\361z\223:\333|\371\326\233\205n"
 117      9C0666F1 
 117      7A933ADB 
 117      7CF9D69B 
 117      856E
 118 03c4 71CDC99B 		.ascii	"q\315\311\233^\3441_\202\346\376\353\333|\311(w\016"
 118      5EE4315F 
 118      82E6FEEB 
 118      DB7CC928 
 118      770E
 119 03d6 8FA6E76B 		.ascii	"\217\246\347kH\242\2329\251\2117\277\342\244\367\350"
 119      48A29A39 
 119      A98937BF 
 119      E2A4F7E8 
 120 03e6 31B1377F 		.ascii	"1\2617\177\207F\332\352\004\375\224\342]y\376$\205A"
 120      8746DAEA 
 120      04FD94E2 
 120      5D79FE24 
 120      8541
 121 03f8 BDB7ECAF 		.ascii	"\275\267\354\257\314\366fK\027\252\017\315e)\015\036"
 121      CCF6664B 
 121      17AA0FCD 
 121      65290D1E 
 122 0408 08DC258A 		.ascii	"\010\334%\212U\363YR\035\230T\017\336\335e\265\203r"
 122      55F35952 
 122      1D98540F 
 122      DEDD65B5 
 122      8372
 123 041a ED107E41 		.ascii	"\355\020~A\237\300V\203\242k<\321\325\360\314\342!\274"
 123      9FC05683 
 123      A26B3CD1 
 123      D5F0CCE2 
 123      21BC
 124 042c 4901EFF2 		.ascii	"I\001\357\362\204\3771\305\342\335A\300m6\327#u\264"
 124      84FF31C5 
 124      E2DD41C0 
 124      6D36D723 
 124      75B4
 125 043e 173B7A1F 		.ascii	"\027;z\037\273\371\000\255\033\355.\332=\251\263<P\375"
 125      BBF900AD 
 125      1BED2EDA 
 125      3DA9B33C 
 125      50FD
 126 0450 AB72A04E 		.ascii	"\253r\240N\317@\362\006\224V\374\000_\361\236gW\234"
 126      CF40F206 
 126      9456FC00 
 126      5FF19E67 
 126      579C
 127 0462 2BDD5636 		.ascii	"+\335V6\344\226\247\324eE\211\330\335\363C=[\374I\032"
 127      E496A7D4 
 127      654589D8 
 127      DDF3433D 
 127      5BFC491A 
 128 0476 EBAEEAF0 		.ascii	"\353\256\352\360\375\276\257A\037\304c\364\026\260\245"
 128      FDBEAF41 
ARM GAS  /tmp/ccgBkUsj.s 			page 10


 128      1FC463F4 
 128      16B0A5
 129 0485 EE47729F 		.ascii	"\356Gr\237\274\324=l\251\237[-<\304\"\377O\301\030\366"
 129      BCD43D6C 
 129      A99F5B2D 
 129      3CC422FF 
 129      4FC118F6 
 130 0499 DAF04083 		.ascii	"\332\360@\203\177\220$\223<\245\2140\235FVF}\227\326"
 130      7F902493 
 130      3CA58C30 
 130      9D465646 
 130      7D97D6
 131 04ac 2FC57D6C 		.ascii	"/\305}l\300\200\342\303\022\340\021\370I\300\343\351"
 131      C080E2C3 
 131      12E011F8 
 131      49C0E3E9 
 132 04bc 771F68D5 		.ascii	"w\037h\325*\376\216\376%\351\371Z\221\331\340=\345\377"
 132      2AFE8EFE 
 132      25E9F95A 
 132      91D9E03D 
 132      E5FF
 133 04ce 7490FD4F 		.ascii	"t\220\375O\037\203\364C\355OL\317\321H'\377\345\007"
 133      1F83F443 
 133      ED4F4CCF 
 133      D14827FF 
 133      E507
 134 04e0 013F24E6 		.ascii	"\001?$\346\350)\004*\344\276T\270\016\376'\354\340\317"
 134      E829042A 
 134      E4BE54B8 
 134      0EFE27EC 
 134      E0CF
 135 04f2 D89F7A84 		.ascii	"\330\237z\204\220,\276\277{\317\015t\273\376[e\337\221"
 135      902CBEBF 
 135      7BCF0D74 
 135      BBFE5B65 
 135      DF91
 136 0504 92CAADCE 		.ascii	"\222\312\255\316\010\376\337{*\013<u\011\0141\201\252"
 136      08FEDF7B 
 136      2A0B3C75 
 136      090C3181 
 136      AA
 137 0515 B25F077D 		.ascii	"\262_\007}I\023\027\030+\251)V\317\311\023\373\350\331"
 137      49131718 
 137      2BA92956 
 137      CFC913FB 
 137      E8D9
 138 0527 7A3FB8B7 		.ascii	"z?\270\267/IL\016d\345\016s\001\305\216\033f?\342\021"
 138      2F494C0E 
 138      64E50E73 
 138      01C58E1B 
 138      663FE211 
 139 053b 9883BC03 		.ascii	"\230\203\274\003\243#\0313\225\035\2421\345\016\215"
 139      A3231933 
 139      951DA231 
 139      E50E8D
 140 054a F20ED13B 		.ascii	"\362\016\321;\202\177\316\332\334\341\247\004\017>\003"
 140      827FCEDA 
ARM GAS  /tmp/ccgBkUsj.s 			page 11


 140      DCE1A704 
 140      0F3E03
 141 0559 1E93C0F4 		.ascii	"\036\223\300\364\356c\265\233b\227Y\314\216\227\302"
 141      EE63B59B 
 141      629759CC 
 141      8E97C2
 142 0568 0C8B63CC 		.ascii	"\014\213c\314k\314\237\2564X\355\206\030S\254\301n\213"
 142      6BCC9FAE 
 142      3458ED86 
 142      1853ACC1 
 142      6E8B
 143 057a A4F7B048 		.ascii	"\244\367\260H\237\245+>\013^\034\036.\204N\302P\266"
 143      9FA52B3E 
 143      0B5E1C1E 
 143      2E844EC2 
 143      50B6
 144 058c C1E69867 		.ascii	"\301\346\230g1\363\347\260\030\301;\206\013\276<\265"
 144      31F3E7B0 
 144      18C13B86 
 144      0BBE3CB5 
 145 059c A0A0B13B 		.ascii	"\240\240\261;($d\022\304l\211\214\215\217\212\246\317"
 145      28246412 
 145      C46C898C 
 145      8D8F8AA6 
 145      CF
 146 05ad 46BB03D5 		.ascii	"F\273\003\325\264k\254&[\024\005\007\204\031\3303\277"
 146      B46BAC26 
 146      5B140507 
 146      8419D833 
 146      BF
 147 05be D240F638 		.ascii	"\322@\36683\235xmz\22583b5v\246\361\372\364\320h\233"
 147      339D786D 
 147      7A953833 
 147      623576A6 
 147      F1FAF4D0 
 148 05d4 999530C3 		.ascii	"\231\2250\303\030\207nll\224\321\214$M\304\222%&\207"
 148      18876E6C 
 148      6C94D18C 
 148      244DC492 
 148      252687
 149 05e7 8944DA62 		.ascii	"\211D\332buFc\274\331\342X\270\300\350x\333\020o\267"
 149      754663BC 
 149      D9E258B8 
 149      C0E878DB 
 149      106FB7
 150 05fa 194CB6F5 		.ascii	"\031L\266\365\363,VK\364\274h\323\032\263[l\275)2\306"
 150      F32C564B 
 150      F4BC68D3 
 150      1AB35B6C 
 150      BD2932C6 
 151 060e 6C893618 		.ascii	"l\2116\030\243\242\327\232\342c\035F\307\306\270h;\012"
 151      A3A2D79A 
 151      E2631D46 
 151      C7C6B868 
 151      3B0A
 152 0620 FBB8D86F 		.ascii	"\373\270\330oL\303\266o\264\033\260\370(\204\"\205X"
 152      4CC3B66F 
ARM GAS  /tmp/ccgBkUsj.s 			page 12


 152      B41BB0F8 
 152      28842285 
 152      58
 153 0631 A36C183A 		.ascii	"\243l\030:\346\235I\251\307Ym\016\273a\345\252O\026"
 153      E69D49A9 
 153      C7596D0E 
 153      BB61E5AA 
 153      4F16
 154 0643 2E302C5F 		.ascii	".0,_\276\304\2604b\331\247_\204\263J\244\364\221\036"
 154      BEC4B034 
 154      62D9A75F 
 154      84B34AA4 
 154      F4911E
 155 0656 6877ACC7 		.ascii	"hw\254\307\200\353\342\314V\254\317\021\037g\304z\026"
 155      80EBE2CC 
 155      56ACCF11 
 155      1F67C47A 
 155      16
 156 0667 D37A3411 		.ascii	"\323z4\021\037\360\333\"~\373\220\336\264\021\213\226"
 156      1FF0DB22 
 156      7EFB90DE 
 156      B4118B96 
 157 0677 2FB65AD6 		.ascii	"/\266Z\326\232\327\371\305(Z\020>mpv\375(|\303\006C"
 157      9AD7F9C5 
 157      285A103E 
 157      6D7076FD 
 157      287CC306 
 158 068c 8C1C97A6 		.ascii	"\214\034\227\246\340*?\222)\376\013\202$\275\010"
 158      E02A3F92 
 158      29FE0B82 
 158      24BD08
 159              		.text
 160              		.section	.gnu.lto_.symtab.f016856e68a4e7ec,"",%progbits
 161 0000 68616C49 		.ascii	"halInit\000"
 161      6E697400 
 162 0008 00       		.ascii	"\000"
 163 0009 00       		.ascii	"\000"
 164 000a 00       		.ascii	"\000"
 165 000b 00000000 		.ascii	"\000\000\000\000\000\000\000\000"
 165      00000000 
 166 0013 BD000000 		.ascii	"\275\000\000\000"
 167 0017 70616C5F 		.ascii	"pal_default_config\000"
 167      64656661 
 167      756C745F 
 167      636F6E66 
 167      696700
 168 002a 00       		.ascii	"\000"
 169 002b 02       		.ascii	"\002"
 170 002c 00       		.ascii	"\000"
 171 002d 00000000 		.ascii	"\000\000\000\000\000\000\000\000"
 171      00000000 
 172 0035 FB000000 		.ascii	"\373\000\000\000"
 173 0039 7374496E 		.ascii	"stInit\000"
 173      697400
 174 0040 00       		.ascii	"\000"
 175 0041 02       		.ascii	"\002"
 176 0042 00       		.ascii	"\000"
ARM GAS  /tmp/ccgBkUsj.s 			page 13


 177 0043 00000000 		.ascii	"\000\000\000\000\000\000\000\000"
 177      00000000 
 178 004b BF000000 		.ascii	"\277\000\000\000"
 179 004f 626F6172 		.ascii	"boardInit\000"
 179      64496E69 
 179      7400
 180 0059 00       		.ascii	"\000"
 181 005a 02       		.ascii	"\002"
 182 005b 00       		.ascii	"\000"
 183 005c 00000000 		.ascii	"\000\000\000\000\000\000\000\000"
 183      00000000 
 184 0064 C1000000 		.ascii	"\301\000\000\000"
 185 0068 73706949 		.ascii	"spiInit\000"
 185      6E697400 
 186 0070 00       		.ascii	"\000"
 187 0071 02       		.ascii	"\002"
 188 0072 00       		.ascii	"\000"
 189 0073 00000000 		.ascii	"\000\000\000\000\000\000\000\000"
 189      00000000 
 190 007b C3000000 		.ascii	"\303\000\000\000"
 191 007f 7364496E 		.ascii	"sdInit\000"
 191      697400
 192 0086 00       		.ascii	"\000"
 193 0087 02       		.ascii	"\002"
 194 0088 00       		.ascii	"\000"
 195 0089 00000000 		.ascii	"\000\000\000\000\000\000\000\000"
 195      00000000 
 196 0091 C5000000 		.ascii	"\305\000\000\000"
 197 0095 5F70616C 		.ascii	"_pal_lld_init\000"
 197      5F6C6C64 
 197      5F696E69 
 197      7400
 198 00a3 00       		.ascii	"\000"
 199 00a4 02       		.ascii	"\002"
 200 00a5 00       		.ascii	"\000"
 201 00a6 00000000 		.ascii	"\000\000\000\000\000\000\000\000"
 201      00000000 
 202 00ae F7000000 		.ascii	"\367\000\000\000"
 203 00b2 68616C5F 		.ascii	"hal_lld_init\000"
 203      6C6C645F 
 203      696E6974 
 203      00
 204 00bf 00       		.ascii	"\000"
 205 00c0 02       		.ascii	"\002"
 206 00c1 00       		.ascii	"\000"
 207 00c2 00000000 		.ascii	"\000\000\000\000\000\000\000\000"
 207      00000000 
 208 00ca F9000000 		.ascii	"\371\000\000\000"
 209              		.text
 210              		.section	.gnu.lto_.opts,"",%progbits
 211 0000 272D666D 		.ascii	"'-fmath-errno' '-fsigned-zeros' '-ftrapping-math' '"
 211      6174682D 
 211      6572726E 
 211      6F272027 
 211      2D667369 
 212 0033 2D666E6F 		.ascii	"-fno-trapv' '-fno-strict-overflow' '-fno-openmp' '-"
 212      2D747261 
ARM GAS  /tmp/ccgBkUsj.s 			page 14


 212      70762720 
 212      272D666E 
 212      6F2D7374 
 213 0066 666E6F2D 		.ascii	"fno-openacc' '-mcpu=cortex-m3' '-mthumb' '-O0' '-fo"
 213      6F70656E 
 213      61636327 
 213      20272D6D 
 213      6370753D 
 214 0099 6D69742D 		.ascii	"mit-frame-pointer' '-falign-functions=16' '-ffuncti"
 214      6672616D 
 214      652D706F 
 214      696E7465 
 214      72272027 
 215 00cc 6F6E2D73 		.ascii	"on-sections' '-fdata-sections' '-fno-common' '-flto"
 215      65637469 
 215      6F6E7327 
 215      20272D66 
 215      64617461 
 216 00ff 2700     		.ascii	"'\000"
 217              		.text
 218              		.comm	__gnu_lto_v1,1,1
 219              		.comm	__gnu_lto_slim,1,1
 220              		.ident	"GCC: (GNU Tools for Arm Embedded Processors 7-2018-q3-update) 7.3.1 20180622 (release) [AR
ARM GAS  /tmp/ccgBkUsj.s 			page 15


DEFINED SYMBOLS
                            *ABS*:0000000000000000 hal.c
                            *COM*:0000000000000001 __gnu_lto_v1
                            *COM*:0000000000000001 __gnu_lto_slim

NO UNDEFINED SYMBOLS
