ARM GAS  /tmp/ccI5eMf2.s 			page 1


   1              		.cpu cortex-m3
   2              		.eabi_attribute 20, 1
   3              		.eabi_attribute 21, 1
   4              		.eabi_attribute 23, 3
   5              		.eabi_attribute 24, 1
   6              		.eabi_attribute 25, 1
   7              		.eabi_attribute 26, 1
   8              		.eabi_attribute 30, 6
   9              		.eabi_attribute 34, 1
  10              		.eabi_attribute 18, 4
  11              		.file	"hal_lld.c"
  12              		.section	.gnu.lto_.inline.5d6e141e12cb51fe,"",%progbits
  13 0000 789C6363 		.ascii	"x\234cc``\360d@\000f\006\0066V\006\006&\216\011~\014"
  13      6060F064 
  13      40006606 
  13      06365606 
  13      06268E09 
  14 0016 2C0C4C20 		.ascii	",\014L !F\006\011#\240\210\332\201\035Lp!.\024\202\211"
  14      21460609 
  14      23A088DA 
  14      811D4C70 
  14      212E1482 
  15 002b 41550548 		.ascii	"AU\005H\272\035\330\304\002S\301\000\000\321\304\005"
  15      BA1DD8C4 
  15      0253C100 
  15      00D1C405 
  16 003b 6F       		.ascii	"o"
  17              		.text
  18              		.section	.gnu.lto_hal_lld_backup_domain_init.5d6e141e12cb51fe,"",%progbits
  19 0000 789C7590 		.ascii	"x\234u\220\277KBQ\024\307\317y\347\365\314\3001hhhu"
  19      BF4B4251 
  19      14C7CF79 
  19      E7F5CCC0 
  19      31686868 
  20 0015 F16252FF 		.ascii	"\361bR\377@\340\026\015\266G?\006\005\301\310\0067\257"
  20      40E0160D 
  20      B6473F06 
  20      05C1C806 
  20      37AF
  21 0027 A669BFB6 		.ascii	"\246i\277\2664\210G\330\020M\031\321\017\323\202\344"
  21      348847D8 
  21      104D19D1 
  21      0FD382E4 
  22 0037 0D6D1144 		.ascii	"\015m\021D45DC\210C\223C\015i\347\276\033\264\324\205"
  22      34354443 
  22      88439343 
  22      0D69E7BE 
  22      1BB4D485 
  23 004b 73EFE19C 		.ascii	"s\357\341\234\357\375~\016\307\002\200\002\002\204\370"
  23      EFFD7E0E 
  23      C7028002 
  23      0284F8
  24 005a 1DE40002 		.ascii	"\035\344\000\0024\200\003\271\010\010i\003\323\270I"
  24      348003B9 
  24      08086903 
  24      D3B849
  25 0069 DB844EE1 		.ascii	"\333\204N\341\255n\370\017%\237\346\316\363XF\346\207"
ARM GAS  /tmp/ccI5eMf2.s 			page 2


  25      AD6EF80F 
  25      259FE6CE 
  25      F35846E6 
  25      87
  26 007a 6C022813 		.ascii	"l\002(\023\270\007O\321\017,{=\351\226|\226\251\353"
  26      B8074FD1 
  26      0F2C7B3D 
  26      E9967C96 
  26      A9EB
  27 008c 78861628 		.ascii	"x\206\026(\243\343\207\276\246\354\366\012\262\3319"
  27      A3E387BE 
  27      A6ECF60A 
  27      B2D939
  28 009b C05ED883 		.ascii	"\300^\330\203`\023sl2He\246\312\000\212\256\327\232"
  28      6013736C 
  28      324865A6 
  28      CA008AAE 
  28      D79A
  29 00ad 4AA98DD9 		.ascii	"J\251\215\331N\353s\\9\354\022\262\361\376W\256\352"
  29      4EEB735C 
  29      39EC12B2 
  29      F1FE57AE 
  29      EA
  30 00be DD2056A3 		.ascii	"\335 V\243|\311H\023\317q\030\332\3504\274Zc\260\246"
  30      7CC94813 
  30      CF7118DA 
  30      E834BC5A 
  30      63B0A6
  31 00d1 9C77EE3D 		.ascii	"\234w\356=Z\243f\271v\356n\255\012\356ex\346\021\233"
  31      5AA366B9 
  31      76EE6EAD 
  31      0AEE6578 
  31      E6119B
  32 00e4 888DF082 		.ascii	"\210\215\360\202\177\251\336S\255Q\363\211#\231C\233"
  32      7FA9DE53 
  32      AD51F389 
  32      2399439B 
  33 00f4 4CAC6105 		.ascii	"L\254a\005K.\035/Q\200\202\367k[\372\341\254|\254\242"
  33      4B2E1D2F 
  33      518082F7 
  33      6B5BFAE1 
  33      AC7CACA2 
  34 0108 AE989A55 		.ascii	"\256\230\232Um\335\330\003\212e\2404\260\256\207y\\"
  34      6DDDD803 
  34      8A65A034 
  34      B0AE8779 
  34      5C
  35 0119 77457FB2 		.ascii	"wE\177\262\351\037v\343\227}\205\202\375\341\035\263"
  35      E91F76E3 
  35      977D8582 
  35      FDE11DB3 
  36 0129 95DE96EB 		.ascii	"\225\336\226\353\344\356\266H\274C^J0 &\242\261\271"
  36      E4EEB648 
  36      BC435E4A 
  36      302026A2 
  36      B1B9
  37 013b D8544424 		.ascii	"\330TD$\222\":\033\027\213\211\245\345\244\210LO\206"
ARM GAS  /tmp/ccI5eMf2.s 			page 3


  37      92223A1B 
  37      178B89A5 
  37      E5A4884C 
  37      4F86
  38 014d 46F51D0E 		.ascii	"F\365\035\016\246R\2523\023\217/\004\346\341\033\322"
  38      A652AA33 
  38      138F2F04 
  38      E6E11BD2 
  39 015d A88446   		.ascii	"\250\204F"
  40              		.text
  41              		.section	.gnu.lto_hal_lld_init.5d6e141e12cb51fe,"",%progbits
  42 0000 789C8D96 		.ascii	"x\234\215\226[L\024W\030\307\3177gfv\226e\027\0044\304"
  42      5B4C1457 
  42      18C7CF37 
  42      67667696 
  42      65170434 
  43 0015 4BD41852 		.ascii	"K\324\030Rya\304KM|j\323\304\2476Mj\037\372\324\246"
  43      7961C44B 
  43      4D7C6AD3 
  43      C4A7364D 
  43      6A1FFAD4 
  44 002a B5269A90 		.ascii	"\265&\232\220`\3244\2761 \010Ec\323*hp\323l\333\207"
  44      60D434BE 
  44      31200845 
  44      63D32A68 
  44      70D36CDB 
  45 003f 620CA269 		.ascii	"b\014\242i+\354*v]-\245*\342\005\255\210\242E\273R\240"
  45      2BEC2A76 
  45      5D2DA52A 
  45      E205AD88 
  45      A245BB52 
  46 0054 9AAAADB7 		.ascii	"\232\252\255\267\010\236\357\233\205ag\317\244L\262"
  46      089EEF9B 
  46      856167CF 
  46      A44CB2
  47 0063 FF3D3373 		.ascii	"\377=3s\376\277\357r\316\354\254\316\030k\3673\266V"
  47      FEBFEF72 
  47      CEECACCE 
  47      186BF733 
  47      B656
  48 0075 7CCF141F 		.ascii	"|\317\024\037\306\031(L|\000\304\011\260\012\005*`'"
  48      C619284C 
  48      7C00C409 
  48      B00A052A 
  48      6027
  49 0087 DFC32151 		.ascii	"\337\303!Q\233\214*\305\337[\342\210\357\335\227\265"
  49      9B8C2AC5 
  49      DF5BE288 
  49      EFDD97B5 
  50 0097 DDAA290C 		.ascii	"\335\252)\014s\306\0329\243\003~\200b&\246\015\036\031"
  50      73C61A39 
  50      A3037E80 
  50      6226A60D 
  50      1E19
  51 00a9 6B08EAAA 		.ascii	"k\010\352\252}\035~\004]@\230!n\\\254>\034\346;x\230"
  51      7D1D7E04 
  51      5D409821 
ARM GAS  /tmp/ccI5eMf2.s 			page 4


  51      6E5CAC3E 
  51      1CE63B78 
  52 00be 03A8E2F4 		.ascii	"\003\250\342\364\237\356\246;!<U`\2018\375\367Xu_\210"
  52      9FEEA63B 
  52      213C5560 
  52      8138FDF7 
  52      58755F88 
  53 00d2 2F0744B4 		.ascii	"/\007D\264?\254\0350\212\276\263\254*+>\326\25475\307"
  53      3FAC1D30 
  53      8ABEB3AC 
  53      2A2B3ED6 
  53      AC3735C7 
  54 00e6 AB178439 		.ascii	"\253\027\2049\2076\340\202\012Ga.\374\004s\355\250\355"
  54      8736E082 
  54      0A47612E 
  54      FC0473ED 
  54      A8ED
  55 00f8 50241CF5 		.ascii	"P$\034\365#\211]\001\276\212\334\215\273:+!\345\276"
  55      23895D01 
  55      BE8ADC8D 
  55      BB3A2B21 
  55      E5BE
  56 010a 7052E9B2 		.ascii	"pR\351\262T\364F%\336\030yc{\017\036\012\3627\310{\270"
  56      54F44625 
  56      DE187963 
  56      7B0F1E0A 
  56      F237C87B 
  57 011f 79E79096 		.ascii	"y\347\220\226\341=&\361\036'oK\374\351\233|5Y\223\017"
  57      E13D26F1 
  57      1E276F4B 
  57      FCE99B7C 
  57      3559930F 
  58 0133 EEF5E829 		.ascii	"\356\365\350)k\242x2\347\016\211\367\004y\257\234\375"
  58      6BA27832 
  58      E70E89F7 
  58      0479AF9C 
  58      FD
  59 0144 E628E76F 		.ascii	"\346(\347o\223\371\341\227/:\002\031q\177\226x\343\344"
  59      93F9E197 
  59      2F3A0219 
  59      717F9678 
  59      E3E4
  60 0156 DD5F5395 		.ascii	"\335_S\225\014\361\367\310\373d\367\221z=\303{R\342"
  60      0CF1F7C8 
  60      FB64F791 
  60      7A3DC37B 
  60      52E2
  61 0168 4D90B766 		.ascii	"M\220\267f\307\215\001?\377\200\274}\343\261\336\011"
  61      C78D013F 
  61      FF80BC7D 
  61      E3B1DE09 
  62 0178 EF7527E9 		.ascii	"\357u'\351S\022\363i2?\177\361\354+\235\177H\346\335"
  62      5312F369 
  62      323F7FF1 
  62      EC2B9D7F 
  62      48E6DD
  63 018b 77BF8DA8 		.ascii	"w\277\215\250)\363\240c\376Eb\356\204\242\326KZ\334"
ARM GAS  /tmp/ccI5eMf2.s 			page 5


  63      29F3A063 
  63      FE4562EE 
  63      84A2D64B 
  63      5ADC
  64 019d 1A1BAFB5 		.ascii	"\032\033\257\265\342\311\305\321\307\003y\257\001\013"
  64      E2C9C5D1 
  64      C70379AF 
  64      010B
  65 01ab 735541E1 		.ascii	"sUA\341(*\212\206\242\243\370P\014\024?J\026J\000%["
  65      282A8A86 
  65      A2A3F850 
  65      0C143F4A 
  65      164A0025 
  66 01c0 080FE228 		.ascii	"\010\017\342(\204\243\034\034\345\242\314\300\323<\034"
  66      84A31C1C 
  66      E5A2CCC0 
  66      D33C1C
  67 01cf E5E3A800 		.ascii	"\345\343\250\000G\263pT\2102\033e\016\312<\224\371("
  67      47B37054 
  67      88321B65 
  67      0ECA3C94 
  67      F928
  68 01e1 0B5116A1 		.ascii	"\013Q\026\2410VG\333\370s.\366>\037\206\252\307C_\254"
  68      305647DB 
  68      F8732EF6 
  68      3E1F86AA 
  68      C7435FAC 
  69 01f5 C3CDDBC4 		.ascii	"\303\315\333\304AT\332\337\332=b\340^U\301\212\324Y"
  69      4154DADF 
  69      DA3D62E0 
  69      5E55C18A 
  69      D459
  70 0207 2AFC2A0A 		.ascii	"*\374*\012\033\206D\314o\317\231\205\333\256&\321\343"
  70      1B8644CC 
  70      6FCF9985 
  70      DBAE26D1 
  70      E3
  71 0218 B3E76073 		.ascii	"\263\347`s\216'\272;\365\010|])\036\027\321\026M\200"
  71      8E27BA3B 
  71      F5087C5D 
  71      291E17D1 
  71      164D80
  72 022b A00BDB21 		.ascii	"\240\013\333!\356]m\213\265\005\315\026\253\032\302"
  72      EE5D6D8B 
  72      B505CD16 
  72      AB1AC2
  73 023a 5C87DF20 		.ascii	"\\\207\337 \002\015\024\035\316\200\3110\270ac\225\211"
  73      020D141D 
  73      CE80C930 
  73      B8616395 
  73      89
  74 024b 38F60529 		.ascii	"8\366\005)U\361\240\236u\250\347\300\024\267ov\0358"
  74      55F1A09E 
  74      75A8E7C0 
  74      14B76F76 
  74      1D38
  75 025d 488F1F87 		.ascii	"H\217\037\207qq\344@7\261'\203qwQ\205\322x\334#\336"
ARM GAS  /tmp/ccI5eMf2.s 			page 6


  75      7171E440 
  75      37B12783 
  75      71775185 
  75      D278DC23 
  76 0272 79275E4F 		.ascii	"y'^Oz\025\3524\252P=\250\027\034\352E\252\242u4\372"
  76      7A15EA34 
  76      AA503DA8 
  76      171CEA45 
  76      AAA27534 
  77 0287 2C6857C1 		.ascii	",hW\301\340Rz\005\232\273\202\331\322XZf\254J\274\245"
  77      E0527A05 
  77      9ABB82D9 
  77      D2585A66 
  77      AC4ABCA5 
  78 029b C365275A 		.ascii	"\303e'Zo\252\206\346}\232\315\322\335\3609R\270\356"
  78      6FAA86E6 
  78      7D9ACDD2 
  78      DDF03952 
  78      B8EE
  79 02ad 51C81542 		.ascii	"Q\310\025B\323O\352\325\364\366\370\246\321\036\237"
  79      D34FEAD5 
  79      F4F6F8A6 
  79      D11E9F
  80 02bc 07F57787 		.ascii	"\007\365w\207z\015L\367\212\032\356\224\347I\341\206"
  80      7A0D4CF7 
  80      8A1AEE94 
  80      E749E186 
  81 02cc 07BCCF81 		.ascii	"\007\274\317\201_OO\331?\215\224\375\036\324~\207zC"
  81      5F4F4FD9 
  81      3F8D94FD 
  81      1ED47E87 
  81      7A43
  82 02de A4EC5AC2 		.ascii	"\244\354Z\302,w\312\363\245\360,\317%\274\351\340\007"
  82      2C77CAF3 
  82      A5F02CCF 
  82      25BCE9E0 
  82      07
  83 02ef 2696707F 		.ascii	"&\226p\177j\011\003nx\266\024\036\360\310\374\026\241"
  83      6A09036E 
  83      78B6141E 
  83      F0C8FC16 
  83      A1
  84 0300 1544DF4E 		.ascii	"\025D\337N\357G0\005\336\366t;\330WB6\2743\366\374Q"
  84      EF473005 
  84      DEF6743B 
  84      D8574236 
  84      BC33F6FC 
  85 0315 B6BD5BF1 		.ascii	"\266\275[\361\265\011\360\207\235@o=x6.\350\021~\320"
  85      B509F087 
  85      9D406F3D 
  85      78362EE8 
  85      117ED0
  86 0328 097F074C 		.ascii	"\011\177\007L\021bj\0069\356\322\026J\3319\236}\273"
  86      11626A06 
  86      39EED216 
  86      4AD9399E 
  86      7DBB
ARM GAS  /tmp/ccI5eMf2.s 			page 7


  87 033a EBD0FF9C 		.ascii	"\353\320\377\234\350[8\325\267\\7|\206\024\236\353\221"
  87      E85B38D5 
  87      B75C377C 
  87      86149EEB 
  87      91
  88 034b 78D241DF 		.ascii	"x\322A\337K\357[^F\337\362m\370\241\377N\035\320&\373"
  88      4BEF5B5E 
  88      46DFF26D 
  88      F8A1FF4E 
  88      1DD026FB 
  89 035f 166730F4 		.ascii	"\026g0\364\377}\313\363\010\377\227\023~\030\373\226"
  89      FF7DCBF3 
  89      08FF9713 
  89      7E18FB96 
  90 036f 3F358302 		.ascii	"?5\203\002wi\213\244\354\002\317\276\2158\364QQ\334"
  90      77698BA4 
  90      EC02CFBE 
  90      8D38F451 
  90      51DC
  91 0381 286C8BBC 		.ascii	"(l\213\274,\240\177=br4:\332\357\253xi\031a\356k\304"
  91      2CA07F3D 
  91      6272343A 
  91      DAEFAB78 
  91      691961EE 
  92 0397 4D097F43 		.ascii	"M\011\177C\205x\335\0304\257e\246|\036\376\373\272?"
  92      8578DD18 
  92      34AF65A6 
  92      7C1EFEFB 
  92      BA3F
  93 03a9 655E87C7 		.ascii	"e^\207\307<\361C\005\017R\363\356CU\344I\0035\207^\270"
  93      3CF14305 
  93      0F52F3EE 
  93      4355E449 
  93      0335875E 
  94 03be 75184D80 		.ascii	"u\030M\200JK\314\267\326o\370d\303\273k\314\362\315"
  94      4A4BCCB7 
  94      D66FF864 
  94      C3BB6BCC 
  94      F2CD
  95 03d0 E6FA8FCB 		.ascii	"\346\372\217\313\314\215\345\233\266l6\327\274\377\316"
  95      CC8DE59B 
  95      B66C36D7 
  95      BCFFCE
  96 03df B2A5B6AE 		.ascii	"\262\245\266\256.\335\272\025\357|TV\366i\311Z\246}"
  96      2EDDBA15 
  96      EF7C5456 
  96      F669C95A 
  96      A67D
  97 03f1 565E56B2 		.ascii	"V^V\262\204\264\224t)\3512\322\345\244+H_']\371\012"
  97      84B49474 
  97      29E932D2 
  97      E5A42B48 
  97      5F275DF9 
  98 0406 CBA10F8D 		.ascii	"\313\241\017\215"
  99              		.text
 100              		.section	.gnu.lto_stm32_clock_init.5d6e141e12cb51fe,"",%progbits
 101 0000 789C8D56 		.ascii	"x\234\215V\333o\024U\030?\337\234\271\356v\351\225\266"
ARM GAS  /tmp/ccI5eMf2.s 			page 8


 101      DB6F1455 
 101      183FDF9C 
 101      B9EE76E9 
 101      95B6
 102 0012 B4F4469F 		.ascii	"\264\364F\237x\220\011\362'\230\370fx\300w#\372\000"
 102      789009F2 
 102      2798F866 
 102      78C07723 
 102      FA00
 103 0024 49138CF8 		.ascii	"I\023\214\370\300\033\003\264\333Vx\004LpS\327\370@"
 103      C01B03B4 
 103      DB567804 
 103      4C7053D7 
 103      F840
 104 0036 7DD0C688 		.ascii	"}\320\306\210\326.`\327\205e\333B\251\005DK\275\001"
 104      D62E60D7 
 104      8565DB42 
 104      A905444B 
 104      BD01
 105 0048 2E36E5F6 		.ascii	".6\345\366\322D\201\206\372}\347\314\351\264\2633\251"
 105      D2448186 
 105      FA7DE7CC 
 105      E9B4B333 
 105      A9
 106 0059 9BECE96F 		.ascii	"\233\354\351o\2769\373\373\375\276\313\234\251\311\030"
 106      BE39FBFB 
 106      FDBECB9C 
 106      A9C918
 107 0068 FBDC616C 		.ascii	"\373\334al\027\376\035\304/K2\320\030~\201\343\3125"
 107      17FE1DC4 
 107      2F4B32D0 
 107      187E81E3 
 107      CA35
 108 007a 5C3D4DC7 		.ascii	"\\=M\307E\327\301\300\210\241\031\0241)b\202\205\021"
 108      45D7C1C0 
 108      88A11914 
 108      31296282 
 108      8511
 109 008c 4BB32862 		.ascii	"K\263(bS\304\006\244\002Gs(\222\240H\002\000I\201\035"
 109      53C406A4 
 109      02477328 
 109      92A04802 
 109      0049811D 
 110 00a0 D6B86E98 		.ascii	"\326\270n\230\226\355$\340\260\301\231\3771\024\260"
 110      96ED24E0 
 110      B0C199FF 
 110      3114B0
 111 00af 14701438 		.ascii	"\024p\0248\301Or(\364?\030\323\266\237\365\360\223\377"
 111      C14F7228 
 111      F43F18D3 
 111      B69FF5F0 
 111      93FF
 112 00c1 28974C7B 		.ascii	"(\227L{}\315\031\374\361i\237\000\276\206\355\014\267"
 112      7DCD19FC 
 112      F1699F00 
 112      BE86ED0C 
 112      B7
ARM GAS  /tmp/ccI5eMf2.s 			page 9


 113 00d2 DDFBEAE5 		.ascii	"\335\373\352\345\251\224\251\3138\234\003\223\221\350"
 113      A994A9CB 
 113      389C0393 
 113      91E8
 114 00e0 C80D23EF 		.ascii	"\310\015#\357\275\\\351\367\362\217>\203\213\273_\001"
 114      BD5CE9F7 
 114      F28F3E83 
 114      8BBB5F01 
 115 00f0 96E1985B 		.ascii	"\226\341\230[\206\222B\244\0232\010\231\204,Zl\272t"
 115      869242A4 
 115      13320899 
 115      842C5A6C 
 115      BA74
 116 0102 08250825 		.ascii	"\010%\010%\011U\021J\321\262\211.\253i\251\241\313Z"
 116      0955114A 
 116      D1B2892E 
 116      AB69A9A1 
 116      CB5A
 117 0114 427584EA 		.ascii	"Bu\204\352\0115\020\332L\250\221P\023\241fB[\010\265"
 117      093510DA 
 117      4CA89150 
 117      13A16642 
 117      5B08B5
 118 0127 D0D24A97 		.ascii	"\320\322J\227[q\341m\204\332)\326A\250\223P\027\241"
 118      5B71E16D 
 118      84DA29D6 
 118      41A89350 
 118      17A1
 119 0139 6D84BA69 		.ascii	"m\204\272ial@\2449H\220/\302\321\245\205\305\262I\331"
 119      616C40A4 
 119      3948902F 
 119      C2D1A585 
 119      C5B249D9 
 120 014d 9DE18049 		.ascii	"\235\341\200I\317\217L?\264\217s\374\015x\331\001O\207"
 120      CF8F4C3F 
 120      B48F73FC 
 120      0D78D901 
 120      4F87
 121 015f 6F907A11 		.ascii	"o\220z\021\0129G\356\321p\317\351\276\302\214%\367P"
 121      0A3947EE 
 121      D170CFE9 
 121      BEC28C25 
 121      F750
 122 0171 9D2E14A6 		.ascii	"\235.\024\246\257\230Y\030:\202\365\354\314p\035\211"
 122      AF985918 
 122      3A82F5EC 
 122      CC701D89 
 123 0181 E05BFC15 		.ascii	"\340[\374\025\335\273=\232\033M\271_x\275\220\341\006"
 123      DDBB3D9A 
 123      1B4DB95F 
 123      78BD90E1 
 123      06
 124 0192 8C42164E 		.ascii	"\214B\026N\011y\370\016\\F\352\266\244\345\276\316\261"
 124      0979F80E 
 124      5C46EAB6 
 124      A4E5BECE 
 124      B1
ARM GAS  /tmp/ccI5eMf2.s 			page 10


 125 01a3 7FD32023 		.ascii	"\177\323 #\272\324:w\271\224\026~4\000\030\223^n}(\366"
 125      BAD43A77 
 125      B994167E 
 125      34001893 
 125      5E6E7D28 
 126 01b8 444AF318 		.ascii	"DJ\363\030\351\\ }\036\\\244\0275\340\252\006\017\313"
 126      E95C207D 
 126      1E5CA417 
 126      35E0AA06 
 126      0FCB
 127 01ca 969435C2 		.ascii	"\226\2245\302\011G\313\030\2252G\350\226\001\027\002"
 127      0947CB18 
 127      953247E8 
 127      96011702 
 128 01da A18B22C7 		.ascii	"\241\213\"\307c\313\351ICrY\222\256\270\362O\276Z\346"
 128      63CBE949 
 128      43725992 
 128      AEB8F24F 
 128      BE5AE6
 129 01ed A4C1F7C8 		.ascii	"\244\301\367\310S\206\336;\227\256\371\211[\270c\344"
 129      5386DE3B 
 129      97AEF989 
 129      5BB863E4 
 130 01fd D1D8B394 		.ascii	"\321\330\263\224\334\301`\234\224\204]]\331}\254Zf\207"
 130      DCC1609C 
 130      94845D5D 
 130      D97DAC5A 
 130      6687
 131 020f ED3A9176 		.ascii	"\355:\221v\355\230\252\344\003\263?\254oHB5dY5$)\311"
 131      ED98AAE4 
 131      03B33FAC 
 131      6F484235 
 131      64593524 
 132 0225 4726FB4A 		.ascii	"G&\373J \255=\003(l\334\221D\214\366\245@\3732u$)\344"
 132      20AD3D03 
 132      286CDC91 
 132      448CF6A5 
 132      40FB3275 
 133 023c 179E147D 		.ascii	"\027\236\024}\275*\225\332\322D[\004y\266E\260W\305"
 133      BD2A95DA 
 133      D2445B04 
 133      79B645B0 
 133      57C5
 134 024e 36A228F8 		.ascii	"6\242(\370\3059q\005\334\265ck`QK\242\250\203\334P%"
 134      C5397105 
 134      DCB5636B 
 134      60514BA2 
 134      A883DC50 
 135 0263 7D5AF427 		.ascii	"}Z\364' \025.\351\246\310\264R\261\302\023\201\360\244"
 135      20152EE9 
 135      A6C8B452 
 135      B1C21381 
 135      F0A4
 136 0275 9A80397F 		.ascii	"\232\2009\177\002\252%\335\213\205\223s~\021\253`JN"
 136      02AA25DD 
 136      8B859373 
 136      7E11AB60 
ARM GAS  /tmp/ccI5eMf2.s 			page 11


 136      4A4E
 137 0287 C0FCEA04 		.ascii	"\300\374\352\004T\257i\271\251\374\015\235\365\375\325"
 137      54AF69B9 
 137      A9FC0D9D 
 137      F5FDD5
 138 0296 84FDD546 		.ascii	"\204\375\325F\372\253\211)\373\325\300\335\265\365-"
 138      FAAB8929 
 138      FBD5C0DD 
 138      B5F52D
 139 02a5 AFAB7806 		.ascii	"\257\253x\006\353%\371\307\313\263i\177^\261\356\000"
 139      EB25F9C7 
 139      CBB3697F 
 139      5EB1EE00 
 140 02b5 D31B37BD 		.ascii	"\323\0337\275.F\375z\240>CM\257\027\006\206?\361sk\010"
 140      2E46FD7A 
 140      A03E434D 
 140      AF170686 
 140      3FF1736B 
 141 02ca E7B63992 		.ascii	"\347\2669\222\275!\206\375\307`\244f\327\347\326X\221"
 141      BD2186FD 
 141      C760A466 
 141      D7E7D658 
 141      91
 142 02db 5B93249F 		.ascii	"[\223$\237-?\237qTn\236\01576\316\2551F\375f\240~\213"
 142      2D3F9F71 
 142      546E9E0D 
 142      3736CEAD 
 142      3146FD66 
 143 02f2 726B120D 		.ascii	"rk\022\015\264T\003\207\377\366\223l\016'\271%R\246"
 143      B4540387 
 143      FFF6936C 
 143      0E27B925 
 143      52A6
 144 0304 3976C07E 		.ascii	"9v\300~\012\204n\207\217\230\026Iwu\345\304Sc5\255\032"
 144      0A846E87 
 144      8F981649 
 144      7775E5C4 
 144      536335AD 
 145 0319 F8397CCA 		.ascii	"\3709|\312\264\254\2311[Y\374\262\344\337m\375_\317"
 145      B4AC9931 
 145      5B59FCB2 
 145      E4DF6DFD 
 145      5FCF
 146 032b 5E6BACC3 		.ascii	"^k\254\303_\2026\317\211g\357\361p\357xB>{\336\304\247"
 146      5F8236CF 
 146      8967EFF1 
 146      70EF7842 
 146      3E7BDEC4 
 147 0340 1CEE087A 		.ascii	"\034\356\010z\224\234\350\367O\262\255\270\353y\271"
 147      949CE8F7 
 147      4FB2ADB8 
 147      EB79B9
 148 034f 785C1CF6 		.ascii	"x\\\034\366\034\274<\275|\346\225\213v\337\305\3523"
 148      1CBC3CBD 
 148      7CE6958B 
 148      76DFC5EA 
 148      33
ARM GAS  /tmp/ccI5eMf2.s 			page 12


 149 0360 CC2B5E3D 		.ascii	"\314+^=\331\275\370~#\"\3705\306\325o\302\225F\256~"
 149      D9BDF87E 
 149      2322F835 
 149      C6D56FC2 
 149      9546AE7E 
 150 0374 17AE72E3 		.ascii	"\027\256r\343\245\251\224tU\013\177(K\323\352Ik\013"
 150      A5A99474 
 150      550B7F28 
 150      4BD3EA49 
 150      6B0B
 151 0386 37AA3DB2 		.ascii	"7\252=\262Qm1\363\360gP\204\273\353\247\261\243b\032"
 151      516D31F3 
 151      F0675084 
 151      BBEBA7B1 
 151      A3621A
 152 0399 3B915CBC 		.ascii	";\221\\\274\0126\230\275\216\030\255{\201\326}\232\275"
 152      0A3698BD 
 152      8E18AD7B 
 152      81D67D9A 
 152      BD
 153 03aa 4ED15847 		.ascii	"N\321XG5\366z\311O\251+\234\322\266H\231\256\330\316"
 153      35F67AC9 
 153      4FA92B9C 
 153      D2B64899 
 153      AED8CE
 154 03bd FE150895 		.ascii	"\376\025\010\225\303\207[7\322U\236f\335\310r\346\374"
 154      C3875B37 
 154      D2559E66 
 154      DDC872E6 
 154      FC
 155 03ce D2943F8E 		.ascii	"\322\224?\2166<X\035<\374_\216?\201\243\331\027Cb\257"
 155      363C581D 
 155      3CFC5F8E 
 155      3F81A3D9 
 155      174362AF 
 156 03e2 880E1039 		.ascii	"\210\016\0209\366h\347\016\367\265}\373\367\356\337"
 156      F668E70E 
 156      F7B57DFB 
 156      F7EEDF
 157 03f1 BDC73D70 		.ascii	"\275\307=p\320\335\367v\217\373\336\201\367?8\350\356"
 157      D0DDF776 
 157      8FFBDE81 
 157      F73F38E8 
 157      EE
 158 0402 79F38D5D 		.ascii	"y\363\215]\257\312\365\365\235\207\016\321\235\267z"
 158      AFCAF5F5 
 158      9D870ED1 
 158      9DB77A
 159 0411 7ADEDDF1 		.ascii	"z\336\335\361\016\373\017\006\356\370\253"
 159      0EFB0F06 
 159      EEF8AB
 160              		.text
 161              		.section	.gnu.lto_.symbol_nodes.5d6e141e12cb51fe,"",%progbits
 162 0000 789C6363 		.ascii	"x\234cc``\250\005b\006\246\005L\365\014\014\023\316"
 162      6060A805 
 162      6206A605 
 162      4CF50C0C 
ARM GAS  /tmp/ccI5eMf2.s 			page 13


 162      13CE
 163 0012 313000A9 		.ascii	"10\000\251\035\215\007\033\330\200b\013\231\352\031"
 163      1D8D071B 
 163      D880620B 
 163      99EA19
 164 0021 6162BB1A 		.ascii	"ab\273\032\035\201\"\213\230\352\231PDX\34731\264*\001"
 164      1D81228B 
 164      98EA9950 
 164      4458E733 
 164      31B42A01 
 165 0035 0D605CC2 		.ascii	"\015`\\\302T\317\014\226b`hhp\000\012,f\252gA\026`f"
 165      54CF0C96 
 165      62606868 
 165      70000A2C 
 165      66AA6741 
 166 004c 6460783C 		.ascii	"d`x<\351\215<3#+C\363d\020\315\302\260\030H3\000\000"
 166      E98D3C33 
 166      232B43F3 
 166      6410CDC2 
 166      B0184833 
 167 0062 B69E1ED4 		.ascii	"\266\236\036\324"
 168              		.text
 169              		.section	.gnu.lto_.refs.5d6e141e12cb51fe,"",%progbits
 170 0000 789C6363 		.ascii	"x\234cc```\004b\006\000\000D\000\010"
 170      60606004 
 170      62060000 
 170      440008
 171              		.text
 172              		.section	.gnu.lto_.decls.5d6e141e12cb51fe,"",%progbits
 173 0000 789C9D56 		.ascii	"x\234\235V}PT\327\025\177\347\335e\201\345\313\001'"
 173      7D5054D7 
 173      157FE7DD 
 173      6581E5CB 
 173      0127
 174 0012 E374EC8C 		.ascii	"\343t\354\214c7\343\366\017YW\363G\377\350t\212\013"
 174      6337E3F6 
 174      0F5957F3 
 174      47FFE874 
 174      8A0B
 175 0024 C64C4DA4 		.ascii	"\306LM\244\213i\246\0373\033>\326q'\260Xvip\372G\237"
 175      8B69A61F 
 175      331B3ED6 
 175      7127B058 
 175      766970FA 
 176 003a 80A8F801 		.ascii	"\200\250\370\001\"\215\005\223H\011M\242\322Jl,\305"
 176      228D0593 
 176      48094DA2 
 176      D24A6C2C 
 176      C5
 177 004b 4559C00F 		.ascii	"EY\300\017B\375@\214\006\345[\204 \304U \022\204(=\367"
 177      42FD408C 
 177      06E55B84 
 177      20C45520 
 177      1284283D 
 178 0060 DEB7BCC7 		.ascii	"\336\267\274\307\262\3324w\346\354{\367\336\337\371"
 178      B2DA3477 
 178      E6EC7BF7 
ARM GAS  /tmp/ccI5eMf2.s 			page 14


 178      DEDFF9
 179 006f 9DDFBDE7 		.ascii	"\235\337\275\347\234\007ZA\020~\031!\010)\242 \350A"
 179      9C075A41 
 179      107E1921 
 179      0829A220 
 179      E841
 180 0081 10667168 		.ascii	"\020fqhp\255QPF\020\232\033\355\014Z\203\274\327\214"
 180      70AD5150 
 180      46109A1B 
 180      ED0C5A83 
 180      BCD78C
 181 0094 8670A14D 		.ascii	"\206p\241M\230?\336\006\216\177\023\255\033m\005Z'Z"
 181      983FDE06 
 181      8E7F13AD 
 181      1B6D055A 
 181      275A
 182 00a6 BB8CBF29 		.ascii	"\273\214\277)?\335\302\302\361G\334\010\225}\243\321"
 182      3FDDC2C2 
 182      F147DC08 
 182      957DA3D1 
 183 00b6 16CBFED3 		.ascii	"\026\313\376\323hS2\307\014\332i4\2026\201\366\000m"
 183      685332C7 
 183      0CDA6934 
 183      823681F6 
 183      006D
 184 00c8 144D23EB 		.ascii	"\024M#\353s\313\332\032\205\205\343O\310\037,\363O\313"
 184      73CBDA1A 
 184      8585E34F 
 184      C81F2CF3 
 184      4FCB
 185 00da DC8B41E1 		.ascii	"\334\213A\341\216\001\316\353E\273\217\026\011\\kC\000"
 185      8E01CEEB 
 185      45BB8F16 
 185      095C6B43 
 185      00
 186 00eb AE5202C7 		.ascii	"\256R\002\307K\006\016iz\241\233B`\021\200\214V\017"
 186      4B060E69 
 186      7AA19B42 
 186      6011808C 
 186      560F
 187 00fd 3A9FF50D 		.ascii	":\237\365\015\272\317\001\"\37069\312\337\215\355\001"
 187      BACF0122 
 187      F83639CA 
 187      DF8DED01 
 188 010d 375150B0 		.ascii	"7QP\260\212\207\212U\345\014l\010L\212Z\013S&\313\003"
 188      8A878A55 
 188      E50C6C08 
 188      4C8A5A0B 
 188      5326CB03 
 189 0121 253CCC61 		.ascii	"%<\314a|x\025+\3149-T'\360{\242\227\360\321\273eA}\320"
 189      7C78152B 
 189      CC392D54 
 189      27F07BA2 
 189      97F0D1BB 
 190 0139 83C8DF08 		.ascii	"\203\310\337\010Bq\210\003\350\342{\035\225gE\"\262"
 190      42718803 
 190      E8E27B1D 
ARM GAS  /tmp/ccI5eMf2.s 			page 15


 190      95674522 
 190      B2
 191 014a F7D1C61B 		.ascii	"\367\321\306\033o\223\037\262\327\263\255M\263\021\261"
 191      6F931FB2 
 191      D7B3AD4D 
 191      B311B1
 192 0159 D5121F21 		.ascii	"\325\022\037!\357\023\001\376\005\304w\235\347g\277"
 192      EF1301FE 
 192      05C4779D 
 192      E767BF
 193 0168 F144ED21 		.ascii	"\361D\355!\020\255\003\021\247\355\017/\275\027\206"
 193      10AD0311 
 193      A7ED0F2F 
 193      BD1786
 194 0177 D3C53A58 		.ascii	"\323\305:X\204\323\352\275\263\245AK\336\241\216\305"
 194      84D3EABD 
 194      B3A5414B 
 194      DEA18EC5 
 195 0187 79D22211 		.ascii	"y\322\"\021\336|\001\352`)\374\033\226\242\304\323\260"
 195      DE7C01EA 
 195      6029FC1B 
 195      96A2C4D3 
 195      B0
 196 0198 047F1D1A 		.ascii	"\004\177\035\032\316\324\224W\333\022\276\274B\362x"
 196      CED49457 
 196      DB12BEBC 
 196      42F278
 197 01a7 24CF6CF9 		.ascii	"$\317l\371On6\027Hm\350\367s\206\203S@\240\026b\351"
 197      4F6E3617 
 197      486DE8F7 
 197      73868353 
 197      40A01662 
 198 01bc 894FD1E8 		.ascii	"\211O\321\350\360)\364\001\374\023z\361\014nX\216\376"
 198      F029F401 
 198      FC137AF1 
 198      0C6E588E 
 198      FE
 199 01cd 65EF17D5 		.ascii	"e\357\027\325\020\262\033\230\350\235e\237?\011C\262"
 199      10B21B98 
 199      E89D659F 
 199      3F0943B2 
 200 01dd 0A241BFA 		.ascii	"\012$\033\3728\274\\\362\344\"\227\310\250\352\025\252"
 200      38BC5CF2 
 200      E42297C8 
 200      A8EA15AA 
 201 01ed 7A7FAA33 		.ascii	"z\177\2523\214J\032vwE\221w8\325\223\211\352%2\323\310"
 201      8C4A1A76 
 201      77459177 
 201      38D59389 
 201      EA2532D3 
 202 0202 CA794467 		.ascii	"\312yDg\025\242\263\376D\015\214h\317\350t\021\220\217"
 202      15A2B3FE 
 202      440D8C68 
 202      CFE87411 
 202      908F
 203 0214 38D1F67A 		.ascii	"8\321\366z\3679-2\365Ix\300\277\033Zj\206\245]:~:\217"
 203      F7392D32 
ARM GAS  /tmp/ccI5eMf2.s 			page 16


 203      F54978C0 
 203      BF1B5A6A 
 203      86A55D3A 
 204 022b C2E491EF 		.ascii	"\302\344\221\357\026\032\031\303g_6\365\0202\300\031"
 204      161A19C3 
 204      675F36F5 
 204      1032C019 
 205 023b 8EE7EEBD 		.ascii	"\216\347\356\275\033!3t\236y\251\260\271\300\223\310"
 205      1B213374 
 205      9E79A9B0 
 205      B9C093C8 
 206 024b 099A1482 		.ascii	"\011\232\024\202&\037A3#\350n9z\234`FV\350\200\226H"
 206      261F4133 
 206      23E86E39 
 206      7A9C6046 
 206      56E88096 
 207 0260 142E9DF8 		.ascii	"\024.\235\370\252\356q\004_\242\254\355E\343U\301\344"
 207      AAEE7104 
 207      5FA2ACED 
 207      45E355C1 
 207      E4
 208 0271 084FFCB5 		.ascii	"\010O\374\265\374\232w\011\317\247\006\247c\227\313"
 208      FC9A7709 
 208      CFA706A7 
 208      6397CB
 209 0280 0722793E 		.ascii	"\007\"y>\227\225\022\261\367\326LW$\350\014\273$)W\252"
 209      979512B1 
 209      F7D64C57 
 209      24E80CBB 
 209      242957AA 
 210 0294 C89342D7 		.ascii	"\310\223B\327\013\320\202\371\274\210\371\204V0PJ*\003"
 210      0BD082F9 
 210      BC88F984 
 210      5630504A 
 210      2A03
 211 02a6 CEE3E239 		.ascii	"\316\343\3429\\\374\220\246\336\363\305\345\237\225"
 211      5CFC90A6 
 211      DEF3C5E5 
 211      9F95
 212 02b4 8D4BD232 		.ascii	"\215K\3222\370\014tpA\221\272B\307S\177\264\352@\245"
 212      F80C7470 
 212      4191BA42 
 212      C7537FB4 
 212      EA40A5
 213 02c7 96F43205 		.ascii	"\226\3642\005\242\373\360\340y\361Y1.?3\306\305\356"
 213      A2FBF0E0 
 213      79F15931 
 213      2E3F33C6 
 213      C5EE
 214 02d9 E51776D0 		.ascii	"\345\027v\320\314\\\302\030\377Qb`H\036\344\304'\273"
 214      CC5CC218 
 214      FF516260 
 214      481EE4C4 
 214      27BB
 215 02eb 76D24AA5 		.ascii	"v\322J\245\373R\307\330\013\270TS5\370#RB\330\301\367"
 215      FB52C7D8 
 215      0BB85453 
ARM GAS  /tmp/ccI5eMf2.s 			page 17


 215      35F82352 
 215      42D8C1F7 
 216 02ff 7F7CB54B 		.ascii	"\177|\265K\373\342\007RE\023-\277\237Va\371\025\003"
 216      FBE20752 
 216      45132DBF 
 216      9F5661F9 
 216      1503
 217 0311 035FE564 		.ascii	"\003_\345ds\"\004\266r\205\312i\203\027\321\265\355"
 217      732204B6 
 217      7285CA69 
 217      8317D1B5 
 217      ED
 218 0322 74DF6024 		.ascii	"t\337`$\251\344<\177i\377$A\207\332\363\276\223vt(w"
 218      A9E43C7F 
 218      69FF2441 
 218      87DAF3BE 
 218      93767428 
 219 0337 7FDD1AC4 		.ascii	"\177\335\032\304o<\004\247\265\336\343\265\021\374\306"
 219      6F3C04A7 
 219      B5DEE3B5 
 219      11FCC6
 220 0346 3D74FB50 		.ascii	"=t\373P\335\235\207\221\344o\214\\\323U\275sT\013\372"
 220      DD9D8791 
 220      E46F8C5C 
 220      D355BD73 
 220      540BFA
 221 0359 1883BE52 		.ascii	"\030\203\276R\312\317\223<W\357\033\274\355\303\222"
 221      CACF933C 
 221      57EF1BBC 
 221      EDC392
 222 0368 54120EED 		.ascii	"T\022\016\355\250\364\032\352\372\002b\224\220F\252"
 222      A8F41AEA 
 222      FA026294 
 222      9046AA
 223 0377 D6843FC2 		.ascii	"\326\204?\302\001\326\203h\240\021\340s\334\277\316"
 223      01D68368 
 223      A011E073 
 223      DCBFCE
 224 0386 4E42D1F4 		.ascii	"NB\321\364l\035\250\355&\350\341\026\350Y\361\360;\275"
 224      6C1DA8ED 
 224      26E8E116 
 224      E859F1F0 
 224      3BBD
 225 0398 E08DDE8E 		.ascii	"\340\215\336\216\036\024%\310\367I\007\217\335\343\215"
 225      1E1425C8 
 225      F749078F 
 225      DDE38D
 226 03a7 AECC935A 		.ascii	"\256\314\223ZV\261\3107\002Fn\2411\330\031O\236k\010"
 226      56B1C837 
 226      02466EA1 
 226      31D8194F 
 226      9E6B08
 227 03ba 26DDEC10 		.ascii	"&\335\354\020\342>\367L\015@\214!\240$\350B%\317W5\344"
 227      E23EF74C 
 227      0D408C21 
 227      A024E842 
 227      25CF5735 
ARM GAS  /tmp/ccI5eMf2.s 			page 18


 228 03cf D5E27708 		.ascii	"\325\342w\010:\021t[\3113\325\310buu\264\267\222\360"
 228      3A11745B 
 228      C933D5C8 
 228      627575B4 
 228      B792F0
 229 03e2 C2B9EA61 		.ascii	"\302\271\352a@%w\335\020\316\272\003\237\252\372\216"
 229      402577DD 
 229      10CEBA03 
 229      9FAAFA8E 
 230 03f2 66F50D07 		.ascii	"f\365\015\007\232\037M\204\221{<\223\336\374\301\276"
 230      9A1F4D84 
 230      917B3C93 
 230      DEFCC1BE 
 231 0402 30BEB704 		.ascii	"0\276\267\004\247\227w\227\374Y$^\2767\326\326\\\030"
 231      A7977797 
 231      FC59245E 
 231      BE37D6D6 
 231      5C18
 232 0414 4A26F9C4 		.ascii	"J&\371\304\367\321\213\346\037\275\302\306[\005\241"
 232      F7D18BE6 
 232      1FBDC2C6 
 232      5B05A1
 233 0423 E429DFFB 		.ascii	"\344)\337\373\353p\335\301(\262C\303&\365\235\247\214"
 233      EB70DDC1 
 233      28B243C3 
 233      26F59DA7 
 233      8C
 234 0434 643F7F3F 		.ascii	"d?\177?Z\267\257?\210\034\342\223\201\332\374I\0159"
 234      5AB7AF3F 
 234      881CE293 
 234      81DAFC49 
 234      0D39
 235 0446 CC278727 		.ascii	"\314'\207'\272\357\205r:\003N\213\332\216t\206\310\005"
 235      BAEF8572 
 235      3A034E8B 
 235      DA8E7486 
 235      C805
 236 0458 819FD8F0 		.ascii	"\201\237\330\360\223\273gR@\317G\214^\357+\205\236)"
 236      93BB6752 
 236      40CF478C 
 236      5EEF2B85 
 236      9E29
 237 046a 553AFAF1 		.ascii	"U:\372\361^\306\325\351\350\003%\037\034\337\232\203"
 237      5EC6D5E9 
 237      E803251F 
 237      1CDF9A83 
 238 047a DFB27CC2 		.ascii	"\337\262|\302\340w\375\341\003\013\340#\231\012|\330"
 238      E077FDE1 
 238      030BE023 
 238      990A7CD8 
 239 048a 1F6EF447 		.ascii	"\037n\364G\337Q\241\257\005D\233\024\360\264\012<\344"
 239      DF51A1AF 
 239      05449B14 
 239      F0B40A3C 
 239      E4
 240 049b 0FBEBE40 		.ascii	"\017\276\276@I\273J\370\235\300\347T\221\337Q\241{\375"
 240      49BB4AF8 
ARM GAS  /tmp/ccI5eMf2.s 			page 19


 240      9DC0E754 
 240      91DF51A1 
 240      7BFD
 241 04ad D13D10B8 		.ascii	"\321=\020\270?F\020p\217\355\215\313\225\370\010+\321"
 241      3F461070 
 241      8FED8DCB 
 241      95F8082B 
 241      D1
 242 04be 8B95781F 		.ascii	"\213\225x\037m\022\355\001\332\004\332Wh\017\321F\321"
 242      6D12ED01 
 242      DA04DA57 
 242      680FD146 
 242      D1
 243 04cf C6D0BE96 		.ascii	"\306\320\276\226+\225\007oR\005\037\014|\307*\251#*"
 243      2B95076F 
 243      52051F0C 
 243      7CC72AA9 
 243      232A
 244 04e1 F48DC052 		.ascii	"\364\215\300R\371=\3606\270\371\2007\347x\240\346\234"
 244      F93DF036 
 244      B8F98037 
 244      E778A0E6 
 244      9C
 245 04f2 7CA0AA86 		.ascii	"|\240\252\206/\003_\252In\316G\325\325\335a\244B\303"
 245      2F035FAA 
 245      496ECE47 
 245      D5D5DD61 
 245      A442C3
 246 0505 9B73FAE0 		.ascii	"\233s\372\340P\224\177s\372\356\003\036\3435|\337+\221"
 246      50947F73 
 246      FAEE031E 
 246      E3357CDF 
 246      2B91
 247 0517 3F298F59 		.ascii	"?)\217Y\363N!\3117J\363\216\373\232\367\304\371\342"
 247      F34E21C9 
 247      374AF38E 
 247      FB9AF7C4 
 247      F9E2
 248 0529 6321EAE6 		.ascii	"c!\352\346\235\232\327\274\323r\363N\263\346=\362\355"
 248      9D9AD7BC 
 248      D372F34E 
 248      B3E63DF2 
 248      ED
 249 053a 4C59A41A 		.ascii	"LY\244\032L\377\022*\340\031\031<\303\300CUuWDR\315"
 249      4CFF122A 
 249      E019193C 
 249      C3C04355 
 249      75574452 
 250 054f 5BCCDB54 		.ascii	"[\314\333Tb'5\374\375\366\311\376~-\251\343\223\361"
 250      622735FC 
 250      FDF6C9FE 
 250      7E2DA9E3 
 250      93F1
 251 0561 F20BA33A 		.ascii	"\362\013\243:R/7\342?\216\345\023\322\300']\365\333"
 251      522F37E2 
 251      3F8EE513 
 251      D2C0275D 
ARM GAS  /tmp/ccI5eMf2.s 			page 20


 251      F5DB
 252 0573 CF45928B 		.ascii	"\317E\222\213|\322\177$\367n\020\271\304'S\365\327*"
 252      7CD27F24 
 252      F76E10B9 
 252      C42753F5 
 252      D72A
 253 0585 45DEAF7A 		.ascii	"E\336\257z\234\036\363\354i!\274_+\350\277D\037^}\\"
 253      9C1EF3EC 
 253      6921BC5F 
 253      2BE8BF44 
 253      1F5E7D5C 
 254 0599 0AA48D61 		.ascii	"\012\244\215a\303>\350\367\324\213\300\032\227\266\256"
 254      C33EE8F7 
 254      D48BC01A 
 254      97B6AE
 255 05a8 5E6EDEC9 		.ascii	"^n\336\311NU\272\236\342\275\354\022\237\333\215\255"
 255      4E55BA9E 
 255      E2BDEC12 
 255      9FDB8DAD 
 256 05b8 BF534A65 		.ascii	"\277SJe\207\350\007\177VU\347\213K!O\244{\024NS\270"
 256      87E8077F 
 256      5655E78B 
 256      4B214FA4 
 256      7B144E53 
 257 05cd 4F34C07E 		.ascii	"O4\300~Q\017{\321\012\321\366\240\355F+@+B+F\333)\252"
 257      510F7BD1 
 257      0AD1F6A0 
 257      ED462B40 
 257      2B422B46 
 258 05e4 2B7AE4B7 		.ascii	"+z\344\267\363\033;\200NUE\337V\241%\177\231\327\027"
 258      F31B3B80 
 258      4E5545DF 
 258      56A1257F 
 258      99D717
 259 05f7 B4AA0A3D 		.ascii	"\264\252\012=\353\317\035\340;\240\202o\367'7\372w\313"
 259      EBCF1DE0 
 259      3BA0826F 
 259      F72737FA 
 259      77CB
 260 0609 D3DBBC5B 		.ascii	"\323\333\274[\020\265\260[\256\250\257?7 \227\372{\245"
 260      10B5B05B 
 260      AEA8AF3F 
 260      372097FA 
 260      7BA5
 261 061b 0AFCC45F 		.ascii	"\012\374\304_\347\202\017P\223*U\337\006F\317\375\231"
 261      E7820F50 
 261      932A55DF 
 261      0646CFFD 
 261      99
 262 062c 2CB82575 		.ascii	",\270%u\204\221\033\274\023'\307\206[\265`\210\221\273"
 262      84911BBC 
 262      1327C786 
 262      5BB56088 
 262      91BB
 263 063e BD8BF5CD 		.ascii	"\275\213\365\315A\364> \316\365\015=\3153\262\014%\230"
 263      41F43E20 
 263      CEF50D3D 
ARM GAS  /tmp/ccI5eMf2.s 			page 21


 263      CD33B20C 
 263      2598
 264 0650 DCEF9368 		.ascii	"\334\357\223h\324\341.\357\3734T\335X\007Eu\027\226"
 264      D4E12EEF 
 264      FB3454DD 
 264      58074575 
 264      1796
 265 0662 8ABCB1E8 		.ascii	"\212\274\261\350\363\007[\222\323\255\351\351i\326\224"
 265      F3075B92 
 265      D3ADE9E9 
 265      69D694
 266 0671 E4D4B7B2 		.ascii	"\344\324\267\262\267Z\32323\222\355\016\253\335aw\255"
 266      B75AD332 
 266      3392ED0E 
 266      ABDD6177 
 266      AD
 267 0682 8A359AB7 		.ascii	"\2125\232\267\330S\354\033\223\214\231N#\342\214[3\263"
 267      D853EC1B 
 267      938C994E 
 267      23E28C5B 
 267      33B3
 268 0694 5C4E63D2 		.ascii	"\\Nc\322\246W\327\254\346\277\353L99F\231!65\344\345"
 268      A657D7AC 
 268      E6BFEB4C 
 268      39394699 
 268      213635E4 
 269 06a9 D75E5F66 		.ascii	"\327^_f6\231\004\323\377\353)\204\373d\320\300\213\234"
 269      369904D3 
 269      FFEB2984 
 269      FB64D0C0 
 269      8B9C
 270 06bb AE8C35AB 		.ascii	"\256\2145\253\255\251\351\231\251o\261\205`{\326\357"
 270      ADA9E999 
 270      A96FB185 
 270      607BD6EF 
 271 06cb 5FC1E79A 		.ascii	"_\301\347\232\357\310\313\375\355\316\254\330-BpZF\362"
 271      EFC8CBFD 
 271      EDCEACD8 
 271      2D42705A 
 271      46F2
 272 06dd FFF6DDB0 		.ascii	"\377\366\335\260!\336\030\377j\334\037L\262/:\241\257"
 272      21DE18FF 
 272      6ADC1F4C 
 272      B22F3AA1 
 272      AF
 273 06ee CE6ACDB6 		.ascii	"\316j\315\266;\\8w\275d\314vf\031\223\2632V:2\035\266"
 273      3B5C3877 
 273      BD64CC76 
 273      661993B3 
 273      32563A32 
 274 0704 95B6E414 		.ascii	"\225\266\344\024\273\321\356HM\317N\263\0313\222S\267"
 274      BBD1EE48 
 274      4DCF4EB3 
 274      19339253 
 274      B7
 275 0715 D81D36A3 		.ascii	"\330\0356\2435\315\26699;\335eum\333js\242\177\210\317"
 275      35CDB639 
ARM GAS  /tmp/ccI5eMf2.s 			page 22


 275      393BDD65 
 275      756DDB6A 
 275      73A27F88 
 276 072a FBC7CFF1 		.ascii	"\373\307\317\361vns\032\255NW\032B\321%*i\233\323e\313"
 276      766E731A 
 276      AD4E571A 
 276      42D1252A 
 276      699BD365 
 277 073f 306766D9 		.ascii	"0gf\331\314\364\374\242\331B\314I\226\371\352S3322\035"
 277      CCF4FCA2 
 277      D942CC49 
 277      96F9EA53 
 277      33333232 
 278 0754 465B8E0B 		.ascii	"F[\216\013\345\373\237{\263i\325\232\234\024\244\012"
 278      E5FB9F7B 
 278      B369D59A 
 278      9C14A40A 
 279 0764 4B7CC362 		.ascii	"K|\303b\335\204R\342m\2335k\343\315\226\340\270\304"
 279      DD8452E2 
 279      6D9B356B 
 279      E3CD96E0 
 279      B8C4
 280 0776 B5A684D7 		.ascii	"\265\246\204\327\330s5>\265q\353\327\342#\204.[\222"
 280      D873353E 
 280      B571EBD7 
 280      E223842E 
 280      5B92
 281 0788 36B197D5 		.ascii	"6\261\227\325\364\205\230_\261h\314\353^\266\204Y\314"
 281      F485985F 
 281      B168CCEB 
 281      5EB68459 
 281      CC
 282 0799 661F05D9 		.ascii	"f\037\005\331\270\326\022bIHJ\260\374*!^\214\263\210"
 282      B8D61262 
 282      49484AB0 
 282      FC2A215E 
 282      8CB388
 283 07ac 4996E08D 		.ascii	"I\226\340\215\211\233~\221\360k\213\206\376\2208\263"
 283      899B7E91 
 283      F06B8B86 
 283      FE9038B3 
 284 07bc 45F38625 		.ascii	"E\363\206%\321\022\261nC\\\322z\237\333\177\001\314"
 284      D112B16E 
 284      435CD27A 
 284      9FDB7F01 
 284      CC
 285 07cd 3994F3   		.ascii	"9\224\363"
 286              		.text
 287              		.section	.gnu.lto_.symtab.5d6e141e12cb51fe,"",%progbits
 288 0000 68616C5F 		.ascii	"hal_lld_init\000"
 288      6C6C645F 
 288      696E6974 
 288      00
 289 000d 00       		.ascii	"\000"
 290 000e 00       		.ascii	"\000"
 291 000f 00       		.ascii	"\000"
 292 0010 00000000 		.ascii	"\000\000\000\000\000\000\000\000"
ARM GAS  /tmp/ccI5eMf2.s 			page 23


 292      00000000 
 293 0018 BD000000 		.ascii	"\275\000\000\000"
 294 001c 73746D33 		.ascii	"stm32_clock_init\000"
 294      325F636C 
 294      6F636B5F 
 294      696E6974 
 294      00
 295 002d 00       		.ascii	"\000"
 296 002e 00       		.ascii	"\000"
 297 002f 00       		.ascii	"\000"
 298 0030 00000000 		.ascii	"\000\000\000\000\000\000\000\000"
 298      00000000 
 299 0038 BF000000 		.ascii	"\277\000\000\000"
 300 003c 53797374 		.ascii	"SystemCoreClock\000"
 300      656D436F 
 300      7265436C 
 300      6F636B00 
 301 004c 00       		.ascii	"\000"
 302 004d 00       		.ascii	"\000"
 303 004e 00       		.ascii	"\000"
 304 004f 00000000 		.ascii	"\000\000\000\000\000\000\000\000"
 304      00000000 
 305 0057 D0000000 		.ascii	"\320\000\000\000"
 306 005b 69727149 		.ascii	"irqInit\000"
 306      6E697400 
 307 0063 00       		.ascii	"\000"
 308 0064 02       		.ascii	"\002"
 309 0065 00       		.ascii	"\000"
 310 0066 00000000 		.ascii	"\000\000\000\000\000\000\000\000"
 310      00000000 
 311 006e C1000000 		.ascii	"\301\000\000\000"
 312 0072 646D6149 		.ascii	"dmaInit\000"
 312      6E697400 
 313 007a 00       		.ascii	"\000"
 314 007b 02       		.ascii	"\002"
 315 007c 00       		.ascii	"\000"
 316 007d 00000000 		.ascii	"\000\000\000\000\000\000\000\000"
 316      00000000 
 317 0085 C3000000 		.ascii	"\303\000\000\000"
 318              		.text
 319              		.section	.gnu.lto_.opts,"",%progbits
 320 0000 272D666D 		.ascii	"'-fmath-errno' '-fsigned-zeros' '-ftrapping-math' '"
 320      6174682D 
 320      6572726E 
 320      6F272027 
 320      2D667369 
 321 0033 2D666E6F 		.ascii	"-fno-trapv' '-fno-strict-overflow' '-fno-openmp' '-"
 321      2D747261 
 321      70762720 
 321      272D666E 
 321      6F2D7374 
 322 0066 666E6F2D 		.ascii	"fno-openacc' '-mcpu=cortex-m3' '-mthumb' '-O0' '-fo"
 322      6F70656E 
 322      61636327 
 322      20272D6D 
 322      6370753D 
 323 0099 6D69742D 		.ascii	"mit-frame-pointer' '-falign-functions=16' '-ffuncti"
ARM GAS  /tmp/ccI5eMf2.s 			page 24


 323      6672616D 
 323      652D706F 
 323      696E7465 
 323      72272027 
 324 00cc 6F6E2D73 		.ascii	"on-sections' '-fdata-sections' '-fno-common' '-flto"
 324      65637469 
 324      6F6E7327 
 324      20272D66 
 324      64617461 
 325 00ff 2700     		.ascii	"'\000"
 326              		.text
 327              		.comm	__gnu_lto_v1,1,1
 328              		.comm	__gnu_lto_slim,1,1
 329              		.ident	"GCC: (GNU Tools for Arm Embedded Processors 7-2018-q3-update) 7.3.1 20180622 (release) [AR
ARM GAS  /tmp/ccI5eMf2.s 			page 25


DEFINED SYMBOLS
                            *ABS*:0000000000000000 hal_lld.c
                            *COM*:0000000000000001 __gnu_lto_v1
                            *COM*:0000000000000001 __gnu_lto_slim

NO UNDEFINED SYMBOLS
