ARM GAS  /tmp/cc7wWZxD.s 			page 1


   1              		.cpu cortex-m3
   2              		.eabi_attribute 20, 1
   3              		.eabi_attribute 21, 1
   4              		.eabi_attribute 23, 3
   5              		.eabi_attribute 24, 1
   6              		.eabi_attribute 25, 1
   7              		.eabi_attribute 26, 1
   8              		.eabi_attribute 30, 6
   9              		.eabi_attribute 34, 1
  10              		.eabi_attribute 18, 4
  11              		.file	"hal_pal.c"
  12              		.section	.gnu.lto_.inline.f6e62469cb8b8da6,"",%progbits
  13 0000 789C6363 		.ascii	"x\234cc``\210`@\000f\006\006\001\011\006\006&\211\011"
  13      60608860 
  13      40006606 
  13      06010906 
  13      06268909 
  14 0014 A7191958 		.ascii	"\247\031\031X\030\230@bL\334\014\014\214@\246\270<\220"
  14      18984062 
  14      4CDC0C0C 
  14      8C40A6B8 
  14      3C90
  15 0026 AD766007 		.ascii	"\255v`\007\023\252\004\013\203\2202\220-\362a5\\\007"
  15      13AA040B 
  15      83903290 
  15      2DF26135 
  15      5C07
  16 0038 0B2FD0A4 		.ascii	"\013/\320\244\011~ \010Q\303\000\000i\336\010\257"
  16      097E2008 
  16      51C30000 
  16      69DE08AF 
  17              		.text
  18              		.section	.gnu.lto_palReadBus.f6e62469cb8b8da6,"",%progbits
  19 0000 789C9553 		.ascii	"x\234\225S\337KTA\024\236\357\236{gWWW\205\036|\020"
  19      DF4B5441 
  19      149EEF9E 
  19      7B675757 
  19      57851E7C 
  20 0015 5A22115F 		.ascii	"Z\"\021_\334?\302\336{\350\017\010\365EA(\222\236w\334"
  20      DC3FC2DE 
  20      7BE80F08 
  20      F5454128 
  20      929E77DC 
  21 0029 1FA65810 		.ascii	"\037\246X\020\222\273\"\0271\262\202(J\334\332\326,"
  21      92BB2217 
  21      31B28228 
  21      4ADCDAD6 
  21      2C
  22 003a D7B5D40A 		.ascii	"\327\265\324\012\253\355!L\243\207\"(Y%\253\027\243"
  22      ABED214C 
  22      A3872228 
  22      5925AB17 
  22      A3
  23 004b AC337357 		.ascii	"\2543sW]\352\311\2079sf\346\234\357|\363\235\031)\204"
  23      5DEAC987 
  23      397366E6 
  23      9CEF7CF3 
ARM GAS  /tmp/cc7wWZxD.s 			page 2


  23      9D192984 
  24 005f 5825211A 		.ascii	"X%!\032y>\306C\370\005,\301\003\274\011\262\034!\224"
  24      793EC643 
  24      F8052CC1 
  24      03BC09B2 
  24      1C2194
  25 0072 65B3B16D 		.ascii	"e\263\261m\317\227\332w\300\023$|l}\000\247AD,\262\035"
  25      CF97DA77 
  25      C013247C 
  25      6C7D00A7 
  25      41442CB2 
  26 0087 E94304E7 		.ascii	"\351C\004\347\351\022\241\020\277\343\322 \271$`\363"
  26      E912A110 
  26      BFE3D220 
  26      B92460F3 
  27 0097 726B79F4 		.ascii	"rky\364cP/\201\020/\213\233\013\351\252\346\353JEU."
  27      63502F81 
  27      102F8B9B 
  27      0BE9AAE6 
  27      EB4A4555 
  28 00ac 3524C7D2 		.ascii	"5$\307\322\257T\205K\226Hrx\032\015\230B\203\006\275"
  28      AF54854B 
  28      96487278 
  28      1A0D9842 
  28      8306BD
  29 00bf 8B660E4E 		.ascii	"\213f\016N\024R}DG \330\177\373\365\306\273`\323U\223"
  29      14527D44 
  29      4720D87F 
  29      FBF5C6BB 
  29      60D35593 
  30 00d3 F86382D4 		.ascii	"\370c\202\324Q\227\010\367@\345\211\274%\220A\223\216"
  30      519708F7 
  30      40E589BC 
  30      25904193 
  30      8E
  31 00e4 FF30B933 		.ascii	"\3770\2713\\-\355q\276\015\2070\344}\246\316\204->\233"
  31      5C2DED71 
  31      BE0D8730 
  31      E47DA6CE 
  31      842D3E9B 
  32 00f8 DCD89E93 		.ascii	"\334\330\236\223\215W\224\032R\271\315\221C\227c\211"
  32      8D57941A 
  32      52B9CD91 
  32      43976389 
  33 0108 2565FFCF 		.ascii	"%e\377\317\202\223\262hd\204\333\257\235\234\332\371"
  33      8293B268 
  33      6484DBAF 
  33      9D9CDAF9 
  34 0118 734EE55E 		.ascii	"sN\345^\324\257\245\027\353\252\300\245l\213\215Cl\244"
  34      D4AFA517 
  34      EBAAC0A5 
  34      6C8B8D43 
  34      6CA4
  35 012a AD978EF6 		.ascii	"\255\227\216\366\2446~h\022\001\241\021E\277.\316\226"
  35      A4367E68 
  35      1201A111 
  35      45BF2ECE 
ARM GAS  /tmp/cc7wWZxD.s 			page 3


  35      96
  36 013b 5D1A607E 		.ascii	"]\032`~\202>!\276:\377~DjF\243\344g>\311D\376\245Ok"
  36      823E21BE 
  36      3AFF7E44 
  36      6A46A3E4 
  36      673EC944 
  37 0153 4410982E 		.ascii	"D\020\230.\325\036 V\237\326\021\235\256\360\"\301\221"
  37      D51E2056 
  37      9FD6119D 
  37      AEF022C1 
  37      91
  38 0164 33F9E505 		.ascii	"3\371\345\0059\216\261^\245T\310%\037\347{\011Z\351"
  38      398EB15E 
  38      A554C825 
  38      1FE77B09 
  38      5AE9
  39 0176 C1A11584 		.ascii	"\301\241\025\204o\251\213\346\310\217\007\030\307\260"
  39      6FA98BE6 
  39      C88F0718 
  39      C7B0
  40 0184 A98E1984 		.ascii	"\251\216\031\204\005\227]i\335G\272ym+W\243k\372Q\203"
  40      05975D69 
  40      DD47BA79 
  40      6D2B57A3 
  40      6BFA5183 
  41 0198 877B35B9 		.ascii	"\207{5\271\325TD<d\344\342\260l\266\270\346\213\374"
  41      D554443C 
  41      64E4E2B0 
  41      6CB6B8E6 
  41      8BFC
  42 01aa 567E972A 		.ascii	"V~\227*\222LO\340\021\"\242\234s\245iO\354\347\354\367"
  42      924C4FE0 
  42      1122A29C 
  42      73A5694F 
  42      ECE7ECF7 
  43 01be 20C7D5F3 		.ascii	" \307\325\363\206\326\\\357m\0276\372\003\232l\255K"
  43      86D65CEF 
  43      6D1736FA 
  43      039A6CAD 
  43      4B
  44 01cf 01E4F881 		.ascii	"\001\344\370\201\314\226\250\306&\246\022\340\350\021"
  44      CC96A8C6 
  44      26A612E0 
  44      E811
  45 01dd 43B51273 		.ascii	"C\265\022sL\325kP\036\021\227\252\014\025Y\272\376\227"
  45      4CD56B50 
  45      1E1197AA 
  45      0C1559BA 
  45      FE97
  46 01ef 0BF325AD 		.ascii	"\013\363%\255\254\003)P\215y\243\200y\245\217Y\201u"
  46      AC032950 
  46      8D79A380 
  46      79A58F59 
  46      8175
  47 0201 E477B5A4 		.ascii	"\344w\265\244\362\033\004\315\015\376\001\256\341rx"
  47      F21B04CD 
  47      0DFE01AE 
ARM GAS  /tmp/cc7wWZxD.s 			page 4


  47      E17278
  48 0210 52027E93 		.ascii	"R\002~\223\231\316T3p\274W\037\325b\301\000[\032x\321"
  48      99CE5433 
  48      70BC571F 
  48      D562C100 
  48      5B1A78D1 
  49 0224 00EF35C9 		.ascii	"\000\3575\311>`\223\226\366\233\364\324 \305\276\365"
  49      3E609396 
  49      F69BF4D4 
  49      20C5BEF5 
  50 0234 C1837298 		.ascii	"\301\203r\230&\003\226\243\313\003\241\327\341\231A"
  50      260396A3 
  50      CB03A1D7 
  50      E19941
  51 0243 37CFFFB9 		.ascii	"7\317\377\271\207\376k\027=`\012H\2434\377f\372\314"
  51      87FE6B17 
  51      3D600A48 
  51      A334FF66 
  51      FACC
  52 0255 BF39C55A 		.ascii	"\2779\305Zm\"\032*Ex\017W\377\031!\016\267\204[;\273"
  52      6D221A2A 
  52      45780F57 
  52      FF19210E 
  52      B7845B3B 
  53 026a DABB8E9F 		.ascii	"\332\273\216\237\010\237\352\011w\266u\207{\316t\350"
  53      089FEA09 
  53      77B67587 
  53      7BCE74E8 
  54 027a F9E4E9B6 		.ascii	"\371\344\351\266\356\226\016A\355g{\376\002Gd.\356"
  54      EE960E41 
  54      ED677BFE 
  54      0247642E 
  54      EE
  55              		.text
  56              		.section	.gnu.lto_palWriteBus.f6e62469cb8b8da6,"",%progbits
  57 0000 789C9554 		.ascii	"x\234\225T\317KTQ\024\276\337;o\336\350\374\322\261"
  57      CF4B5451 
  57      14BEDF3B 
  57      6FDEE8FC 
  57      D2B1
  58 0012 16414212 		.ascii	"\026AB\022\231H\341,[\265r\035-\372\003B\335(\010E\026"
  58      9948E12C 
  58      5BB5721D 
  58      2DFA0342 
  58      DD280845 
  59 0027 2DE7A9E3 		.ascii	"-\347\251\343/,\210\3101\306gH\326\010QdX\231f:\215"
  59      2F2C88C8 
  59      31C66748 
  59      D6085164 
  59      5899663A 
  60 003c A5FDD074 		.ascii	"\245\375\320t,\304,\010\012]\210\225\222D\205i\347\336"
  60      2CC42C08 
  60      0A5D8895 
  60      92448569 
  60      E7DE
  61 004e 373A93BB 		.ascii	"7:\223\273y\360\316\275\367\334s\276\363\235\357\336"
  61      79F0CEBD 
ARM GAS  /tmp/cc7wWZxD.s 			page 5


  61      F7DC73BE 
  61      F39DEFDE 
  62 005e F70C21C4 		.ascii	"\367\014!\3041\207\020\207y<\312\257p\012h\202_\020"
  62      31871087 
  62      793CCAAF 
  62      700A6882 
  62      5F10
  63 0070 5BD278CB 		.ascii	"[\322x\313\324t6\272n\317\0159w\200\007\030\000'@\004"
  63      D47436BA 
  63      6ECF0D39 
  63      77800718 
  63      00274004 
  64 0084 35D21D06 		.ascii	"5\322\035\006\202\270@W\010\361\246\305\001\255\270"
  64      82B84057 
  64      08F1A6C5 
  64      01ADB8
  65 0093 C7E427D6 		.ascii	"\307\344'\326\276f4\232\015{,\306\012\223P\017\372P"
  65      BE66349A 
  65      0D7B2CC6 
  65      0A93500F 
  65      FA50
  66 00a5 CC518950 		.ascii	"\314Q\211P\257E\255d\021\240\363ru2\362\305'\227\032"
  66      AF45AD64 
  66      11A0F372 
  66      7532F2C5 
  66      27971A
  67 00b8 0A78D990 		.ascii	"\012x\331\220ho$\332\017\301\363\367+\267>\372\212n"
  67      686F24DA 
  67      0FC1F3F7 
  67      2BB73EFA 
  67      8A6E
  68 00ca 9A669D19 		.ascii	"\232f\235\031[\357&\363\200E\204\207 \006\304\003\344"
  68      5BEF26F3 
  68      80458487 
  68      2006C403 
  68      E4
  69 00db E33EF205 		.ascii	"\343>\362\005\273\004\372Q\304\341\235\033\327\307\335"
  69      BB04FA51 
  69      C4E19D1B 
  69      D7C7DD
  70 00ea 7450A546 		.ascii	"tP\245F\207\255\212d\346DTe\352x\2643S\027\030@\221"
  70      87AD8A64 
  70      E6445465 
  70      EA78B433 
  70      53171840 
  71 00ff 0CFF7C6F 		.ascii	"\014\377|o\243\315k\350][l1\310-J\006\323\275\255>:"
  71      A3CD6BE8 
  71      5D5B6C31 
  71      C82D4A06 
  71      D3BDAD3E 
  72 0114 A420E7A7 		.ascii	"\244 \347\247\243=\336\302n\205\371\263\303\210\230"
  72      A33DDEC2 
  72      6E85F9B3 
  72      C38898
  73 0123 B1508145 		.ascii	"\261P\201E\016<\376\037V>)D\014\241P\2411\346\023\306"
  73      0E3CFE1F 
  73      563E2944 
ARM GAS  /tmp/cc7wWZxD.s 			page 6


  73      0CA150A1 
  73      31E613C6 
  74 0137 1442E322 		.ascii	"\024B\343\"\322{w\306\021376\233\314\330\354\336\357"
  74      D27B77C6 
  74      11333736 
  74      9BCCD8EC 
  74      DEEF
  75 0149 6B9FFCBB 		.ascii	"k\237\374\273\301\214\014\215\215\223\244\321\245qH"
  75      C18C0C8D 
  75      8D93A4D1 
  75      A57148
  76 0158 9F218D53 		.ascii	"\237!\215S.\263\244\311\226\306%}n9\363\260\311\362"
  76      2EB3A4C9 
  76      96C6257D 
  76      6E39F3B0 
  76      C9F2
  77 016a 416AE087 		.ascii	"Aj\340\207\354'O\301\013\321\254do&>Sja\225\004- 4?"
  77      EC274FC1 
  77      0BD1AC64 
  77      6F263E53 
  77      6A619504 
  78 0182 BAD86148 		.ascii	"\272\330aH>\021\3621\313pC|\312)\305'\010\014'\331\267"
  78      3E11F231 
  78      CB70437C 
  78      CA29C527 
  78      080C27D9 
  79 0197 B0308296 		.ascii	"\2600\202\226P7\230mGJ%\206\342\223cF\027\256\325\362"
  79      5037986D 
  79      474A2586 
  79      E2936346 
  79      17AED5F2 
  80 01ab E172DBD9 		.ascii	"\341r\333\331\234o'\310#l\275<\207\300\035\363\222\332"
  80      9C6F27C8 
  80      236CBD3C 
  80      87C01DF3 
  80      92DA
  81 01bd 7261045D 		.ascii	"ra\004]hS\325\021C@p\331\271\322\024\322\355\350j,G"
  81      6853D511 
  81      434070D9 
  81      B9D214D2 
  81      EDE86A2C 
  82 01d2 D6742107 		.ascii	"\326t!\007O\267k\362\025\243e\204\012\224X\03460\260"
  82      4FB76BF2 
  82      15A36584 
  82      0A94581C 
  82      3630B0
  83 01e5 FCC119FC 		.ascii	"\374\301\031\374kfY\344\0163=\2018\202\"\235\263G\035"
  83      6B6659E4 
  83      0E333D81 
  83      3882229D 
  83      B3471D
  84 01f8 4BFD9F91 		.ascii	"K\375\237\221\037>\216\343\253\346\221\347'}\277\023"
  84      1F3E8EE3 
  84      ABE691E7 
  84      277DBF13 
  85 0208 5F9BDD92 		.ascii	"_\233\335\222l\256E^<\343\3739\232\244Z\177\243\257"
  85      6CAE455E 
ARM GAS  /tmp/cc7wWZxD.s 			page 7


  85      3CE3FB39 
  85      9AA45A7F 
  85      A3AF
  86 021a 011C7D55 		.ascii	"\001\034}UQ\365\3409SU\0251\206\240E>E\305\260\333\337"
  86      51F5E039 
  86      53551531 
  86      86A0453E 
  86      45C5B0DB 
  87 022f 685C3822 		.ascii	"h\\8\"\017-BZ\204\374\302\026D\255)#Ar0\256\004Q\237"
  87      0F2D425A 
  87      84FCC216 
  87      44AD2923 
  87      417230AE 
  88 0246 CC0B1664 		.ascii	"\314\013\026d\011\365\353\215\260\241t\205N\351\350"
  88      09F5EB8D 
  88      B0A17485 
  88      4EE9E8
  89 0255 8E0CE57E 		.ascii	"\216\014\345~\231\222\373\225\215\036\336BO\242\315"
  89      9992FB95 
  89      8D1EDE42 
  89      4FA2CD
  90 0264 AC4C74BA 		.ascii	"\254Lt\272\245d\006r\361\232a8fe+\306\251H\030\351\014"
  90      A5640672 
  90      F19A6138 
  90      66652BC6 
  90      A94818E9 
  91 0279 B232EC6F 		.ascii	"\2622\354o\"\325\337\344\216\3768\317\317\200\351\350"
  91      22D5DFE4 
  91      8EFE38CF 
  91      CF80E9E8 
  92 0289 AE0CFB7B 		.ascii	"\256\014\373{\223\352o\312F\337\346\356V\005\\\322\367"
  92      93EA6FCA 
  92      46DFE6EE 
  92      56055CD2 
  92      F7
  93 029a 6BCB97A7 		.ascii	"k\313\227\247Zr\247W\364dT1\027\323\252\242&+&T\305"
  93      5A72A757 
  93      F4645431 
  93      17D3AAA2 
  93      262B2654 
  94 02af 785821A5 		.ascii	"xX!\245\337>\277\272};P\271\266\0073I\324\331\376\301"
  94      DF3EBFBA 
  94      7D3B50B9 
  94      B6073349 
  94      D4D9FEC1 
  95 02c3 7E2FA386 		.ascii	"~/\243\206j\345\326.\274U\250\352\367\362\016\001&*"
  95      6AE5D62E 
  95      BC55A8EA 
  95      F7F20E01 
  95      262A
  96 02d5 BEA1AE6B 		.ascii	"\276\241\256k\363\242}\001\355\217U\376 \204\330W\022"
  96      F3A27D01 
  96      ED8F55FE 
  96      2084D857 
  96      12
  97 02e6 28ADAC2A 		.ascii	"(\255\254*\257:~\"p\252&PYV\035\2509S!\307\223\247\313"
  97      AF3A7E22 
ARM GAS  /tmp/cc7wWZxD.s 			page 8


  97      70AA2650 
  97      59561DA8 
  97      395321C7 
  98 02fd AA4B2A04 		.ascii	"\252K*\004\225\237\253\321\313\253\316\326\340\374?"
  98      959FABD1 
  98      CBABCED6 
  98      E0FC3F
  99 030c 80B79CE2 		.ascii	"\200\267\234\342"
 100              		.text
 101              		.section	.gnu.lto_palSetBusMode.f6e62469cb8b8da6,"",%progbits
 102 0000 789C9552 		.ascii	"x\234\225RKO\023Q\024>\337\234y\320\026\012\356\\\220"
 102      4B4F1351 
 102      143EDF9C 
 102      79D0160A 
 102      EE5C90
 103 0013 488C91E0 		.ascii	"H\214\221\340\202\371\005\256X\270t\341\0170\200&\220"
 103      82F905AE 
 103      58B874E1 
 103      0F308026 
 103      90
 104 0024 603012D7 		.ascii	"`0\022\327\035[ZJj\202Q)\006'\244\013\212\321h\324\024"
 104      1D5B5A4A 
 104      6A825129 
 104      0627A40B 
 104      8AD168D4 
 105 0039 1F05945A 		.ascii	"\037\005\224Z\024\037\221\030X\341\213\205F\027\246"
 105      141F9118 
 105      58E18B85 
 105      4617A6
 106 0048 10082B8D 		.ascii	"\020\010+\215\242\347\336AA\343\206\233\314}\315w\276"
 106      A2E7DE41 
 106      41E3869B 
 106      CC7DCD77 
 106      BE
 107 0059 F39DEF5C 		.ascii	"\363\235\357\\\233\2102Lt@\326\203\362\221C0H>\310%"
 107      9B88324C 
 107      7440D683 
 107      F2914330 
 107      483EC825 
 108 006d D8B0883C 		.ascii	"\330\260\210<\303\224\3114\203\275\255\366\026d\201"
 108      C394C934 
 108      83BDADF6 
 108      166481
 109 007c 0D480028 		.ascii	"\015H\000(f\260i\331\210\341,_d\224\373>\027\215\246"
 109      66B069D9 
 109      88E12C5F 
 109      6494FB3E 
 109      178DA6
 110 008f 2B9E8CD2 		.ascii	"+\236\214\322\320\202\223\362\222\273}\341\3122\351"
 110      D08293F2 
 110      92BB7DE1 
 110      CA32E9
 111 009e 81029A04 		.ascii	"\201\002\232\0045\337{\313\347\014\373\014\230r\\\233"
 111      35DF7BCB 
 111      E70CFB0C 
 111      98725C9B 
 112 00ae 1BFE1855 		.ascii	"\033\376\030UG\003\015rL\316\017\245\230\367\202d\377"
ARM GAS  /tmp/cc7wWZxD.s 			page 9


 112      47030D72 
 112      4CCE0FA5 
 112      98F78264 
 112      FF
 113 00bf 7AF5DABB 		.ascii	"z\365\332\273hc\336\363\342^\351\345({\373|f\334\005"
 113      6863DEF3 
 113      E25EE9E5 
 113      287BFB7C 
 113      66DC05
 114 00d2 0B21EEA0 		.ascii	"\013!\356\240\036\343\250'\271\"\334C\243\300\327\013"
 114      1EE3A827 
 114      B922DC43 
 114      A3C0D70B 
 115 00e2 F90B11DE 		.ascii	"\371\013\021\336\257C\227V\306/\2077C\277\347u\250\211"
 115      AF439756 
 115      C62F8737 
 115      43BFE775 
 115      A889
 116 00f4 FBFF869A 		.ascii	"\373\377\206\232\204\"\032\025\376\303\355\215\301\032"
 116      84221A15 
 116      FEC3ED8D 
 116      C11A
 117 0102 DBCCFD96 		.ascii	"\333\314\375\226\213\011\251Sj\204\334\334\\\260J\336"
 117      8B09A953 
 117      6A84DCDC 
 117      5CB04ADE 
 118 0112 C6CF3EAF 		.ascii	"\306\317>\257T\031\303\373C\325\220H\313\220\311f\231"
 118      5419C3FB 
 118      43D59048 
 118      CB90C966 
 118      99
 119 0123 1C531D2D 		.ascii	"\034S\035-\265s\240\224\204\241I)\255\313N\263x\312"
 119      B573A094 
 119      84A14929 
 119      ADCB4EB3 
 119      78CA
 120 0135 FDA292F8 		.ascii	"\375\242\222\370\023z\337\314,\215\330\212|\230\035"
 120      137ADFCC 
 120      2C8DD88A 
 120      7C981D
 121 0144 499B4D96 		.ascii	"I\233M\226_9\252x\006aR4\251\321/\272\210\277 >\021"
 121      5F39AA78 
 121      06615234 
 121      A9D12FBA 
 121      88BF203E 
 122 0159 0A9010E4 		.ascii	"\012\220\020\344Tyn\326\316a\344\214\230\333\340s\225"
 122      54796ED6 
 122      CE61E48C 
 122      98DBE073 
 122      95
 123 016a C40701CA 		.ascii	"\304\007\001\312\302\314\371E\2707\274s\372W\010S\310"
 123      C2CCF945 
 123      B837BC73 
 123      FA570853 
 123      C8
 124 017b 615067C7 		.ascii	"aPg\307\003\270$i\027[\266\230\256\217\255\225jU\316"
 124      03B82469 
ARM GAS  /tmp/cc7wWZxD.s 			page 10


 124      175BB698 
 124      AE8FAD95 
 124      6A55CE
 125 018e 106AF1F0 		.ascii	"\020j\361\360ONi1W\320\333\240+\027X\261Xy\353\304~"
 125      4F4E6931 
 125      57D0DBA0 
 125      2B1758B1 
 125      5879EBC4 
 126 01a3 78553E87 		.ascii	"xU>\207\263\254\254\230F\214\266k\216h\247\023\337\246"
 126      B3ACAC98 
 126      468CB66B 
 126      8E68A713 
 126      DFA6
 127 01b5 D7A38293 		.ascii	"\327\243\202\223VG\224}\352\356\353\374r:\242\304\326"
 127      5647947D 
 127      EAEEEBFC 
 127      723AA2C4 
 127      D6
 128 01c6 F95C8D47 		.ascii	"\371\\\215G\362>J\233R\023\243\205$\004}IK\215\240,"
 128      F23E4A9B 
 128      5213A385 
 128      24047D49 
 128      4B8DA02C 
 129 01da 5203AF67 		.ascii	"R\003\257g\020\363\271FK\2617\313\277\272\314\201lc"
 129      10F3B946 
 129      4BB137CB 
 129      BFBACC81 
 129      6C63
 130 01ec 470644F1 		.ascii	"G\006D\361X\033\240\237\350\0231`\233\225\274#\246Z"
 130      581BA09F 
 130      E8133160 
 130      9B95BC23 
 130      A65A
 131 01fe CC6A2643 		.ascii	"\314j&C1=\375\233\311\334aS\236m5\345\271fJ\254\246"
 131      313DFD9B 
 131      C9DC6153 
 131      9E6D35E5 
 131      B9664AAC 
 132 0213 105059A2 		.ascii	"\020PY\242K\010\251\202\324\377\354\257\313*\001x!\366"
 132      4B08A982 
 132      D4FFECAF 
 132      CB2A0178 
 132      21F6
 133 0225 8B151A1E 		.ascii	"\213\025\032\036\366y\027\255 \236\233\034\010\354\013"
 133      F67917AD 
 133      209E9B1C 
 133      08EC0B
 134 0234 9E9A542C 		.ascii	"\236\232T,\310=\315nKGg[\347\341#nw\217\333\321\332"
 134      C83DCD6E 
 134      4B47675B 
 134      E7E1236E 
 134      778FDBD1 
 135 0249 E5F69C6A 		.ascii	"\345\366\234jW\353\321\223\255]\315\355\304m\247{\314"
 135      57EBD193 
 135      AD5DCDED 
 135      C46DA77B 
 135      CC
ARM GAS  /tmp/cc7wWZxD.s 			page 11


 136 025a 13DDC78E 		.ascii	"\023\335\307\216\377\002\241\215\031\016"
 136      FF02A18D 
 136      190E
 137              		.text
 138              		.section	.gnu.lto_.symbol_nodes.f6e62469cb8b8da6,"",%progbits
 139 0000 789C55C9 		.ascii	"x\234U\311\315\015\202@\024E\341\363\356 \224AB%X\331"
 139      CD0D8240 
 139      1445E1F3 
 139      EE209441 
 139      422558D9 
 140 0014 1B63E29A 		.ascii	"\033c\342\232\215k~\006-\302\"\354\301\2755\020\310"
 140      8D6B7E06 
 140      2DC222EC 
 140      C1BD3510 
 140      C8
 141 0025 A8892C6E 		.ascii	"\250\211,nNr\277\022\270nC\275\034\272'ly\234\216pH"
 141      4E72BF12 
 141      B86E43BD 
 141      1CBA276C 
 141      799C8E70 
 142 003a 22361034 		.ascii	"\"6\0204\310mO\263\354C\243\\{\272I\231l\222\207L\020"
 142      C86D4FB3 
 142      EC43A35C 
 142      7BBA4999 
 142      6C92874C 
 143 004f 630B7697 		.ascii	"c\013v\227\027\377G\240\344\374Z,\350\333\342\327\212"
 143      17FF47A0 
 143      E4FC5A2C 
 143      E8DBE2D7 
 143      8A
 144 0060 7479D7AC 		.ascii	"ty\327\254\366z#!"
 144      F67A2321 
 145              		.text
 146              		.section	.gnu.lto_.refs.f6e62469cb8b8da6,"",%progbits
 147 0000 789C6363 		.ascii	"x\234cc``\020\000bF\006&F\026F&&f\026F\026&V\026\006"
 147      60601000 
 147      62460626 
 147      46164626 
 147      26661646 
 148 0019 0002EF00 		.ascii	"\000\002\357\000;"
 148      3B
 149              		.text
 150              		.section	.gnu.lto_.decls.f6e62469cb8b8da6,"",%progbits
 151 0000 789C9557 		.ascii	"x\234\225W{P\024\311\031\237\236\336\305eY\300\200I"
 151      7B5014C9 
 151      199F9EDE 
 151      C56559C0 
 151      8049
 152 0012 AC0A313E 		.ascii	"\254\0121>\260$Uw\254\200\236zI\245\256\364\222\323"
 152      B0245577 
 152      AC809E7A 
 152      49A5AEF4 
 152      92D3
 153 0024 3A2FA6F0 		.ascii	":/\246\360R)SW\265\207\260\004*<,vIi\376\311\300.\034"
 153      52295357 
 153      B587B004 
 153      2A3C2C76 
ARM GAS  /tmp/cc7wWZxD.s 			page 12


 153      4969FEC9 
 154 003b BE051101 		.ascii	"\276\005\021\001\361\211\342\003\024\361\000ET\020E"
 154      F189E203 
 154      14F10045 
 154      541045
 155 004a 117C203E 		.ascii	"\021| >88\024\024\361q\207\010\210<D\330|\335=\303\314"
 155      38381414 
 155      F1718708 
 155      883C44D8 
 155      7CDD3DC3 
 156 005f 2EAC974C 		.ascii	".\254\227L\325\2673\335\375\353\376~\337\257\277\376"
 156      D5B733DD 
 156      FDEBFE7E 
 156      DFAFBFFE 
 157 006f 66D685E3 		.ascii	"f\326\205\3438W/\216;\304s\\\013\3428\033\\*\350\273"
 157      38572F8E 
 157      3BC4735C 
 157      0BE2381B 
 157      5C2AE8BB 
 158 0083 C8C9971A 		.ascii	"\310\311\227\032\354-\230\015l\022`\274\300\246\202"
 158      EC2D980D 
 158      6C1260BC 
 158      C0A682
 159 0092 6168CF84 		.ascii	"ah\317\204\273\037X\000\342\354\2567\004\3071\233\002"
 159      BB1F5800 
 159      E2ECAE37 
 159      04C7319B 
 159      02
 160 00a3 564DFAC0 		.ascii	"VM\372\300V\201\265\201\315\001\353\003\013\004\\\020"
 160      5681B581 
 160      CD01EB03 
 160      0B045C10 
 161 00b3 D83CB069 		.ascii	"\330<\260i`?\003\233\017\366\021\330C\030\257\003[\000"
 161      603F039B 
 161      0FF611D8 
 161      4318AF03 
 161      5B00
 162 00c5 CF84D32B 		.ascii	"\317\204\323+\260N\260&\260n0^\344E\370\360\"\227\205"
 162      B04EB026 
 162      B06E305E 
 162      E445F8F0 
 162      229785
 163 00d8 0E3C6C88 		.ascii	"\016<l\210\371\377Z\301\345\215\310\247J\3443G\344\244"
 163      F9FF5AC1 
 163      E58DC8A7 
 163      4AE43347 
 163      E4A4
 164 00ea E4B3086C 		.ascii	"\344\263\010l\266\310g\301\004\234$>\335\"\247\026\221"
 164      B6C867C1 
 164      049C243E 
 164      DD22A716 
 164      91
 165 00fb 8F4DE443 		.ascii	"\217M\344Ch\3709p\361\344\031\007G.<r\256\313\307`\376"
 165      68F83970 
 165      F1E41907 
 165      472E3C72 
 165      AECBC760 
ARM GAS  /tmp/cc7wWZxD.s 			page 13


 166 0110 0A5D0897 		.ascii	"\012]\010\227\337\201\375R\324_\322\204\360\300\016"
 166      DF81FD52 
 166      D45FD284 
 166      F0C00E
 167 011f FB43DC3B 		.ascii	"\373C\334;\356K:F\371i\355;U\255\350\001\031A\223\021"
 167      EE4B3A46 
 167      F969ED3B 
 167      55ADE801 
 167      19419311 
 168 0133 1291CA8B 		.ascii	"\022\221\312\213\264m\322E\306\031\200G\322 C9N\243"
 168      B46DD245 
 168      C6198047 
 168      D2204339 
 168      4EA3
 169 0145 638819CF 		.ascii	"c\210\031\317\311Xy\206bU\305dD/\216RQr\241\314DzHv"
 169      C9587986 
 169      6255C564 
 169      442F8E52 
 169      5172A1CC 
 170 015d 8FC63012 		.ascii	"\217\3060\022^\261*\032\2334\236\235\250\021\021\341"
 170      5EB12A1A 
 170      9B349E9D 
 170      A81111E1 
 171 016d 704E96BA 		.ascii	"pN\226\272\015=\004\344\3379n\233&\006\221\316G\015"
 171      0D3D04E4 
 171      DF396E9B 
 171      260691CE 
 171      470D
 172 017f E7463498 		.ascii	"\347F4\230g\317\315w\2235\330\235>\367_M\252t\363/\020"
 172      67CFCD77 
 172      9335D89D 
 172      3EF75F4D 
 172      AA74F32F 
 173 0194 D8A5F98A 		.ascii	"\330\245\371\212C\245\010Kr\336\266\236\314\301\033"
 173      43A5084B 
 173      72DEB69E 
 173      CCC11B
 174 01a3 31F2D222 		.ascii	"1\362\322\"\0254{nd\267{@s\212\026M\207fvy_\255\232"
 174      15347B6E 
 174      64B77B40 
 174      738A164D 
 174      87667679 
 175 01ba 8D6AA069 		.ascii	"\215j\240i\313;\271^\203\347\323U\037\324\034\315'\023"
 175      CB3BB95E 
 175      83E7D355 
 175      1FD41CCD 
 175      2713
 176 01cc E76811A1 		.ascii	"\347h\021\241\356\011]\205\235eC\356\254\213 \032\266"
 176      EE095D85 
 176      9D6543EE 
 176      AC8B201A 
 176      B6
 177 01dd F61E9C84 		.ascii	"\366\036\234\204?&\317|k\323p\213\007\322\372\245\010"
 177      3F26CF7C 
 177      6BD3708B 
 177      07D2FAA5 
 177      08
ARM GAS  /tmp/cc7wWZxD.s 			page 14


 178 01ee 42A2B0CF 		.ascii	"B\242\260\317\"\270.\345P\031\362Ag\220\017\207*\221"
 178      22B82EE5 
 178      5019F241 
 178      67900F87 
 178      2A91
 179 0200 1F99731A 		.ascii	"\037\231s\032\371s\350<t\236\203\316<\302\265\362U\346"
 179      F973E83C 
 179      749E83CE 
 179      3CC2B5F2 
 179      55E6
 180 0212 1FB27A05 		.ascii	"\037\262z\005a:\252@Zt\001a\212\001q\346h\031\373\243"
 180      613AAA40 
 180      5A740161 
 180      8A0171E6 
 180      6819FBA3 
 181 0226 07530FB8 		.ascii	"\007S\017\270\340\177S\027\345\273:\252yg..9u\321zd"
 181      E07F5317 
 181      E5BB3AAA 
 181      79672E2E 
 181      3975D17A 
 182 023b E6952441 		.ascii	"\346\225$A\340Q\025\270\270(\273\000\217\314\207\365"
 182      E05115B8 
 182      B828BB00 
 182      8FCC87F5 
 183 024b 727FAA3B 		.ascii	"r\177\252;>\216\250\223\247C\326b7gN\2568u\322X\350"
 183      3E8EA893 
 183      A743D662 
 183      37674EAE 
 183      3875D258 
 184 0260 77EC2E89 		.ascii	"w\354.\211\243\032\234\\\226\235TIN\356\365\364fx\340"
 184      A31A9C5C 
 184      969D5449 
 184      4EEEF5F4 
 184      6678E0
 185 0273 1EEA0475 		.ascii	"\036\352\004uY;\332\334\230\352S\211\216\335\327w\213"
 185      593BDADC 
 185      98EA5389 
 185      8EDDD777 
 185      8B
 186 0284 CDC9D03C 		.ascii	"\315\311\320<u\377H\271\006\0172hfC\321\037\265@\306"
 186      75FF48B9 
 186      060F3268 
 186      6643D11F 
 186      B540C6
 187 0297 F23F450C 		.ascii	"\362?E\014\0236\247WU\251\360;6\333z\351^\211\016'\260"
 187      1336A757 
 187      55A9F03B 
 187      36DB7AE9 
 187      5E890E27 
 188 02ac 94E9A82B 		.ascii	"\224\351\250+L\324\340$\326x\232\277\251\323\003\257"
 188      4CD4E024 
 188      D6789ABF 
 188      A9D303AF 
 189 02bc 678DFCB4 		.ascii	"g\215\374\264\333\2070\336\314\032g\316\277\014dd|\240"
 189      DB8730DE 
 189      CC1A67CE 
 189      BF0C6464 
ARM GAS  /tmp/cc7wWZxD.s 			page 15


 189      7CA0
 190 02ce 75F6414F 		.ascii	"u\366AO\245\033\313\2276\004\355\343\203\255\245j\234"
 190      A51BCB97 
 190      3604EDE3 
 190      83ADA56A 
 190      9C
 191 02df 4AA1AE25 		.ascii	"J\241\256%)M6\214|\275}\341\362\363\365= X-B\345@\355"
 191      294D368C 
 191      7CBD7DE1 
 191      F2F3F53D 
 191      20582D42 
 192 02f6 BCD686E7 		.ascii	"\274\326\206\347\202\220\246Cu \306\015\020\343\036"
 192      8290A643 
 192      7520C60D 
 192      10E31E
 193 0305 F296799F 		.ascii	"\362\226y\237\205\037\032\006\010\223J\304\333\006\206"
 193      851F1A06 
 193      08934AC4 
 193      DB0686
 194 0314 541C6A00 		.ascii	"T\034j\000\304m:H\360\020\027j\206\020\277G\276\250"
 194      C46D3A48 
 194      F010176A 
 194      8610BF47 
 194      BEA8
 195 0326 11AC09EC 		.ascii	"\021\254\011\354.X\013\330w`\367\221/Mq\346\264*\"["
 195      2E580BD8 
 195      7760F791 
 195      2F4D71E6 
 195      B42A225B 
 196 033a A8B462EA 		.ascii	"\250\264b\352\361\216\243\307\032\272h\200\317\030\272"
 196      F18EA3C7 
 196      1ABA6880 
 196      CF18BA
 197 0349 D920A36F 		.ascii	"\331 \243o9\242\3652=\206~\253@\327:\242\257!G\370c"
 197      39A2F532 
 197      3D867EAB 
 197      40D73AA2 
 197      AF2147F8 
 198 035e 05FCE6C4 		.ascii	"\005\374\346\304\301S*,q\256\264z%@\370\004\305\211"
 198      C1532A2C 
 198      71AEB47A 
 198      2540F804 
 198      C589
 199 0370 49234775 		.ascii	"I#Gu\277\325\353\200E\250\231K\327\252\237\220\250\""
 199      BFD5EB80 
 199      45A8994B 
 199      D7AA9F90 
 199      A822
 200 0382 AA5E85E3 		.ascii	"\252^\205\343\353\023\363\244h\330\305\366\201g\247"
 200      EB13F3A4 
 200      68D8C5F6 
 200      8167A7
 201 0391 3D712DDD 		.ascii	"=q-\335E\276\351]\355M\017\344\3557\341f\240V\330\203"
 201      45BEE95D 
 201      ED4D0FE4 
 201      ED37E166 
 201      A056D883 
ARM GAS  /tmp/cc7wWZxD.s 			page 16


 202 03a5 FF673F58 		.ascii	"\377g?XX7\237\273@%\202\002\346\015\205|\3544\220 \251"
 202      58379FBB 
 202      40258202 
 202      E60D857C 
 202      EC349020 
 203 03ba FF9EECD4 		.ascii	"\377\236\354\324{\223t\033\306\316\030\005J\\9\3104"
 203      7B93741B 
 203      C6CE1805 
 203      4A5C39C8 
 203      34
 204 03cb 9D3805B0 		.ascii	"\2358\005\260\247\327g>s\307\215\214\353\333\222\302"
 204      A7D7673E 
 204      73C78D8C 
 204      EBDB92C2 
 205 03db 2A84FC74 		.ascii	"*\204\374t\322\251\363=\336MN];Lx$\373\201\371ps\262"
 205      D2A9F33D 
 205      DE4D4E5D 
 205      3B4C7824 
 205      FB81F970 
 206 03f1 3C7A0C51 		.ascii	"<z\014Q\330y\030~\236\336\204X\312\353\240\231X\336"
 206      D879187E 
 206      9EDE8458 
 206      CAEBA099 
 206      58DE
 207 0403 94EA29A6 		.ascii	"\224\352)\246<\031\356\333\336\334\352\201\037\363v"
 207      3C19EEDB 
 207      DEDCEA81 
 207      1FF376
 208 0412 5571D5F8 		.ascii	"Uq\325\370\252\270\212U\305\316\372[\220\201/\030\337"
 208      AAB88A55 
 208      C5CEFA5B 
 208      90812F18 
 208      DF
 209 0423 E6DEDBD8 		.ascii	"\346\336\333\330Y5\371\021x\254\022\017\360s\350|6V"
 209      5935F911 
 209      78AC120F 
 209      F073E87C 
 209      3656
 210 0435 4D061E06 		.ascii	"M\006\036\006\366\177CJ\326\017\260\225/\344\270V\261"
 210      F67F434A 
 210      D60FB095 
 210      2FE4B856 
 210      B1
 211 0446 62A27EF2 		.ascii	"b\242~\362\374\322E5\234;z\346`\345\312\326\037?(\354"
 211      FCD24535 
 211      9C3B7AE6 
 211      60E5CAD6 
 211      1F3F28EC 
 212 045a 65678E48 		.ascii	"eg\216Hq\025\246\274\2348U\3546\271\003\306\237P\305"
 212      7115A6BC 
 212      9C3855EC 
 212      36B903C6 
 212      9F50C5
 213 046d 5F8A3BDC 		.ascii	"_\212;\334\005\234:a7\273\301^\331\355\350\350\011\226"
 213      059C3A61 
 213      37BBC15E 
 213      D9EDE8E8 
ARM GAS  /tmp/cc7wWZxD.s 			page 17


 213      0996
 214 047f A82F1D13 		.ascii	"\250/\035\023\225\370\357:\343\225K\023\225\020~\352"
 214      95F8EF3A 
 214      E3954B13 
 214      95107EEA 
 215 048f E8FDACF2 		.ascii	"\350\375\254\362\374\021x\355B\226\251\244X\226O\310"
 215      FC1178ED 
 215      4296A9A4 
 215      58964FC8 
 216 049f 951D2850 		.ascii	"\225\035(Ps\350\350\353>\214+0\333\375\212\356\333\223"
 216      73E8E8EB 
 216      3E8C2B30 
 216      DBFD8AEE 
 216      DB93
 217 04b1 909F3763 		.ascii	"\220\2377c\324\177\206\346\330k\230\334#k\364\222\346"
 217      D47F86E6 
 217      D86B98DC 
 217      236BF492 
 217      E6
 218 04c2 D88461A2 		.ascii	"\330\204a\242^\210\356}\221\202\277M\247\316\025\253"
 218      5E88EE7D 
 218      9182BF4D 
 218      A7CE15AB 
 219 04d2 BDC5E929 		.ascii	"\275\305\351)N\247s\023\315\035mL\313pUfu\237]V\277"
 219      4EA77313 
 219      CD1D6D4C 
 219      CB705566 
 219      759F5D56 
 220 04e7 A159492B 		.ascii	"\241YI+\361\226W\245\236*\236\365\241\030\025\351\253"
 220      F19657A5 
 220      9E2A9EF5 
 220      A11815E9 
 220      AB
 221 04f8 B60D547A 		.ascii	"\266\015Tz\262$\344\025\357\204)\354\235`\275^\221\355"
 221      B224E415 
 221      EF8429EC 
 221      9D60BD5E 
 221      91ED
 222 050a 3E3583D2 		.ascii	">5\203\322\262\010\223y*\335 ,=@\227\036BS\341\267\037"
 222      B2089379 
 222      2ADD202C 
 222      3D40971E 
 222      4253E1B7 
 223 051f A9D8FA96 		.ascii	"\251\330\372\226\212\276$4s\237\260\257\022\336\260"
 223      8ABE2434 
 223      739FB0AF 
 223      12DEB0
 224 052e 83BE99E7 		.ascii	"\203\276\231\347 5\264*\202B%\262R%\344#\001\025\303"
 224      2035B42A 
 224      824225B2 
 224      5225E423 
 224      0115C3
 225 0541 5940DFC2 		.ascii	"Y@\337\3021\347\320[4\223|zdZ\352\334p\007U\034%_\275"
 225      31E7D05B 
 225      34937C7A 
 225      645AEADC 
 225      7007551C 
ARM GAS  /tmp/cc7wWZxD.s 			page 18


 226 0558 53358932 		.ascii	"S5\2112%\016\031\323\202\203\226\215\223\306\330\277"
 226      250E19D3 
 226      8283968D 
 226      93C6D8BF 
 227 0568 43B473E3 		.ascii	"C\264s\343\372\302k\256J\202_\377B\301o\224\362\033"
 227      FAC26BAE 
 227      4A825FFF 
 227      42C16F94 
 227      F21B
 228 057a 91F8E5EC 		.ascii	"\221\370\345\354|\262C\342w\177\227\016\222!Q \351\016"
 228      7CB243E2 
 228      777F970E 
 228      92215120 
 228      E90E
 229 058c 30342C13 		.ascii	"04,\023\034v$h\243\004G\036\266\367\362\270\207\021"
 229      1C762468 
 229      A304471E 
 229      B6F7F2B8 
 229      8711
 230 059e 3C76E3E8 		.ascii	"<v\343\350;\025\266\261\374\350\277\374,W\343\354\270"
 230      3B15B6B1 
 230      FCE8BFFC 
 230      2C57E3EC 
 230      B8
 231 05af 5978E72F 		.ascii	"Yx\347/\357\337\263\227w\"\257E\011\374\370\227\367"
 231      EFDFB397 
 231      7722AF45 
 231      09FCF897 
 231      F7
 232 05c0 E99A8A14 		.ascii	"\351\232\212\024-\215\230 \230\012\233\022\257^\220"
 232      2D8D9820 
 232      980A9B12 
 232      AF5E90
 233 05cf F7D0CAD3 		.ascii	"\367\320\312\323\316G\351\365\255\356NUH\346\211\012"
 233      CE47E9F5 
 233      ADEE4E55 
 233      48E6890A 
 234 05df 49BCA8C2 		.ascii	"I\274\250\302\376\226-O\\\344]\332s=Y\250\207\211\237"
 234      FE962D4F 
 234      5CE45DDA 
 234      733D59A8 
 234      87899F
 235 05f2 50201264 		.ascii	"P \022d\036\360h\257\3037<\321\241\262\373`&\306)*\252"
 235      1EF068AF 
 235      C3373CD1 
 235      A1B2FB60 
 235      26C6292A 
 236 0607 C3BDC1F3 		.ascii	"\303\275\301\363ou8\2156T\005\226c\335*\344\347\203"
 236      6F75388D 
 236      36540596 
 236      63DD2AE4 
 236      E783
 237 0619 C035D2E6 		.ascii	"\3005\322\346I\037\206\034\332\014\364\327\363X\372"
 237      491F861C 
 237      DA0CF4D7 
 237      F358FA
 238 0628 DACC860C 		.ascii	"\332\314\206\014\027\272\377C\272\341YC\357T;!W\300"
ARM GAS  /tmp/cc7wWZxD.s 			page 19


 238      17BAFF43 
 238      BAE15943 
 238      EF543B21 
 238      57C0
 239 063a 533914E4 		.ascii	"S9\024\344\203\346\202r\033@92\304\241M\274\017\332"
 239      83E68272 
 239      1B403932 
 239      C4A14DBC 
 239      0FDA
 240 064c C8D3EF8C 		.ascii	"\310\323\357\214\242\234\232!W\255\210N\371)\364\243"
 240      A29C9A21 
 240      57AD884E 
 240      F929F4A3 
 241 065c 41DB659D 		.ascii	"A\333e\235\362hl\001&\362\321\330\312KG\343V\335\216"
 241      F2686C01 
 241      26F2D1D8 
 241      CA4B47E3 
 241      56DD8E
 242 066f 0C262BF4 		.ascii	"\014&+\364\211R\333,Y\375j\247\252\246RU\267I\252&\334"
 242      8952DB2C 
 242      59FD6AA7 
 242      AAA65255 
 242      B749AA26 
 243 0684 B97F8DE4 		.ascii	"\271\177\215\344V\033l\254m\003\256\263$o\026\366#\012"
 243      561B6CAC 
 243      6D03AEB3 
 243      246F16F6 
 243      230A
 244 0696 4329B2A6 		.ascii	"C)\262\246)\242\012(\215j\371\362\220e\273'.aZN\264"
 244      29A20A28 
 244      8D6AF9F2 
 244      9065BB27 
 244      2E615A4E 
 245 06ab DDB6AC2D 		.ascii	"\335\266\254-\271.c\007!\235m\367\325\352\364vF\226"
 245      B92E6307 
 245      219D6DF7 
 245      D5EAF476 
 245      4696
 246 06bd 54DD1DAC 		.ascii	"T\335\035\254\363N\333\206n\215S\266;)\333\014\211\355"
 246      F34EDB86 
 246      6E8D53B6 
 246      3B29DB0C 
 246      89ED
 247 06cf 8B96824B 		.ascii	"\213\226\202K.\"\333;\205~\257\212\005\253\232`\320"
 247      2E22DB3B 
 247      857EAF8A 
 247      05AB9A60 
 247      D0
 248 06e0 7699EA76 		.ascii	"v\231\352v\211j&\245:\322]?\242c\205BK^^5\311{\021\331"
 248      896A26A5 
 248      3AD25D3F 
 248      A2638542 
 248      4B5E5E35 
 249 06f8 074154D6 		.ascii	"\007AT\326K)l6\335\010\275\017\312b\373\320\330d-\023"
 249      4B296C36 
 249      DD08BD0F 
 249      CA62FBD0 
ARM GAS  /tmp/cc7wWZxD.s 			page 20


 249      D8642D13 
 250 070c 5F756E24 		.ascii	"_un$\322G;*\\Y\225\371\216\014_\250kh\362\360\332&\026"
 250      D2473B2A 
 250      5C5995F9 
 250      8E0C5FA8 
 250      6B68F2F0 
 251 0723 CF4F104D 		.ascii	"\317O\020M\230\034\330\306]<Ym7\357%\255I\320w\037n"
 251      981CD8C6 
 251      5D3C596D 
 251      37EF25AD 
 251      49D0771F 
 252 0738 5AA2046F 		.ascii	"Z\242\004oy\037\370\351\336\013C\2563\352T{!\317\366"
 252      791FF8E9 
 252      DE0B43AE 
 252      33EA547B 
 252      21CFF6
 253 074b C010F954 		.ascii	"\300\020\371T-\037\355\343q#\023}\377\215\327\031Z\334"
 253      2D1FEDE3 
 253      7123137D 
 253      FF8DD719 
 253      5ADC
 254 075d C11AD94D 		.ascii	"\301\032\331MM\273]f\347\012\365\364h|\220\231'\244"
 254      4DBB5D66 
 254      E70AF5F4 
 254      687C9099 
 254      27A4
 255 076f 6C4BA0F3 		.ascii	"lK\240\363\320~\020\006\012\225\302\321>\350\331\313"
 255      D07E1006 
 255      0A95C2D1 
 255      3EE8D9CB 
 256 077f CFE0D001 		.ascii	"\317\340\320\001~6)~\005\027J\325N\005\311\225\004\331"
 256      7E36297E 
 256      05174AD5 
 256      4E05C995 
 256      04D9
 257 0791 C504E9EA 		.ascii	"\305\004\351\352\314\313W;F,\277\027\017\322 r\245 "
 257      CCCB573B 
 257      462CBF17 
 257      0FD22072 
 257      A520
 258 07a3 4AAF64BD 		.ascii	"J\257d\275\321:\206\354\024\275g\353\236S\332\031]4"
 258      D13A86EC 
 258      14BD67EB 
 258      9E53DA19 
 258      5D34
 259 07b5 E4432CE4 		.ascii	"\344C,\344\346\343\317_\353\3600\213\262\350V\365\367"
 259      E6E3CF5F 
 259      EBF0308B 
 259      B2E856F5 
 259      F7
 260 07c6 5A31CAC7 		.ascii	"Z1\312\307\277J\330Wi\235"
 260      BF4AD857 
 260      699D
 261 07d0 4E703444 		.ascii	"Np4D(u\212\205\017CO\036\011\361\010\0151\367\207\262"
 261      28758A85 
 261      0F434F1E 
 261      09F1080D 
ARM GAS  /tmp/cc7wWZxD.s 			page 21


 261      31F787B2 
 262 07e4 4BE2BF36 		.ascii	"K\342\2776w\362\207\241\352`\227\253\323\210\217I\021"
 262      77F287A1 
 262      EA6097AB 
 262      D3888F49 
 262      11
 263 07f5 1F65118F 		.ascii	"\037e\021\217\264$\214\362l\262\007I\354\027M\271b\012"
 263      B4248CF2 
 263      6CB20749 
 263      EC174DB9 
 263      620A
 264 0807 749361C1 		.ascii	"t\223a\3012\360T\347(H\001\210\235O\305>NC<&\205x\270"
 264      32F054E7 
 264      28480188 
 264      9D4FC53E 
 264      4E433C26 
 265 081e CA5A3E4E 		.ascii	"\312Z>N\020\247\350\226\355Y\265\2363\326\253\211 '"
 265      10A7E896 
 265      ED59B59E 
 265      33D6AB89 
 265      2027
 266 0830 98209DD9 		.ascii	"\230 \235\331\311I<\316TSA\366\236\353\270\356&\012"
 266      C9493CCE 
 266      545341F6 
 266      9EEBB8EE 
 266      260A
 267 0842 D23C8D09 		.ascii	"\322<\215\011rB\024\004j\236b\341\223\320SH\004)\242"
 267      72421404 
 267      6A9E62E1 
 267      93D05348 
 267      0429A2
 268 0855 82242795 		.ascii	"\202$'\225\217b\255X\366S~\362+\013\235\342\311\321"
 268      8F62AD58 
 268      F6537EF2 
 268      2B0B9DE2 
 268      C9D1
 269 0867 49ACAACF 		.ascii	"I\254\252\317\324(\213\022\251\021\262p\337\262\242"
 269      D4288B12 
 269      A911B270 
 269      DFB2A2
 270 0876 44EE00DE 		.ascii	"D\356\000\336}\355\310WJ,\311E\031[,b\213)\266#\255"
 270      7DEDC857 
 270      4A2CC945 
 270      195B2C62 
 270      8B29B623 
 271 088b E81996C0 		.ascii	"\350\031\226\300)\357\371\274E%\024\337\230\335c\325"
 271      29EFF9BC 
 271      452514DF 
 271      98DD63D5 
 272 089b 38C33B7C 		.ascii	"8\303;|\257\242R:%\241,'C=q\304\023\375KE\247i\304\215"
 272      AFA2523A 
 272      25A12C27 
 272      433D71C4 
 272      13FD4B45 
 273 08b3 E947D2DD 		.ascii	"\351G\322\335g\355g\237O\231\274\220\242\201\352D_\374"
 273      67ED679F 
 273      4F99BC90 
ARM GAS  /tmp/cc7wWZxD.s 			page 22


 273      A281EA44 
 273      5FFC
 274 08c5 ACC29CE1 		.ascii	"\254\302\234\341g\221,\337W\274\005)c=d\027k\231\030"
 274      67912CDF 
 274      57BC0529 
 274      633D6417 
 274      6B9918
 275 08d8 6B192572 		.ascii	"k\031%r\271\276|\230W\202O\330\201\317\212\340\263\024"
 275      B9BE7C98 
 275      57824FD8 
 275      81CF8AE0 
 275      B314
 276 08ea 5CF4B47C 		.ascii	"\\\364\264|\203J\011\336i\247x\271\010&w\355\232\220"
 276      834A09DE 
 276      69A778B9 
 276      082677ED 
 276      9A90
 277 08fc A8606348 		.ascii	"\250`cH\330\342x\3234\177\375\222\210\310\325\221+V"
 277      D8E278D3 
 277      347FFD92 
 277      88C8D591 
 277      2B56
 278 090e EA634DFA 		.ascii	"\352cM\372\210\220(\275).\224\334\015\200\361\017\325"
 278      889028BD 
 278      292E94DC 
 278      0D80F10F 
 278      D5
 279 091f 7CF6E7BF 		.ascii	"|\366\347\277N_\022\020\300\251\242CL\377\324\032\014"
 279      4E5F1210 
 279      C0A9A243 
 279      4CFFD41A 
 279      0C
 280 0930 F19131E6 		.ascii	"\361\2211\346\240@\203y\236>\336\024\247\017\211\213"
 280      A0408379 
 280      9E3EDE14 
 280      A70F898B 
 281 0940 FE302636 		.ascii	"\3760&6\306\370\2411du\244>2&4*>\314\250\217\016\011"
 281      C6F8A131 
 281      6475A43E 
 281      3226342A 
 281      3ECCA88F 
 282 0956 8D888C31 		.ascii	"\215\210\2141\352\015a\306\360\220\370(\263\301\274"
 282      EA0D61C6 
 282      F090F828 
 282      B3C1BC
 283 0965 6E8DD1E4 		.ascii	"n\215\321\344\037\301i\244\331\277}\317l\323:\223\336"
 283      1FC169A4 
 283      D9BF7DCF 
 283      6CD33A93 
 283      DE
 284 0976 60328701 		.ascii	"`2\207\001\024\246\350\"c\327\304\306\231\211w\203\371"
 284      14A6E822 
 284      63D7C4C6 
 284      99897783 
 284      F9
 285 0987 A37164C9 		.ascii	"\243qd\311\230I\277\362\313/\202\002\365\313\227\177"
 285      9849BFF2 
ARM GAS  /tmp/cc7wWZxD.s 			page 23


 285      CB2F8202 
 285      F5CB977F 
 286 0997 AAFFEC2F 		.ascii	"\252\377\354/\313V\374+@\342o\210\212\012\2035\\\010"
 286      CB56FC2B 
 286      40E26F88 
 286      8A0A8335 
 286      5C08
 287 09a9 2A320C2F 		.ascii	"*2\014/\016\016V-^\031\034\214W|\032\214\227\201-\011"
 287      0E0E562D 
 287      5E191C8C 
 287      577C1A8C 
 287      97812D09 
 288 09bd 5E0AB65C 		.ascii	"^\012\266\\\265|\311\347\301Avk\207\306FG\307\306\350"
 288      B57CC9E7 
 288      C141766B 
 288      87C64647 
 288      C7C6E8
 289 09d0 8D6BCDB0 		.ascii	"\215k\315\2608[\377O\001k\327\352M\346\350\240\300\360"
 289      385BFF4F 
 289      016BD7EA 
 289      4DE6E8A0 
 289      C0F0
 290 09e2 80B9416B 		.ascii	"\200\271AkW\023r\304\235\341K\210\356Sc\270\2261\215"
 290      571372C4 
 290      9DE14B88 
 290      EE5363B8 
 290      96318D
 291 09f5 0C33985D 		.ascii	"\0143\230]b\303\303MF\263\216\204k\010\0171\231\027"
 291      62C3C34D 
 291      46B38E84 
 291      6B080F31 
 291      9917
 292 0a07 1ACCBEEF 		.ascii	"\032\314\276\357\013Y\212v\326\270\000%\210\264#\021"
 292      0B598A76 
 292      D6B80025 
 292      88B42311 
 293 0a17 9C7AD90A 		.ascii	"\234z\331\012\330\267\337\274\177\33787\270\375-.\322"
 293      D8B7DFBC 
 293      7FDF3837 
 293      B8FD2D2E 
 293      D2
 294 0a28 6C04AC3B 		.ascii	"l\004\254;<\2574\232\341\351\213\3300\243&26\032n\006"
 294      3CAF349A 
 294      E1E98BD8 
 294      30A32632 
 294      361A6E06 
 295 0a3c B36B68C4 		.ascii	"\263kh\304\312u\246\245!QfUhDH\334\257\355V\2143\217"
 295      CA75A6A5 
 295      21516655 
 295      684448DC 
 295      AFED568C 
 296 0a52 B90E8D00 		.ascii	"\271\016\215\000\257?\227\3644@`\377\210\213\215_C\026"
 296      AF3F97F4 
 296      344060FF 
 296      888B8D5F 
 296      4316
 297 0a64 71931389 		.ascii	"q\223\023\211s7\030\302\343cB\015\006\377\005\363\026"
ARM GAS  /tmp/cc7wWZxD.s 			page 24


 297      733718C2 
 297      E363420D 
 297      06FF05F3 
 297      16
 298 0a75 2DD4482D 		.ascii	"-\324H-\235\202\210\0223\177n\220\207\035/\373\301E"
 298      9D828812 
 298      337F6E90 
 298      871D2FFB 
 298      C145
 299 0a87 FF0541BA 		.ascii	"\377\005A\272\017\311"
 299      0FC9
 300              		.text
 301              		.section	.gnu.lto_.symtab.f6e62469cb8b8da6,"",%progbits
 302 0000 70616C52 		.ascii	"palReadBus\000"
 302      65616442 
 302      757300
 303 000b 00       		.ascii	"\000"
 304 000c 00       		.ascii	"\000"
 305 000d 00       		.ascii	"\000"
 306 000e 00000000 		.ascii	"\000\000\000\000\000\000\000\000"
 306      00000000 
 307 0016 FA000000 		.ascii	"\372\000\000\000"
 308 001a 70616C57 		.ascii	"palWriteBus\000"
 308      72697465 
 308      42757300 
 309 0026 00       		.ascii	"\000"
 310 0027 00       		.ascii	"\000"
 311 0028 00       		.ascii	"\000"
 312 0029 00000000 		.ascii	"\000\000\000\000\000\000\000\000"
 312      00000000 
 313 0031 FF000000 		.ascii	"\377\000\000\000"
 314 0035 70616C53 		.ascii	"palSetBusMode\000"
 314      65744275 
 314      734D6F64 
 314      6500
 315 0043 00       		.ascii	"\000"
 316 0044 00       		.ascii	"\000"
 317 0045 00       		.ascii	"\000"
 318 0046 00000000 		.ascii	"\000\000\000\000\000\000\000\000"
 318      00000000 
 319 004e 07010000 		.ascii	"\007\001\000\000"
 320 0052 63685379 		.ascii	"chSysHalt\000"
 320      7348616C 
 320      7400
 321 005c 00       		.ascii	"\000"
 322 005d 02       		.ascii	"\002"
 323 005e 00       		.ascii	"\000"
 324 005f 00000000 		.ascii	"\000\000\000\000\000\000\000\000"
 324      00000000 
 325 0067 12010000 		.ascii	"\022\001\000\000"
 326 006b 5F70616C 		.ascii	"_pal_lld_setgroupmode\000"
 326      5F6C6C64 
 326      5F736574 
 326      67726F75 
 326      706D6F64 
 327 0081 00       		.ascii	"\000"
 328 0082 02       		.ascii	"\002"
ARM GAS  /tmp/cc7wWZxD.s 			page 25


 329 0083 00       		.ascii	"\000"
 330 0084 00000000 		.ascii	"\000\000\000\000\000\000\000\000"
 330      00000000 
 331 008c 18010000 		.ascii	"\030\001\000\000"
 332              		.text
 333              		.section	.gnu.lto_.opts,"",%progbits
 334 0000 272D666D 		.ascii	"'-fmath-errno' '-fsigned-zeros' '-ftrapping-math' '"
 334      6174682D 
 334      6572726E 
 334      6F272027 
 334      2D667369 
 335 0033 2D666E6F 		.ascii	"-fno-trapv' '-fno-strict-overflow' '-fno-openmp' '-"
 335      2D747261 
 335      70762720 
 335      272D666E 
 335      6F2D7374 
 336 0066 666E6F2D 		.ascii	"fno-openacc' '-mcpu=cortex-m3' '-mthumb' '-O0' '-fo"
 336      6F70656E 
 336      61636327 
 336      20272D6D 
 336      6370753D 
 337 0099 6D69742D 		.ascii	"mit-frame-pointer' '-falign-functions=16' '-ffuncti"
 337      6672616D 
 337      652D706F 
 337      696E7465 
 337      72272027 
 338 00cc 6F6E2D73 		.ascii	"on-sections' '-fdata-sections' '-fno-common' '-flto"
 338      65637469 
 338      6F6E7327 
 338      20272D66 
 338      64617461 
 339 00ff 2700     		.ascii	"'\000"
 340              		.text
 341              		.comm	__gnu_lto_v1,1,1
 342              		.comm	__gnu_lto_slim,1,1
 343              		.ident	"GCC: (GNU Tools for Arm Embedded Processors 7-2018-q3-update) 7.3.1 20180622 (release) [AR
ARM GAS  /tmp/cc7wWZxD.s 			page 26


DEFINED SYMBOLS
                            *ABS*:0000000000000000 hal_pal.c
                            *COM*:0000000000000001 __gnu_lto_v1
                            *COM*:0000000000000001 __gnu_lto_slim

NO UNDEFINED SYMBOLS
