ARM GAS  /tmp/cc1UVRwo.s 			page 1


   1              		.cpu cortex-m3
   2              		.eabi_attribute 20, 1
   3              		.eabi_attribute 21, 1
   4              		.eabi_attribute 23, 3
   5              		.eabi_attribute 24, 1
   6              		.eabi_attribute 25, 1
   7              		.eabi_attribute 26, 1
   8              		.eabi_attribute 30, 6
   9              		.eabi_attribute 34, 1
  10              		.eabi_attribute 18, 4
  11              		.file	"hal_st.c"
  12              		.section	.gnu.lto_.inline.3929f8b7c014accd,"",%progbits
  13 0000 789C75CD 		.ascii	"x\234u\315\313\021\2000\010\004\320\015!1\346s\262\000"
  13      CB118030 
  13      0804D00D 
  13      2131E673 
  13      B200
  14 0012 3BB094D4 		.ascii	";\260\224\324\226\022,\321\022\304\203\231q@\016\034"
  14      96122CD1 
  14      12C48399 
  14      71400E1C 
  15 0022 DEEE4004 		.ascii	"\336\356@\004\2609\314i\000{\200\370:\300\240\207\034"
  15      B039CC69 
  15      007B80F8 
  15      3AC0A087 
  15      1C
  16 0033 621049A3 		.ascii	"b\020I\243\277B\252\343\225\260\222\240\356Dp\025\241"
  16      BF42AAE3 
  16      95B092A0 
  16      EE447015 
  16      A1
  17 0044 739FBFB2 		.ascii	"s\237\277\262\254\005\241}\231\212D\243'\273\277\376"
  17      AC05A17D 
  17      998A44A3 
  17      27BBBFFE 
  18 0054 F5B319A0 		.ascii	"\365\263\031\240\330\\m\306\015\342O\017:"
  18      D85C6DC6 
  18      0DE24F0F 
  18      3A
  19              		.text
  20              		.section	.gnu.lto_st_lld_get_counter.3929f8b7c014accd,"",%progbits
  21 0000 789C6550 		.ascii	"x\234ePKK\202A\024\275\327\373\371E\017\251\037\340"
  21      4B4B8241 
  21      14BDD7FB 
  21      F9450FA9 
  21      1FE0
  22 0012 420A176E 		.ascii	"B\012\027n\034z\320:\250M\240\024\350>\212\026\012B"
  22      1C7AD03A 
  22      A84DA014 
  22      E83E8A16 
  22      0A42
  23 0024 91D1D649 		.ascii	"\221\321\326Iz\333\246H\005\371\012\245 \"\244\354e"
  23      7ADBA648 
  23      05F90AA5 
  23      2022A4EC 
  23      65
  24 0035 59C18750 		.ascii	"Y\301\207P\253\254\210h\331\242\225\270\210\210\310"
ARM GAS  /tmp/cc1UVRwo.s 			page 2


  24      ABAC8868 
  24      D9A295B8 
  24      8888C8
  25 0044 5D7527DB 		.ascii	"]u'\3335pg\346\3169s\316\231\321\001@\"@7\257v.\320"
  25      357067E6 
  25      CE3973CE 
  25      99D10140 
  25      224037AF 
  26 005b 002DC085 		.ascii	"\000-\300\205\3043!C\200\020\261\020Fp\231\326\010\257"
  26      C4332143 
  26      8010B110 
  26      467099D6 
  26      08AF
  27 006d BEAB6673 		.ascii	"\276\253fs\214\014b\016\267\017o7\353\215\252El\341"
  27      8C0C620E 
  27      B70F6F37 
  27      EB8DAA45 
  27      6CE1
  28 007f 76375335 		.ascii	"v7S5\032]\333RF\245\231\374l]\331\236[\0324\310\002"
  28      1A5DDB52 
  28      46A599FC 
  28      6C5DD99E 
  28      5B1A34C8 
  29 0094 09A61FA1 		.ascii	"\011\246\037\241\035\017Q\231\3401\272\200\331/\271"
  29      1D0F5199 
  29      E031BA80 
  29      D92FB9
  30 00a3 AFB84DD7 		.ascii	"\257\270M\327\024\312\207'\250\263\025 \003\345\217"
  30      14CA8727 
  30      A8B31520 
  30      03E58F
  31 00b2 FDC726E7 		.ascii	"\375\307&\347\246\224\253\322|\215Q\352\340^\316\366"
  31      A694ABD2 
  31      7C8D51EA 
  31      E05ECEF6 
  32 00c2 FCD76172 		.ascii	"\374\327ar\036\235{\017VS~}\317K\3639\206\231\322g\254"
  32      1E9D7B0F 
  32      56537E7D 
  32      CF4BF339 
  32      8699D267 
  33 00d7 CD8A6010 		.ascii	"\315\212`\020\263\015\3224P\327`A9\300\242\332R\005"
  33      B30DD234 
  33      50D76041 
  33      39C0A2DA 
  33      5205
  34 00e9 A31FE5CB 		.ascii	"\243\037\345\313\334\226E9\246H\371\335f\253o\015\352"
  34      DC964539 
  34      A648F9DD 
  34      66AB6F0D 
  34      EA
  35 00fa 15849287 		.ascii	"\025\204\222\207\206\247\254_\301b\241\276\306Q/M\314"
  35      86A7AC5F 
  35      C162A1BE 
  35      C6512F4D 
  35      CC
  36 010b 16EFEA6A 		.ascii	"\026\357\352j\034\225\375\242X\272\326\323\2701\315"
  36      1C95FDA2 
ARM GAS  /tmp/cc1UVRwo.s 			page 3


  36      58BAD6D3 
  36      B831CD
  37 011a 7C874156 		.ascii	"|\207AV\026\3023\225\212\261\247|!o\023Y93\255 \035"
  37      16C23395 
  37      8AB1A77C 
  37      216F1359 
  37      3933AD20 
  38 012f 0B98C6F8 		.ascii	"\013\230\306\370o\002<G\301\302\321\367\371\035\252"
  38      6F023C47 
  38      C1C2D1F7 
  38      F91DAA
  39 013e 496B2915 		.ascii	"Ik)\025\212\2431Ne\376\357$o^1\352\370\203\325\255\005"
  39      8AA3314E 
  39      65FEEF24 
  39      6F5E31EA 
  39      F883D5AD 
  40 0153 B6046675 		.ascii	"\266\004fu\271Eo 8\022\034\360\211\261\260\010\014\207"
  40      B9456F20 
  40      38121CF0 
  40      89B1B008 
  40      0C87
  41 0165 C4F8D8C4 		.ascii	"\304\370\330\304dX\370\374\336\316\016\341\361\364\011"
  41      6458F8FC 
  41      DECE0EE1 
  41      F1F409
  42 0174 7FBF77AA 		.ascii	"\177\277w\252]!C\341\311\241Ph\324\035\200\037\235\361"
  42      5D2143E1 
  42      C9A15068 
  42      D41D801F 
  42      9DF1
  43 0186 8615     		.ascii	"\206\025"
  44              		.text
  45              		.section	.gnu.lto_st_lld_start_alarm.3929f8b7c014accd,"",%progbits
  46 0000 789C8D91 		.ascii	"x\234\215\221MHTQ\024\307\357\377\2367\363\206\011\263"
  46      4D485451 
  46      14C7EFFF 
  46      9E37F386 
  46      09B3
  47 0012 A076B308 		.ascii	"\240v\263\010Z\210-\274M\005\265jS\233@i\241{Q\012f"
  47      5A882DBC 
  47      4D05B56A 
  47      539B4069 
  47      A17B510A 
  48 0027 60C26886 		.ascii	"`\302h\206V\221\327!\0315\2279\201L\3656\241\026b\332"
  48      5691D721 
  48      19359739 
  48      814CF536 
  48      A11662DA 
  49 003b C7A44DF5 		.ascii	"\307\244M\365|Q\315\302\012\304\3324\264(\250h!\022"
  49      7C51CDC2 
  49      0AC4DA34 
  49      B428A868 
  49      2112
  50 004d 03128A76 		.ascii	"\003\022\212v\356}\006-\022:\360\356\275\347\236\217"
  50      EE7D062D 
  50      123AF0EE 
  50      BDE79E8F 
ARM GAS  /tmp/cc1UVRwo.s 			page 4


  51 005d DFFFBC1B 		.ascii	"\337\377\274\033\025B\344\245\020\307y\337\313\237 "
  51      1542E4A5 
  51      10C779DF 
  51      CB9F20
  52 006c 01762101 		.ascii	"\001v!\001v z%z1L\327\010A\341\353\254l\036\323l\376"
  52      76207A25 
  52      7A314CD7 
  52      0841E1EB 
  52      AC6C1ED3 
  53 0082 F599FDF3 		.ascii	"\365\231\375\363\375z\350`\211\204(\222\260\206\373"
  53      FD7AE860 
  53      89842892 
  53      B086FB
  54 0091 68E6B497 		.ascii	"h\346\264\227\233\253~\343U*\021 \331]\\Y\270\261\303"
  54      9BAB7EE3 
  54      552A1120 
  54      D95D5C59 
  54      B8B1C3
  55 00a4 B812BBD8 		.ascii	"\270\022\273\330]\273s\257\326HG!\370\274^\253~\333"
  55      5DBB73AF 
  55      D6484721 
  55      F8BC5EAB 
  55      7EDB
  56 00b6 D9745BEB 		.ascii	"\331t[\353\274\366\027\212\244\367\224\210\360\010\304"
  56      BCF6178A 
  56      A4F79488 
  56      F008C4
  57 00c5 0DF11009 		.ascii	"\015\361\020\011<@B\360\225@\031M&\377\363\364\306H"
  57      3C4042F0 
  57      9540194D 
  57      26FFF3F4 
  57      C648
  58 00d7 43D40981 		.ascii	"C\324\011\201x\214\2500\022\247\026#\276\336\330,h\177"
  58      788CA830 
  58      12A71623 
  58      BEDED82C 
  58      687F
  59 00e9 690CEFBF 		.ascii	"i\014\357\277\304\342\340\"G\362\022!sr\314\022\201"
  59      C4E2E022 
  59      47F21221 
  59      7372CC12 
  59      81
  60 00fa 6D2206AC 		.ascii	"m\"\006\254\326A\342\011\351\007\362\365\357\037\247"
  60      D641E209 
  60      E907F2F5 
  60      EF1FA7
  61 0109 2F994EA3 		.ascii	"/\231N\243\004\006\274\235\\]\211\033\255\016\314\224"
  61      0406BC9D 
  61      5C5D891B 
  61      AD0ECC94 
  62 0119 0E665901 		.ascii	"\016fY\001\247\375,L\270a\226\034\245\010\337\004KC"
  62      A7FD2C4C 
  62      B861961C 
  62      A508DF04 
  62      4B43
  63 012b 83F6868B 		.ascii	"\203\366\206\213\212\375\301;7,2\"+\301\233WQ\0177\373"
  63      8AFDC13B 
ARM GAS  /tmp/cc1UVRwo.s 			page 5


  63      372C3222 
  63      2BC19B57 
  63      510F37FB 
  64 013f B8817799 		.ascii	"\270\201w\231\331\2467\346\270\221\211~(\317\225\033"
  64      D9A637E6 
  64      B891897E 
  64      28CF951B 
  65 014f D4A4BED2 		.ascii	"\324\244\276\322\247\367\225\310\305\023x\030\261\232"
  65      A7F795C8 
  65      C5137818 
  65      B19A
  66 015d 3838BEFC 		.ascii	"88\276\374\253\352&\247L\320\233A\211b\250@\341@\302"
  66      ABEA26A7 
  66      4CD09B41 
  66      8962A840 
  66      E140C2
  67 0170 FEDCA748 		.ascii	"\376\334\247H2^X\321\265?\242iKaP\257\036\333\222\363"
  67      325E58D1 
  67      B53FA269 
  67      4B6150AF 
  67      1EDB92F3 
  68 0184 2F3E6DC3 		.ascii	"/>m\303\217\341\231\345\333\227~\016\365\36741\010\370"
  68      8FE199E5 
  68      DB977E0E 
  68      F5F73431 
  68      08F8
  69 0196 E1F8F5F1 		.ascii	"\341\370\365\361O\311\220\347\374\037\317\331\2267o"
  69      4FC990E7 
  69      FC1FCFD9 
  69      96376F
  70 01a5 79D2F002 		.ascii	"y\322\360\002\313\253\334\032\236\210\207<\211\027\\"
  70      CBABDC1A 
  70      9E88873C 
  70      89175C
  71 01b4 B58CBC77 		.ascii	"\265\214\274w\367\365n\373\274\306\006\214:.8\322\242"
  71      F7F56EFB 
  71      BCC6068C 
  71      3A2E38D2 
  71      A2
  72 01c5 4EA4D2DD 		.ascii	"N\244\322\335\351\323\355\252'\253R]\031u\276\347B."
  72      E9D3EDAA 
  72      27AB525D 
  72      1975BEE7 
  72      422E
  73 01d7 ABDA3BDA 		.ascii	"\253\332;\332\016\037R\255\255'U\307\251\266\213I\023"
  73      0E1F52AD 
  73      AD2755C7 
  73      A9B68B49 
  73      13
  74 01e8 E9CCE63A 		.ascii	"\351\314\346:3\2313-)\341vugs\351sg\177\0031\244\337"
  74      3399332D 
  74      29E17675 
  74      6773E973 
  74      677F0331 
  75 01fe 90       		.ascii	"\220"
  76              		.text
  77              		.section	.gnu.lto_st_lld_stop_alarm.3929f8b7c014accd,"",%progbits
ARM GAS  /tmp/cc1UVRwo.s 			page 6


  78 0000 789C6363 		.ascii	"x\234cc``\020dd`0\003\322\242@\314\300\314\300\310\304"
  78      60601064 
  78      64603003 
  78      D2A240CC 
  78      C0CCC0C8 
  79 0015 00C48C40 		.ascii	"\000\304\214@A\006F\206z&\306z\306\036\346)\314\214"
  79      41064686 
  79      7A26C67A 
  79      C61EE629 
  79      CC8C
  80 0027 87DA9FED 		.ascii	"\207\332\237\355d\322\\\336\000\004\007\246\177R>\330"
  80      64D25CDE 
  80      000407A6 
  80      7F523ED8 
  81 0037 DAD06530 		.ascii	"\332\320e0\207\231\201a\0323\003\0300nf\324d\000\252"
  81      87998161 
  81      1A330318 
  81      306E66D4 
  81      6400AA
  82 004a 7BB4F1DF 		.ascii	"{\264\361\337T^6\026\2108\343\026F6\006\220I\353/\261"
  82      545E3616 
  82      8838E316 
  82      46360690 
  82      49EB2FB1 
  83 005e 1E68F8F7 		.ascii	"\036h\370\367\277\275\341\300\223\245\214\023\237q\260"
  83      BFBDE1C0 
  83      93A58C13 
  83      9F71B0
  84 006d 3032CC61 		.ascii	"02\314a\006Jt\200uw2\003\355d~\305\330\364\345\305\237"
  84      064A7480 
  84      75773203 
  84      ED647EC5 
  84      D8F4E5C5 
  85 0082 8D35204D 		.ascii	"\2155 M\263\230\031\201f\235[\373\375\003W73P%#\310"
  85      B3981981 
  85      669D5BFB 
  85      FD035737 
  85      33502523 
  86 0097 5E16C6AD 		.ascii	"^\026\306\255\2142\014\257\030\017}9\241\007R\004T1"
  86      8C320CAF 
  86      180F7D39 
  86      A1075204 
  86      5431
  87 00a9 ADF5D079 		.ascii	"\255\365\320yv\210\012\220\345{\016\235=\306\266\200"
  87      76880A90 
  87      E57B0E9D 
  87      3DC6B680 
  88 00b9 715E2350 		.ascii	"q^#P\365\202:\240\025L@\203\030\267\001u\201d\257m\337"
  88      F5823AA0 
  88      154C4083 
  88      18B70175 
  88      8164AF6D 
  89 00ce B59D577F 		.ascii	"\265\235W\177mCKc\203\302\034ff\306\355\214\013\030"
  89      6D434B63 
  89      83C21C66 
  89      66C6ED8C 
  89      0B18
ARM GAS  /tmp/cc1UVRwo.s 			page 7


  90 00e0 A7821DC0 		.ascii	"\247\202\035\300\270\203Q\037\3314\240\323\030w\002"
  90      B883511F 
  90      D934A0D3 
  90      187702
  91 00ef 75BD636C 		.ascii	"u\275clZ\260\370\214 \330\033 \320\001r3\320\255&z\372"
  91      5AB0F88C 
  91      20D81B20 
  91      D0017233 
  91      D0AD267A 
  92 0104 CE199949 		.ascii	"\316\031\231I\231\376\301\372\371\305\372\031\2119\372"
  92      99FEC1FA 
  92      F9C5FA19 
  92      8939FA
  93 0113 05F94525 		.ascii	"\005\371E%\305\372\301!\276\306F\372>>.\372!\236\276"
  93      C5FAC121 
  93      BEC646FA 
  93      3E3E2EFA 
  93      219EBE
  94 0126 65862099 		.ascii	"e\206 \231\370\342\222\370\234\234\024\275\014\006\000"
  94      F8E292F8 
  94      9C9C14BD 
  94      0C0600
  95 0135 36B26702 		.ascii	"6\262g\002"
  96              		.text
  97              		.section	.gnu.lto_st_lld_set_alarm.3929f8b7c014accd,"",%progbits
  98 0000 789C2550 		.ascii	"x\234%P;H\034Q\024\275g\356:#\021c\002\332ma\0251\205"
  98      3B481C51 
  98      14BD67EE 
  98      3A231163 
  98      02DA6D61 
  99 0017 2FAB01BB 		.ascii	"/\253\001\2734\261\021\024\013\355EQ\330\205\015Jv\261"
  99      34B11114 
  99      0BED4551 
  99      D8850D4A 
  99      76B1
 100 0029 92F85C22 		.ascii	"\222\370\\\"\253&eVAG\231F\324\200\030\277\353\032\003"
 100      AB266556 
 100      41479946 
 100      D48018BF 
 100      EB1A03
 101 003c E3A2C1C2 		.ascii	"\343\242\301\302$ be\225B\305BD\003\022\024\365\276"
 101      24206265 
 101      9542C542 
 101      44031214 
 101      F5BE
 102 004e D90BEFCD 		.ascii	"\331\013\357\315\334\3179\367\234g\023\3218\210\336"
 102      DCCF39F7 
 102      9C6713D1 
 102      3888DE
 103 005d C8B7420E 		.ascii	"\310\267B\0161\301\"9\220\"\201\006,\014\3403\177a\344"
 103      31C12239 
 103      90228106 
 103      2C0CE033 
 103      7F61E4
 104 0070 D32739AB 		.ascii	"\323'9\253zVK\370\343\313/\266\207\364\350+\227\211"
 104      7A564BF8 
 104      E3CB2FB6 
ARM GAS  /tmp/cc1UVRwo.s 			page 8


 104      87F4E82B 
 104      9789
 105 0082 C69882C0 		.ascii	"\306\230\202\300\012\252el\367\341\306/\373\304.\003"
 105      0AAA656C 
 105      F7E1C62F 
 105      FBC42E03 
 106 0092 96A40797 		.ascii	"\226\244\007\227\373S%&\265\360L\322\333\257\337\216"
 106      FB532526 
 106      B5F04CD2 
 106      DBAFDF8E 
 107 00a2 CBB81E24 		.ascii	"\313\270\036$\377w\307{\247O\253f\264Ni\377.\303\272"
 107      FF77C77B 
 107      A74FAB66 
 107      B44E69FF 
 107      2EC3BA
 108 00b5 DC65C63A 		.ascii	"\334e\306:X\010\261\2060V\021&)\021\262\2502\363\177"
 108      5808B186 
 108      30561126 
 108      2911B2A8 
 108      32F37F
 109 00c8 97EE33A5 		.ascii	"\227\3563\245v\250\260\020\033\260\311H\\<(\362\365"
 109      76A8B010 
 109      1BB0C948 
 109      5C3C28F2 
 109      F5
 110 00d9 FD435AFB 		.ascii	"\375CZ\373;\263\310\235\024\333\020P\310\222\253H$\030"
 110      3BB3C89D 
 110      14DB1050 
 110      C892AB48 
 110      2418
 111 00eb 280D070A 		.ascii	"(\015\007\012GX|\3619R\377\316&W\372\015~\202!\264\277"
 111      47587CF1 
 111      3952FFCE 
 111      2657FA0D 
 111      7E8221B4 
 112 0100 176E2E9F 		.ascii	"\027n.\237\030\205!\030o!\344d\257\214]\245\347\235"
 112      18852118 
 112      6F21E464 
 112      AF8C5DA5 
 112      E79D
 113 0112 C2943521 		.ascii	"\302\2245!*\316\221?\034\035\011*\002\032\033\312\377"
 113      2ACE913F 
 113      1C1D092A 
 113      021A1BCA 
 113      FF
 114 0123 710A2023 		.ascii	"q\012 #m+\377\353\247\355azP\010\274\017\262\333pcS"
 114      6D2BFFEB 
 114      A7ED617A 
 114      5008BC0F 
 114      B2DB7063 
 115 0138 884CF728 		.ascii	"\210L\367(\273\231-U\013\372\343\240\256t\331\301wx"
 115      BB992D55 
 115      0BFAE3A0 
 115      AE74D9C1 
 115      7778
 116 014a C8049AA4 		.ascii	"\310\004\232\2449w\361\177\317\211,\232\246\267\014"
 116      3977F17F 
ARM GAS  /tmp/cc1UVRwo.s 			page 9


 116      CF892C9A 
 116      A6B70C
 117 0159 978BB105 		.ascii	"\227\213\261\005\205\227\341\340I\177 \"\353\351\002"
 117      8597E1E0 
 117      497F2022 
 117      EBE902
 118 0168 29EF7AFF 		.ascii	")\357z\377y\340\331\3040\213sq\363\272F\275\215\306"
 118      79E0D9C4 
 118      308B7371 
 118      F3BA46BD 
 118      8DC6
 119 017a 3A632DAD 		.ascii	":c-\255\252'\241\242\035q\325\333\363>\231P\255m\315"
 119      AA27A1A2 
 119      1D71D5DB 
 119      F33E9950 
 119      AD6DCD
 120 018d 75B5AAA9 		.ascii	"u\265\252\251\251A\26556\367EL\247=\221l\217\307\273"
 120      A941B535 
 120      36F7454C 
 120      A73D916C 
 120      8FC7BB
 121 01a0 6AA2E474 		.ascii	"j\242\344tt&\222\261w\335\217uI\224\\"
 121      742692B1 
 121      77DD8F75 
 121      49945C
 122              		.text
 123              		.section	.gnu.lto_st_lld_get_alarm.3929f8b7c014accd,"",%progbits
 124 0000 789C6551 		.ascii	"x\234eQ\317KTQ\024>\337;o\336@&\372\007\270\030\010"
 124      CF4B5451 
 124      143EDF3B 
 124      6FDE4026 
 124      FA07B818 
 125 0015 035D7899 		.ascii	"\003]x\231\222\326\201m\0045A\367\222\270\030a@q\304"
 125      92D6816D 
 125      043541F7 
 125      92B81861 
 125      4071C4
 126 0028 AD77864C 		.ascii	"\255w\206LK7\206?\340\365\222\011#\013\221)\177M\216"
 126      4B37863F 
 126      E0F59209 
 126      230B9129 
 126      7F4D8E
 127 003b 128F01A5 		.ascii	"\022\217\001\245 +$Z\264l5\270\030D\204\301\315\330"
 127      202B245A 
 127      B46C35B8 
 127      184484C1 
 127      CDD8
 128 004d 394EBB2E 		.ascii	"9N\273.\234{\357\271\337w\316\367\035\256GD\253 \272"
 128      9C7BEFB9 
 128      DF77CEF7 
 128      1DAE4744 
 128      AB20BA
 129 0060 27679304 		.ascii	"'g\223\004\271\004\207$\300\2623\004\"\320\244\303\230"
 129      B9048724 
 129      C0B23304 
 129      22D0A4C3 
 129      98
ARM GAS  /tmp/cc1UVRwo.s 			page 10


 130 0071 C41C2F30 		.ascii	"\304\034/0\016\257*a\303,\007,\034IO\316\276\276\254"
 130      0EAF2A61 
 130      C32C072C 
 130      1C494FCE 
 130      BEBEAC
 131 0084 D3146894 		.ascii	"\323\024h\224t\375U%\250kY\2636c\303\345\337\267\347"
 131      74FD5525 
 131      A86B59B3 
 131      3663C3E5 
 131      DFB7E7
 132 0097 D79E3CEB 		.ascii	"\327\236<\353\015\330\241%\241o\243\011[P\021\354\240"
 132      0DD8A125 
 132      A16FA309 
 132      5B5011EC 
 132      A0
 133 00a8 8584FDE7 		.ascii	"\205\204\375\347Cu\261\336s\025\225\307]x\"E\020\240"
 133      4375B1DE 
 133      731595C7 
 133      5D782245 
 133      10A0
 134 00ba 74F1FEE7 		.ascii	"t\361\376\347\315\346Uk\237\333\260\352\263\277\371"
 134      CDE6556B 
 134      9FDBB0EA 
 134      B3BFF9
 135 00c9 C34EDDFF 		.ascii	"\303N\335\377\277\217\220\363h\316\235DB[\275\232\266"
 135      BF8F90F3 
 135      68CE9D44 
 135      425BBD9A 
 135      B6
 136 00da 61D947FA 		.ascii	"a\331G\372\370\350\305\255\010(`a\007\354\272\244e4"
 136      F8E8C5AD 
 136      08286061 
 136      07ECBAA4 
 136      6534
 137 00ec A30AF454 		.ascii	"\243\012\364T\257|\212\314E)\267\365\332QE\237U\357"
 137      AF7C8ACC 
 137      4529B7F5 
 137      DA51459F 
 137      55EF
 138 00fe DB46E5EC 		.ascii	"\333F\345\354\206N\301\260\262\\|\224\376\247(~\372"
 138      864EC1B0 
 138      B25C7C94 
 138      FEA7287E 
 138      FA
 139 010f D25323E9 		.ascii	"\322S#\351\250KS\305\357\321\032I\315\037\024\217\217"
 139      A84B53C5 
 139      EFD11A49 
 139      CD1F148F 
 139      8F
 140 0120 BC2C56D2 		.ascii	"\274,V\322R\220}\243b\021i\206=u&\360\257|!_o6\354\343"
 140      52907DA3 
 140      62116986 
 140      3D7526F0 
 140      AF7C215F 
 141 0138 B48D05EC 		.ascii	"\264\215\005\354\241\200,\026\257]\010\370\266|\371"
 141      A1802C16 
 141      AF5D08F8 
ARM GAS  /tmp/cc1UVRwo.s 			page 11


 141      B67CF9
 142 0147 391ACF29 		.ascii	"9\032\317)\230-8\001G\261\017\203\326\353\231p\200\270"
 142      982D3801 
 142      47B10F83 
 142      D6EB9970 
 142      80B8
 143 0159 6867CEA7 		.ascii	"hg\316\247\337qM\334\365\325\267\270\227r.\311\227,"
 143      DF714DDC 
 143      F5D5B7B8 
 143      97722EC9 
 143      972C
 144 016b CBA58C4C 		.ascii	"\313\245\214L\354\037\254U3b\212\204\325\336f:\022\303"
 144      EC1FAC55 
 144      33628A84 
 144      D5DE663A 
 144      12C3
 145 017d 83C30FFB 		.ascii	"\203\303\017\373\314H\312$\036%\315\350\310\330x\312"
 145      CC48CA24 
 145      1E25CDE8 
 145      C8D878CA 
 146 018d F4F577DF 		.ascii	"\364\365w\337\275c\272\272\036\230\376\316\356\211\270"
 146      BD63BABA 
 146      1E98FECE 
 146      EE89B8
 147 019c 2203A9F1 		.ascii	"\"\003\251\361\201dr\250-A\177\001\372\212\222_"
 147      816472A8 
 147      2D417F01 
 147      FA8A925F 
 148              		.text
 149              		.section	.gnu.lto_st_lld_is_alarm_active.3929f8b7c014accd,"",%progbits
 150 0000 789C5D90 		.ascii	"x\234]\220\277KBQ\024\307\317yG_\024H\377\200C\020\022"
 150      BF4B4251 
 150      14C7CF79 
 150      475F1448 
 150      FF804310 
 151 0015 2EDD7ED1 		.ascii	".\335~\321\034\324\022$\015\266G\321\240 \024)\255\335"
 151      1CD41224 
 151      0DB647D1 
 151      A0201429 
 151      ADDD
 152 0027 B434ABA5 		.ascii	"\2644\253\245H\005}\204\320\020\015b\221ei\303K\250"
 152      48057D84 
 152      D0100D62 
 152      916569C3 
 152      4BA8
 153 0039 CD8A86A2 		.ascii	"\315\212\206\242\245\241)\"\242!\372\001\241\235\353"
 153      A5A12922 
 153      A221FA01 
 153      A19DEB
 154 0048 6BEAC13D 		.ascii	"k\352\301=\357\361\276\237\363=\337su\000\310 @?\277"
 154      EFF1BE9F 
 154      F33DDF73 
 154      7500C820 
 154      403FBF
 155 005b 9D7CC006 		.ascii	"\235|\300\006\250\001\037$\256\204,\001\302\274F8\217"
 155      A8011F24 
 155      AE842C01 
ARM GAS  /tmp/cc1UVRwo.s 			page 12


 155      C2BC4638 
 155      8F
 156 006c 6BB44998 		.ascii	"k\264I\230\210\227\357\034\356\035)\303\322L%;\316\226"
 156      8897EF1C 
 156      EE1D29C3 
 156      D24C253B 
 156      CE96
 157 007e A22B5D06 		.ascii	"\242+]\006\263I\002\354ub\2272\301\003t\003\263\217"
 157      B34902EC 
 157      75629732 
 157      C1037403 
 157      B38F
 158 0090 FBB58443 		.ascii	"\373\265\204C\267)\215\177\026Pg+@\026\012\225LYwmK"
 158      B7298D7F 
 158      1650672B 
 158      40160A95 
 158      4C59776D 
 159 00a5 B921CD57 		.ascii	"\271!\315W\203\322{\32722\360\337\205\321Ct\345o\354"
 159      83D27BD7 
 159      3232F0DF 
 159      85D14374 
 159      E56FEC
 160 00b8 A6ACD563 		.ascii	"\246\254\325c\322|0p\275\372a\264\353\010\006qH\203"
 160      D27C3070 
 160      BDFA61B4 
 160      EB080671 
 160      4883
 161 00ca 3452C50E 		.ascii	"4R\305\016\252\023\226U\2018qzz\306\360\373S\365\340"
 161      AA139655 
 161      8138717A 
 161      7AC6F0FB 
 161      53F5E0
 162 00dd 0BD5D034 		.ascii	"\013\325\3204\251\221\227\271\317\267\226U\342N\224"
 162      A99197B9 
 162      CFB79655 
 162      E24E94
 163 00ec FCD8F008 		.ascii	"\374\330\360\010\235\360\214\225R\263\305h\314$\227"
 163      9DF08C95 
 163      52B3C568 
 163      CC2497
 164 00fb 2A574D16 		.ascii	"*WM\026\243\342\237V\252\027z\026\267\026\230o3\210"
 164      A3E29F56 
 164      AA177A16 
 164      B716986F 
 164      3388
 165 010d D8088BDC 		.ascii	"\330\010\213\334\245\264\333b\251\350\0209\271\270\240"
 165      A5B4DB62 
 165      A9E81039 
 165      B9B8A0
 166 011c 241B1E63 		.ascii	"$\033\036c\026\023\215\004x\202\202\215#?\321\373?k"
 166      16138D04 
 166      7882828D 
 166      233FD1FB 
 166      3F6B
 167 012e B2DCCFEB 		.ascii	"\262\334\317\353\237f\253r\327\370vK\215\351\221\243"
 167      9F66AB72 
 167      D7F8764B 
ARM GAS  /tmp/cc1UVRwo.s 			page 13


 167      8DE991A3 
 168 013e D82E5990 		.ascii	"\330.Y\220\2359\206\362/'\337\016\013\002,\253a\274"
 168      9D3986F2 
 168      2F27DF0E 
 168      0B022CAB 
 168      61BC
 169 0150 12FBD213 		.ascii	"\022\373\322\023gJ\361\307+\206\333\376:\240\2615_)"
 169      674AF1C7 
 169      2B86DBFE 
 169      3AA0B135 
 169      5F29
 170 0162 AFDCD729 		.ascii	"\257\334\327)\006}\376I\377\250WL\007\205o\" f\246g"
 170      067DFE49 
 170      FFA8574C 
 170      07856F22 
 170      2066A667 
 171 0176 4341E11D 		.ascii	"CA\341\035\363\364\366\210\221\221!16\354\231\353V\312"
 171      F3F4F688 
 171      91912131 
 171      36EC99EB 
 171      56CA
 172 0188 7830341E 		.ascii	"x04\036\010Lu\372\340\027\310\270\213O"
 172      084C75FA 
 172      E017C8B8 
 172      8B4F
 173              		.text
 174              		.section	.gnu.lto_stInit.3929f8b7c014accd,"",%progbits
 175 0000 789C6363 		.ascii	"x\234cc``X\000\304\012@,\012\304\014\314\014\214L\014"
 175      60605800 
 175      C40A402C 
 175      0AC40CCC 
 175      0C8C4C0C 
 176 0014 40CCC808 		.ascii	"@\314\310\010\34402\32431\3263\3660Oaf<\324\376l'\223"
 176      E43032D4 
 176      3331D633 
 176      F6304F61 
 176      663CD4FE 
 177 002b E6F20620 		.ascii	"\346\362\006 80}\002[[C\253\304\034f\006\206i\314\014"
 177      38307D02 
 177      5B5B43AB 
 177      C41C6606 
 177      8669CC0C 
 178 003f 60C0B899 		.ascii	"`\300\270\231Q\223\001\250\354\321\306\177Sy\331X \342"
 178      519301A8 
 178      ECD1C67F 
 178      5379D958 
 178      20E2
 179 0051 8C5B18D9 		.ascii	"\214[\030\331\030@\006\255\277\304z\240\341\337\377"
 179      184006AD 
 179      BFC47AA0 
 179      E1DFFF
 180 0060 F6860377 		.ascii	"\366\206\003w\0261nv\003\312u\200\365u2\003-c~\303\330"
 180      16316E76 
 180      03CA7580 
 180      F5753203 
 180      2D637EC3 
 181 0075 BCE0710F 		.ascii	"\274\340q\0173X5\320\210\235;\337\334f\257\377\333\300"
ARM GAS  /tmp/cc1UVRwo.s 			page 14


 181      335835D0 
 181      889D3BDF 
 181      DC66AFFF 
 181      DBC0
 182 0087 31879971 		.ascii	"1\207\231q\0323P;\343V\306z\2069@\245\357\030\233\026"
 182      1A33503B 
 182      E356C67A 
 182      863940A5 
 182      EF189B16 
 183 009b 3CEF6104 		.ascii	"<\357a\004+\004\201\016\220,\320\0049=}\347\214\314"
 183      2B04810E 
 183      902CD004 
 183      393D7DE7 
 183      8CCC
 184 00ad A44CFF60 		.ascii	"\244L\377`\375\374b\375\214\304\034\375\342\242d\020"
 184      FDFC62FD 
 184      8CC41CFD 
 184      E2A26410 
 185 00bd 1D5F5CA2 		.ascii	"\035_\\\242\227\314\000\000vu9\332"
 185      97CC0000 
 185      767539DA 
 186              		.text
 187              		.section	.gnu.lto_stStartAlarm.3929f8b7c014accd,"",%progbits
 188 0000 789C358F 		.ascii	"x\2345\217=K\003A\020\206\347\335\271\\\0041\261\260"
 188      3D4B0341 
 188      1086E7DD 
 188      B95C0431 
 188      B1B0
 189 0012 B03804AB 		.ascii	"\2608\004\253\230&\367#\004[\013\177\200$AH@\021\274"
 189      9826F723 
 189      045B0B7F 
 189      80244148 
 189      4011BC
 190 0025 F4B70435 		.ascii	"\364\267\0045\021M\245F\220\023\256P\004\033\025?\257"
 190      114DA546 
 190      9013AE50 
 190      041B153F 
 190      AF
 191 0036 3B04C1C2 		.ascii	";\004\301\302*\255\301\302B\233\240\202\202\210\232"
 191      2AADC1C2 
 191      429BA082 
 191      82889A
 192 0045 3877E2C0 		.ascii	"8w\342\300\354\354\314\274\363\354\254ID)\020\215I\264"
 192      ECECCCBC 
 192      F3ECAC49 
 192      4429108D 
 192      49B4
 193 0057 C4C92028 		.ascii	"\304\311 (\022\007\313\311\220\026\201\\\305p\261\306"
 193      1207CBC9 
 193      9016815C 
 193      C570B1C6 
 194 0067 1B8CABDA 		.ascii	"\033\214\253\332c\240\262\373Z,\334\2727\227\365\322"
 194      63A0B2FB 
 194      5A2CDCBA 
 194      3797F5D2 
 195 0077 B027D226 		.ascii	"\260'\322&Sl8AVT\327\275\2170\275\312\236\000\224\244"
 195      536C3841 
ARM GAS  /tmp/cc1UVRwo.s 			page 15


 195      5654D7BD 
 195      8F30BDCA 
 195      9E0094A4 
 196 008b ADD7DB9D 		.ascii	"\255\327\333\235\376(U\030\224\364\353\340\250\235\346"
 196      FE285518 
 196      94F4EBE0 
 196      A89DE6
 197 009a 5190DCBF 		.ascii	"Q\220\334\277\3337O\251\314\236\326U\035v\326Y\017y"
 197      DB374FA9 
 197      CC9ED655 
 197      1D76D659 
 197      0F79
 198 00ac CC38070B 		.ascii	"\3148\007\013\020g\260p\012\213\244D\270@&\322?\034"
 198      1067B070 
 198      0A8BA444 
 198      B84026D2 
 198      3F1C
 199 00be 7737074C 		.ascii	"w7\007L\303\377\177\023\2270eC\202T\016[\211Pw{5\035"
 199      C3FF7F13 
 199      97306543 
 199      82540E5B 
 199      8950777B 
 200 00d4 BEEFE273 		.ascii	"\276\357\342s\302P\210\247\250\036/Wg\371\030\257\010"
 200      C25088A7 
 200      A81E2F57 
 200      67F918AF 
 200      08
 201 00e5 8BB88345 		.ascii	"\213\270\203E\377\245\301\361\260@\203\240s\227t\177"
 201      FFA5C1F1 
 201      B04083A0 
 201      7397747F 
 202 00f5 749FC746 		.ascii	"t\237\307F\223#Z\000\227\266Yy\234\240gT\375\267\006"
 202      93235A00 
 202      97B65979 
 202      9CA06754 
 202      FDB706
 203 0108 62ED1F47 		.ascii	"b\355\037G\004\202\032\311\331\343\245r\241<9e\317;"
 203      04821AC9 
 203      D9E3A572 
 203      A13C3965 
 203      CF3B
 204 011a 76293F6B 		.ascii	"v)?k;\013\305(N;\225\\\221\222\371\202S)\317\315\374"
 204      3B0BC528 
 204      4E3B955C 
 204      9192F982 
 204      5329CFCD 
 205 012f 02BFFF5D 		.ascii	"\002\277\377]\326"
 205      D6
 206              		.text
 207              		.section	.gnu.lto_stStopAlarm.3929f8b7c014accd,"",%progbits
 208 0000 789C6363 		.ascii	"x\234cc``X\000\304\012@,\012\304\014\314\014\214L\014"
 208      60605800 
 208      C40A402C 
 208      0AC40CCC 
 208      0C8C4C0C 
 209 0014 40CCC808 		.ascii	"@\314\310\010\34402\32431\3263\3660Oaf<\324\376l'\223"
 209      E43032D4 
ARM GAS  /tmp/cc1UVRwo.s 			page 16


 209      3331D633 
 209      F6304F61 
 209      663CD4FE 
 210 002b E6F20620 		.ascii	"\346\362\006 80}\026{[C\253\304\034f\006\206i\314\014"
 210      38307D16 
 210      7B5B43AB 
 210      C41C6606 
 210      8669CC0C 
 211 003f 60C0B899 		.ascii	"`\300\270\231Q\223\001\250\354\321\306\177Sy\331X \342"
 211      519301A8 
 211      ECD1C67F 
 211      5379D958 
 211      20E2
 212 0051 8C5B18D9 		.ascii	"\214[\030\331\030@\006\255\277\304z\240\341\337\377"
 212      184006AD 
 212      BFC47AA0 
 212      E1DFFF
 213 0060 F6860347 		.ascii	"\366\206\003G\0263nt\007\312u\200\365u2\003-c~\303\330"
 213      16336E74 
 213      07CA7580 
 213      F5753203 
 213      2D637EC3 
 214 0075 BC607F1F 		.ascii	"\274`\177\0373X5\320\210\235;\337\334f\257\377\333\300"
 214      335835D0 
 214      889D3BDF 
 214      DC66AFFF 
 214      DBC0
 215 0087 31879971 		.ascii	"1\207\231q\0323P;\343V\306z\2069@\245\357\030\233\026"
 215      1A33503B 
 215      E356C67A 
 215      863940A5 
 215      EF189B16 
 216 009b 3CEE6304 		.ascii	"<\356c\004+\004\201\016\220,\320\0049=}\347\214\314"
 216      2B04810E 
 216      902CD004 
 216      393D7DE7 
 216      8CCC
 217 00ad A44CFF60 		.ascii	"\244L\377`\375\374b\375\214\304\034\375\342\242d\020"
 217      FDFC62FD 
 217      8CC41CFD 
 217      E2A26410 
 218 00bd 1D5F5CA2 		.ascii	"\035_\\\242\227\314\000\000fm9\251"
 218      97CC0000 
 218      666D39A9 
 219              		.text
 220              		.section	.gnu.lto_stSetAlarm.3929f8b7c014accd,"",%progbits
 221 0000 789C358F 		.ascii	"x\2345\217=K\003A\020\206\347\335\271\344\0041\261\260"
 221      3D4B0341 
 221      1086E7DD 
 221      B9E40431 
 221      B1B0
 222 0012 B0088255 		.ascii	"\260\010\202UL\223\373\021\026\226\026\376\000I\202"
 222      4C93FB11 
 222      169616FE 
 222      004982
 223 0021 900345F0 		.ascii	"\220\003E\360\322\337\022\324D\024R\250\021\344\204"
 223      D2DF12D4 
ARM GAS  /tmp/cc1UVRwo.s 			page 17


 223      441452A8 
 223      11E484
 224 0030 148A60A3 		.ascii	"\024\212`\243\342\347U\036\202`a\225\302\306\253T\264"
 224      E2E7551E 
 224      82606195 
 224      C2C6AB54 
 224      B4
 225 0041 09A29585 		.ascii	"\011\242\225\205\2328w\342\300\354\354\314\274\363\354"
 225      9A3877E2 
 225      C0ECECCC 
 225      BCF3EC
 226 0050 6C928852 		.ascii	"l\222\210R \032\223\230\021'\203\240H\034,'CZ\004r\025"
 226      201A9398 
 226      112783A0 
 226      481C2C27 
 226      435A0472 
 227 0065 C3C51A6F 		.ascii	"\303\305\032o0\256k/\276\312\355k\261`\353\336\\\326"
 227      30AE6B2F 
 227      BECAED6B 
 227      B160EBDE 
 227      5CD6
 228 0077 4BC39E48 		.ascii	"K\303\236H\233L\261\341\0049Q\335\364>\203\364*{\002"
 228      9B4CB1E1 
 228      043951DD 
 228      F43E83F4 
 228      2A7B02
 229 008a 5092B6DF 		.ascii	"P\222\266\337\357v\372\243TaP\322\257\203\2430\315\243"
 229      EF76FAA3 
 229      546150D2 
 229      AF83A330 
 229      CDA3
 230 009c 20B97F87 		.ascii	" \271\177\207\267\257\251\354\236\326U\035\204\353\254"
 230      B7AFA9EC 
 230      9ED6551D 
 230      84EBAC
 231 00ab 873C669C 		.ascii	"\207<f\234\203\005\2103dp\212\014I\211p\201l\244\177"
 231      83058833 
 231      64708A0C 
 231      49897081 
 231      6CA47F
 232 00be 3CEE6E0E 		.ascii	"<\356n\016$\215\326\377\233\270DR6$H\345\260\235\010"
 232      248DD6FF 
 232      9BB84452 
 232      362448E5 
 232      B09D08
 233 00d1 74B757D3 		.ascii	"t\267W\323\301\363.>&\014\205x\212\352\361ru\226\217"
 233      C1F32E3E 
 233      260C8578 
 233      8AEAF172 
 233      75968F
 234 00e4 F18AB088 		.ascii	"\361\212\260\210;Xl]58\036\026\250\357w\036L\367G\367"
 234      3B586C5D 
 234      35381E16 
 234      A8EF771E 
 234      4CF747F7 
 235 00f8 796C3439 		.ascii	"yl49\242\371pi\233\225\307\011zC\265\365\324@\254\375"
 235      A2F97069 
ARM GAS  /tmp/cc1UVRwo.s 			page 18


 235      9B95C709 
 235      7A43B5F5 
 235      D440ACFD 
 236 010c E3884050 		.ascii	"\343\210@P#yk\274l\027\355\311)k\336\261\312\205Y\313"
 236      23796BBC 
 236      6C17EDC9 
 236      296BDEB1 
 236      CA8559CB 
 237 0120 59284571 		.ascii	"Y(Eq\332\251\344Kd\026\212N\305\236\233\371\005\210"
 237      DAA9E44B 
 237      64168A4E 
 237      C59E9BF9 
 237      0588
 238 0132 895D6C   		.ascii	"\211]l"
 239              		.text
 240              		.section	.gnu.lto_stGetAlarm.3929f8b7c014accd,"",%progbits
 241 0000 789C6550 		.ascii	"x\234eP=K\003A\024|\357\336\336)FQ\304B$H@\002\246\311"
 241      3D4B0341 
 241      147CEFDE 
 241      DE294651 
 241      C4422448 
 242 0018 FD087F80 		.ascii	"\375\010\177\200\205?@4M\002\202\340\331\337\222 \032"
 242      853F4034 
 242      4D0282E0 
 242      D9DF9220 
 242      1A
 243 0029 B451E205 		.ascii	"\264Q\342\005\364\204\210\205\001\013\277\342G@\360"
 243      F4848885 
 243      010BBFE2 
 243      4740F0
 244 0038 1ABB1412 		.ascii	"\032\273\024\022\354\004\013\253\024A,\204T^\234E;\213"
 244      EC040BAB 
 244      14412C84 
 244      545E9C45 
 244      3B8B
 245 004a 376F6777 		.ascii	"7ogw\336\314\356:D4\311D)\364\031\024\331\304\026\241"
 245      DECCEE3A 
 245      4434C944 
 245      29F41914 
 245      D9C416A1 
 246 005e 5880C20A 		.ascii	"X\200\302\012\250\030\002b\362-Q\354\363\216T\204\237"
 246      A8180262 
 246      F22D51EC 
 246      F38E5484 
 246      9F
 247 006f FABD6874 		.ascii	"\372\275ht[B\201\024\264\375\331:J\030\312<\006zv\334"
 247      5B428114 
 247      B4FDD93A 
 247      4A18CA3C 
 247      067A76DC 
 248 0083 0B139953 		.ascii	"\013\023\231S\255\213:\252\006C\207W\317\332\016\305"
 248      AD8B3AAA 
 248      06438757 
 248      CFDA0EC5 
 249 0093 A200F206 		.ascii	"\242\000\362\006'\371\232\223\306\361\2063\004\365\373"
 249      27F99A93 
 249      C6F18633 
ARM GAS  /tmp/cc1UVRwo.s 			page 19


 249      04F5FB
 250 00a2 65BC3FE2 		.ascii	"e\274?\342\250\032\022!\300\376-;\210#c\334\371\272"
 250      A81A1221 
 250      C0FE2D3B 
 250      882363DC 
 250      F9BA
 251 00b4 78194E9F 		.ascii	"x\031N\237h\275\247\243\270>\261[\332\250k\365\337\012"
 251      68BDA7A3 
 251      B83EB15B 
 251      DAA86BF5 
 251      DF0A
 252 00c6 43779C86 		.ascii	"Cw\234\206\303y\333\216t\334\337\324\321\333\354C\243"
 252      C379DB8E 
 252      74DCDFD4 
 252      D1DBEC43 
 252      A3
 253 00d7 35AE848C 		.ascii	"5\256\204\214\232\266\2141\020K)\013\210t\271T{\254"
 253      9AB68C31 
 253      104B290B 
 253      8874B954 
 253      7BAC
 254 00e9 4C99B003 		.ascii	"L\231\260\0031Oj6\273\257\003\376\267\036\014E\002A"
 254      314F6A36 
 254      BBAF03FE 
 254      B71E0C45 
 254      0241
 255 00fb 3EDFB38F 		.ascii	">\337\263\217i|\001\225\015J\007\037Q\305\311\007\027"
 255      697C0195 
 255      0D4A071F 
 255      51C5C907 
 255      17
 256 010c 537F73BF 		.ascii	"S\177s\277\256\346\262D\323Yw._X.\314/\270\253\236\233"
 256      AEE6B244 
 256      D359772E 
 256      5F582ECC 
 256      2FB8AB9E 
 257 0121 5F5A71BD 		.ascii	"_Zq\275\265\234\351\213\336z6G?\335\331[+"
 257      B59CE98B 
 257      DE7A3647 
 257      3FDDD95B 
 257      2B
 258              		.text
 259              		.section	.gnu.lto_stGetCounter.3929f8b7c014accd,"",%progbits
 260 0000 789C6363 		.ascii	"x\234cc``\340ad`P\000\3222@\314\300\302\300\310\304"
 260      6060E061 
 260      64605000 
 260      D23240CC 
 260      C0C2C0C8 
 261 0015 00C48CCC 		.ascii	"\000\304\214\314@\222\231\021(\305\300\310P\317\304"
 261      40929911 
 261      28C5C0C8 
 261      50CFC4
 262 0024 CC58CFD8 		.ascii	"\314X\317\330\303<\205\231\361\350\377\357\007\370\273"
 262      C33C8599 
 262      F1E8FFEF 
 262      07F8BB
 263 0033 99E73003 		.ascii	"\231\3470\003\325\000\271\227>\234\231\313\015\3422"
ARM GAS  /tmp/cc1UVRwo.s 			page 20


 263      D500B997 
 263      3E9C99CB 
 263      0DE232
 264 0042 320A00B9 		.ascii	"2\012\000\271\253\027~\237\303\255\271\274\241\241\251"
 264      AB177E9F 
 264      C3ADB9BC 
 264      A1A1A9
 265 0051 E1C0F46B 		.ascii	"\341\300\364k\\\2637]h`\235\303\314\3040\015\250|\013"
 265      5CB3375D 
 265      68609DC3 
 265      CCC4300D 
 265      A87C0B
 266 0064 A30CE366 		.ascii	"\243\014\343fF\220%\214[\0315\031\200\252\037m\3747"
 266      4690258C 
 266      5B193519 
 266      80AA1F6D 
 266      FC37
 267 0076 95978D05 		.ascii	"\225\227\215\005$\013\024\334\306\310\006\264\212\201"
 267      240B14DC 
 267      C6C806B4 
 267      8A81
 268 0084 1128F1E2 		.ascii	"\021(\361\342\313\206+<\252\213\033\032&5\034x\267J"
 268      CB862B3C 
 268      AA8B1B1A 
 268      26351C78 
 268      B74A
 269 0096 646273EB 		.ascii	"dbs\353\212\006\026Ls\200\212\2673\252\256\277\304z"
 269      8A06164C 
 269      73808AB7 
 269      33AAAEBF 
 269      C47A
 270 00a8 A0E1DFFF 		.ascii	"\240\341\337\377\366\206\003\367\264\366m\271.\304\302"
 270      F68603F7 
 270      B4F66DB9 
 270      2EC4C2
 271 00b7 CC0052CA 		.ascii	"\314\000R\312\320\0012\225\241\023\304d~\303\330\274"
 271      D0013295 
 271      A113C464 
 271      7EC3D8BC 
 272 00c7 60FB5429 		.ascii	"`\373T)\220\035\263\230A\336\330\271\363\315m\366\372"
 272      901DB398 
 272      41DED8B9 
 272      F3CD6DF6 
 272      FA
 273 00d8 BF0D1C73 		.ascii	"\277\015\034s\230\231\2471\203\254\335\301X\017\324"
 273      9899A731 
 273      83ACDDC1 
 273      580FD4
 274 00e7 C702D602 		.ascii	"\307\002\326\002\324\311\374\002\350\367\351@\306;\306"
 274      D4C9FC02 
 274      E8F7E940 
 274      C63BC6
 275 00f6 2605A83E 		.ascii	"&\005\250>\220y\035 \305@#\345\364\364\23532\2232\375"
 275      90791D20 
 275      C54023E5 
 275      F4F49D33 
 275      329332FD 
ARM GAS  /tmp/cc1UVRwo.s 			page 21


 276 010a 83F5F38B 		.ascii	"\203\365\363\213\3653\022s\364\213\213\222At|q\211^"
 276      F5331273 
 276      F48B8B92 
 276      41747C71 
 276      895E
 277 011c 3203005C 		.ascii	"2\003\000\\\206Yi"
 277      865969
 278              		.text
 279              		.section	.gnu.lto_stIsAlarmActive.3929f8b7c014accd,"",%progbits
 280 0000 789C6363 		.ascii	"x\234cc``x\011\304\012@,\003\304\014,\014\214L\014@"
 280      60607809 
 280      C40A402C 
 280      03C40C2C 
 280      0C8C4C0C 
 281 0015 CCC80C24 		.ascii	"\314\310\014$\231\031\031\201B\214\014\365L\314\214"
 281      99191981 
 281      428C0CF5 
 281      4CCC8C
 282 0024 F58C3DCC 		.ascii	"\365\214=\314S\230\031\247v\356\276\316\253\271\274"
 282      539819A7 
 282      76EEBECE 
 282      ABB9BC
 283 0033 A1A1A9E1 		.ascii	"\241\241\251\341\300\364I\334m\315\255\022s\200J\247"
 283      C0F449DC 
 283      6DCDAD12 
 283      73804AA7 
 284 0043 3133301A 		.ascii	"130\032\3130\032\200\314`\334\314\250\311\000T\372h"
 284      CB301A80 
 284      CC60DCCC 
 284      A8C90054 
 284      FA68
 285 0055 E3BFA9BC 		.ascii	"\343\277\251\274l, 9\240\340\026F6\240I\014\214@\211"
 285      6C2C2039 
 285      A0E01646 
 285      36A0490C 
 285      8C4089
 286 0068 2D8766EF 		.ascii	"-\207f\357fS]\334\3200\251\341\300\2755\"\215\315\255"
 286      66535DDC 
 286      D030A9E1 
 286      C0BD3522 
 286      8DCDAD
 287 007b 331A58D0 		.ascii	"3\032X\320M\001*\335\312\250\272\376\022\353\201\206"
 287      4D012ADD 
 287      CAA8BAFE 
 287      12EB8186 
 288 008b 7FFFDB1B 		.ascii	"\177\377\333\033\016\234\323\331\263\345\231\020\013"
 288      0E9CD3D9 
 288      B3E59910 
 288      0B
 289 0098 33034821 		.ascii	"3\003H!C\007\210`\350d\006\272\225\371\015c\363\202"
 289      43078860 
 289      E86406BA 
 289      95F90D63 
 289      F382
 290 00aa F5D3A440 		.ascii	"\365\323\244@6\314b\006\271q\347\3167\267\331\353\377"
 290      36CC6206 
 290      B971E7CE 
ARM GAS  /tmp/cc1UVRwo.s 			page 22


 290      37B7D9EB 
 290      FF
 291 00bb 3670CC61 		.ascii	"6p\314af\234\306\014\262t\033c=P\037\023X\013P'\363"
 291      669CC60C 
 291      B2741B63 
 291      3D501F13 
 291      580B5027 
 292 00d0 0BA0C7A6 		.ascii	"\013\240\307\246\003\031\357\030\233\024\240\372\030"
 292      0319EF18 
 292      9B14A0FA 
 292      18
 293 00dd C0A60215 		.ascii	"\300\246\002\025\003U\311\351\351;gd&e\372\007\353\347"
 293      0355C9E9 
 293      E93B6764 
 293      2665FA07 
 293      EBE7
 294 00ef 17EB6724 		.ascii	"\027\353g$\346\350\027\027%\203\350\370\342\022\275"
 294      E6E81717 
 294      2583E8F8 
 294      E212BD
 295 00fe 6406008D 		.ascii	"d\006\000\215\217K\210"
 295      8F4B88
 296              		.text
 297              		.section	.gnu.lto_.symbol_nodes.3929f8b7c014accd,"",%progbits
 298 0000 789C5DC8 		.ascii	"x\234]\310\311\015\3020\000D\321\3618q\366\236Hec:\340"
 298      C90DC230 
 298      0044D1F1 
 298      3871F69E 
 298      4865633A 
 299 0015 CABE04E8 		.ascii	"\312\276\004\350\001n4@\015T\202\260bq\260/\377K\317"
 299      016E3440 
 299      0D5482B0 
 299      6271B02F 
 299      FF4BCF
 300 0028 01184D08 		.ascii	"\001\030M\010\327\024\260z\003a\017\377\362.\330\206"
 300      D714B07A 
 300      03610FFF 
 300      F22ED886 
 301 0038 32B96D29 		.ascii	"2\271m)\346\266\243ln{\252\310\355@\225\271\035)\367"
 301      E6B6A36C 
 301      6E7BAAC8 
 301      ED4095B9 
 301      1D29F7
 302 004b B7E7720C 		.ascii	"\267\347r\014r\242\252T\316T\235\312\205jR\231\2506"
 302      72A2AA54 
 302      CE549DCA 
 302      856A5299 
 302      A836
 303 005d 952BD5A5 		.ascii	"\225+\325\245r\243\372D\314\235\032f\001\274_\000\326"
 303      72A3FA44 
 303      CC9D1A66 
 303      01BC5F00 
 303      D6
 304 006e 0D983E5F 		.ascii	"\015\230>_c+\023_3\276\261\361m\021\337!\276/\347\343"
 304      632B135F 
 304      33BEB1F1 
 304      6D11DF21 
ARM GAS  /tmp/cc1UVRwo.s 			page 23


 304      BE2FE7E3 
 305 0082 07EAC356 		.ascii	"\007\352\303V\277"
 305      BF
 306              		.text
 307              		.section	.gnu.lto_.refs.3929f8b7c014accd,"",%progbits
 308 0000 789C6363 		.ascii	"x\234cc```\004b\006\000\000D\000\010"
 308      60606004 
 308      62060000 
 308      440008
 309              		.text
 310              		.section	.gnu.lto_.decls.3929f8b7c014accd,"",%progbits
 311 0000 789CB557 		.ascii	"x\234\265WyP\024W\032\357\327o\006\206\341rIbY[n\312"
 311      79501457 
 311      1AEFD76F 
 311      0686E172 
 311      4962595B 
 312 0016 A8896C2A 		.ascii	"\250\211l*qD\263Iv\327J\305\240\233\2446&[\350\356f"
 312      7144B349 
 312      76D74AC5 
 312      A09BA436 
 312      265BE8EE 
 313 002b F3C74E08 		.ascii	"\363\307N\010\222H\255\202\305\214\251JUj\323\010\012"
 313      9248AD82 
 313      C58CA94A 
 313      556AD308 
 313      0A
 314 003c 78445054 		.ascii	"xDPT\004\\\006\361\300@TT \210\302\3101\034\202\302"
 314      045C06F1 
 314      C0405454 
 314      2088C2C8 
 314      311C82C2 
 315 0050 88C78002 		.ascii	"\210\307\200\002^\250\230\000\242\306\003u\366{GO\367"
 315      5EA89800 
 315      A2C60375 
 315      F67B474F 
 315      F7
 316 0061 B4E09A3F 		.ascii	"\264\340\232?v\252\276\351\376\336\373\275\337wv\277"
 316      76AABEE9 
 316      FEDEFBBD 
 316      DF7776BF 
 317 0071 D73E8220 		.ascii	"\327>\202 \014<'\010\247EA8\200\005\301\015\277 \030"
 317      0C3C2708 
 317      A7454138 
 317      8005C10D 
 317      BF2018
 318 0084 3B22283F 		.ascii	";\"(?\242;@\232@Z@\216\203\264\201\270@:A\316\201t\203"
 318      A23B409A 
 318      405A408E 
 318      83B481B8 
 318      403A41CE 
 319 009b 9C07B908 		.ascii	"\234\007\271\010r\031\344\012\3105\341\361\337\032$"
 319      7219E40A 
 319      C835E1F1 
 319      DF1A24
 320 00aa 08BE700D 		.ascii	"\010\276p\015\001y\026\244\006\344\015\030\233\002\327"
 320      017916A4 
 320      06E40D18 
ARM GAS  /tmp/cc1UVRwo.s 			page 24


 320      9B02D7
 321 00b9 D7E17A0F 		.ascii	"\327\341z\017\256p\021^F\354\352\340\372\233\310\233"
 321      AE70115E 
 321      46ECEAE0 
 321      FA9BC89B 
 322 00c9 6703E87E 		.ascii	"g\003\350~p\375\364\011\\\276\234\017\302\022^\200\373"
 322      70FDF409 
 322      5CBE9C0F 
 322      C2125E80 
 322      FB
 323 00da 49201339 		.ascii	"I \0239o\323\010\276e\303\204\216s\022\036\265?\362"
 323      6FD308BE 
 323      65C3848E 
 323      73121EB5 
 323      3FF2
 324 00ec BA9611D6 		.ascii	"\272\226\021\326\345\376\002_\020\367\005\361<j\177"
 324      E5FE025F 
 324      10F705F1 
 324      3C6A7F
 325 00fb F93061F8 		.ascii	"\3710a\370\205<m\\\377\275&G\373A\327\303\265}\224\034"
 325      853C6D5C 
 325      FFBD2647 
 325      FB41D7C3 
 325      B57D941C 
 326 010f CB31B9B8 		.ascii	"\3131\271\270\376\007\315\3722\304rG\342\372#\3347\363"
 326      FE07CDFA 
 326      32C47247 
 326      E2FA23DC 
 326      37F3
 327 0121 7168155A 		.ascii	"qh\025Z\367\221\352[\0018\237\021r1\023\306\033U\353"
 327      F791EA5B 
 327      01389F11 
 327      723113C6 
 327      1B55EB
 328 0134 49CF3471 		.ascii	"I\3174q\273\177\326\330\255z\202]\322g#\325\240\346"
 328      BB7FD6D8 
 328      AD7A825D 
 328      D26723D5 
 328      A0E6
 329 0146 29ED921E 		.ascii	")\355\222\036=\316\355\316\323\330\255\347\371R\257"
 329      3DCEEDCE 
 329      D3D8ADE7 
 329      F952AF
 330 0155 9F0F6375 		.ascii	"\237\017cu\252\365\244\277\333\370\375\337`\356\357"
 330      AAF5A4BF 
 330      DBF8FDDF 
 330      60EEEF
 331 0164 1A8EA34F 		.ascii	"\032\216\243O\301A\236\017\271\257?\326\254?\316c'5"
 331      C1419E0F 
 331      B9AF3FD6 
 331      AC3FCE63 
 331      2735
 332 0176 FB07DC9F 		.ascii	"\373\007\334\237Q\255#\317\224\\\253O4\35320*\\wq\223"
 332      51AD23CF 
 332      945CAB4F 
 332      34EB3230 
 332      2A5C7771 
ARM GAS  /tmp/cc1UVRwo.s 			page 25


 333 018b AE1B9D23 		.ascii	"\256\033\235#3h\014B\274\272\352\037\321\335\362\217"
 333      33680C42 
 333      BCBAEA1F 
 333      D1DDF28F 
 334 019b CC338088 		.ascii	"\3143\200\210\344I\206\322.\243s\210\211((Xe\205\212"
 334      E44986D2 
 334      2EA37388 
 334      89282858 
 334      65858A
 335 01ae 55B518D1 		.ascii	"U\265\030\321\237@]Q\373B=\343\356!\305<\362`d\274\212"
 335      9F405D51 
 335      FB423DE3 
 335      EE21C53C 
 335      F26064BC 
 336 01c3 1579163D 		.ascii	"\025y\026=\356\235\300rF\222\2603g\263\276\007u\001"
 336      EE9DC072 
 336      4692B033 
 336      67B3BE07 
 336      7501
 337 01d5 F2134148 		.ascii	"\362\023AH3\304\"2x/\367\273\007\201X\244\367\235\267"
 337      33C42232 
 337      782FF7BB 
 337      078158A4 
 337      F79DB7
 338 01e8 86870DF8 		.ascii	"\206\207\015\3709z_\231\266~\217\357\324\"\211\375\014"
 338      397A5F99 
 338      B67E8FEF 
 338      D42289FD 
 338      0C
 339 01f9 FF125029 		.ascii	"\377\022P)\302r:\353\334w\354\301\2530\0121\"\021T\347"
 339      C2723AEB 
 339      DC77ECC1 
 339      AB300A31 
 339      221154E7 
 340 020d 60F3167F 		.ascii	"`\363\026\177P\2375\2421\240n\277?<\210A}\311\210\334"
 340      509F35A2 
 340      31A06EBF 
 340      3F3C8841 
 340      7DC988DC 
 341 0221 6E0C037B 		.ascii	"n\014\003{~,\277\027\310\006\310\352\252\243\215;\002"
 341      7E2CBF17 
 341      C806C8EA 
 341      AAA38D3B 
 341      02
 342 0232 F04C722F 		.ascii	"\360Lr/\356\316z\360 \030\031CS$i\231\224\226(\351C"
 342      EECE7AF0 
 342      20181943 
 342      53246999 
 342      949628E9 
 343 0247 05548EC6 		.ascii	"\005T\216\306\243\037\320x\001U\242P\262\246\014M\025"
 343      A31FD078 
 343      0155A250 
 343      B2A60C4D 
 343      15
 344 0258 50050C1E 		.ascii	"P\005\014\036\204\301\035\304\035\273;\363\245M\311"
 344      84C11DC4 
 344      1DBB3BF3 
ARM GAS  /tmp/cc1UVRwo.s 			page 26


 344      A54DC9
 345 0267 9224A2C3 		.ascii	"\222$\242\303\310\210\016!L1\020\377KF\346`ezg\257\021"
 345      C8880E21 
 345      4C3110FF 
 345      4B46E660 
 345      657A67AF 
 346 027c 7F4D4D2C 		.ascii	"\177MM,k\335psT\023GF51P0\275v91a\007\023U\212\011\260"
 346      6BDD7073 
 346      54134746 
 346      35315030 
 346      BD763931 
 347 0297 C86CAC2D 		.ascii	"\310l\254-\351|\020\214\367 j\244to\325C\343hFjG5r|"
 347      E97C108C 
 347      F7206AA4 
 347      746FD543 
 347      E368466A 
 348 02af CFCC2DED 		.ascii	"\317\314-\355\2224\001\325\200\221j\305\210\335c\344"
 348      923401D5 
 348      80916AC5 
 348      88DD63E4 
 349 02bf A7F22386 		.ascii	"\247\362#\206q\033\011\030X\307\210\024(\023\013\250"
 349      711B0918 
 349      58C78814 
 349      28130BA8 
 350 02cf 0E8D83FF 		.ascii	"\016\215\203\377X\035\003\247\227m9\210&\332$\273]\262"
 350      581D03A7 
 350      976D3988 
 350      26DA24BB 
 350      5DB2
 351 02e1 7757BCB2 		.ascii	"wW\274\262*\377\3335\222\015\275GP\250D!/!\205D\007"
 351      2AFFDB35 
 351      920DBD47 
 351      50A84421 
 351      2F218544 
 352 02f6 500F42FB 		.ascii	"P\017B\373Q7\264\203\003M\204\325y\373oe\005\3424\326"
 352      5137B483 
 352      034D84D5 
 352      79FB6F65 
 352      05E234D6 
 353 030a 0A3FBA96 		.ascii	"\012?\272\226\247b\035445\010\006`\254\372R\313\011"
 353      A7621D34 
 353      34350806 
 353      60ACFA52 
 353      CB09
 354 031c 9DDA974F 		.ascii	"\235\332\227O\307\252\\i\244\2564 \356K\363\365\376"
 354      C7AA5C69 
 354      A4AE3420 
 354      EE4BF3F5 
 354      FE
 355 032d AB7AEECB 		.ascii	"\253z\356\313\2615\270\350\200$A6\355:\202C\365\212"
 355      B135B8E8 
 355      80244136 
 355      ED3A8243 
 355      F58A
 356 033f 33F55A67 		.ascii	"3\365Zg\232\2503\235\356r[ \316g\316\024\255vg\350G"
 356      9AA8339D 
 356      EE725B20 
ARM GAS  /tmp/cc1UVRwo.s 			page 27


 356      CE67CE14 
 356      AD7667E8 
 357 0354 35DCEC95 		.ascii	"5\334\354\225\203\241\366\206>\177n\267i-\316\222\354"
 357      83A1F686 
 357      3E7F6EB7 
 357      692DCE92 
 357      EC
 358 0365 CB24C926 		.ascii	"\313$\311&\022\024:\252\230=\2525\333B\315V]\333\226"
 358      12143AAA 
 358      983DAA35 
 358      DB42CD56 
 358      5DDB96
 359 0378 A5C325CC 		.ascii	"\245\303%\314l\3412i P\246\332\254P\221\010\216)T\307"
 359      6CE13269 
 359      2050A6DA 
 359      AC509108 
 359      8E2954C7 
 360 038c B454C729 		.ascii	"\264T\307)U\351\246\015oa\007c\332\272\376~\235\017"
 360      55E9A60D 
 360      6F610763 
 360      DABAFE7E 
 360      9D0F
 361 039e 67EACFC2 		.ascii	"g\352\317\302\345\236d\220\312\264*T\255Z\2526Ju\354"
 361      E59E6490 
 361      CAB42A54 
 361      AD5AAA36 
 361      4A75EC
 362 03b1 4143B10F 		.ascii	"AC\261\017>\315\270Z\352Nd\372\342~\252\350\262kK\373"
 362      3ECDB85A 
 362      EA4E64FA 
 362      E27EAAE8 
 362      B26B4BFB 
 363 03c5 FD91DF78 		.ascii	"\375\221\337x\004\331@\241\311\244\371\244\304\2641"
 363      04D940A1 
 363      C9A4F9A4 
 363      C4B431
 364 03d4 B072C678 		.ascii	"\260r\306x4\015Z\3574\264^;\202\035\030\235\004\310"
 364      340D5AEF 
 364      34B45E3B 
 364      821D189D 
 364      04C8
 365 03e6 29485896 		.ascii	")HX\226d\240#Y\022\364\352\030z\273C~\312\005\242\242"
 365      64A02359 
 365      12F4EA18 
 365      7ABB437E 
 365      CA05A2A2 
 366 03fa 13FC4167 		.ascii	"\023\374Ag\011u;\006\213\274:\220@\224\354\237\361\312"
 366      09753B06 
 366      8BBC3A90 
 366      4094EC9F 
 366      F1CA
 367 040c FE863EDB 		.ascii	"\376\206>\333.\221\007\332\225\243\252:\300\220S\011"
 367      2E9107DA 
 367      95A3AA3A 
 367      C0905309 
 368 041c D4A90DD4 		.ascii	"\324\251\015\324E\003M\336\327\337\255\307\267x\240"
 368      45034DDE 
ARM GAS  /tmp/cc1UVRwo.s 			page 28


 368      D7DFADC7 
 368      B778A0
 369 042b 8D055F03 		.ascii	"\215\005_\003\225\2154s\367\204\314\346\025R+\370\360"
 369      958D3473 
 369      F784CCE6 
 369      15522BF8 
 369      F0
 370 043c 362D38EA 		.ascii	"6-8\352P\270:\264\\\235\224+\261\250c\245\036ga\312"
 370      50B83AB4 
 370      5C9D942B 
 370      B1A863A5 
 370      1E6761CA 
 371 0450 D59ED271 		.ascii	"\325\236\322q\235\024\240\007\310\356\377\232URb\225"
 371      9D14A007 
 371      C8EEFF9A 
 371      55526295 
 372 0460 3CAB309D 		.ascii	"<\2530\235\3252\235\243L\215\303\373\202\360NFt0\263"
 372      D5329DA3 
 372      4C8DC3FB 
 372      82F04E46 
 372      7430B3
 373 0473 E4913F27 		.ascii	"\344\221?'\352\033\357!\".u)D]Z\242nJ\264n\377\235\\"
 373      EA1BEF21 
 373      222E7529 
 373      445D5AA2 
 373      6E4AB46E 
 374 048a 3DDECF98 		.ascii	"=\336\317\230\316\376t6Yv\251\343y/\227z\024\246\036"
 374      CEFE7436 
 374      5976A9E3 
 374      792F977A 
 374      14A61E
 375 049d 2DD379CA 		.ascii	"-\323y\312Tt\253u_ \256dL\215W\257\267\3509SW\301\330"
 375      5474AB75 
 375      5F20AE64 
 375      4C8D57AF 
 375      B7E83953 
 376 04b4 BC44A940 		.ascii	"\274D\251@\"\357\024\322\\\027\024\252\013Z\252\213"
 376      22EF14D2 
 376      5C1714AA 
 376      0B5AAA8B 
 377 04c4 94AAFCCC 		.ascii	"\224\252\374\314p\222/ndT\225+\216d\007\313N\275\354"
 377      70922F6E 
 377      6454952B 
 377      8E6407CB 
 377      4EBDEC
 378 04d7 718A305D 		.ascii	"q\2120]R\230.i\231.S\246\024W\237]\207O1\246\314\326"
 378      52982E69 
 378      992E53A6 
 378      14579F5D 
 378      874F31A6 
 379 04ed 2BEB0D9C 		.ascii	"+\353\015\234\351XQ\200\207\2124B\257B\325\253\245\272"
 379      E9585180 
 379      878A3442 
 379      AF42D5AB 
 379      A5BA
 380 04ff 42A96EAC 		.ascii	"B\251n\254\036\260\005\343^F\345\276\261\373\024\215"
 380      1EB005E3 
ARM GAS  /tmp/cc1UVRwo.s 			page 29


 380      5E46E5BE 
 380      B1FB148D 
 381 050f 4F22AFB5 		.ascii	"O\"\257\265\231)\211+\326Hy\210\365\301U\205\352*o["
 381      9929892B 
 381      D6487988 
 381      F5C15585 
 381      EA2A6F5B 
 382 0523 748D52B4 		.ascii	"t\215R\264%\355\315\301l\217\322\021\306\226\254\213"
 382      25EDCDC1 
 382      6C8FD211 
 382      C696AC8B 
 383 0533 416C8F9A 		.ascii	"Al\217\232\000j\331\371\015U~l\366\014\261\221Uq\253"
 383      006AD9F9 
 383      0D557E6C 
 383      F60CB191 
 383      5571AB
 384 0546 49CF7403 		.ascii	"I\317t\003\231\356/,\013dh;\231>\321\233\227\024\300"
 384      99EE2F2C 
 384      0B64683B 
 384      993ED19B 
 384      9714C0
 385 0559 A65B895E 		.ascii	"\246[\211^s\252~P\207\207\230\177\347\032v\025\022K"
 385      73AA7E50 
 385      8787987F 
 385      E71A7615 
 385      124B
 386 056b 53C87EE7 		.ascii	"S\310~\347v\007\253v\274)l\307s\256\035\332\346\213"
 386      7607AB76 
 386      BC296CC7 
 386      73AE1DDA 
 386      E68B
 387 057d EF52B8D8 		.ascii	"\357R\270\330\355\032>\033$o\025\266D\311\357=\001]"
 387      ED1A3E1B 
 387      246F15B6 
 387      44C9EF3D 
 387      015D
 388 058f 87E7A98F 		.ascii	"\207\347\251\217l\025\267\341y\235\302\267\212!\030"
 388      6C15B7E1 
 388      799DC2B7 
 388      8A2118
 389 059e BCA1DAF2 		.ascii	"\274\241\332\362\336\332<D\312z\013^\3107\225\260\247"
 389      DEDA3C44 
 389      CA7A0B5E 
 389      C83795B0 
 389      A7
 390 05af F09D62D7 		.ascii	"\360\235b\327\266\364\255>8QGmTd_\256\023G\263qwT\033"
 390      B6F4AD3E 
 390      3851476D 
 390      54645FAE 
 390      1347B371 
 391 05c6 0305131D 		.ascii	"\003\005\023\035t\317\273\0036~Vl\334\222\267\243Lg"
 391      74CFBB03 
 391      367E566C 
 391      DC92B7A3 
 391      4C67
 392 05d8 F11C2390 		.ascii	"\361\034#\220&>\025)\331\006\232\207[\364x5\365\012"
 392      263E1529 
ARM GAS  /tmp/cc1UVRwo.s 			page 30


 392      D9069A87 
 392      5BF47835 
 392      F50A
 393 05ea ADAA2B71 		.ascii	"\255\252+q\360\2224\020=\343`M\205?^\313&/\256\274P"
 393      F0923410 
 393      3DE3604D 
 393      853F5ECB 
 393      262FAEBC 
 394 05ff E3833398 		.ascii	"\343\2033\230\"\347?\204\347?\267\363v\023\302\231l"
 394      22E73F84 
 394      E73FB7F3 
 394      7613C299 
 394      6C
 395 0610 B2A2EC90 		.ascii	"\262\242\354\220\203\327j\232\352\364\021\302N\037\245"
 395      83D76A9A 
 395      EAF411C2 
 395      4E1FA5
 396 061f BD8D0E23 		.ascii	"\275\215\016#+\235\204@?\354<\3736\336\302VV\017\355"
 396      2B9D8440 
 396      3FEC3CFB 
 396      36DEC256 
 396      560FED
 397 0632 DDC9CB48 		.ascii	"\335\311\313H\316%=i5\356`\022\216\304\302!\343r@\002"
 397      CE253D69 
 397      35EE6012 
 397      8EC4C221 
 397      E3724002 
 398 0646 5A2E42D0 		.ascii	"Z.B\320\3104\036%\2114\224\333i{\377\024\222F\337\203"
 398      C8341E25 
 398      893494DB 
 398      697BFF14 
 398      9246DF83 
 399 065a F01AD2D1 		.ascii	"\360\032\322\321\034-\023\307\243\004\221\240W\210!"
 399      1C2D13C7 
 399      A30491A0 
 399      578821
 400 0669 F21A024E 		.ascii	"\362\032\002N8\277\275+H\215\276\367$\364\356\374\355"
 400      38BFBD2B 
 400      488DBEF7 
 400      24F4EEFC 
 400      ED
 401 067a 9B8C388F 		.ascii	"\233\2148\2179\231}\363\3345\336\232\241\240\356\370"
 401      39997DF3 
 401      DC35DE9A 
 401      A1A0EEF8 
 402 068a B922D180 		.ascii	"\271\"\321\200\267\263\271\365\225[Z|\361.\246\310-"
 402      B7B3B9F5 
 402      955B5A7C 
 402      F12EA6C8 
 402      2D
 403 069b 1DC25A7A 		.ascii	"\035\302Zz\331\351w\360\367l\246*}\3359\204\213\231"
 403      D9E977F0 
 403      F76CA62A 
 403      7DDD3984 
 403      8B99
 404 06ad D29F74B9 		.ascii	"\322\237t\271\207\347g\034yE\037\275>\005\227\262\251"
 404      87E7671C 
ARM GAS  /tmp/cc1UVRwo.s 			page 31


 404      79451FBD 
 404      3E0597B2 
 404      A9
 405 06be 470D3553 		.ascii	"G\0155S\360!v\357(-\330\211p5S\206\262\034\327\215\330"
 405      F02176EF 
 405      282DD889 
 405      70355386 
 405      B21CD78D 
 406 06d3 C1149B33 		.ascii	"\301\024\2333\347\007\003nd\312\216\273\033\341\360"
 406      E707036E 
 406      64CA8EBB 
 406      1BE1F0
 407 06e2 768C29ED 		.ascii	"v\214)\355\345'S\374\361\011\246\244\024\027g\372\343"
 407      E52753FC 
 407      F109A6A4 
 407      141767FA 
 407      E3
 408 06f3 D34C5956 		.ascii	"\323LYV\341J\347'\304\036\242_\332~\311\346\307\253"
 408      E14AE727 
 408      C41EA25F 
 408      DA7EC9E6 
 408      C7AB
 409 0705 E203FA4A 		.ascii	"\342\003\372Jg\363\035\204;\0318}ph\275\317\250u\310"
 409      67F31D84 
 409      3B19387D 
 409      7068BDCF 
 409      A875C8
 410 0718 96EB308D 		.ascii	"\226\3530\215\226\241\254$\177\300\240\255C?\240\177"
 410      96A1AC24 
 410      7FC0A0AD 
 410      433FA07F 
 411 0728 A2E81C9A 		.ascii	"\242\350\034\232\331l9\263\265\265\207\037\"m\035FC"
 411      D96C39B3 
 411      B5B5871F 
 411      226D1D46 
 411      43
 412 0739 8FB527DB 		.ascii	"\217\265'\333\226\373\243\311\354\367\314d\371\027J"
 412      96FBA3C9 
 412      ECF7CC64 
 412      F9174A
 413 0748 FEB64A49 		.ascii	"\376\266JI\211\222\275>\007\257,\276\324\226 m\033G"
 413      8992BD3E 
 413      07AF2CBE 
 413      D496206D 
 413      1B47
 414 075a A9568A70 		.ascii	"\251V\212p\336\025\237Q\236\203TZ\337\353\204]`K\372"
 414      DE159F51 
 414      9E83545A 
 414      DFEB845D 
 414      604BFA
 415 076d BE81975F 		.ascii	"\276\201\227_\022\246\360t-|-\205\207)\350&\025z\203"
 415      12A6F074 
 415      2D7C2D85 
 415      8729E826 
 415      157A83
 416 0780 16CD9C96 		.ascii	"\026\315\234\226\321\011\222\375B\012N\240\360d1\004"
 416      D10992FD 
ARM GAS  /tmp/cc1UVRwo.s 			page 32


 416      420A4EA0 
 416      F0643104 
 417 0790 2572B8DC 		.ascii	"%r\270\334fHz\314\027\247\212=cdv5\274C\005_\257\205"
 417      66487ACC 
 417      17A78A3D 
 417      63647635 
 417      BC43055F 
 418 07a6 27685DBF 		.ascii	"'h]\277\237\202\025\370\003\244\201\017\253\330\323"
 418      9F8215F8 
 418      03A4810F 
 418      ABD8D3
 419 07b5 793D2438 		.ascii	"y=$8-\242\315\340n&\345\"xx\201\240=b(\332%NF;@l "
 419      2DA2CDE0 
 419      6E26E522 
 419      787881A0 
 419      3D6228DA 
 420 07d0 5B41F241 		.ascii	"[A\362A\212ArAv\202\024\202|\007\262\037\344? \373@"
 420      8A417241 
 420      76821482 
 420      7C07B21F 
 420      E43F20FB 
 421 07e5 F240BE07 		.ascii	"\362@\276\007)\000\331\006\262\027\244\010d\2678\231"
 421      2900D906 
 421      B217A408 
 421      64B73899 
 422 07f5 EE0CCCCD 		.ascii	"\356\014\314\315jUP\033\265A\231\264)\030R\241\323F"
 422      6A55501B 
 422      B54199B4 
 422      291852A1 
 422      D346
 423 0807 AE9E175C 		.ascii	"\256\236\027\\\235\203\207#\347@\235\262\177+\350M#"
 423      9D838723 
 423      E7409DB2 
 423      7F2BE84D 
 423      23
 424 0818 FAA20257 		.ascii	"\372\242\002W\253\271\327h\321\253\037\363\345\276\312"
 424      ABB9D768 
 424      D1AB1FF3 
 424      E5BECA
 425 0827 F56F4786 		.ascii	"\365oG\206\253\033/U\305>\250\365|\340\261\336\350S"
 425      AB1B2F55 
 425      C53EA8F5 
 425      7CE0B1DE 
 425      E853
 426 0839 7BE3D6E2 		.ascii	"{\343\326\342\037y\343\241I\235\251\274U\267@\253fq"
 426      1F79E3A1 
 426      499DA9BC 
 426      55B740AB 
 426      6671
 427 084b 77E42711 		.ascii	"w\344'\021\375\250d\206mE??\012I\200\376 (\201oCJ\011"
 427      FDA86486 
 427      6D453F3F 
 427      0A4980FE 
 427      2028816F 
 428 0862 1DA9F40C 		.ascii	"\035\251\364\014\235\352C\215\337\037\331YUl\027T\231"
 428      9DEA438D 
 428      DF1FD959 
ARM GAS  /tmp/cc1UVRwo.s 			page 33


 428      556C1754 
 428      99
 429 0873 5837721F 		.ascii	"X7r\037{\265\275:\264\024-^z,sj\370\252\221_\010\024"
 429      7BB5BD3A 
 429      B4142D5E 
 429      7A2C736A 
 429      F8AA915F 
 430 0889 4ECE0ACD 		.ascii	"N\316\012\315\247\012\202p\206\236\356\322%)\256\242"
 430      A70A8270 
 430      869EEED2 
 430      2529AEA2 
 431 0899 6014FA0C 		.ascii	"`\024\372\014\213\270+\025'\222\210Ka\365\001\321\263"
 431      8BB82B15 
 431      2792884B 
 431      61F501D1 
 431      B3
 432 08aa F792048C 		.ascii	"\367\222\004\214\362\304\240\022xP\376\337\017\0159"
 432      F2C4A012 
 432      7850FEDF 
 432      0F0D39
 433 08b9 F456E595 		.ascii	"\364V\345\225\351\002Vz\316\022\324E\345\005]&\006\320"
 433      E902567A 
 433      CE12D445 
 433      E5055D26 
 433      06D0
 434 08cb 73175CC9 		.ascii	"s\027\\\311\227[\352\032\247\357\244<\032Rw\305\233"
 434      975BEA1A 
 434      A7EFA43C 
 434      1A5277C5 
 434      9B
 435 08dc ABF225DB 		.ascii	"\253\362%\333\004\370`\243_\231\354|\366\2038\211le"
 435      04F860A3 
 435      5F99EC7C 
 435      F6833889 
 435      6C65
 436 08ee C9B9B93E 		.ascii	"\311\271\271>\034W\235\215\245\024\003E\265\311\250"
 436      1C579D8D 
 436      A5140345 
 436      B5C9A8
 437 08fd 728AAAEE 		.ascii	"r\212\252\356Lq\006p\324P\216\007\345\222Q\007)*\367"
 437      4C710670 
 437      D4508E07 
 437      E5925107 
 437      292AF7
 438 0910 C1F0E620 		.ascii	"\301\360\346 \265\203\344h\2508X\301\035\254\240\016"
 438      B583E468 
 438      A83858C1 
 438      1DACA00E 
 439 0920 26AF4A1C 		.ascii	"&\257J\034\366\212\246\321\013|\210\203\017QpmZv\243"
 439      F68AA6D1 
 439      0B7C8883 
 439      0F51706D 
 439      5A76A3
 440 0933 0EDB68BD 		.ascii	"\016\333h\275P~_y\015?x\004\222\023\374\326\214\355"
 440      507E5F79 
 440      0D3F7804 
 440      9213FCD6 
ARM GAS  /tmp/cc1UVRwo.s 			page 34


 440      8CED
 441 0945 3AB6A75D 		.ascii	":\266\247]%\323y-77\032\361n\206\035\276\232\341B\014"
 441      25D3792D 
 441      37371AF1 
 441      6E861DBE 
 441      9AE1420C 
 442 0959 4B787A0F 		.ascii	"Kxz\017f\324\032G\335\342\252\345-\356\010;j\234\274"
 442      66D41A47 
 442      DDE2AAE5 
 442      2DEE083B 
 442      6A9CBC
 443 096c 7BF87E00 		.ascii	"{\370~\000.\243L\272\242\304\357\006u(\224}\343\031"
 443      2EA34CBA 
 443      A2C4EF06 
 443      7528947D 
 443      E319
 444 097e 55DF6AF5 		.ascii	"U\337j\365\242\021\325\210\236o5\372A7\370\015\031\246"
 444      A211D588 
 444      9E6F35FA 
 444      4137F80D 
 444      19A6
 445 0990 1F79E44A 		.ascii	"\037y\344J\317\177R\276\204\307y\276\010k\241O\352\251"
 445      CF7F52BE 
 445      84C779BE 
 445      086BA14F 
 445      EAA9
 446 09a2 3D07B451 		.ascii	"=\007\264Q\0353(I\255\003ze\233D\224\273\012\346+i\367"
 446      1D332849 
 446      AD037A65 
 446      9B4494BB 
 446      0AE62B69 
 447 09b7 36D06DB2 		.ascii	"6\320m\262Z\336T\213s\032\356\371\0319w\312\377\342"
 447      5ADE548B 
 447      731AEEF9 
 447      193977CA 
 447      FFE2
 448 09c9 766FCAB9 		.ascii	"vo\312\271\341\253\346n|\022w]Rm\263\377\213\371R+\375"
 448      E1ABE66E 
 448      7C12775D 
 448      526DB3FF 
 448      8BF9522B 
 449 09de EC9B9CBD 		.ascii	"\354\233\234\275CJ\331\013\3014\301K\303\016\017\005"
 449      434AD90B 
 449      C134C14B 
 449      C30E0F05 
 450 09ee 7C91A9D6 		.ascii	"|\221\251\326\036\206\221\177\212\3605/\276H\276\370"
 450      1E86917F 
 450      8AF0352F 
 450      BE48BEF8 
 451 09fe 8A9B0B31 		.ascii	"\212\233\0131>\304\362\177\332\225T\316\363\357\257"
 451      3EC4F27F 
 451      DA9554CE 
 451      F3EFAF
 452 0a0d 3AEF3FCB 		.ascii	":\357?\313\317\373\017\007[\037\362\223\240\221T\253"
 452      CFFB0F07 
 452      5B1FF293 
 452      A09154AB 
ARM GAS  /tmp/cc1UVRwo.s 			page 35


 453 0a1d 61452E1A 		.ascii	"aE.\032\265<\255ry\216\263\210*\217:]A\332l\035\003"
 453      B53CAD72 
 453      798EB388 
 453      2A8F3A5D 
 453      41DA6C1D 
 454 0a32 AF5AA857 		.ascii	"\257Z\250Wm4\242V9\242\366\256\325\341\332\360G\005"
 454      6D34A256 
 454      39A2F6AE 
 454      D5E1DAF0 
 454      4705
 455 0a44 1FDAD274 		.ascii	"\037\332\322t#\200\207\337\367|\202\315\2360\0019y\354"
 455      238087DF 
 455      F77C82CD 
 455      9E300139 
 455      79EC
 456 0a56 F0E9A75A 		.ascii	"\360\351\247Z\330\314c?AcOhm\031\320\253\233\272\316"
 456      D8CC633F 
 456      41634F68 
 456      6D19D0AB 
 456      9BBACE
 457 0a69 ABA9DB79 		.ascii	"\253\251\333yS\267\323\246.,\350\357\026q\023K\324\361"
 457      53B7D3A6 
 457      2E2CE8EF 
 457      1671134B 
 457      D4F1
 458 0a7b 0EE738D9 		.ascii	"\016\3478\331`\250\267\301\213^\006Or\203\247\250\301"
 458      60A8B7C1 
 458      8B5E064F 
 458      7283A7A8 
 458      C1
 459 0a8c 93477617 		.ascii	"\223Gv\027\212\374\301t\354\022\345\007\363\242\374"
 459      8AFCC174 
 459      EC12E507 
 459      F3A2FC
 460 0a9b 609EA60F 		.ascii	"`\236\246\017fs\213\353\006\222\037\337\227e\320e\031"
 460      66738BEB 
 460      06921FDF 
 460      9765D065 
 460      19
 461 0aac 7486824E 		.ascii	"t\206\202N\264\\\313\305j\337\317x\371\356\342\276\273"
 461      B45CCBC5 
 461      6ADFCF78 
 461      F9EEE2BE 
 461      BB
 462 0abd A8EF05B7 		.ascii	"\250\357\005\267\353k\344\027\302\205Wd\306+2c\2078"
 462      EB6BE417 
 462      C2855764 
 462      C62B3263 
 462      8738
 463 0acf 4908B158 		.ascii	"I\010\261X\315\213\026-0\177\021m5G\305-\215\265F\307"
 463      CD8B162D 
 463      307F116D 
 463      3547C52D 
 463      8DB546C7 
 464 0ae3 FF66AA29 		.ascii	"\377f\252)|a\314g1\037\3153\305YL\013#\027\231,\361"
 464      7C61CC67 
 464      311FCD33 
ARM GAS  /tmp/cc1UVRwo.s 			page 36


 464      C5594C0B 
 464      2317992C 
 465 0af8 51E46AB6 		.ascii	"Q\344j\266X\247F\031\336\375\360\257\023\302\303\302"
 465      58A74619 
 465      DEFDF0AF 
 465      13C2C3C2 
 466 0b08 04A3D9BC 		.ascii	"\004\243\331\2744&\326\032\366\272\331\372\232i\251"
 466      3426D61A 
 466      F6BAD9FA 
 466      9A69A9
 467 0b17 25DE1419 		.ascii	"%\336\024\031\277\370\325\330\270\330\350W\243#?\213"
 467      BFF8D5D8 
 467      B8D8E857 
 467      A3233F8B 
 468 0b27 31C5C446 		.ascii	"1\305\304F-Z\272 \332\26482jaLl\264\311\274 \372\363"
 468      2D5ABA20 
 468      DAB43832 
 468      6A614C6C 
 468      B4C9BC20 
 469 0b3d C8A58BAC 		.ascii	"\310\245\213\254f\353WK\242-S\027\012\006y\365o\237"
 469      66EB574B 
 469      A22D5317 
 469      0A0679F5 
 469      6F9F
 470 0b4f B0DAF295 		.ascii	"\260\332\362\225\305\004f\027\000\024\226\370\201j\215"
 470      C5046617 
 470      001496F8 
 470      816A8D
 471 0b5e 591C6DB6 		.ascii	"Y\034m\266\276\340\345c\274\325\263 j!\001\000\366\265"
 471      BEE0E563 
 471      BCD5B320 
 471      6A210100 
 471      F6B5
 472 0b70 C7A25812 		.ascii	"\307\242X\022\027o\265\230\346\315\237;c\272\351\203"
 472      176FB598 
 472      E6CD9F3B 
 472      63BAE983 
 473 0b80 0F669BE6 		.ascii	"\017f\233\346\277?\367\3130\036\027\311\001,\222\263"
 473      BF3FF7CB 
 473      301E17C9 
 473      012C92B3 
 474 0b90 61B146C6 		.ascii	"a\261F\306[\315\221\213\300\251_y\206\342\226\260\221"
 474      5BCD918B 
 474      C0A95F79 
 474      86E296B0 
 474      91
 475 0ba1 31F248B4 		.ascii	"1\362H\264\325{\340\013y`,\037\210\2610\335\034\031"
 475      D57BE00B 
 475      79602C1F 
 475      88B130DD 
 475      1C19
 476 0bb3 658DF932 		.ascii	"e\215\3712Zo~'.n\221\217\305\372~l\214\365\371'fY\010"
 476      5A6F7E27 
 476      2E6E918F 
 476      C5FA7E6C 
 476      8CF5F927 
 477 0bca B058E711 		.ascii	"\260X\347\021'f\221\365\376D\211[B\357\215p\037m\225"
ARM GAS  /tmp/cc1UVRwo.s 			page 37


 477      276691F5 
 477      FE44895B 
 477      42EF8D70 
 477      1F6D95
 478 0bdd 6FDFE5B7 		.ascii	"o\337\345\267\001\3646\234\0250\030,X\350\360,j\327"
 478      01F4369C 
 478      1530182C 
 478      58E8F02C 
 478      6AD7
 479 0bef 5F7607CC 		.ascii	"_v\007\314\352\303\303\347F\314\340\265\2331\335l5\310"
 479      EAC3C3E7 
 479      46CCE0B5 
 479      9B31DD6C 
 479      35C8
 480 0c01 37E24711 		.ascii	"7\342G\021\272\331sgE\340\331\341\021\272wf\317\217"
 480      BAD97367 
 480      45E0D9E1 
 480      11BA7766 
 480      CF8F
 481 0c13 C0E1E111 		.ascii	"\300\341\341\0218\002dVD\004\376\313\274p\034\376\341"
 481      38026456 
 481      4404FECB 
 481      BC701CFE 
 481      E1
 482 0c24 7C5D78F8 		.ascii	"|]x\370\234\010\3121\235\376\207\3419\357F\210\363`"
 482      9C08CA31 
 482      9DFE87E1 
 482      39EF4688 
 482      F360
 483 0c36 E5FB7322 		.ascii	"\345\373s\"t\363\346\002:<b:H\030 ?\216\230\361\224"
 483      74F3E602 
 483      3A3C623A 
 483      4818203F 
 483      8E98F194 
 484 0c4a 45B05817 		.ascii	"E\260X\027\023\027b\026C\015\374=\212\331\032h6\177"
 484      13176216 
 484      430DFC3D 
 484      8AD91A68 
 484      367F
 485 0c5c BE3436CA 		.ascii	"\27646\312l\236\372\306\357\246\205\031dM\027\26502"
 485      6C9EFAC6 
 485      EFA68519 
 485      644D17B5 
 485      3032
 486 0c6e DE6BEE4D 		.ascii	"\336k\356M\265\0266\375\277x\003\210\374"
 486      B51636FD 
 486      BF780388 
 486      FC
 487              		.text
 488              		.section	.gnu.lto_.symtab.3929f8b7c014accd,"",%progbits
 489 0000 7374496E 		.ascii	"stInit\000"
 489      697400
 490 0007 00       		.ascii	"\000"
 491 0008 00       		.ascii	"\000"
 492 0009 00       		.ascii	"\000"
 493 000a 00000000 		.ascii	"\000\000\000\000\000\000\000\000"
 493      00000000 
ARM GAS  /tmp/cc1UVRwo.s 			page 38


 494 0012 DB000000 		.ascii	"\333\000\000\000"
 495 0016 73745374 		.ascii	"stStartAlarm\000"
 495      61727441 
 495      6C61726D 
 495      00
 496 0023 00       		.ascii	"\000"
 497 0024 00       		.ascii	"\000"
 498 0025 00       		.ascii	"\000"
 499 0026 00000000 		.ascii	"\000\000\000\000\000\000\000\000"
 499      00000000 
 500 002e DD000000 		.ascii	"\335\000\000\000"
 501 0032 73745374 		.ascii	"stStopAlarm\000"
 501      6F70416C 
 501      61726D00 
 502 003e 00       		.ascii	"\000"
 503 003f 00       		.ascii	"\000"
 504 0040 00       		.ascii	"\000"
 505 0041 00000000 		.ascii	"\000\000\000\000\000\000\000\000"
 505      00000000 
 506 0049 DF000000 		.ascii	"\337\000\000\000"
 507 004d 73745365 		.ascii	"stSetAlarm\000"
 507      74416C61 
 507      726D00
 508 0058 00       		.ascii	"\000"
 509 0059 00       		.ascii	"\000"
 510 005a 00       		.ascii	"\000"
 511 005b 00000000 		.ascii	"\000\000\000\000\000\000\000\000"
 511      00000000 
 512 0063 E1000000 		.ascii	"\341\000\000\000"
 513 0067 73744765 		.ascii	"stGetAlarm\000"
 513      74416C61 
 513      726D00
 514 0072 00       		.ascii	"\000"
 515 0073 00       		.ascii	"\000"
 516 0074 00       		.ascii	"\000"
 517 0075 00000000 		.ascii	"\000\000\000\000\000\000\000\000"
 517      00000000 
 518 007d E3000000 		.ascii	"\343\000\000\000"
 519 0081 73744765 		.ascii	"stGetCounter\000"
 519      74436F75 
 519      6E746572 
 519      00
 520 008e 00       		.ascii	"\000"
 521 008f 00       		.ascii	"\000"
 522 0090 00       		.ascii	"\000"
 523 0091 00000000 		.ascii	"\000\000\000\000\000\000\000\000"
 523      00000000 
 524 0099 E5000000 		.ascii	"\345\000\000\000"
 525 009d 73744973 		.ascii	"stIsAlarmActive\000"
 525      416C6172 
 525      6D416374 
 525      69766500 
 526 00ad 00       		.ascii	"\000"
 527 00ae 00       		.ascii	"\000"
 528 00af 00       		.ascii	"\000"
 529 00b0 00000000 		.ascii	"\000\000\000\000\000\000\000\000"
 529      00000000 
ARM GAS  /tmp/cc1UVRwo.s 			page 39


 530 00b8 E7000000 		.ascii	"\347\000\000\000"
 531 00bc 73745F6C 		.ascii	"st_lld_init\000"
 531      6C645F69 
 531      6E697400 
 532 00c8 00       		.ascii	"\000"
 533 00c9 02       		.ascii	"\002"
 534 00ca 00       		.ascii	"\000"
 535 00cb 00000000 		.ascii	"\000\000\000\000\000\000\000\000"
 535      00000000 
 536 00d3 E9000000 		.ascii	"\351\000\000\000"
 537              		.text
 538              		.section	.gnu.lto_.opts,"",%progbits
 539 0000 272D666D 		.ascii	"'-fmath-errno' '-fsigned-zeros' '-ftrapping-math' '"
 539      6174682D 
 539      6572726E 
 539      6F272027 
 539      2D667369 
 540 0033 2D666E6F 		.ascii	"-fno-trapv' '-fno-strict-overflow' '-fno-openmp' '-"
 540      2D747261 
 540      70762720 
 540      272D666E 
 540      6F2D7374 
 541 0066 666E6F2D 		.ascii	"fno-openacc' '-mcpu=cortex-m3' '-mthumb' '-O0' '-fo"
 541      6F70656E 
 541      61636327 
 541      20272D6D 
 541      6370753D 
 542 0099 6D69742D 		.ascii	"mit-frame-pointer' '-falign-functions=16' '-ffuncti"
 542      6672616D 
 542      652D706F 
 542      696E7465 
 542      72272027 
 543 00cc 6F6E2D73 		.ascii	"on-sections' '-fdata-sections' '-fno-common' '-flto"
 543      65637469 
 543      6F6E7327 
 543      20272D66 
 543      64617461 
 544 00ff 2700     		.ascii	"'\000"
 545              		.text
 546              		.comm	__gnu_lto_v1,1,1
 547              		.comm	__gnu_lto_slim,1,1
 548              		.ident	"GCC: (GNU Tools for Arm Embedded Processors 7-2018-q3-update) 7.3.1 20180622 (release) [AR
ARM GAS  /tmp/cc1UVRwo.s 			page 40


DEFINED SYMBOLS
                            *ABS*:0000000000000000 hal_st.c
                            *COM*:0000000000000001 __gnu_lto_v1
                            *COM*:0000000000000001 __gnu_lto_slim

NO UNDEFINED SYMBOLS
