ARM GAS  /tmp/ccbqMRbi.s 			page 1


   1              		.cpu cortex-m3
   2              		.eabi_attribute 20, 1
   3              		.eabi_attribute 21, 1
   4              		.eabi_attribute 23, 3
   5              		.eabi_attribute 24, 1
   6              		.eabi_attribute 25, 1
   7              		.eabi_attribute 26, 1
   8              		.eabi_attribute 30, 6
   9              		.eabi_attribute 34, 1
  10              		.eabi_attribute 18, 4
  11              		.file	"hal_st_lld.c"
  12              		.section	.gnu.lto_.inline.82877e75ed27e6f0,"",%progbits
  13 0000 789C6363 		.ascii	"x\234cc``\270\316\200\000\034\014\014\254\274\014\014"
  13      6060B8CE 
  13      80001C0C 
  13      0CACBC0C 
  13      0C
  14 0011 4C2C1FF4 		.ascii	"L,\037\364\030X\030\230@B\214\\ \202\201\205\007(\314"
  14      18581898 
  14      40428C5C 
  14      20828185 
  14      0728CC
  15 0024 B4401E45 		.ascii	"\264@\036E\230\011\27303vCX\260\253fe\020\225\005\012"
  15      9809BB30 
  15      33764358 
  15      B0AB6665 
  15      1095050A 
  16 0038 2B5CE864 		.ascii	"+\\\350d\202\2113\203\32410\2601\360k\002\031\"\037"
  16      82893383 
  16      D43130B0 
  16      31F06B02 
  16      19221F
  17 004b 5633A2BA 		.ascii	"V3\242\272\006N\2603\260ka1\022\215`\000\000h\316\013"
  17      064EB033 
  17      B06B6131 
  17      128D6000 
  17      0068CE0B 
  18 005f 39       		.ascii	"9"
  19              		.text
  20              		.section	.gnu.lto_chSysLockFromISR.82877e75ed27e6f0,"",%progbits
  21 0000 789C6D91 		.ascii	"x\234m\221\317K\024a\030\307\237g\236\331]\361GD\320"
  21      CF4B1461 
  21      18C79F67 
  21      9ED95DF1 
  21      4744D0
  22 0013 C53CCC22 		.ascii	"\305<\314\"{\020j\307[\207N\261'\017K\341\376\001\222"
  22      7B106AC7 
  22      5B874EB1 
  22      270F4BE1 
  22      FE0192
  23 0026 D3D20E34 		.ascii	"\323\322\0164\216\314l\241\247}\331\204U\252K\331&\313"
  23      8ECC6CA1 
  23      A77DD984 
  23      55AA4BD9 
  23      26CB
  24 0038 96FD40AC 		.ascii	"\226\375@\2540\313\315\266vM\3354/APB'\003C)Z\225\240"
  24      30CBCDB6 
ARM GAS  /tmp/ccbqMRbi.s 			page 2


  24      764DDD34 
  24      2F415042 
  24      27034329 
  25 004f 0E1144D6 		.ascii	"\016\021D\326\363\216\025Z\27503<\317\363\371>\317\363"
  25      F38E155A 
  25      BD30333C 
  25      CFF3F93E 
  25      CFF3
  26 0061 7DC70F00 		.ascii	"}\307\017\000\255\012\300\004\177\367\362\003\004\310"
  26      AD0AC004 
  26      7FF7F203 
  26      04C8
  27 006f 212A881C 		.ascii	"!*\210\034 \244\024L\3419\032$\234\313\274/)-\243\202"
  27      20A4144C 
  27      E1391A24 
  27      9CCBBC2F 
  27      292DA382 
  28 0083 4FE572A1 		.ascii	"O\345r\241qL\274\024\224'\200,\201w\360\001\266\000"
  28      714CBC14 
  28      9427802C 
  28      8177F001 
  28      B600
  29 0095 732B139B 		.ascii	"s+\023\233\227\032\374\352V\036'\321\317]\000\271\360"
  29      971AFCEA 
  29      561E27D1 
  29      CF5D00B9 
  29      F0
  30 00a6 AAEF7E9E 		.ascii	"\252\357~\236\316\262\006Q\345\360\323\213\334\352."
  30      CEB20651 
  30      E5F0D38B 
  30      DCEA2E
  31 00b5 192AA871 		.ascii	"\031*\250q8\362|q\266\216\232Q\266\270=~}\250>tS\210"
  31      38F27C71 
  31      B68E9A51 
  31      B6B83D7E 
  31      7DA83E74 
  32 00cb B4A82C8F 		.ascii	"\264\250,\217\350\271/\037\204\270 0O\204\217\220\270"
  32      E8B92F1F 
  32      84B82030 
  32      4F848F90 
  32      B8
  33 00dc 3116B109 		.ascii	"1\026\261\011\037b\323\326\340\307\030\272\267\350\253"
  33      1F62D3D6 
  33      E0C718BA 
  33      B7E8AB
  34 00eb 88CD1F19 		.ascii	"\210\315\037\031^mO\265X\275z\300G^\036\240\337[o\200"
  34      5E6D4FB5 
  34      58BD7AC0 
  34      475E1EA0 
  34      DF5B6F80 
  35 00ff D814AD61 		.ascii	"\330\024\255a:\0119\222n2U1\255\312\351\204\032\226"
  35      3A093992 
  35      6E325531 
  35      ADCAE984 
  35      1A96
  36 0111 B8D33AA6 		.ascii	"\270\323:\246W\326\317\227\227\361\217\205>\317\352"
  36      57D6CF97 
ARM GAS  /tmp/ccbqMRbi.s 			page 3


  36      97F18F85 
  36      3ECFEA
  37 0120 C562A3E7 		.ascii	"\305b\243\347\"K\270\335\035\226\321\217Sl\356/|i\241"
  37      224BB8DD 
  37      1D96D18F 
  37      536CEE2F 
  37      7C69A1
  38 0133 791FC842 		.ascii	"y\037\310B\226'n\347\2370?\375/\2776F\336\236\262\226"
  38      96276EE7 
  38      9F303FFD 
  38      2FBF3646 
  38      DE9EB296 
  39 0147 25DA2199 		.ascii	"%\332!\231a\311\254\274?~!\337bV\356vc\270\360\2656"
  39      61C9ACBC 
  39      3F7E21DF 
  39      6256EE76 
  39      63B8F0B5 
  40 015c 388AC362 		.ascii	"8\212\303bH\313\223*\005wW\247D\215*\377Z\005\203 3"
  40      48CB932A 
  40      057757A7 
  40      448D2AFF 
  40      5A058320 
  41 0171 6F72E5C1 		.ascii	"or\345\301Z\316\340ST\331/W\346\274;\27753\377\256>"
  41      5ACEE053 
  41      54D92F57 
  41      E6BC3BBF 
  41      3533FFAE 
  42 0186 78E797D8 		.ascii	"x\347\227\330'\321\317\343\205\327u\236x^\212\361\031"
  42      27D1CFE3 
  42      85D7759E 
  42      785E8AF1 
  42      19
  43 0197 AAB08167 		.ascii	"\252\260\201g\336\016\\i\360~\036#\245\322\306R \365"
  43      DE0E5C69 
  43      F07E1E23 
  43      A5D2C652 
  43      20F5
  44 01a9 5DD4E489 		.ascii	"]\324\344\211wT\031Z\300\024\344)\000\0371}\355\333"
  44      7754195A 
  44      C014E429 
  44      001F317D 
  44      EDDB
  45 01bb 247AA03C 		.ascii	"$z\240<\375|I\300\275\264\260\036I\230\235\346\221\230"
  45      FD7C49C0 
  45      BDB4B01E 
  45      49989DE6 
  45      9198
  46 01cd 6EBBBA93 		.ascii	"n\273\272\223\324\315.\343\344\251\343q\335H\270\275"
  46      D4CD2EE3 
  46      E4A9E371 
  46      DD48B8BD 
  47 01dd 6E380181 		.ascii	"n8\001\201\316cn\374\250c\206w\200\206mYv\227\336m;"
  47      CE636EFC 
  47      A8638677 
  47      80866D59 
  47      7697DE6D 
  48 01f2 49573FDC 		.ascii	"IW?\334\036\215D{Xa\330N\274\343\364A\213e\207\376\207"
ARM GAS  /tmp/ccbqMRbi.s 			page 4


  48      1E8D447B 
  48      5861D84E 
  48      BCE3F441 
  48      8B6587FE 
  49 0207 C77B9212 		.ascii	"\307{\222\022\326#\321X[L\2170\255\267\375\036g\271"
  49      D623D158 
  49      5B4C8F30 
  49      ADB7FD1E 
  49      67B9
  50 0219 A6DB71C2 		.ascii	"\246\333q\3020X\273;\032k\327\344\330n\307\334\257\205"
  50      3058BB3B 
  50      1A6BD7E4 
  50      D86EC7DC 
  50      AF85
  51 022b 5A417120 		.ascii	"ZAq `\305-\333\351\205\237\347\327\347\224"
  51      60C52DDB 
  51      E9859FE7 
  51      D7E794
  52              		.text
  53              		.section	.gnu.lto_osalSysLockFromISR.82877e75ed27e6f0,"",%progbits
  54 0000 789C6363 		.ascii	"x\234cc``X\004\304j@,\012\304\014\314\014\214L\014@"
  54      60605804 
  54      C46A402C 
  54      0AC40CCC 
  54      0C8C4C0C 
  55 0015 CCC808E4 		.ascii	"\314\310\010\34402\32431\3263\3660Oaf<\324\376l'\223"
  55      3032D433 
  55      31D633F6 
  55      304F6166 
  55      3CD4FE6C 
  56 002b E6F20620 		.ascii	"\346\362\006 80\375\232\322\301\326\206.\2039\314\014"
  56      3830FD9A 
  56      D2C1D686 
  56      2E8339CC 
  56      0C
  57 003c 0CD39819 		.ascii	"\014\323\230\031\300\200q3\243&\003P\335\243\215\377"
  57      C0807133 
  57      A3260350 
  57      DDA38DFF 
  58 004c A6F2B2B1 		.ascii	"\246\362\262\261@\304\031\2670\2621\200LZ\177\211\365"
  58      40C419B7 
  58      30B23180 
  58      4C5A7F89 
  58      F5
  59 005d 40C3BFFF 		.ascii	"@\303\277\377\355\015\007\336,e\274\373\210\003(\331"
  59      ED0D07DE 
  59      2C65BCFB 
  59      880328D9 
  60 006d 01D6D8C9 		.ascii	"\001\326\330\311\014\264\216\371\015c\363\202\355G\015"
  60      0CB48EF9 
  60      0D63F382 
  60      ED470D
  61 007c C1CA8166 		.ascii	"\301\312\201f\354\334\371\3466{\375\337\006\2169\314"
  61      ECDCF9E6 
  61      367BFDDF 
  61      068E39CC 
  62 008c 8CD39881 		.ascii	"\214\323\230\201\372\031\2672\3263\314\001*}\307\330"
ARM GAS  /tmp/ccbqMRbi.s 			page 5


  62      FA19B732 
  62      D633CC01 
  62      2A7DC7D8 
  63 009c B460F751 		.ascii	"\264`\367QA\260B\020\350\000\311\002MP\321\323w\316"
  63      41B04210 
  63      E800C902 
  63      4D50D1D3 
  63      77CE
  64 00ae C84CCAF4 		.ascii	"\310L\312\364\017\326\317/\326\317H\314\001R@\242\250"
  64      0FD6CF2F 
  64      D6CF48CC 
  64      015240A2 
  64      A8
  65 00bf 44372F13 		.ascii	"D7/\023\302\326\313`\000\000pu>\205"
  65      C2D6CB60 
  65      00007075 
  65      3E85
  66              		.text
  67              		.section	.gnu.lto_osalOsTimerHandlerI.82877e75ed27e6f0,"",%progbits
  68 0000 789C6363 		.ascii	"x\234cc``X\004\304j@,\012\304\014\314\014\214L\014@"
  68      60605804 
  68      C46A402C 
  68      0AC40CCC 
  68      0C8C4C0C 
  69 0015 CCC808E4 		.ascii	"\314\310\010\34402\32431\3263\3660Oaf<\324\376l'\223"
  69      3032D433 
  69      31D633F6 
  69      304F6166 
  69      3CD4FE6C 
  70 002b E6F20620 		.ascii	"\346\362\006 80\375\223\332\301\326\206.\2039\314\014"
  70      3830FD93 
  70      DAC1D686 
  70      2E8339CC 
  70      0C
  71 003c 0CD39819 		.ascii	"\014\323\230\031\300\200q3\243&\003P\335\243\215\377"
  71      C0807133 
  71      A3260350 
  71      DDA38DFF 
  72 004c A6F2B2B1 		.ascii	"\246\362\262\261@\304\031\2670\2621\200LZ\177\211\365"
  72      40C419B7 
  72      30B23180 
  72      4C5A7F89 
  72      F5
  73 005d 40C3BFFF 		.ascii	"@\303\277\377\355\015\007\276,e\374\371\214\003(\331"
  73      ED0D07BE 
  73      2C65FCF9 
  73      8C0328D9 
  74 006d 01D6D8C9 		.ascii	"\001\326\330\311\014\264\216\371\015c\363\202\367g\015"
  74      0CB48EF9 
  74      0D63F382 
  74      F7670D
  75 007c C1CA8166 		.ascii	"\301\312\201f\354\334\371\3466{\375\337\006\2169\314"
  75      ECDCF9E6 
  75      367BFDDF 
  75      068E39CC 
  76 008c 8CD39881 		.ascii	"\214\323\230\201\372\031\2672\3263\314\001*}\307\330"
  76      FA19B732 
ARM GAS  /tmp/ccbqMRbi.s 			page 6


  76      D633CC01 
  76      2A7DC7D8 
  77 009c B4E0F359 		.ascii	"\264\340\363YA\260B\020\350\000\311\002MP\321\323w\316"
  77      41B04210 
  77      E800C902 
  77      4D50D1D3 
  77      77CE
  78 00ae C84CCAF4 		.ascii	"\310L\312\364\017\326\317/\326\317H\314\001R@\242\250"
  78      0FD6CF2F 
  78      D6CF48CC 
  78      015240A2 
  78      A8
  79 00bf 44372F13 		.ascii	"D7/\023\302\326\313`\000\000\300\265?M"
  79      C2D6CB60 
  79      0000C0B5 
  79      3F4D
  80              		.text
  81              		.section	.gnu.lto_chSysUnlockFromISR.82877e75ed27e6f0,"",%progbits
  82 0000 789C6D91 		.ascii	"x\234m\221\317K\024a\030\307\237g\236\331]Q\213.]Lh"
  82      CF4B1461 
  82      18C79F67 
  82      9ED95D51 
  82      8B2E5D4C 
  83 0015 97D88391 		.ascii	"\227\330\203\221;\335:x\212=yX\012\367\017\220\334\226"
  83      3BDD3A78 
  83      8A3D7958 
  83      0AF70F90 
  83      DC96
  84 0027 76A07164 		.ascii	"v\240qdf\013=\355\313fhX\027\263I\226\001\373\301bE"
  84      660B3DED 
  84      CB666858 
  84      17B34996 
  84      01FBC162 
  85 003c 695A56BB 		.ascii	"iZV\273\232nk]\026\242\022:\031\024J\221)A\035\"\202"
  85      9A6E6B5D 
  85      16A2123A 
  85      19144A91 
  85      29411D22 
  86 0051 B4E79DAD 		.ascii	"\264\347\235\255p\251\027f\206\347y?\337\347\373<\317"
  86      70A91766 
  86      86E7793F 
  86      DFE7FB3C 
  86      CF
  87 0062 F8014053 		.ascii	"\370\001@S\000\246\370\273\233\037 @\016QA\344\000!"
  87      00A6F8BB 
  87      9B1F2040 
  87      0E5141E4 
  87      0021
  88 0074 A36006CF 		.ascii	"\243`\006\317\323\010ay\340CAi\031\027|J\227\1774\335"
  88      D3086179 
  88      E0434169 
  88      19177C4A 
  88      977F34DD 
  89 0088 162F05B9 		.ascii	"\026/\005\271\004\340\020x\007\357a\0130\2672\265yi"
  89      04E01078 
  89      07EF610B 
  89      30B732B5 
ARM GAS  /tmp/ccbqMRbi.s 			page 7


  89      7969
  90 009a 875FADE6 		.ascii	"\207_\255\346\361>\372\271\012 _\274\352\277\353\322"
  90      F13EFAB9 
  90      0A205FBC 
  90      EABFEBD2 
  91 00aa 106B1055 		.ascii	"\020k\020U\016\277<\317\255\356\224\241\202A\016\363"
  91      0EBF3CCF 
  91      ADEE94A1 
  91      82410EF3 
  92 00ba 95A58506 		.ascii	"\225\245\205\006\332\207\262\304\315\211\253\243\215"
  92      DA87B2C4 
  92      CD89ABA3 
  92      8D
  93 00c7 E1EB4264 		.ascii	"\341\353BdE\351m\276-\367\355\243\020\303\002]\"|\210"
  93      45E96DBE 
  93      2DF7EDA3 
  93      10C3025D 
  93      227C88
  94 00da C485F101 		.ascii	"\304\205\361\0016\343\0146W\215\037axr\311W\022\233"
  94      36E30C36 
  94      578D1F61 
  94      7872C957 
  94      129B
  95 00ec 5B03DC5A 		.ascii	"[\003\334Z\323zq\255\322\352#/\0170\350\265w\216x(\332"
  95      D37A71AD 
  95      D2EA232F 
  95      0F30E8B5 
  95      778E7828 
  96 0101 C03357B6 		.ascii	"\3003W\266f\310k\212m\012\205\215\345@\346\247\250s"
  96      66C86B8A 
  96      6D0A858D 
  96      E540E6A7 
  96      A873
  97 0113 49754876 		.ascii	"IuHvY\300\014\270\344\203O\230MC\216\344\330\316\331"
  97      59C00CB8 
  97      E4834F98 
  97      4D438EE4 
  97      D8CED9
  98 0126 F28B806C 		.ascii	"\362\213\200l\223\001,\262\345:fW\326.\024\367\376\035"
  98      93012CB2 
  98      E53A6657 
  98      D62E14F7 
  98      FE1D
  99 0138 B5DF5BC9 		.ascii	"\265\337[\311\305\341=\336\264\016;m\333\002\316\242"
  99      C5E13DDE 
  99      B40E3B6D 
  99      DB02CEA2 
 100 0148 1FE7AA7E 		.ascii	"\037\347\252~\333\361\345\374~\346\347$O5\374c\346\347"
 100      DBF1E5FC 
 100      7EE6E724 
 100      4F35FC63 
 100      E6E7
 101 015a FFE5CB93 		.ascii	"\377\345\313\223\344\315#\357\034Rk$\013,)\311=\363"
 101      E4CD23EF 
 101      1C526B24 
 101      0B2C29C9 
 101      3DF3
ARM GAS  /tmp/ccbqMRbi.s 			page 8


 102 016c 8B9B0447 		.ascii	"\213\233\004Gn\373\332\330\364\367\372\3208\216\211"
 102      6EFBDAD8 
 102      F4F7FAD0 
 102      388E89
 103 017b D1A04B5E 		.ascii	"\321\240K^\275;\253\263\242N\225\177\367\011\206@f\336"
 103      BD3BABB3 
 103      A24E957F 
 103      F7098640 
 103      66DE
 104 018d E48A23F5 		.ascii	"\344\212#\365\234\3012\252<.\337,z\377\346\306\374\342"
 104      9CC132AA 
 104      3C2EDF2C 
 104      7AFFE6C6 
 104      FCE2
 105 019f FBC6D0AD 		.ascii	"\373\306\320\255\337\342\200D\277NL\277n\360\304O\245"
 105      DFE28044 
 105      BF4E4CBF 
 105      6EF0C44F 
 105      A5
 106 01b0 189FA10A 		.ascii	"\030\237\241\012\2371\373n\250\322\352\355S\236A\271"
 106      9F31FB6E 
 106      A8D2EAED 
 106      539E41B9 
 107 01c0 44468211 		.ascii	"DF\202\021-\232\322\273\364#q\315\2645+\255\351\335"
 107      2D9AD2BB 
 107      F42371CD 
 107      B4352BAD 
 107      E9DD
 108 01d2 8993A78E 		.ascii	"\211\223\247\216'\265D\312\356\263#)\010t\035\263\223"
 108      27B544CA 
 108      EEB32329 
 108      08741DB3 
 108      93
 109 01e3 472D3D52 		.ascii	"G-=R\003&L\3030\273\265\036\323J\333\332\341\216X4\326"
 109      03264CC3 
 109      30BBB51E 
 109      D34ADBDA 
 109      E18E5834 
 110 01f8 CB8A8469 		.ascii	"\313\212\204i%;O\0372X\326\366?<\331\233\226\260\026"
 110      253B4F1F 
 110      3258D6F6 
 110      3F3CD99B 
 110      96B016
 111 020b 8DC5DBE3 		.ascii	"\215\305\333\343Z\224i\255\375\217\235a\353v\347\211"
 111      5A9469AD 
 111      FD8F9D61 
 111      EB76E789 
 112 021b 4482B5BB 		.ascii	"D\202\265\273b\361\216\240\264\355\261\364\003\301\360"
 112      62F18EA0 
 112      B4EDB1F4 
 112      03C1F0
 113 022a 41502C08 		.ascii	"AP,\010\030I\303\264\372\340\027\032\333\3478"
 113      1849C3B4 
 113      FAE0171A 
 113      DBE738
 114              		.text
 115              		.section	.gnu.lto_osalSysUnlockFromISR.82877e75ed27e6f0,"",%progbits
ARM GAS  /tmp/ccbqMRbi.s 			page 9


 116 0000 789C6363 		.ascii	"x\234cc``X\004\304j@,\012\304\014\314\014\214L\014@"
 116      60605804 
 116      C46A402C 
 116      0AC40CCC 
 116      0C8C4C0C 
 117 0015 CCC808E4 		.ascii	"\314\310\010\34402\32431\3263\3660Oaf<\324\376l'\223"
 117      3032D433 
 117      31D633F6 
 117      304F6166 
 117      3CD4FE6C 
 118 002b E6F20620 		.ascii	"\346\362\006 80\375\217\322\301\326\206.\2039\314\014"
 118      3830FD8F 
 118      D2C1D686 
 118      2E8339CC 
 118      0C
 119 003c 0CD39819 		.ascii	"\014\323\230\031\300\200q3\243&\003P\335\243\215\377"
 119      C0807133 
 119      A3260350 
 119      DDA38DFF 
 120 004c A6F2B2B1 		.ascii	"\246\362\262\261@\304\031\2670\2621\200LZ\177\211\365"
 120      40C419B7 
 120      30B23180 
 120      4C5A7F89 
 120      F5
 121 005d 40C3BFFF 		.ascii	"@\303\277\377\355\015\007\376,e\234\374\230\003(\331"
 121      ED0D07FE 
 121      2C659CFC 
 121      980328D9 
 122 006d 01D6D8C9 		.ascii	"\001\326\330\311\014\264\216\371\015c\363\202\305\307"
 122      0CB48EF9 
 122      0D63F382 
 122      C5C7
 123 007b 0CC1CA81 		.ascii	"\014\301\312\201f\354\334\371\3466{\375\337\006\216"
 123      66ECDCF9 
 123      E6367BFD 
 123      DF068E
 124 008a 39CC8CD3 		.ascii	"9\314\214\323\230\201\372\031\2672\3263\314\001*}\307"
 124      9881FA19 
 124      B732D633 
 124      CC012A7D 
 124      C7
 125 009b D8B460F9 		.ascii	"\330\264`\3711A\260B\020\350\000\311\002MP\321\323w"
 125      3141B042 
 125      10E800C9 
 125      024D50D1 
 125      D377
 126 00ad CEC84CCA 		.ascii	"\316\310L\312\364\017\326\317/\326\317H\314\001R@\242"
 126      F40FD6CF 
 126      2FD6CF48 
 126      CC015240 
 126      A2
 127 00be A844372F 		.ascii	"\250D7/\023\302\326\313`\000\000em>L"
 127      13C2D6CB 
 127      60000065 
 127      6D3E4C
 128              		.text
 129              		.section	.gnu.lto_st_lld_init.82877e75ed27e6f0,"",%progbits
ARM GAS  /tmp/ccbqMRbi.s 			page 10


 130 0000 789C8D95 		.ascii	"x\234\215\225]h\024W\024\307\357\177\357|\355fw\223"
 130      5D681457 
 130      14C7EF7F 
 130      EF7CED66 
 130      7793
 131 0012 808A48C0 		.ascii	"\200\212H\300\274\370`\0372\215-\350\203o\372\"(>\350"
 131      BCF8601F 
 131      328D2DE8 
 131      836FFA22 
 131      283EE8
 132 0025 8B4F41ED 		.ascii	"\213OA\355\203\201H\244\021\037\315\030\223l\324R\012"
 132      838148A4 
 132      111FCD18 
 132      936CD452 
 132      0A
 133 0036 D614E222 		.ascii	"\326\024\342\"\213>\030\204\020\243\371\330\335\330"
 133      8B3E1884 
 133      10A3F9D8 
 133      DDD8
 134 0044 BAAE5F51 		.ascii	"\272\256_Q\263\211Z\215\321\264\266\265(!~\320\252E"
 134      B3895A8D 
 134      D1B4B6B5 
 134      28217ED0 
 134      AA45
 135 0056 2B36F19C 		.ascii	"+6\361\234;\223\017\233\035\334\2019s\357\334;\377\337"
 135      3B930F9B 
 135      1DDC8139 
 135      73EFDC3B 
 135      FFDF
 136 0068 F99F3B73 		.ascii	"\371\237;s\307\020Bl1\205XM\327\205t\012)\020\020t\002"
 136      C710426C 
 136      3185584D 
 136      D785740A 
 136      29101074 
 137 007d D481A80F 		.ascii	"\324\201\250\017\240\036\337\310\357%\262\261'\251\300"
 137      A01EDFC8 
 137      EF25B2B1 
 137      27A9C0
 138 008c F2930E1D 		.ascii	"\362\223\016\035\231\037\222K\232\235\246\305q)D\253"
 138      991F924B 
 138      9A9DA6C5 
 138      712944AB 
 139 009c 14EAC059 		.ascii	"\024\352\300Y,\0274\355Q\327\344\221\210\241\271\367"
 139      2C1734ED 
 139      51D7E491 
 139      88A1B9F7 
 140 00ac D10D8344 		.ascii	"\321\015\203D\004h\340V\343\351\270<$\343\022\320\250"
 140      0468E056 
 140      E3E9B83C 
 140      24E312D0 
 140      A8
 141 00bd FB77AEED 		.ascii	"\373w\256\355\317(w\003(\247\356?\375\215\367\243r%"
 141      CF287703 
 141      28A7EE3F 
 141      FD8DF7A3 
 141      7225
 142 00cf 5822F932 		.ascii	"X\"\3712\366\320Zv\302q\032\234\314\310\204\321\326"
ARM GAS  /tmp/ccbqMRbi.s 			page 11


 142      F6D05A76 
 142      C2711A9C 
 142      CCC884D1 
 142      D6
 143 00e0 9E692C8F 		.ascii	"\236i,\217K\211>HRE/\312\320\2032\227\232\304\262\316"
 143      4B893E48 
 143      52452FCA 
 143      D0833297 
 143      9AC4B2CE 
 144 00f4 DB7AC699 		.ascii	"\333z\306\231\234\2129\231'\325\311\356\311EK!\342R"
 144      9C8A3999 
 144      27D5C9EE 
 144      C9454B21 
 144      E252
 145 0106 0B509092 		.ascii	"\013P\220\222[\032\267tn\031\024t\223\273\026\267\202"
 145      5B1AB774 
 145      6E191474 
 145      93BB16B7 
 145      82
 146 0117 DC0A5130 		.ascii	"\334\012Q0\2128\2049D8D9\024s(\341P\312a\001O\026\242"
 146      8A388439 
 146      44384439 
 146      147328E1 
 146      50CA6101 
 147 012e 45D93D20 		.ascii	"E\331= \251Fr\002\015\257\307O\355d\223m\222-\216u\346"
 147      A9467202 
 147      0DAFC74F 
 147      ED64936D 
 147      922D8E75 
 148 0143 9E5AEC49 		.ascii	"\236Z\354I\203\223hq4\244(\315\011d\323AwN\200\346\264"
 148      83936871 
 148      34A428CD 
 148      0964D341 
 148      774E80E6 
 149 0158 3665874D 		.ascii	"6e\207Mw\016{=\227\315]1\0228\266\217\312J&M\022B\232"
 149      770E7B3D 
 149      97CD5D31 
 149      1238B68F 
 149      CA4A264D 
 150 016f CDD1D848 		.ascii	"\315\321\330H_\272/bw8\215\210K\013\375H\340\210\242"
 150      5FBA2F62 
 150      77388D88 
 150      4B0BFD48 
 150      E088A2
 151 0182 E31C6CC1 		.ascii	"\343\034l\301p\313\225\225\036g\377\333f\270w4\227\325"
 151      70CB9595 
 151      1E67FFDB 
 151      66B87734 
 151      97D5
 152 0194 7DE96AB3 		.ascii	"}\351j\263\312\207D\361\243\233\313\235\203jN^\264\364"
 152      CA8744F1 
 152      A39BCB9D 
 152      836A4E5E 
 152      B4F4
 153 01a6 41FF348B 		.ascii	"A\3774\213>\017\233\344\347\322\365\377\273\\\220W["
 153      3E0F9BE4 
 153      E7D2F5FF 
ARM GAS  /tmp/ccbqMRbi.s 			page 12


 153      BB5C9057 
 153      5B
 154 01b7 9FAFBD8F 		.ascii	"\237\257\275\217\207,df\325/x\306\332;\"\256\026\347"
 154      872C6466 
 154      D52F78C6 
 154      DA3B22AE 
 154      16E7
 155 01c9 7970FF85 		.ascii	"yp\377\2053\312\205\016'\363\235\023E\366c\2369\267"
 155      33CA850E 
 155      27F39D13 
 155      45F6639E 
 155      39B7
 156 01db AA7ABEAA 		.ascii	"\252z\276\252\006I\010\027\363Z\273\244\340\352]\277"
 156      06490817 
 156      F35ABBA4 
 156      E0EA5DBF 
 157 01eb FC71552D 		.ascii	"\374qU-\2173[\325\240\313z>\370\370\270\346V\325)\301"
 157      8F335BD5 
 157      A0CB7A3E 
 157      F8F8B8E6 
 157      56D529C1 
 158 01ff 954F9435 		.ascii	"\225O\2245\310J\371\331Wg\331\003\\\326\240\302\217"
 158      C84AF9D9 
 158      5767D903 
 158      5CD6A0C2 
 158      8F
 159 0210 279F9B2E 		.ascii	"'\237\233./DO\014u\274\371+\3040\003\374\345i\270\346"
 159      2F444F0C 
 159      75BCF92B 
 159      C43003FC 
 159      E569B8E6 
 160 0224 F25E0FAC 		.ascii	"\362^\017\254\362x3\326\215y\326\023{\351\245\015\221"
 160      F27833D6 
 160      8D79D613 
 160      7BE9A50D 
 160      91
 161 0235 10AEFBD4 		.ascii	"\020\256\373\324\376\206J!\300)\014\302\246\011\261"
 161      FE864A21 
 161      C0290CC2 
 161      A609B1
 162 0244 A33DEFC1 		.ascii	"\243=\357\301j\026\316\367\0039E\243\005Iy\013R4?\201"
 162      6A16CEF7 
 162      033945A3 
 162      0549790B 
 162      52343F81 
 163 0258 7CC4225F 		.ascii	"|\304\"_\342\220\"\252\315aX\021\323\243wW\272\300\251"
 163      E29022AA 
 163      CD615811 
 163      D3A37757 
 163      BAC0A9
 164 026b 29899BD3 		.ascii	")\211\233\323\300\264\007\014\027\006\014\373\002o)"
 164      C0B4070C 
 164      17060CFB 
 164      026F29
 165 027a A0C6C0DB 		.ascii	"\240\306\300\333\0128S0\013\002?O\363\372=^\2440^\304"
 165      0A385330 
 165      0B023F4F 
ARM GAS  /tmp/ccbqMRbi.s 			page 13


 165      F3FA3D5E 
 165      A4305EC4 
 166 028e 8757843B 		.ascii	"\207W\204;\212\247\0135\330\376\342\337\001\263\262"
 166      8AA70B35 
 166      D8FEE2DF 
 166      01B3B2
 167 029d 93071367 		.ascii	"\223\007\023g\324\242\337\205\215\317\324\346\205\021"
 167      D4A2DF85 
 167      8DCFD4E6 
 167      8511
 168 02ab 54CEF0C7 		.ascii	"T\316\360\307s\323\253\036-,\201\250\257\341{*\001\203"
 168      73D3AB1E 
 168      2D2C81A8 
 168      AFE17B2A 
 168      0183
 169 02bd 09A3049B 		.ascii	"\011\243\004\233q8\3449,.\014P\354\013\270\257\000&"
 169      7138E439 
 169      2C2E0C50 
 169      EC0BB8AF 
 169      0026
 170 02cf 031ECC05 		.ascii	"\003\036\314\005\014{\200\222\302\000%\276\2001\005"
 170      0C7B8092 
 170      C20025BE 
 170      803105
 171 02de B018F08B 		.ascii	"\260\030\360\213Z\262\236\330`W\310]2\340\327i\336\250"
 171      5AB29ED8 
 171      6057C85D 
 171      32E0D769 
 171      DEA8
 172 02f0 C72B2D8C 		.ascii	"\307+-\214W\352\313{\250xA\346\375F\206\030\360\014"
 172      57EACB7B 
 172      A87841E6 
 172      FD468618 
 172      F00C
 173 0302 4D8957BD 		.ascii	"M\211W\275R\375\300\350\211T\352\331\230Y\377\237c\305"
 173      52FDC0E8 
 173      8954EAD9 
 173      9859FF9F 
 173      63C5
 174 0314 65B8953F 		.ascii	"e\270\225?Y\374\216z\036x|\355ps\2303\213\320_\351\017"
 174      59FC8E7A 
 174      1E787CED 
 174      70739833 
 174      8BD05FE9 
 175 0329 94F17EF5 		.ascii	"\224\361~\365\356\336\267\226{\313\302#\224\305eT\274"
 175      EEDEB796 
 175      7BCBC223 
 175      94C56554 
 175      BC
 176 033a 4043E255 		.ascii	"@C\342U\237\332\"\324\177\253\2055\350\263\373\262\302"
 176      9FDA22D4 
 176      7FAB8535 
 176      E8B3FBB2 
 176      C2
 177 034b 5EB3A37A 		.ascii	"^\263\243z[\365\306Mvm\235\275ck\215\275\253\366\353"
 177      5BF5C64D 
 177      766D9DBD 
ARM GAS  /tmp/ccbqMRbi.s 			page 14


 177      636B8DBD 
 177      ABF6EB
 178 035e DD75F6A6 		.ascii	"\335u\366\246\315\033\276Xa\257_\277\326\336\274n\303"
 178      CD1BBE58 
 178      61AF5FBF 
 178      D6DEBC6E 
 178      C3
 179 036f 9E4A1EA9 		.ascii	"\236J\036\251\252\333]US\363U\305v\241\357\251\255\251"
 179      AADB5D55 
 179      53F355C5 
 179      76A1EFA9 
 179      ADA9
 180 0381 F8FC0344 		.ascii	"\370\374\003DZa{"
 180      5A617B
 181              		.text
 182              		.section	.gnu.lto_st_lld_serve_interrupt.82877e75ed27e6f0,"",%progbits
 183 0000 789C8593 		.ascii	"x\234\205\223KH\025Q\030\307\317\177\316\314\235\253"
 183      4B481551 
 183      18C7CF7F 
 183      CECC9DAB 
 184 0010 A1B6CB85 		.ascii	"\241\266\313\205\210\033\027n\034*\241\215\264\251M"
 184      881B176E 
 184      1C2AA18D 
 184      B4A94D
 185 001f A0B4D0BD 		.ascii	"\240\264\320\275\364XxAQ\274\"\265\272\307\373\360Q"
 185      F4587841 
 185      51BC22B5 
 185      BAC7FBF0 
 185      51
 186 0030 A6147903 		.ascii	"\246\024y\003\271\304\325\026\341B,\264\364\232\331"
 186      B9C4D516 
 186      E1422CB4 
 186      F49AD9
 187 003f 747DA484 		.ascii	"t}\244\204\366 j!\030hI\331\355\205\201\012yo\33793"
 187      F6206A21 
 187      186849D9 
 187      ED85810A 
 187      796FDF39 
 188 0054 5088E1C0 		.ascii	"P\210\341\300\234\231s\316\377\373}\377\357\2333\036"
 188      9C9973CE 
 188      FFFB7DFF 
 188      EF9B331E 
 189 0064 C6D83067 		.ascii	"\306\3300g\354$=K\350f\006\203\306\350\326hQh:\015:"
 189      EC243D4B 
 189      E8660683 
 189      C6E8D668 
 189      51683A0D 
 190 0079 073DA003 		.ascii	"\007=\240\003\264\015\026\320\270\216\000\272\370M\216"
 190      B40D16D0 
 190      B88E00BA 
 190      F84D8E
 191 0088 64FB7A42 		.ascii	"d\373zB+\271+\350\262o\335(l\023\221\374\030\305E9S"
 191      2BB92BE8 
 191      B26FDD28 
 191      6C1391FC 
 191      18C54539 
 192 009d 174650C2 		.ascii	"\027FP\302H\366*|/\306\257\362\030\007t\232\376\\\354"
ARM GAS  /tmp/ccbqMRbi.s 			page 15


 192      48F62A7C 
 192      2FC6AFF2 
 192      1807749A 
 192      FE5CEC
 193 00b0 5BCB9553 		.ascii	"[\313\225S\015E4\355\370:\377\316\313O@*\303\321\353"
 193      0D4534ED 
 193      F83AFFCE 
 193      CB4F402A 
 193      C3D1EB
 194 00c3 23878AEF 		.ascii	"#\207\212\357\010\021\024\366\372\366\341\201\220\230"
 194      081114F6 
 194      FAF6E181 
 194      9098
 195 00d1 177A8C73 		.ascii	"\027z\214s<\004'*\036\240\000\243(Pt\222\217\013{U\347"
 195      3C04272A 
 195      1EA000A3 
 195      28507492 
 195      8F0B7B55 
 196 00e6 E52A7429 		.ascii	"\345*t)\372\245\337tCW\266\363\373\335P\035\343\373"
 196      FAA5DF74 
 196      4357B6F3 
 196      FBDD501D 
 196      E3FB
 197 00f8 86AEDE4F 		.ascii	"\206\256\336O\367\346xt$P\2141\024;\2361\001\017\225"
 197      F7E67874 
 197      24508C31 
 197      143B9E31 
 197      010F95
 198 010b C8646DDD 		.ascii	"\310dm\3353\357_\032./\275\235?\020\212(\236\301\366"
 198      33EF5F1A 
 198      2E2FBD9D 
 198      3F108A28 
 198      9EC1F6
 199 011e C2F08810 		.ascii	"\302\360\210\020.f\370\265a\213t\246]\330K\227\236\217"
 199      2E66F8B5 
 199      618B74A6 
 199      5DD84B97 
 199      9E8F
 200 0130 A68EE482 		.ascii	"\246\216\344\202Q\210&\007.\007\352.\251L&\365^\271"
 200      51882607 
 200      2E07EA2E 
 200      A94C26F5 
 200      5EB9
 201 0142 90A55E19 		.ascii	"\220\245^\031\353P-\353\344\324{\276\201\340\257O]="
 201      EB502DEB 
 201      E4D47BBE 
 201      81E0AF4F 
 201      5D3D
 202 0154 D9D24D1F 		.ascii	"\331\322M\0377dmC[?\262e\3078d\257uLR\356\015$'>w\177"
 202      37646D43 
 202      5B3FB265 
 202      C73864AF 
 202      754C52EE 
 203 016e 87233349 		.ascii	"\207#3I\026\215$_\230\216L\2268\231\\\234\363\304q\273"
 203      168D245F 
 203      988E4C96 
 203      38995C9C 
ARM GAS  /tmp/ccbqMRbi.s 			page 16


 203      F3C471BB 
 204 0182 9542E22D 		.ascii	"\225B\342-\224M\322\360X\332\246\335\267c\023c9\326"
 204      944DD2F0 
 204      58DAA6DD 
 204      B7631363 
 204      39D6
 205 0194 9008B78A 		.ascii	"\220\010\267\212\242\03071\2058z\225\013<\201\245\350"
 205      A2183731 
 205      85387A95 
 205      0B3C81A5 
 205      E8
 206 01a5 833D790E 		.ascii	"\203=y\016\034{hE\007\260l\305R\347\345\251b\205~\267"
 206      1C7B6845 
 206      07B06CC5 
 206      52E7E5A9 
 206      62857EB7 
 207 01b9 2D180ECB 		.ascii	"-\030\016\313\353\340\206#\037\006\275\322\253\201\014"
 207      EBE08623 
 207      1F06BDD2 
 207      AB810C
 208 01c8 9054F590 		.ascii	"\220T\365\220\312\347\210\262\224\316\244\265`\272\355"
 208      CAE788B2 
 208      94CEA4B5 
 208      60BAED
 209 01d7 DAE66567 		.ascii	"\332\346egU\243\015i\354\315\225\005.W\366\326Xx\200"
 209      55A30D69 
 209      ECCD9505 
 209      2E57F6D6 
 209      587880
 210 01ea ADE9BF25 		.ascii	"\255\351\277%\316\300\"\236\223sh\263\336\341s\342S"
 210      CEC0229E 
 210      937368B3 
 210      DEE173E2 
 210      53
 211 01fb D86C66CB 		.ascii	"\330lf\313\316s\254i\230%\326G\204\227\247\313\\\215"
 211      CE73AC69 
 211      9825D647 
 211      8497A7CB 
 211      5C8D
 212 020d F49E4AEC 		.ascii	"\364\236J\354\3448\002\2069\367\030tr\"\363\024B\361"
 212      E4380286 
 212      39F71874 
 212      7222F314 
 212      42F1
 213 021f AD4955AA 		.ascii	"\255IU\252t\220H\244\226\315\300\256\360\306\2707*\033"
 213      749048A4 
 213      96CDC0AE 
 213      F0C6B837 
 213      2A1B
 214 0231 826708D0 		.ascii	"\202g\010\320\227\310bR\270S\276\277N\376\200\363\377"
 214      97C86252 
 214      B853BEBF 
 214      4EFE80F3 
 214      FF
 215 0242 E876FFA3 		.ascii	"\350v\377\243\243\204Xpu\322\000\375\246\374\033\202"
 215      A3845870 
 215      75D200FD 
ARM GAS  /tmp/ccbqMRbi.s 			page 17


 215      A6FC1B82 
 216 0252 F1B52975 		.ascii	"\361\265)u(\224\255\016\231\225\200e\245\326\251Z\337"
 216      2894AD0E 
 216      99958065 
 216      A5D6A95A 
 216      DF
 217 0263 79DFD92A 		.ascii	"y\337\331*\253\301o\325\236\253\263\032\033\232\232"
 217      ABC16FD5 
 217      9EABB31A 
 217      1B9A9A
 218 0272 FD565575 		.ascii	"\375VUu\345\361cVE\305i\253\372Le\313Q\271S\343o\256"
 218      E5F16356 
 218      45C569AB 
 218      FA4C65CB 
 218      51B953E3 
 219 0288 A9ABBB58 		.ascii	"\251\253\273Xz\201\351\315\276\372F\315\337\364\007"
 219      7A81E9CD 
 219      BEFA46CD 
 219      DFF407
 220 0297 84983ABE 		.ascii	"\204\230:\276"
 221              		.text
 222              		.section	.gnu.lto_VectorB0.82877e75ed27e6f0,"",%progbits
 223 0000 789C6363 		.ascii	"x\234cc``\020cd`0\003\322\242@\314\300\314\300\310\304"
 223      60601063 
 223      64603003 
 223      D2A240CC 
 223      C0CCC0C8 
 224 0015 00C48C40 		.ascii	"\000\304\214@A\006F\206z&\306z\306\036\346)\314\214"
 224      41064686 
 224      7A26C67A 
 224      C61EE629 
 224      CC8C
 225 0027 87DA9FED 		.ascii	"\207\332\237\355d\322\\\336\000\004\007\246\177\022"
 225      64D25CDE 
 225      000407A6 
 225      7F12
 226 0035 6F6C6895 		.ascii	"olh\225\230\303\314\3000\215\231\001\014\03073j2\000"
 226      98C3CCC0 
 226      308D9901 
 226      0C183733 
 226      6A3200
 227 0048 953DDAF8 		.ascii	"\225=\332\370o*/\033\013D\234q\013#\033\003\310\240"
 227      6F2A2F1B 
 227      0B449C71 
 227      0B231B03 
 227      C8A0
 228 005a F597580F 		.ascii	"\365\227X\0174\374\373\337\336p\340\313b\306\211Ql\014"
 228      34FCFBDF 
 228      DE70E0CB 
 228      62C68951 
 228      6C0C
 229 006c 0C1D607D 		.ascii	"\014\035`}\235\314@\313\230\33706/x\277\236\031\254"
 229      9DCC40CB 
 229      98DF3036 
 229      2F78BF9E 
 229      19AC
 230 007e 1A68C4CE 		.ascii	"\032h\304\316\235on\263\327\377m\340\230\303\3148\215"
ARM GAS  /tmp/ccbqMRbi.s 			page 18


 230      9D6F6EB3 
 230      D7FF6DE0 
 230      98C3CC38 
 230      8D
 231 008f 19A89D71 		.ascii	"\031\250\235q+c=\303\034\240R\220\302\257\372\330\325"
 231      2B633DC3 
 231      1CA05290 
 231      C2AFFAD8 
 231      D5
 232 00a0 815CBD0D 		.ascii	"\201\\\275\015I\335_\034\352\200\3662nG\250S\300\256"
 232      49DD5F1C 
 232      EA80F632 
 232      6E47A853 
 232      C0AE
 233 00b2 8A05A86A 		.ascii	"\212\005\250j\007T\325;\306\246\005\213\2670\202\025"
 233      0754D53B 
 233      C6A6058B 
 233      B7308215 
 234 00c2 824007C8 		.ascii	"\202@\007\310M@\353L\364\364\23532\2232\375\203\365"
 234      4D40EB4C 
 234      F4F49D33 
 234      329332FD 
 234      83F5
 235 00d4 F38BF533 		.ascii	"\363\213\3653\022s\364\013\362\213J\212\365\203C|\215"
 235      1273F40B 
 235      F28B4A8A 
 235      F583437C 
 235      8D
 236 00e5 8DF47D7C 		.ascii	"\215\364}|\\\364C<}\313\014A2\361\305%\36199)z\311\014"
 236      5CF4433C 
 236      7DCB0C41 
 236      32F1C525 
 236      F1393929 
 237 00fc 00FD9B65 		.ascii	"\000\375\233e\361"
 237      F1
 238              		.text
 239              		.section	.gnu.lto_.symbol_nodes.82877e75ed27e6f0,"",%progbits
 240 0000 789C5DD0 		.ascii	"x\234]\320\273\015\3020\020\306\361\317\347\304\316"
 240      BB0DC230 
 240      10C6F1CF 
 240      E7C4CE
 241 000f 93155805 		.ascii	"\223\025X\005\346\242\270\240HP\302\006<\302k\005\350"
 241      E6A2B8A0 
 241      4850C206 
 241      3CC26B05 
 241      E8
 242 0020 507A6600 		.ascii	"Pzf\000\245\245\201\001\002N,$\354\346\376\322O\247"
 242      A5A58101 
 242      024E2C24 
 242      ECE6FED2 
 242      4FA7
 243 0032 2B4E0198 		.ascii	"+N\001\230\0103\350\005\006\2267t9\027\327B\031k\005"
 243      0833E805 
 243      06963774 
 243      3917D742 
 243      196B05
 244 0045 0BDF4A62 		.ascii	"\013\337Jb\362\355\015\226\276}\004\007\276\255\211"
ARM GAS  /tmp/ccbqMRbi.s 			page 19


 244      F2ED0D96 
 244      BE7D0407 
 244      BEAD89
 245 0054 C39F5DA6 		.ascii	"\303\237]\246c#\033b\345\312\212X;\"\016\304Q/@Q\214"
 245      63231B62 
 245      E5CA8A58 
 245      3B220EC4 
 245      512F4051 
 246 0069 0C1C8963 		.ascii	"\014\034\211c\007N\304\211\003{\342\324\201\035q\346"
 246      074EC489 
 246      037BE2D4 
 246      811D71E6 
 247 0079 40459C3B 		.ascii	"@E\234;\260%\036\374\203D\204\346\336\012i\276Su\245"
 247      B0251EFC 
 247      834484E6 
 247      DE0A69BE 
 247      5375A5
 248 008c D85626B6 		.ascii	"\330V&\266\201\264\015ST\213\347P*\201z\326\225\320"
 248      81B40D53 
 248      548BE750 
 248      2A817AD6 
 248      95D0
 249 009e F40D50CE 		.ascii	"\364\015P\316M\365\300\356i\205\272on\357\352\014\345"
 249      4DF5C0EE 
 249      6985BA6F 
 249      6EEFEA0C 
 249      E5
 250 00af A315F802 		.ascii	"\243\025\370\002\010\034fn"
 250      081C666E 
 251              		.text
 252              		.section	.gnu.lto_.refs.82877e75ed27e6f0,"",%progbits
 253 0000 789C6363 		.ascii	"x\234cc```\004b\006\000\000D\000\010"
 253      60606004 
 253      62060000 
 253      440008
 254              		.text
 255              		.section	.gnu.lto_.decls.82877e75ed27e6f0,"",%progbits
 256 0000 789CB558 		.ascii	"x\234\265X{LTW\032\237s\317\200\303\200\203A\2671\033"
 256      7B4C5457 
 256      1A9F73CF 
 256      80C38083 
 256      41B7311B 
 257 0014 FF302E89 		.ascii	"\3770.\2114k\035\321f\267\311n\232\352\210\225\244\264"
 257      346B1DD1 
 257      66B7C96E 
 257      9AEA8895 
 257      A4B4
 258 0026 DD419BDD 		.ascii	"\335A\233\335\315&S\204Q\246\345a\031\260\232M\266\027"
 258      CD265384 
 258      51A6E561 
 258      19B09A4D 
 258      B617
 259 0038 410B280A 		.ascii	"A\013(\012\212/\264\200OPP\361\201\310K\036\243 \002"
 259      8A2FB480 
 259      4F5050F1 
 259      81C84B1E 
 259      A32002
ARM GAS  /tmp/ccbqMRbi.s 			page 20


 260 004b 8AF80291 		.ascii	"\212\370\002\221\367\303\267\"\024\360Qt\277s\316\275"
 260      F7C3B722 
 260      14F05174 
 260      BF73CEBD 
 261 005b DC3B9799 		.ascii	"\334;\227\231\246\331do\3629\367\234\373}\277\357w\276"
 261      A6D9646F 
 261      F239F79C 
 261      FB7DBFEF 
 261      77BE
 262 006d EF3BE73B 		.ascii	"\357;\347;\350\252R\251\3764]\245\332\241V\251\0329"
 262      E8AA52A9 
 262      FE345DA5 
 262      DAA156A9 
 262      1A39
 263 007f 95EA1D3C 		.ascii	"\225\352\035<n0W\251\222\036O\220\022\2202\220r\341"
 263      6E3057A9 
 263      921E4F90 
 263      12903290 
 263      72E1
 264 0091 9B0DE412 		.ascii	"\233\015\344\022H\015H-H\035H\003\3105\220v\220N\220"
 264      480D482D 
 264      481D4803 
 264      C8359076 
 264      904E90
 265 00a4 6E905ED5 		.ascii	"n\220^\325\304\347{\244Ri\340\367k\020/\220i - \217"
 265      C4E77BA4 
 265      5269E0F7 
 265      6B102F90 
 265      69202D20 
 266 00b9 4106405E 		.ascii	"A\006@^\200\024\013\272.\202\357a\220\227 c\202/\345"
 266      80140BBA 
 266      2E82EF61 
 266      90972063 
 266      822FE5
 267 00cc F36FC0C4 		.ascii	"\363o\300\304\002\246\334\236\023x\2278\260\371\341"
 267      02A6DC9E 
 267      13789738 
 267      B0F9E1
 268 00db 576CCA85 		.ascii	"Wl\312\205\365(\2378'\334E{q\015\"w\022+\022\023\025"
 268      F5289F38 
 268      27DC457B 
 268      710D2277 
 268      122B1213 
 269 00f0 F185187F 		.ascii	"\361\205\030\177\345\363\343\257\360\260\251\354s!>"
 269      E5F3E3AF 
 269      F0B0A9EC 
 269      73213E
 270 00ff 9B10CB8B 		.ascii	"\233\020\313\213\234\307l\020o\230\237\013\362\015\310"
 270      9CC76C10 
 270      6F989F0B 
 270      F20DC8
 271 010e 2C105790 		.ascii	",\020W\2209 \026\220\217A\276E\214o\033\210\026\344"
 271      39201690 
 271      8F41BE45 
 271      8C6F1B88 
 271      16E4
 272 0120 77307E1F 		.ascii	"w0~\037d%\310\337@\214 \313@\226\203\374\003$\004\344"
ARM GAS  /tmp/ccbqMRbi.s 			page 21


 272      6425C8DF 
 272      408C20CB 
 272      409683FC 
 272      032404E4 
 273 0134 5F887121 		.ascii	"_\210q!\371nw\300e+bXr.\337\010~\010'\213\300C\\\033"
 273      F96E77C0 
 273      652B6258 
 273      722EDF08 
 273      7E08278B 
 274 014c C1FA4AF0 		.ascii	"\301\372J\360\001eGkH\254-\233\003\374\355N\342C\342"
 274      0165476B 
 274      48AC2D9B 
 274      03FCED4E 
 274      E243E2
 275 015f 4B6AAF57 		.ascii	"Kj\257W\300 \365\326\351\300>\015\243\334m=\273\324"
 275      C020F5D6 
 275      E9C03E0D 
 275      A3DC6D3D 
 275      BBD4
 276 0171 1DA80D90 		.ascii	"\035\250\015\220Th\012B\210&\304\356!\343w\342C\276"
 276      54680A42 
 276      8826C4EE 
 276      21E377E2 
 276      43BE
 277 0183 33050E89 		.ascii	"3\005\016\211\037\231\226\322\214~CL8\225\244+Y\310"
 277      1F9996D2 
 277      8C7E434C 
 277      3895A42B 
 277      59C8
 278 0195 5065C688 		.ascii	"Pe\306\210>*JE\316\2052\023\350!\311=\032\327\021\365"
 278      3E2A4A45 
 278      CE853213 
 278      E821C93D 
 278      1AD711F5 
 279 01a9 65A868DC 		.ascii	"e\250h\334h\";\025\213\035\011B\366\276=.\235\250\035"
 279      68223B15 
 279      8B1D0942 
 279      F6BE3D2E 
 279      9DA81D
 280 01bc 34FFA952 		.ascii	"4\377\251R\245h\"\020\231\034\030\251K\305\230\243\357"
 280      A5682210 
 280      991C18A9 
 280      4BC598A3 
 280      EF
 281 01cd 57F66EBE 		.ascii	"W\366n\276\257\305S\351{y\326\315D\217\271y<{4[\261"
 281      AFC553E9 
 281      7B79D6CD 
 281      448FB979 
 281      3C7B345B 
 282 01e2 0A9D4358 		.ascii	"\012\235CX\214\347\245w\243\025\236\2330\362\322\"\016"
 282      8CE7A577 
 282      A3159E9B 
 282      30F2D222 
 282      0E
 283 01f3 864D03F5 		.ascii	"\206M\003\365?\271\303p\232\026M\201a\336\346wi.\323"
 283      3FB9C370 
 283      9A164D81 
ARM GAS  /tmp/ccbqMRbi.s 			page 22


 283      61DEE677 
 283      692ED3
 284 0206 7712C394 		.ascii	"w\022\303\2248~\012\207\276~\017\025\241\031\350<\232"
 284      387E0A87 
 284      BE7E0F15 
 284      A119E83C 
 284      9A
 285 0217 011C8B11 		.ascii	"\001\034\213\021\2347(B\315\220\236\355\251\335\215"
 285      9C372842 
 285      CD909EED 
 285      A9DD8D
 286 0226 6765F115 		.ascii	"ge\361\025\025|EM\272\367\303\346\007<\237\004\206H"
 286      157C454D 
 286      BAF7C3E6 
 286      073C9F04 
 286      8648
 287 0238 4D145101 		.ascii	"M\024Q\001\302\250\020\315%k. \356\321Y\324\211\320"
 287      C2A810CD 
 287      256B2E20 
 287      EED159D4 
 287      89D0
 288 024a 19D401AB 		.ascii	"\031\324\001\253(A\263\000\340~6?\252\303\337Q\322U"
 288      2841B300 
 288      E07E363F 
 288      AAC3DF51 
 288      D255
 289 025c 5D636922 		.ascii	"]ci\"XO\316\234$\333F\276\021\260\226R\247\250T\302"
 289      584FCE9C 
 289      24DB46BE 
 289      11B09652 
 289      A7A854C2 
 290 0270 2A556295 		.ascii	"*Ub\225Q\254\227\303\225\225\032|\024Q\260\372\214\236"
 290      51AC97C3 
 290      95951A7C 
 290      1451B0FA 
 290      8C9E
 291 0282 2B2E02D8 		.ascii	"+.\002\330\225\2758\235\257X\317\363Y\034\205\272 A"
 291      95BD389D 
 291      AF58CFF3 
 291      591C85BA 
 291      2041
 292 0294 5D504295 		.ascii	"]PB\225S\250\264\3035\211j\\\306\240\262O4\026\210\274"
 292      53A8B4C3 
 292      35896A5C 
 292      C6A0B24F 
 292      341688BC 
 293 02a8 6CE91F3E 		.ascii	"l\351\037>>\313\363\033x\276\202-\261B\302\252PbUR\254"
 293      3ECBF31B 
 293      78BE822D 
 293      B142C2AA 
 293      50625552 
 294 02bd 03CD2DA7 		.ascii	"\003\315-\247]q#\303\212\315\313\262\271\215\257\361"
 294      5D7123C3 
 294      8ACDCBB2 
 294      B98DAFF1 
 295 02cd A34DF66B 		.ascii	"\243M\366k\254\222\300\252\224`6\012\366b\363\363,O"
 295      AC92C0AA 
ARM GAS  /tmp/ccbqMRbi.s 			page 23


 295      9460360A 
 295      F662F3F3 
 295      2C4F
 296 02df DCC7C0DA 		.ascii	"\334\307\300\332J\006c\265\000\226\005`\327.\314{X\317"
 296      4A0663B5 
 296      00960560 
 296      D72ECC7B 
 296      58CF
 297 02f1 C03E6160 		.ascii	"\300>a`\027%\260\213J\260K\024\354\330\205\214D->\302"
 297      1725B08B 
 297      4AB04B14 
 297      ECD8858C 
 297      442D3EC2 
 298 0305 CAE7DC8D 		.ascii	"\312\347\334\215{\327\010\263N\022\260\265,^<\213W\265"
 298      7BD708B3 
 298      4E12B0B5 
 298      2C5E3C8B 
 298      57B5
 299 0317 8454AD44 		.ascii	"\204T\255D\252\241HO\237?\311\326\3412\206\364,>>\207"
 299      AAA1484F 
 299      9F3FC9D6 
 299      E13286F4 
 299      2C3E3E87 
 300 032b 13685DED 		.ascii	"\023h]\355\340\354\240.KP\227\225P\265\024\252\355L"
 300      E0ECA02E 
 300      4B509795 
 300      50B514AA 
 300      ED4C
 301 033d C62B575C 		.ascii	"\306+W\\\315\240\0326f\364\221\025vB\274\337\265\316"
 301      CDA01A36 
 301      66F49115 
 301      7642BCDF 
 301      B5CE
 302 034f CCCD7FC0 		.ascii	"\314\315\177\300'h\331\362\256HHW\204\322Fu\024!\261"
 302      2768D9F2 
 302      AE484857 
 302      84D24675 
 302      1421B1
 303 0362 D0968CF1 		.ascii	"\320\226\214\361z\314vE\301P=\022\020l\351\177\255;"
 303      7ACC7645 
 303      C1503D12 
 303      106CE97F 
 303      AD3B
 304 0374 CBC7BB50 		.ascii	"\313\307\273P\373z\311\276^\264o\240\366]\303q-\223"
 304      FB7AC9BE 
 304      5EB46FA0 
 304      F65DC371 
 304      2D93
 305 0386 F00E667F 		.ascii	"\360\016f\177\247z\230\326\021\261\177\323\352\235;"
 305      A77A98D6 
 305      11B17FD3 
 305      EA9D3B
 306 0395 6E7F55B2 		.ascii	"n\177U\262\277*\332_\243\366{ov\037\344p>\263o\273|"
 306      BF2ADA5F 
 306      A3F67B6F 
 306      761FE470 
 306      3EB36FBB 
ARM GAS  /tmp/ccbqMRbi.s 			page 24


 307 03aa 3417C3E6 		.ascii	"4\027\303\346\232\255Ed\273{\302\324\311'E\257&\263"
 307      9AAD4564 
 307      BB7BC2D4 
 307      C92745AF 
 307      26B3
 308 03bc 29A2D1B4 		.ascii	")\242\321\264u\360\320$\\\311\324\257\307\347\357\303"
 308      75F0D024 
 308      5CC9D4AF 
 308      C7E7EFC3 
 309 03cc 6C6BAA49 		.ascii	"lk\252I\272\033\322{tlk\316L\303\\G\313\233{:\244\365"
 309      BA1BD27B 
 309      746C6BCE 
 309      4CC35C47 
 309      CB9B7B3A 
 310 03e2 49E0F9F5 		.ascii	"I\340\371\365|V\034\357\006us\013\266\346M\330\232\350"
 310      7C561CEF 
 310      0675730B 
 310      B6E64DD8 
 310      9AE8
 311 03f4 0EF22190 		.ascii	"\016\362!\220\204\023j\202\311\3530y\204\354\342\212"
 311      84136A82 
 311      C9EB3079 
 311      84ECE28A 
 312 0404 FBAF3EDE 		.ascii	"\373\257>\3363\310\3633\321m\244E7$\336\263\265l\027"
 312      33C8F333 
 312      D16DA445 
 312      3724DEB3 
 312      B56C17
 313 0417 1F3D947A 		.ascii	"\037=\224z\300\025\307\252\011\003\256do\337%\316\231"
 313      C015C7AA 
 313      0903AE64 
 313      6FDF25CE 
 313      99
 314 0428 8FBB4E7D 		.ascii	"\217\273N}\334I\374\303\203f\342\243\005|4K>\300%sR"
 314      DC49FCC3 
 314      8366E2A3 
 314      057C344B 
 314      3EC02573 
 315 043d 93535089 		.ascii	"\223SP\211\324p\310R\0158@`\256n4\273\\=>\327\212\350"
 315      D470C852 
 315      0D384060 
 315      AE6E34BB 
 315      5C3D3ED7 
 316 0453 E48B0BED 		.ascii	"\344\213\013\355;9\247\347O\033=\177\356!\341\000:t"
 316      3B39A7E7 
 316      4F1B3D7F 
 316      EE21E100 
 316      3A74
 317 0465 7A5FAE87 		.ascii	"z_\256\207\220\236\373[pF\334\306d~?\242j\250Qb\321"
 317      909EFB5B 
 317      7046DCC6 
 317      647E3FA2 
 317      6AA85162 
 318 047a 2866A89D 		.ascii	"(f\250\235f\250c`\250\306\035w\251Y\374K\253z&\013\020"
 318      66A86360 
 318      A8C61D77 
 318      A959FC4B 
ARM GAS  /tmp/ccbqMRbi.s 			page 25


 318      AB7A260B 
 319 048f 3D19B8F8 		.ascii	"=\031\270\370\214Tc\035\022B\207\210\320I\021no}\372"
 319      8C54631D 
 319      12428788 
 319      D049116E 
 319      6F7DFA
 320 04a2 C2051F74 		.ascii	"\302\005\037t\241\010CC\265\327\244\032\231#\325H\227"
 320      A1084343 
 320      B5D7A41A 
 320      9923D548 
 320      97
 321 04b3 64DF25DA 		.ascii	"d\337%\332wS\373\203\266\221a\017|\236\331\037\257\313"
 321      7753FB83 
 321      B691610F 
 321      7C9ED91F 
 321      AFCB
 322 04c5 4F116BB4 		.ascii	"O\021k\264\351\217\351|\025\333+=\222u\217h\335K\255"
 322      E98FE97C 
 322      15DB2B3D 
 322      92758F68 
 322      DD4BAD
 323 04d8 530706B7 		.ascii	"S\007\006\267\273j\023H\210h\206H\271\2109R\241>\022"
 323      BB6A1348 
 323      88688648 
 323      B9883952 
 323      A13E12
 324 04eb 72A49F81 		.ascii	"r\244\237\201\346\315 \350\267^\226\275\366\300\015"
 324      E6CD20E8 
 324      B75E96BD 
 324      F6C00D
 325 04fa D4953A2F 		.ascii	"\324\225:/\356\330\200\032\371\314@\240\215\264G\304"
 325      EED8801A 
 325      F9CC40A0 
 325      8DB447C4 
 326 050a 06A1428F 		.ascii	"\006\241B\217 \001\375\202\027x\322y@\037\370\201L\303"
 326      2001FD82 
 326      1778D279 
 326      401FF881 
 326      4CC3
 327 051c BB86FED2 		.ascii	"\273\206\376\322\212\340\017\362x\272\012-\240\350\350"
 327      8AE00FF2 
 327      78BA0A2D 
 327      A0E8E8
 328 052b 3ED4C323 		.ascii	">\324\303#\352\356!\000>@\324\341\372\222go\324^)4\201"
 328      EAEE2100 
 328      3E40D4E1 
 328      FA92676F 
 328      D45E2934 
 329 0540 701A218A 		.ascii	"p\032!\212-e\3601\362\022I\322\001X\364\2769^\254cU"
 329      2D65F031 
 329      F21249D2 
 329      0158F4BE 
 329      395EAC63 
 330 0555 EF4ABA57 		.ascii	"\357J\272W}|\251\273\323\345=\025\227\367\204\271\373"
 330      7D7CA9BB 
 330      D3E53D15 
 330      97F784B9 
ARM GAS  /tmp/ccbqMRbi.s 			page 26


 330      FB
 331 0566 3969C3A8 		.ascii	"9i\303\250\260e&\3010\247\177\337\026\017\266e>\"w\207"
 331      B06526C1 
 331      30A77FDF 
 331      160FB665 
 331      3E227787 
 332 057a EEB43AA4 		.ascii	"\356\264:\244$\363\034\300\236Q\260\001J\346)#3@\311"
 332      24F31CC0 
 332      9E51B001 
 332      4AE62923 
 332      3340C9
 333 058d 64FEF266 		.ascii	"d\376\362f\217\316#i\274\374i.$\367/\220\007\315\004"
 333      8FCE2369 
 333      BCFC692E 
 333      24F72F90 
 333      07CD04
 334 05a0 FC82B26D 		.ascii	"\374\202\262m\344\366\361I\270\211\345\361\330\361\214"
 334      E4F6F149 
 334      B889E5F1 
 334      D8F18C
 335 05af 7C1DEE63 		.ascii	"|\035\356c\203MU\266}\256P\333h\210F\025f\266\266\264"
 335      834D55B6 
 335      7DAE50DB 
 335      68884615 
 335      66B6B6B4 
 336 05c3 5ED70967 		.ascii	"^\327\011g\377\375\014\274\271\360\311\365X~Z\374\373"
 336      FFFD0CBC 
 336      B9F0C9F5 
 336      587E5AFC 
 336      FB
 337 05d4 D4C1A098 		.ascii	"\324\301\240\230l\36434\317A\345\3318L\363~d\364\345"
 337      6CF43334 
 337      CF41E5D9 
 337      384CF37E 
 337      64F4E5
 338 05e7 261D1E72 		.ascii	"&\035\036r\346\240\271\254\246\323Sp\360(W\350y\373"
 338      E6A0B9AC 
 338      A6D35370 
 338      F02857E8 
 338      79FB
 339 05f9 B5147F64 		.ascii	"\265\024\177d\034\177\024\360G\224\370/)\376\235\376"
 339      1C7F14F0 
 339      4794F82F 
 339      29FE9DFE 
 340 0609 AA103CE6 		.ascii	"\252\020<\346\014\336\321\016\336u\343@\361d\247\233"
 340      0CDED10E 
 340      DE75E340 
 340      F164A79B 
 341 0619 F517BA59 		.ascii	"\365\027\272Y\337\210\233\265sw\317M\261\371\265\326"
 341      DF889BB5 
 341      7377CF4D 
 341      B1F9B5D6 
 342 0629 E2D66BB4 		.ascii	"\342\326k\264_e-ED\021\275\032g\370\032\030\276R2\034"
 342      5F652D45 
 342      4411BD1A 
 342      67F81A18 
 342      BE52321C 
ARM GAS  /tmp/ccbqMRbi.s 			page 27


 343 063d A30C6B7B 		.ascii	"\243\014k{\217W\351p\215\253\023\212'*\016\027k\305"
 343      8F57E970 
 343      8DAB138A 
 343      272A0E17 
 343      6BC5
 344 064f F69A8133 		.ascii	"\366\232\2013\013\331}$\036M\243Ax;\356\342\035\270"
 344      0BD97D24 
 344      1E4DA341 
 344      783BEEE2 
 344      1DB8
 345 0661 78AB74C1 		.ascii	"x\253t\301s\304Eg\346\375\355\223\361=g.\232\017\355"
 345      73C44567 
 345      E6FDED93 
 345      F13D672E 
 345      9A0FED
 346 0674 3EE72E06 		.ascii	">\347.\006\371\204}\220c9\021\177=\247&#{\3748\212/"
 346      F9847D90 
 346      6339117F 
 346      3DA72623 
 346      7BFC388A 
 347 0689 9EE95EF4 		.ascii	"\236\351^\364LG\251\266\341!w\374\200\271\333\335t\312"
 347      4C47A9B6 
 347      E12177FC 
 347      80B9DBDD 
 347      74CA
 348 069b 8F147EDC 		.ascii	"\217\024~\334o:yi\257\355\353tg`\323I\277L\334\266\203"
 348      6F3A7969 
 348      AFEDEB74 
 348      6760D349 
 348      BF4CDCB6 
 349 06b0 C34F19D8 		.ascii	"\303O\031\330\213F[\222\033\036f\003\361\222\347\305"
 349      8B465B92 
 349      1B1E6603 
 349      F192E7C5 
 350 06c0 2E794995 		.ascii	".yI\225-\033\335\360\030\373\266\377A\321vO\034?\211"
 350      2D1BDDF0 
 350      18FBB6FF 
 350      41D1764F 
 350      1C3F89
 351 06d3 0ED24B7E 		.ascii	"\016\322K~\276\342\302\02450,m-\320\343d\366\351hQr"
 351      BEE2C214 
 351      35302C6D 
 351      2DD0E364 
 351      F6E96851 
 352 06e8 970BDEC9 		.ascii	"\227\013\336\311\006=\205\361#j\234\316\006\215\305"
 352      063D85F1 
 352      236A9CCE 
 352      068DC5
 353 06f7 9D7D3A9C 		.ascii	"\235}:\234\311\006{\207\332\036\2721\004\037R\366\215"
 353      C9067B87 
 353      DA1EBA31 
 353      041F52F6 
 353      8D
 354 0708 99AD1AB6 		.ascii	"\231\255\032\266!+\310usWQ\367\200\016\037\240\272\036"
 354      212BC875 
 354      735751F7 
 354      800E1FA0 
ARM GAS  /tmp/ccbqMRbi.s 			page 28


 354      BA1E
 355 071a A713DFAC 		.ascii	"\247\023\337\254@\336\354\231\352\355\355\343}\200\217"
 355      40DEEC99 
 355      EAEDEDE3 
 355      7D808F
 356 0729 8FE32B46 		.ascii	"\217\343+F\237\340M'\223\222\371\254*\2046rZ\224\000"
 356      9FE04D27 
 356      9392F9AC 
 356      2A843672 
 356      5A9400
 357 073c 81DDC74D 		.ascii	"\201\335\307M\225\302\361#G\352\353\026\2512\0253\241"
 357      95C2F123 
 357      47EAEB16 
 357      A9321533 
 357      A1
 358 074d 7796784C 		.ascii	"w\226xL\3257)\325\223&\250?\212\224\324S\224\352z\245"
 358      D53729D5 
 358      9326A83F 
 358      8A94D453 
 358      94EA7AA5 
 359 0761 76B74C3B 		.ascii	"v\267L;\325\241\266\257\244\374Z\246\274E\251\234<\201"
 359      D5A1B6AF 
 359      A4FC5AA6 
 359      BC45A99C 
 359      3C81
 360 0773 49938C78 		.ascii	"I\223\214x\242\343u\312\300\273e\332\033\224\332\361"
 360      A2E375CA 
 360      C0BB65DA 
 360      1B94DAF1 
 361 0783 9276AA70 		.ascii	"\222v\252p\342\301U\\\205\266s3\3206\372\215\250C\015"
 361      E2C1555C 
 361      85B67333 
 361      D036FA8D 
 361      A8430D
 362 0796 A14CCE07 		.ascii	"\241L\316\007\355\346\274\321.\220,\220= ?\201\354\004"
 362      EDE6BCD1 
 362      2E902C90 
 362      3D203F81 
 362      EC04
 363 07a8 4907D901 		.ascii	"I\007\331\001\262\027$\203\363\246\375\2009\257\222"
 363      B2172483 
 363      F3A6FD80 
 363      39AF92
 364 07b7 39DFEC38 		.ascii	"9\337\3548\3062\252\217d\332i\216\251\2628\260\033\304"
 364      C632AA8F 
 364      64DA698E 
 364      A9B238B0 
 364      1BC4
 365 07c9 EDE75EB1 		.ascii	"\355\347^\261@\227\250"
 365      4097A8
 366 07d0 A984BE27 		.ascii	"\251\204\276'y\036y\356u \216\277<\217\202mu\034T\352"
 366      791E79EE 
 366      75208EBF 
 366      3C8F826D 
 366      751C54EA 
 367 07e4 1A0A6C38 		.ascii	"\032\012l8/\257\315\035\337\245\005\306%\277\336\336"
 367      2FAFCD1D 
ARM GAS  /tmp/ccbqMRbi.s 			page 29


 367      DFA505C6 
 367      25BFDEDE 
 368 07f4 EF89A6FA 		.ascii	"\357\211\246\3728\214\007:\010a\370_C\302XW\277r\205"
 368      388C073A 
 368      0861F85F 
 368      43C25857 
 368      BF7285
 369 0807 FE890E00 		.ascii	"\376\211\016\000\310~n\274_\2235P.'/\245\034\323\310"
 369      C87E6EBC 
 369      5F933550 
 369      2E272FA5 
 369      1CD3C8
 370 081a 9BC90119 		.ascii	"\233\311\001\031o\025:\304\261f\002\277\244\231\264"
 370      6F153AC4 
 370      B16602BF 
 370      A499B4
 371 0829 E5E76B70 		.ascii	"\345\347kp?\333E\205\317r\013'\013\333\206t\356\323"
 371      3FDB4585 
 371      CF720B27 
 371      0BDB8674 
 371      EED3
 372 083b 19634F75 		.ascii	"\031cOu\0106\211\017\213\310\263\006YD\016\203\353\034"
 372      0836890F 
 372      8BC8B306 
 372      59440E83 
 372      EB1C
 373 084d C73569B7 		.ascii	"\3075i\267\360#\260p\026\254\034a\325\307`\325\331\260"
 373      F023B070 
 373      16AC1C61 
 373      D5C760D5 
 373      D9B0
 374 085f AAA37689 		.ascii	"\252\243v\211\036\014\260\257\367\211\330\362\314\265"
 374      1E0CB0AF 
 374      F789D8F2 
 374      CCB5
 375 086d 37B0CCE5 		.ascii	"7\260\314\345\330g\216\234g\275c\235\010?e\251\310\257"
 375      D8678E9C 
 375      67BD639D 
 375      083F65A9 
 375      C8AF
 376 087f DB7646AD 		.ascii	"\333vF\255L\205\310\010\035\007\"\316H17o\033\324$\324"
 376      4C85C808 
 376      1D0722CE 
 376      4831376F 
 376      1BD424D4 
 377 0893 79A0942B 		.ascii	"y\240\224+\205:G\014\365\371\234\207\275\036\362P\347"
 377      853A470C 
 377      F5F99C87 
 377      BD1EF250 
 377      E7
 378 08a4 D985FA84 		.ascii	"\331\205\372\204\020\352\0234\324\205];\312\2053\252"
 378      10EA1334 
 378      D4855D3B 
 378      CA8533AA 
 379 08b4 9918DFE8 		.ascii	"\231\030\337\350\337\037\357\301\306\215dl\273]3\240"
 379      DF1FEFC1 
 379      C68D646C 
ARM GAS  /tmp/ccbqMRbi.s 			page 30


 379      BB5D33A0 
 380 08c4 C6BFB054 		.ascii	"\306\277\260T\324\327\277ip\301\3535\254#\\*\250\026"
 380      D4D7BF69 
 380      70C1EB35 
 380      AC235C2A 
 380      A816
 381 08d6 AE1B97C9 		.ascii	"\256\033\227\3118\255\330V\342\2167\260\217=I\3356W"
 381      38ADD856 
 381      E28E37B0 
 381      8F3D49DD 
 381      3657
 382 08e8 9CA4B1CB 		.ascii	"\234\244\261\313\240\027\313 \312l\035\206\277T\266"
 382      A017CB20 
 382      CA6C1D86 
 382      BF54B6
 383 08f7 B08F2585 		.ascii	"\260\217%\205\245\325\3021;\217\374\365\325_[\255e\331"
 383      A5D5C231 
 383      3B8FFCF5 
 383      D55F5BAD 
 383      65D9
 384 0909 E6118CCB 		.ascii	"\346\021\214\313\232\356}\202\2673\325\252\301\374l"
 384      9AEE7D82 
 384      B733D5AA 
 384      C1FC6C
 385 0918 811B26FD 		.ascii	"\201\033&\375)\305\366\316\323\351\355\250\224\023n"
 385      29C5F6CE 
 385      D3E9EDA8 
 385      94136E
 386 0927 47251C6D 		.ascii	"G%\034m\020\303)\371K\244\353\217\232\266\356\"\210"
 386      10C329F9 
 386      4BA4EB8F 
 386      9AB6EE22 
 386      88
 387 0938 39DBAD65 		.ascii	"9\333\255e\234\227hC\377:\355:\334\256\223k\223\374"
 387      9C976843 
 387      FF3AED3A 
 387      DCAE936B 
 387      93FC
 388 094a 3BD53E71 		.ascii	";\325>q\360\360.-\336\305H\036\031)\211\323\340\275"
 388      F0F02E2D 
 388      DEC5481E 
 388      192989D3 
 388      E0BD
 389 095c 6CB0FDC2 		.ascii	"l\260\375\302O\015\223p&\033\254\277\263\010\037d\257"
 389      4F0D9370 
 389      261BACBF 
 389      B3081F64 
 389      AF
 390 096d E5A9DBDA 		.ascii	"\345\251\333\332\020\316f\203\035u\217g\343<\366\376"
 390      10CE6683 
 390      1D758F67 
 390      E33CF6FE 
 391 097d F6B26D36 		.ascii	"\366\262m6>\315\336\253\317\345d#|\236\015\006\323\253"
 391      3ECDDEAB 
 391      CFE56423 
 391      7C9E0D06 
 391      D3AB
ARM GAS  /tmp/ccbqMRbi.s 			page 31


 392 098f 1F6B7129 		.ascii	"\037kq)\033d5\355;\257\301\345\202\303\227;\217x\340"
 392      1B6435ED 
 392      3BAFC1E5 
 392      82C3973B 
 392      8F78E0
 393 09a2 8B6C70B3 		.ascii	"\213lp\263\350V\202;\256e\203\204S\247v\273\343\006"
 393      E856823B 
 393      AE658384 
 393      53A776BB 
 393      E306
 394 09b4 C17B494B 		.ascii	"\301{IK\252\360\177\035\235d\334{\2707\313M\0104\271"
 394      AAF07F1D 
 394      9D64DC7B 
 394      B837CB4D 
 394      0834B9
 395 09c7 6B2635D5 		.ascii	"k&5\325\217\"|]\310X\301\301\347\032e\264\244=s\215"
 395      8F227C5D 
 395      C858C1C1 
 395      E71A65B4 
 395      A43D738D 
 396 09db 936EAEA0 		.ascii	"\223n\256\240}\361b\331\030RF\313\231\366{\025?fmp\227"
 396      7DF162D9 
 396      185246CB 
 396      99F67B15 
 396      3F666D70 
 397 09f0 B53AE1F1 		.ascii	"\265:\341\361!\377\010M/\335%\351T/\334\011\017M\247"
 397      21FF084D 
 397      2FDD25E9 
 397      542FDC09 
 397      0F4DA7
 398 0a03 501550E4 		.ascii	"P\025P\344\315\362\215\267mb\027\373A\332\247\227\224"
 398      CDF28DB7 
 398      6D6217FB 
 398      41DAA797 
 398      94
 399 0a14 EA137AC7 		.ascii	"\352\023z\307\025\231v\255R;\331N;\026:M\002\216\245"
 399      159976AD 
 399      523BD94E 
 399      3B163A4D 
 399      028EA5
 400 0a27 EA17382F 		.ascii	"\352\0278/T,\250\213\305\200\316O\354c2\364\313\216"
 400      542CA88B 
 400      C580CE4F 
 400      EC6332F4 
 400      CB8E
 401 0a39 D1E5EA77 		.ascii	"\321\345\352we\3525J\365\011\275\344u\002\226\324\317"
 401      65EA354A 
 401      F509BDE4 
 401      750296D4 
 401      CF
 402 0a4a 2AD5CFC8 		.ascii	"*\325\317\310\320\355N\227\006\240[O?6\013GK7\034-\367"
 402      D0ED4E97 
 402      06A05B4F 
 402      3F360B47 
 402      4B371C2D 
 403 0a5f E0686901 		.ascii	"\340hi\001\271\001r\013\3446H/H\023\310]\220v\2206\220"
 403      B901720B 
ARM GAS  /tmp/ccbqMRbi.s 			page 32


 403      E436482F 
 403      4813C85D 
 403      90769036 
 404 0a74 7E90EB20 		.ascii	"~\220\353 } 7A:AZA\356\200\364\200t\200t\3317H\331\242"
 404      7D203741 
 404      3A415A41 
 404      EE80F480 
 404      748074D9 
 405 0a8c AE28594E 		.ascii	"\256(YN\270U\014\312\264/:\316\236\235\272<\006\005"
 405      B8550CCA 
 405      B42F3ACE 
 405      9E9DBA3C 
 405      0605
 406 0a9e 8E63200F 		.ascii	"\216c \017\331\177$\355:\207\\d\312Ur\354*\245v\374"
 406      D97F24ED 
 406      3A875C64 
 406      CA5572EC 
 406      2AA576FC 
 407 0ab2 042EAF65 		.ascii	"\004.\257e\324m\216\325\345\205\227(C?\245T\317\237"
 407      D46D8ED5 
 407      E5859728 
 407      433FA554 
 407      CF9F
 408 0ac4 58D67236 		.ascii	"X\326r6\205J\375s\366\372P\244M\211B\2516B\251^\025"
 408      854AFD73 
 408      F6FA50A4 
 408      4D8942A9 
 408      3642A95E 
 409 0ad9 F4C73BCB 		.ascii	"\364\307;\313I\211\016k$#oY\277jvt\323\250N\304Egy>"
 409      49890E6B 
 409      24236F59 
 409      BF6A7674 
 409      D3A84EC4 
 410 0af1 D1953A3F 		.ascii	"\321\225:?\355\230\254\374B&\213D\265\343:\266+{\371"
 410      ED98ACFC 
 410      42268B44 
 410      B5E33AB6 
 410      2B7BF9
 411 0b04 D2CA95FA 		.ascii	"\322\312\225\372\347'DN\256^\351\370@\020\357=m\365"
 411      E727444E 
 411      AE5EE9F8 
 411      4010EF3D 
 411      6DF5
 412 0b16 B7737438 		.ascii	"\267st8\311\2156\333\202\204\226<O\3443U\350\320\211"
 412      C98D36DB 
 412      8284963C 
 412      4FE43355 
 412      E8D089
 413 0b29 388EACF8 		.ascii	"8\216\254\370!X\337\227zg3\355\235\016w\014z\000\033"
 413      2158DF97 
 413      7A6733ED 
 413      9D0E770C 
 413      7A001B
 414 0b3c E5FFBD69 		.ascii	"\345\377\275i\200tq\371\376B\265\274k?\264\353\332\217"
 414      807471F9 
 414      FE42B5BC 
 414      6B3FB4EB 
ARM GAS  /tmp/ccbqMRbi.s 			page 33


 414      DA8F
 415 0b4e 84AEFD88 		.ascii	"\204\256\375\210v\355\364\365\371\335\256r\3456\273"
 415      76EDF4F5 
 415      F9DDAE72 
 415      E536BB
 416 0b5d 3FCD1F0B 		.ascii	"?\315\037\013\312\344wJph\340:\353g\221\301\337.\211"
 416      CAE4774A 
 416      7068E03A 
 416      EB6791C1 
 416      DF2E89
 417 0b70 8A0CF70F 		.ascii	"\212\014\367\0174.\230\2537\204ZVX\276\010\324GZ\365"
 417      342E98AB 
 417      37845A56 
 417      58BE08D4 
 417      475AF5
 418 0b83 A14161FA 		.ascii	"\241Aa\372\325\221Q\321V}\340\262\200\005\363\365\237"
 418      D59151D1 
 418      567DE0B2 
 418      8005F3F5 
 418      9F
 419 0b94 7DB658BF 		.ascii	"}\266X\277\314?`\215/\371b\262F\233\302\302B\346\006"
 419      CC3F608D 
 419      2FF962B2 
 419      469BC2C2 
 419      42E606
 420 0ba7 6B3EFD7C 		.ascii	"k>\375|\371L\203\257\257j\246\235qT\264\336\022\021"
 420      F94C83AF 
 420      AF6AA69D 
 420      7154B4DE 
 420      1211
 421 0bb9 1C161362 		.ascii	"\034\026\023b\326\007\207Z\327Y\347\206\252\274\"\255"
 421      D607875A 
 421      D759E786 
 421      AABC22AD 
 422 0bc9 4161F60E 		.ascii	"Aa\366\016\275'8$:`\374A\204\205\275\203\335T\362\373"
 422      BD273824 
 422      3A60FC41 
 422      8485BD83 
 422      DD54F2FB 
 423 0bdd 85759925 		.ascii	"\205u\231%\334\034\2654(\"$\314\034\345\357E\251/\217"
 423      DC1CB534 
 423      282224CC 
 423      1CE5EF45 
 423      A92F8F
 424 0bf0 0893B0A6 		.ascii	"\010\223\260\246\011\360v\223\356\214\246\311\022a\211"
 424      09F07693 
 424      EE8CA6C9 
 424      126189
 425 0bff FEF07F58 		.ascii	"\376\360\177X\235\352=\001\300j\216Zc\006\230hsTT\314"
 425      9DEA3D01 
 425      C06A8E5A 
 425      63069868 
 425      735454CC 
 426 0c13 EA68CD57 		.ascii	"\352h\315W\346\340\350\310\250E\363\246\233BV\2542\005"
 426      E6E0E8C8 
 426      A845F3A6 
 426      9B4256AC 
ARM GAS  /tmp/ccbqMRbi.s 			page 34


 426      3205
 427 0c25 879A83BF 		.ascii	"\207\232\203\2775\021\277\246\225\340\330d\261F\315"
 427      3511BFA6 
 427      95E0D864 
 427      B146CD
 428 0c34 721E8E10 		.ascii	"r\036\216\020\363\212\230U$ t\021v\353\372\275\014."
 428      F38A9855 
 428      24207411 
 428      76EBFABD 
 428      0C2E
 429 0c46 26C20E70 		.ascii	"&\302\016pJ\304\032K\260_D\320\21203s\2565\231b\200"
 429      4AC41A4B 
 429      B05F44D0 
 429      8A303373 
 429      AE359962 
 430 0c5b D082F9A6 		.ascii	"\320\202\371\246\350\017\3651\326(}PT\370\007\021\221"
 430      E80FF531 
 430      D6287D50 
 430      54F80711 
 430      91
 431 0c6c 11E60FCC 		.ascii	"\021\346\017\314A+,\343\376\302\203\202C-\021f\275)"
 431      412B2CE3 
 431      FEC28382 
 431      432D1166 
 431      BD29
 432 0c7e C4BC3228 		.ascii	"\304\2742(&,\332\024\275n\265\231\344C#Z\277\377+\326"
 432      262CDA14 
 432      BD6EB599 
 432      E443235A 
 432      BFFF2BD6 
 433 0c92 903A3D44 		.ascii	"\220:=D#\004T\301d\216\223\020\006G\206\207GF\350\027"
 433      230454C1 
 433      648E9310 
 433      06478687 
 433      4746E817 
 434 0ca6 1A030C01 		.ascii	"\032\003\014\001k\365\204(Y\236\211|4Y\242\2763\231"
 434      6BF58428 
 434      599E897C 
 434      3459A2BE 
 434      3399
 435 0cb8 575BC222 		.ascii	"W[\302\"W\305\230\347\332\331\013V\014B\260\015\016"
 435      57C598E7 
 435      DAD90B56 
 435      0C42B00D 
 435      0E
 436 0cc9 0D8E8C32 		.ascii	"\015\216\2142\233\326\3749\034\020\246\311\203k\016"
 436      9BD6FC39 
 436      1C10A6C9 
 436      836B0E
 437 0cd8 2209B046 		.ascii	"\"\011\260F\311'\315$\037dR\035\034\032\024\345E\375"
 437      C927CD24 
 437      1F64521D 
 437      1C1A14E5 
 437      45FD
 438 0cea D9056D72 		.ascii	"\331\005mrP\330\367A\353\254\220\2700\210\201\333\270"
 438      50D8F741 
 438      EBAC90B8 
ARM GAS  /tmp/ccbqMRbi.s 			page 35


 438      308881DB 
 438      B8
 439 0cfb C2641364 		.ascii	"\302d\023d4\332\264ha\240\337\227F\377\2778\242e^\033"
 439      34DAB468 
 439      61A0DF97 
 439      46FFBF38 
 439      A2655E1B 
 440 0d0f 4D48E90D 		.ascii	"MH\351\015\001\201\376\201z\003\260\322\373\213)\014"
 440      0181FE81 
 440      7A03B0D2 
 440      FB8B290C 
 441 0d1f B75AACA6 		.ascii	"\267Z\254\246U\301d\225\323(\246\"W\356\262I\365\242"
 441      55C16495 
 441      D328A622 
 441      57EEB249 
 441      F5A2
 442 0d31 C506E3A4 		.ascii	"\305\006\343\244\205_.\362\365\373\234\376\316\207_"
 442      855F2EF2 
 442      F5FB9CFE 
 442      CE875F
 443 0d40 D7854B17 		.ascii	"\327\205K\027\301\217\206L\033\003\227\321\227\371\344"
 443      C18F864C 
 443      1B0397D1 
 443      97F9E4
 444 0d4f 051BFC8D 		.ascii	"\005\033\374\215j\303\222O\215\234\001\336\225[RF-p"
 444      6AC3924F 
 444      8D9C01DE 
 444      955B5246 
 444      2D70
 445 0d61 192BDC25 		.ascii	"\031+\334%\276k\327\352\255\321\341\013\346\257\364"
 445      BE6BD7EA 
 445      ADD1E10B 
 445      E6AFF4
 446 0d70 9DB760ED 		.ascii	"\235\267`\355\012\240\344n4\030L\313 \313\213\315+]"
 446      0AA0E46E 
 446      34184CCB 
 446      20CB8BCD 
 446      2B5D
 447 0d82 FD171BBE 		.ascii	"\375\027\033\276X\354\247[\274\350\323\000\303rq\326"
 447      58ECA75B 
 447      BCE8D300 
 447      C37271D6 
 448 0d92 C5600830 		.ascii	"\305`\0100.\340\2760\252\027\007,4b \010,\211spj\004"
 448      2EE0BE30 
 448      AA17072C 
 448      34622008 
 448      2C897370 
 449 0da8 596834E2 		.ascii	"Yh4\342/\003\015\330\360\3712\265\301\340g\244\372\363"
 449      2F030DD8 
 449      F0F932B5 
 449      C1E067A4 
 449      FAF3
 450 0dba E9BFBED8 		.ascii	"\351\277\276\330\017\310\005\202\245\277\237Q\035\030"
 450      0FC80582 
 450      A5BF9F51 
 450      1D18
 451 0dc8 40681AE7 		.ascii	"@h\032\347\203\370\202\346\337\177\363\021B\031\233"
ARM GAS  /tmp/ccbqMRbi.s 			page 36


 451      83F882E6 
 451      DF7FF311 
 451      42199B
 452 0dd7 A22D24CD 		.ascii	"\242-$\315\356\343\003S\364\177\001\234\\\256~"
 452      EEE30353 
 452      F47F019C 
 452      5CAE7E
 453              		.text
 454              		.section	.gnu.lto_.symtab.82877e75ed27e6f0,"",%progbits
 455 0000 73745F6C 		.ascii	"st_lld_init\000"
 455      6C645F69 
 455      6E697400 
 456 000c 00       		.ascii	"\000"
 457 000d 00       		.ascii	"\000"
 458 000e 00       		.ascii	"\000"
 459 000f 00000000 		.ascii	"\000\000\000\000\000\000\000\000"
 459      00000000 
 460 0017 C5000000 		.ascii	"\305\000\000\000"
 461 001b 73745F6C 		.ascii	"st_lld_serve_interrupt\000"
 461      6C645F73 
 461      65727665 
 461      5F696E74 
 461      65727275 
 462 0032 00       		.ascii	"\000"
 463 0033 00       		.ascii	"\000"
 464 0034 00       		.ascii	"\000"
 465 0035 00000000 		.ascii	"\000\000\000\000\000\000\000\000"
 465      00000000 
 466 003d C7000000 		.ascii	"\307\000\000\000"
 467 0041 56656374 		.ascii	"VectorB0\000"
 467      6F724230 
 467      00
 468 004a 00       		.ascii	"\000"
 469 004b 00       		.ascii	"\000"
 470 004c 00       		.ascii	"\000"
 471 004d 00000000 		.ascii	"\000\000\000\000\000\000\000\000"
 471      00000000 
 472 0055 C9000000 		.ascii	"\311\000\000\000"
 473 0059 5F646267 		.ascii	"_dbg_check_lock_from_isr\000"
 473      5F636865 
 473      636B5F6C 
 473      6F636B5F 
 473      66726F6D 
 474 0072 00       		.ascii	"\000"
 475 0073 02       		.ascii	"\002"
 476 0074 00       		.ascii	"\000"
 477 0075 00000000 		.ascii	"\000\000\000\000\000\000\000\000"
 477      00000000 
 478 007d CB000000 		.ascii	"\313\000\000\000"
 479 0081 63685379 		.ascii	"chSysTimerHandlerI\000"
 479      7354696D 
 479      65724861 
 479      6E646C65 
 479      724900
 480 0094 00       		.ascii	"\000"
 481 0095 02       		.ascii	"\002"
 482 0096 00       		.ascii	"\000"
ARM GAS  /tmp/ccbqMRbi.s 			page 37


 483 0097 00000000 		.ascii	"\000\000\000\000\000\000\000\000"
 483      00000000 
 484 009f CD000000 		.ascii	"\315\000\000\000"
 485 00a3 5F646267 		.ascii	"_dbg_check_unlock_from_isr\000"
 485      5F636865 
 485      636B5F75 
 485      6E6C6F63 
 485      6B5F6672 
 486 00be 00       		.ascii	"\000"
 487 00bf 02       		.ascii	"\002"
 488 00c0 00       		.ascii	"\000"
 489 00c1 00000000 		.ascii	"\000\000\000\000\000\000\000\000"
 489      00000000 
 490 00c9 CF000000 		.ascii	"\317\000\000\000"
 491 00cd 6E766963 		.ascii	"nvicEnableVector\000"
 491      456E6162 
 491      6C655665 
 491      63746F72 
 491      00
 492 00de 00       		.ascii	"\000"
 493 00df 02       		.ascii	"\002"
 494 00e0 00       		.ascii	"\000"
 495 00e1 00000000 		.ascii	"\000\000\000\000\000\000\000\000"
 495      00000000 
 496 00e9 DE000000 		.ascii	"\336\000\000\000"
 497 00ed 5F706F72 		.ascii	"_port_irq_epilogue\000"
 497      745F6972 
 497      715F6570 
 497      696C6F67 
 497      756500
 498 0100 00       		.ascii	"\000"
 499 0101 02       		.ascii	"\002"
 500 0102 00       		.ascii	"\000"
 501 0103 00000000 		.ascii	"\000\000\000\000\000\000\000\000"
 501      00000000 
 502 010b E0000000 		.ascii	"\340\000\000\000"
 503 010f 5F646267 		.ascii	"_dbg_check_leave_isr\000"
 503      5F636865 
 503      636B5F6C 
 503      65617665 
 503      5F697372 
 504 0124 00       		.ascii	"\000"
 505 0125 02       		.ascii	"\002"
 506 0126 00       		.ascii	"\000"
 507 0127 00000000 		.ascii	"\000\000\000\000\000\000\000\000"
 507      00000000 
 508 012f E2000000 		.ascii	"\342\000\000\000"
 509 0133 5F646267 		.ascii	"_dbg_check_enter_isr\000"
 509      5F636865 
 509      636B5F65 
 509      6E746572 
 509      5F697372 
 510 0148 00       		.ascii	"\000"
 511 0149 02       		.ascii	"\002"
 512 014a 00       		.ascii	"\000"
 513 014b 00000000 		.ascii	"\000\000\000\000\000\000\000\000"
 513      00000000 
ARM GAS  /tmp/ccbqMRbi.s 			page 38


 514 0153 E4000000 		.ascii	"\344\000\000\000"
 515              		.text
 516              		.section	.gnu.lto_.opts,"",%progbits
 517 0000 272D666D 		.ascii	"'-fmath-errno' '-fsigned-zeros' '-ftrapping-math' '"
 517      6174682D 
 517      6572726E 
 517      6F272027 
 517      2D667369 
 518 0033 2D666E6F 		.ascii	"-fno-trapv' '-fno-strict-overflow' '-fno-openmp' '-"
 518      2D747261 
 518      70762720 
 518      272D666E 
 518      6F2D7374 
 519 0066 666E6F2D 		.ascii	"fno-openacc' '-mcpu=cortex-m3' '-mthumb' '-O0' '-fo"
 519      6F70656E 
 519      61636327 
 519      20272D6D 
 519      6370753D 
 520 0099 6D69742D 		.ascii	"mit-frame-pointer' '-falign-functions=16' '-ffuncti"
 520      6672616D 
 520      652D706F 
 520      696E7465 
 520      72272027 
 521 00cc 6F6E2D73 		.ascii	"on-sections' '-fdata-sections' '-fno-common' '-flto"
 521      65637469 
 521      6F6E7327 
 521      20272D66 
 521      64617461 
 522 00ff 2700     		.ascii	"'\000"
 523              		.text
 524              		.comm	__gnu_lto_v1,1,1
 525              		.comm	__gnu_lto_slim,1,1
 526              		.ident	"GCC: (GNU Tools for Arm Embedded Processors 7-2018-q3-update) 7.3.1 20180622 (release) [AR
ARM GAS  /tmp/ccbqMRbi.s 			page 39


DEFINED SYMBOLS
                            *ABS*:0000000000000000 hal_st_lld.c
                            *COM*:0000000000000001 __gnu_lto_v1
                            *COM*:0000000000000001 __gnu_lto_slim

NO UNDEFINED SYMBOLS
