ARM GAS  /tmp/ccAJYJXg.s 			page 1


   1              		.cpu cortex-m3
   2              		.eabi_attribute 20, 1
   3              		.eabi_attribute 21, 1
   4              		.eabi_attribute 23, 3
   5              		.eabi_attribute 24, 1
   6              		.eabi_attribute 25, 1
   7              		.eabi_attribute 26, 1
   8              		.eabi_attribute 30, 6
   9              		.eabi_attribute 34, 1
  10              		.eabi_attribute 18, 4
  11              		.file	"hal_pal_lld.c"
  12              		.section	.gnu.lto_.inline.3f37609f6e72b297,"",%progbits
  13 0000 789C6363 		.ascii	"x\234cc``\320`@\000&\006\006U\025 \345v`\023\013\003"
  13      6060D060 
  13      40002606 
  13      06551520 
  13      E5766013 
  14 0016 0B88CBC0 		.ascii	"\013\210\313\300\300\310\240\242\014\024r\371\260\010"
  14      C0C8A0A2 
  14      0C1472F9 
  14      B008
  15 0024 2EC40000 		.ascii	".\304\000\000e\232\004h"
  15      659A0468 
  16              		.text
  17              		.section	.gnu.lto__pal_lld_init.3f37609f6e72b297,"",%progbits
  18 0000 789C95D7 		.ascii	"x\234\225\327kl\024U\024\007\360{\346\356\316\356v\373"
  18      6B6C1455 
  18      1407F07B 
  18      E6EECEEE 
  18      76FB
  19 0012 7EBF9F42 		.ascii	"~\277\237B\303\227\216\217D\343\027c\242\306\230`0\301"
  19      C3978E8F 
  19      44E31763 
  19      A2C69860 
  19      30C1
  20 0024 EF446A94 		.ascii	"\357Dj\224&\215%b\370\312\264\335\276(j--\232f\243\233"
  20      268D2562 
  20      F8CAB4DD 
  20      BE286A2D 
  20      2D9A66A3 
  21 0039 546313A3 		.ascii	"Tc\023\243\305\200\026\026\320\265`\005u\251\245XZJ"
  21      C5801616 
  21      D0B56005 
  21      75A9A558 
  21      5A4A
  22 004b 8B8096BE 		.ascii	"\213\200\226\276@\213E\261J\353=\367Ng\240\323\331\314"
  22      408B45B1 
  22      4AEB3DF7 
  22      4E67A0D3 
  22      D9CC
  23 005d 6CB2DB33 		.ascii	"l\262\3333;w\357\271\277;\377i\2732!\244=\211\220g\330"
  23      3B77EFB9 
  23      BF3BFF69 
  23      BB3221A4 
  23      3D899067 
  24 0072 CF0CF624 		.ascii	"\317\014\366$\224\200D\330\023\200\035\000\331#\301"
  24      948044D8 
ARM GAS  /tmp/ccAJYJXg.s 			page 2


  24      13801D00 
  24      D923C1
  25 0081 1ED8473B 		.ascii	"\036\330G;(\3647M\035\2256}\254\262G\344\335\021\271"
  25      28F4374D 
  25      1D95367D 
  25      ACB247E4 
  25      DD11B9
  26 0094 516DC80E 		.ascii	"Qm\310\016RB\016P\302\037p\0106\261QC\201\203A\332J"
  26      52420E50 
  26      C21F7008 
  26      36B15143 
  26      818341DA 
  27 00a9 8314C0C5 		.ascii	"\203\024\300\305\016\027\242]\327\022\361P\202bv8\263"
  27      0E17A25D 
  27      D712F150 
  27      82627638 
  27      B3
  28 00ba DC7BDD45 		.ascii	"\334{\335E\037\007\302\352/\347?\030\360\227\177\244"
  28      1F07C2EA 
  28      2FE73F18 
  28      F0977FA4 
  29 00ca AA756A64 		.ascii	"\252ujd\376C\252>\020\244\354M\240lB\370\002\362\341"
  29      FE43AA3E 
  29      10A4EC4D 
  29      A06C42F8 
  29      02F2E1
  30 00dd 30E413F6 		.ascii	"0\344\023\366\026\201>(\307\361W?_\356L\220]\242!\034"
  30      16813E28 
  30      C7F1573F 
  30      5FEE4C90 
  30      5DA2211C 
  31 00f1 0199AD8E 		.ascii	"\001\231\255\216\000;q\373X`,\221>\311'=r\253i\322\273"
  31      003B71FB 
  31      58602C91 
  31      3EC9273D 
  31      72AB69D2 
  32 0106 A19B4F3A 		.ascii	"\241\233O:\020\224\273z\"\201\342 u\301\321\373\347"
  32      1094BB7A 
  32      2281E220 
  32      75C1D1FB 
  32      E7
  33 0117 E50B0EC3 		.ascii	"\345\013\016\303\206\336s\356\210\272\274\322\244F&"
  33      86DE73EE 
  33      88BABCD2 
  33      A44626
  34 0126 73270E9F 		.ascii	"s'\016\237J}\014XK\267\304^\\\024+\027Vn\254d\366\""
  34      4A7D0C58 
  34      4BB7C45E 
  34      5C142B17 
  34      566EAC64 
  35 013c 7BF0D08B 		.ascii	"{\360\320\213\225\017\2538\254\374X\305c\225\200U\""
  35      950FAB38 
  35      ACFC58C5 
  35      63958055 
  35      22
  36 014d 56495825 		.ascii	"VIX%c\225\202U*ViX\245c\225\201U&VYXec\225\203U.VyX"
  36      63958255 
ARM GAS  /tmp/ccAJYJXg.s 			page 3


  36      2A566958 
  36      A5639581 
  36      55265659 
  37 016b A15C2EC0 		.ascii	"\241\\.\300\252\020\253\"\254\212\261*\301\252\024\253"
  37      AA10AB22 
  37      AC8AB12A 
  37      C1AA14AB 
  38 017b 32AC36E2 		.ascii	"2\2546\342K9\360-\"\315\374J\264Pv\371\350,\324-N\237"
  38      4B39F02D 
  38      22CDFC4A 
  38      B45076F9 
  38      E82CD42D 
  39 0191 AEC46DEA 		.ascii	"\256\304m\352\242\270I\343\275\3219/^\0107\250\241f"
  39      A2B849E3 
  39      BDD1392F 
  39      5E0837A8 
  39      A166
  40 01a3 D505C7D8 		.ascii	"\325\005\307\3306\314B\177\330'\306Hl\314\201\206\376"
  40      36CC427F 
  40      D827C648 
  40      6CCC8186 
  40      FE
  41 01b4 418F1883 		.ascii	"A\217\030\203{y\274?: \207\340\375Zv\305\331&z\330D"
  41      7B79BC3F 
  41      3A2087E0 
  41      FD5A76C5 
  41      D9267AD8 
  42 01c9 701C378F 		.ascii	"p\0347\217\235\033\351\013\367%(\237\252\001\010R/\234"
  42      9D1BE90B 
  42      F725289F 
  42      AA010852 
  42      2F9C
  43 01db 801074F2 		.ascii	"\200\020t\362\356\360\025(\004\233{\305\264T\353S\177"
  43      EEF01528 
  43      049B7BC5 
  43      B454EB53 
  43      7F
  44 01ec A711C43B 		.ascii	"\247\021\304;.\321k\370\263\225\010\317\211\013\356"
  44      2ED16BF8 
  44      B39508CF 
  44      890BEE
  45 01fb 12F85A2C 		.ascii	"\022\370Z,\346\374^>h\335\336\324\242w\304\350\375\015"
  45      E6FC5E3E 
  45      68DDDED4 
  45      A277C4E8 
  45      FD0D
  46 020d 286CFE7B 		.ascii	"(l\376{\333\273\32727\256;\267\333<w-\236\362B\2771"
  46      DBBBD732 
  46      37AE3BB7 
  46      DB3C772D 
  46      9EF242BF 
  47 0222 FB494D36 		.ascii	"\373IM6\035\255\227\305d\270\320\251\201\013-nt\310"
  47      1DAD97C5 
  47      64B8D0A9 
  47      810B2D6E 
  47      74C8
  48 0234 A0B605D8 		.ascii	"\240\266\005\330\276\236\342\015\353\302g\236\020\203"
ARM GAS  /tmp/ccAJYJXg.s 			page 4


  48      BE9EE20D 
  48      EBC2679E 
  48      1083
  49 0242 3CF76E2C 		.ascii	"<\367n,5ml(\214\221\363u\321r\370V[\303Bk\373(\2605"
  49      356D6C28 
  49      8C91F375 
  49      D172F856 
  49      5BC3426B 
  50 025a B4F1E5C5 		.ascii	"\264\361\345\305\301\000_\003\336\216\354\344\241\223"
  50      C1005F03 
  50      DE8EECE4 
  50      A193
  51 0268 27FCE25C 		.ascii	"'\374\342\\h\211\371\375\360\035(\235x\311\011\234\346"
  51      6889F9FD 
  51      F01D289D 
  51      78C9099C 
  51      E6
  52 0279 0B649B38 		.ascii	"\013d\2338C\265]\324\373\312\346\276\333Y\333xf\200"
  52      43B55DD4 
  52      FBCAE6BE 
  52      DB59DB78 
  52      6680
  53 028b 3316F4EF 		.ascii	"3\026\364\357y[~\263\375\200\033\353\341\372\236\263"
  53      795B7EB3 
  53      FD801BEB 
  53      E1FA9EB3 
  54 029b 54B8BC26 		.ascii	"T\270\274&\251\3179\355\307\230\264(\322\\\270\200\263"
  54      A9CF39ED 
  54      C798B428 
  54      D25CB880 
  54      B3
  55 02ac 26DA7A16 		.ascii	"&\332z\026\257\245e\220\367q\343T?\241\305',\203\232"
  55      AFA56590 
  55      F771E354 
  55      3FA1C527 
  55      2C839A
  56 02bf 25CE64F1 		.ascii	"%\316d\361;\267\014\305\264\234C\213\214\013\030\266"
  56      3BB70CC5 
  56      B49C438B 
  56      8C0B18B6 
  57 02cf 6589B3B4 		.ascii	"e\211\263\264\234\347}<8\325\317h\361\013\313\250f\211"
  57      9CE77D3C 
  57      38D5CF68 
  57      F10BCBA8 
  57      6689
  58 02e1 C79B7DE8 		.ascii	"\307\233}\350\312'>-\224\357a(G\326\360\022\234\363"
  58      CA273E2D 
  58      94EF6128 
  58      47D6F012 
  58      9CF3
  59 02f3 2EF0B65E 		.ascii	".\360\266^\013\336\250\236\3021[\274xK\336E#v\343\310"
  59      0BDEA89E 
  59      C2315BBC 
  59      784BDE45 
  59      2376E3C8 
  60 0307 4B10BC31 		.ascii	"K\020\2741\215\227h\262$9\267\\\212i\231\320c7i\313"
  60      8D9768B2 
ARM GAS  /tmp/ccAJYJXg.s 			page 5


  60      2439B75C 
  60      8A6999D0 
  60      633769CB 
  61 031b 926869B9 		.ascii	"\222hi\271l\304\356\027\264$\011\313E\315\222l\262\244"
  61      6CC4EE17 
  61      B42409CB 
  61      45CD926C 
  61      B2A4
  62 032d 38B75C89 		.ascii	"8\267\\\211i\271\252\307\356\232-K\262\245\345W#v\277"
  62      69B9AAC7 
  62      EE9A2D4B 
  62      B2A5E557 
  62      2376BF
  63 0340 A1254558 		.ascii	"\241%EX\3065K*\376!\356\030\033\006-v!\214\335\324\032"
  63      C6354B2A 
  63      FE21EE18 
  63      1B062D76 
  63      218CDDD4 
  64 0355 5E9A73DE 		.ascii	"^\232s\336u\336\326g\301\233\326c7c\213\227j\311\233"
  64      75DED667 
  64      C19BD663 
  64      37638B97 
  64      6AC99B
  65 0368 35623787 		.ascii	"5b7\207\2744\301\273\244\361\322M\226\014\347\226\371"
  65      BC34C1BB 
  65      A4F1D24D 
  65      960CE796 
  65      F9
  66 0379 98961B7A 		.ascii	"\230\226\033z\354n\332\262\244[Z~7b\367\007Z2\204eB"
  66      EC6EDAB2 
  66      A45B5A7E 
  66      3762F707 
  66      5A328465 
  67 038e B3649A2C 		.ascii	"\263d\232,Y\316-\0131-\267\364\330\375i\313\222iiY4"
  67      59CE2D0B 
  67      312DB7F4 
  67      D8FD69CB 
  67      92696959 
  68 03a3 62771B2D 		.ascii	"bw\033-Y\3022\251Y\262\331G\366\267\334\250]\375m\327"
  68      59C232A9 
  68      59B2D947 
  68      F6B7DCA8 
  68      5DFD6DD7 
  69 03b7 83B1FB6B 		.ascii	"\203\261\373k\015/\3079\357o\3366\316\202wG\217\335"
  69      0D2FC739 
  69      EF6FDE36 
  69      CE827747 
  69      8FDD
  70 03c9 3FB678D9 		.ascii	"?\266x\331\226\274%#v\377\"/G\360.k\274\\\223%\317\271"
  70      96BC2523 
  70      76FF222F 
  70      47F02E6B 
  70      BC5C9325 
  71 03df E5BF9896 		.ascii	"\345\277\230\226\273z\354\226mYr--+F\354T\211Y\362\204"
  71      BB7AEC96 
  71      6D59722D 
  71      2D2B46EC 
ARM GAS  /tmp/ccAJYJXg.s 			page 6


  71      548959F2 
  72 03f4 655AB3E4 		.ascii	"eZ\263\344\233,\005\316-\265R,K\235\264\032\273z\311"
  72      9B2C05CE 
  72      2DB5522C 
  72      4B9DB41A 
  72      BB7AC9
  73 0407 8E25DFD2 		.ascii	"\216%\337\322\022\220\364\3305\240\245@Xf5K!\373\310"
  73      1290F4D8 
  73      35A0A540 
  73      5866354B 
  73      21FBC8
  74 041a E252F7A2 		.ascii	"\342R\367\242\254\305\356 \306\256Q\272\237W\344\234"
  74      ACC5EE20 
  74      C6AE51BA 
  74      9F57E49C 
  75 042a D7C4DBFA 		.ascii	"\327\304\333\372-x\315\322j\354Zl\361\012-y{%=v\255"
  75      2D78CDD2 
  75      6AEC5A6C 
  75      F10A2D79 
  75      7B253D76 
  76 043f C82B12BC 		.ascii	"\310+\022\2749\215Wl\262\2248\267\354\213iySZ\215\335"
  76      398D576C 
  76      B29438B7 
  76      EC8B6979 
  76      535A8DDD 
  77 0453 5BB62CC5 		.ascii	"[\266,\305\226\226\267%=vmh)\021\226y\315Rj\262\224"
  77      9696B725 
  77      3D766D68 
  77      29119679 
  77      CD526AB2 
  78 0468 39B7BC13 		.ascii	"9\267\274\023\323\322\256\307n\277-K\251\245\245\303"
  78      D3D2AEC7 
  78      6EBF2D4B 
  78      A9A5A5C3 
  79 0478 885D275A 		.ascii	"\210]'Z\312\310M\250\013uw\360\257E\374[k3\376\207\311"
  79      CAC84DA8 
  79      0B7577F0 
  79      AF45FC5B 
  79      6B33FE87 
  80 048d 32F06885 		.ascii	"2\360h\205\362\324\216\252\355U[\266*5\273\224\035/"
  80      F2D48EAA 
  80      ED555BB6 
  80      2A35BB94 
  80      1D2F
  81 049f 552B3B6B 		.ascii	"U+;k^\177c\227\262\365\305\347\037yX\331\274\371i\345"
  81      5E7F6397 
  81      B2F5C5E7 
  81      1F7958D9 
  81      BCF969E5 
  82 04b3 D9179EDB 		.ascii	"\331\027\236\333\262\373!<\265m'{VW\277\\QI\344\312"
  82      B2FB213C 
  82      B56D277B 
  82      5657BF5C 
  82      5149E4CA 
  83 04c7 9AD75EA9 		.ascii	"\232\327^\251z\325\275\273\246\272\342\301\377\001\324"
  83      7AD5BDBB 
  83      A6BAE2C1 
ARM GAS  /tmp/ccAJYJXg.s 			page 7


  83      FF01D4
  84 04d6 B90EE7   		.ascii	"\271\016\347"
  85              		.text
  86              		.section	.gnu.lto__pal_lld_setgroupmode.3f37609f6e72b297,"",%progbits
  87 0000 789CA555 		.ascii	"x\234\245U}LUe\030\177\237\363\236{\356\307\271\037"
  87      7D4C5565 
  87      187F9FF3 
  87      9E7BEEC7 
  87      B91F
  88 0012 0873B240 		.ascii	"\010s\262@e\023D\324\274\2436\267\376\351\037\333\262"
  88      651344D4 
  88      BCA336B7 
  88      FEE91FDB 
  88      B2
  89 0023 66D9B2B5 		.ascii	"f\331\262\265\265\326\3124\303\005\323ikkk\343(p\001"
  89      B5D6CA34 
  89      C305D369 
  89      6B6B6BE3 
  89      287001
  90 0036 FB722B71 		.ascii	"\373r+q\235\256\015\003\262t\210!\212\\\220oPR\020\314"
  90      9DAE0D03 
  90      B2748821 
  90      8A5C906F 
  90      505210CC 
  91 004a 8F400153 		.ascii	"\217@\001Sq\342\222):L&\332\363>\3579\200\214\345Zw"
  91      71E29229 
  91      3A4C26DA 
  91      F33EEF39 
  91      808CE55A 
  92 005f BC0FF7FC 		.ascii	"\274\017\367\374\336\347\367<\277\347=\317\363^\215"
  92      DEE7F73C 
  92      BFE73DCF 
  92      F35E8D
  93 006e 3176CFCD 		.ascii	"1v\317\315\330\333\370\177'.\026\305@a\270\024\316\230"
  93      D8DBF87F 
  93      272E16C5 
  93      4061B814 
  93      CE98
  94 0080 A1A86854 		.ascii	"\241\250hT\016\032\"\252\342\020\210&\020\007!\032\370"
  94      0E1A22AA 
  94      E2108826 
  94      1007211A 
  94      F8
  95 0091 D13A1597 		.ascii	"\321:\025\227\300\335\002w\201\007\0217Y\217\242\013"
  95      C0DD0277 
  95      81071137 
  95      598FA20B 
  96 00a1 DC2B701D 		.ascii	"\334+p\035|\210x\311\372\210\345W\234b7 v\003\000\230"
  96      7C8878C9 
  96      FA88E557 
  96      9C623720 
  96      76030098 
  97 00b5 1858A6C2 		.ascii	"\030X\246\302U\207\346t\271=\272\327\347\017@\246\342"
  97      5587E674 
  97      B93DBAD7 
  97      E70F40A6 
  97      E2
ARM GAS  /tmp/ccAJYJXg.s 			page 8


  98 00c6 67D6E70B 		.ascii	"g\326\347\013\376-\207\306\334kUJ\312\036\003?\365;"
  98      FE2D87C6 
  98      DC6B554A 
  98      CA1E033F 
  98      F53B
  99 00d8 4F7B4246 		.ascii	"O{BFNl\030U\026p\351\003\007!\005\275\272\262\017\204"
  99      4E6C1855 
  99      1670E903 
  99      072105BD 
  99      BAB20F84 
 100 00ec F9E73CCC 		.ascii	"\371\347<\314\001T|\274\335n^\361\213G\005\022\360\261"
 100      01547CBC 
 100      DD6E5EF1 
 100      8B470512 
 100      F0B1
 101 00fe A9E3D111 		.ascii	"\251\343\321\021\017\177\016\030~\037k\035\271\346J"
 101      0F7F0E18 
 101      7E1F6B1D 
 101      B9E64A
 102 010d 2E318CAD 		.ascii	".1\214\255F\375\203bn$\2069\207\303\3001 \034\202x\250"
 102      46FD8362 
 102      6E248639 
 102      87C3C031 
 102      201C8278 
 103 0122 80788610 		.ascii	"\200x\206\020\203JHF\367G?\035\310w\361\347\211z~O\256"
 103      834A4846 
 103      F7473F1D 
 103      C877F1E7 
 103      897A7E4F 
 104 0137 E9B1A8E7 		.ascii	"\351\261\250\347\366F\227d\031\313\303\\\205#S\311*"
 104      F6469764 
 104      19CBC35C 
 104      852353C9 
 104      2A
 105 0148 832A22DF 		.ascii	"\203*\"\3379X\362\215\316\227\021\271o\250\342{\233"
 105      3958F28D 
 105      CE9711B9 
 105      6FA8E27B 
 105      9B
 106 0159 DCB7F7A9 		.ascii	"\334\267\367\251b\"; 2\225\354`P\015\311\202Qr\242\251"
 106      62223B20 
 106      3295EC60 
 106      500DC982 
 106      5172A2A9 
 107 016d D6CF9713 		.ascii	"\326\317\227\023\373\313\316\202\203\216\244\"bw\224"
 107      FBCBCE82 
 107      838EA422 
 107      627794
 108 017c C6EECE32 		.ascii	"\306\356\3162\216\033j\230kP\3638_|D\262\201\326N\340"
 108      8E1B6A98 
 108      6B50F338 
 108      5F7C44B2 
 108      81D64EE0 
 109 0190 2F13B5FA 		.ascii	"/\023\265\372\306\305l\233\332Z\032_dQ\235P;-\265\250"
 109      C6C56C9B 
 109      DA5A1A5F 
 109      64519D50 
ARM GAS  /tmp/ccAJYJXg.s 			page 9


 109      3B2DB5A8 
 110 01a4 2532AAF3 		.ascii	"%2\252\363W\211\332\3315\222\343\261\250'\213\270Ql"
 110      5789DAD9 
 110      3592E3B1 
 110      A8278BB8 
 110      516C
 111 01b6 2882583F 		.ascii	"(\202X?-\361\341\266\232[\234\277N\304p\371\225\263"
 111      2DF1E1B6 
 111      9A5B9CBF 
 111      4EC470F9 
 111      95B3
 112 01c8 76CEAB3F 		.ascii	"v\316\253?\216\023\033\247%\2267\334\326\370\233\304"
 112      8E131BA7 
 112      259637DC 
 112      D6F89BC4 
 113 01d8 FBBAF8E7 		.ascii	"\373\272\370\3472\305\3425O\360\232\247\345\335\373"
 113      32C5E235 
 113      4FF09AA7 
 113      E5DDFB
 114 01e7 AAF23CF0 		.ascii	"\252\362<\360\267\210\330=8\024r\332\011w\217\023[\247"
 114      B788D83D 
 114      381472DA 
 114      09778F13 
 114      5BA7
 115 01f9 255EFEF5 		.ascii	"%^\376\365\341\016\237\246\026\342\3161H\202\026\\M"
 115      E10E9FA6 
 115      16E2CE31 
 115      4882165C 
 115      4D
 116 020a B81A70D5 		.ascii	"\270\032p\325\341:\012I\262\275\3408v<v\251\363_<\313"
 116      E13A0A49 
 116      B2BDE038 
 116      763C76A9 
 116      F35F3CCB 
 117 021e 4E3BEA8D 		.ascii	"N;\352\215\207\217r\361\245.\274P\321\022\3634\340;"
 117      878F72F1 
 117      A52EBC50 
 117      D112F334 
 117      E03B
 118 0230 742968DC 		.ascii	"t)h\334\\\030U\030\2070\2320Na\\\302\270\205\361P\247"
 118      5C185518 
 118      87309A30 
 118      4E615CC2 
 118      B885F150 
 119 0245 E814DD4B 		.ascii	"\350\024\335K\326\307D\026?\331\000\023\331\242\310"
 119      D6C74416 
 119      3FD90013 
 119      D9A2C8
 120 0254 CE60226B 		.ascii	"\316`\"k4\331\030&2\317\004\321(\263@4j,\2108qL\250"
 120      34D91826 
 120      32CF04D1 
 120      28B34034 
 120      6A2C8838 
 121 026b 8A279FD9 		.ascii	"\212'\237\331\304\232Cq\346R\344\004b\315#$\221\220"
 121      C49A4371 
 121      E652E404 
 121      62CD2324 
ARM GAS  /tmp/ccAJYJXg.s 			page 10


 121      9190
 122 027d 24F29C4F 		.ascii	"$\362\234O\236\311\364}\001\355\246\020\262\220|\026"
 122      9EC9F47D 
 122      01EDA610 
 122      B2907C16 
 123 028d 91C2C5C4 		.ascii	"\221\302\305\304e,\217\246.\237\343e\301\007 \273\247"
 123      652C8FA6 
 123      2E9FE365 
 123      C10720BB 
 123      A7
 124 029e A9AFD42B 		.ascii	"\251\257\324+N\311\3443\361\\\363\303\337\355s\212\251"
 124      4EC9E433 
 124      F15CF3C3 
 124      DFED738A 
 124      A9
 125 02af 73008736 		.ascii	"s\000\2076\353\274\363q\226\030\277\001\215\346\340"
 125      EBBCF371 
 125      9618BF01 
 125      8DE6E0
 126 02be C51C8F70 		.ascii	"\305\034\217pF\317\202\234\306S\344\311\351\355\325"
 126      46CF829C 
 126      C653E4C9 
 126      E9EDD5
 127 02cd 34B6B76A 		.ascii	"4\266\267j\205\360\303\026\034\362\302ux0\036\223\317"
 127      85F0C316 
 127      1CF2C275 
 127      78301E93 
 127      CF
 128 02de 82DF4404 		.ascii	"\202\337D\004\334=W\031\251\364\005K\215\354-FB\230"
 128      DC3D5719 
 128      A9F4054B 
 128      8DEC2D46 
 128      4298
 129 02f0 EB70020A 		.ascii	"\353p\002\012a\007\011\201\223\0204y,eQmIC\245K'$5\\"
 129      61070981 
 129      93103479 
 129      2C65516D 
 129      4943A54B 
 130 0308 2ABFAD4B 		.ascii	"*\277\255KI*\264\217Kr\330\222\372\006\234\226\244\377"
 130      492AB48F 
 130      4B72D892 
 130      FA069C96 
 130      A4FF
 131 031a A6A18334 		.ascii	"\246\241\2034\320\015vjB\203Fa\267\326\016\366\313\260"
 131      D00D766A 
 131      42834661 
 131      B7D60EF6 
 131      CBB0
 132 032c 2687C9C5 		.ascii	"&\207\311\305z\251\330\254\321\272;\376\3141\003\257"
 132      7AA9D8AC 
 132      D1BA3BFE 
 132      CC3103AF 
 133 033c 316F2197 		.ascii	"1o!\227\035y\277\353f\236.\222G\205\271\017\272 \023"
 133      1D79BFEB 
 133      669E2E92 
 133      4785B90F 
 133      BA2013
ARM GAS  /tmp/ccAJYJXg.s 			page 11


 134 034f 3AADC455 		.ascii	":\255\304U\333\013\266\007R\313\214\355\206H\354\207"
 134      DB0BB607 
 134      52CB8CED 
 134      8648EC87 
 135 035f D398184B 		.ascii	"\323\230\030K\243\352\177\207T\206\351\206s?\225\311"
 135      A3EA7F87 
 135      5486E986 
 135      733F95C9 
 136 036f E2309F00 		.ascii	"\3420\237\000\356^\277>\240K(~r~'08\203q\321\245\240"
 136      EE5EBF3E 
 136      A04B287E 
 136      727E2730 
 136      388371D1 
 137 0385 2D453ACC 		.ascii	"-E:\314F\037\011\304I`\016b\022\320$0\0271\031u\260"
 137      461F09C4 
 137      49600E62 
 137      12D02430 
 137      17311975 
 138 039a C582C49D 		.ascii	"\305\202\304\235Z\366W\325}\237\210\252a\324\263t\262"
 138      5AF657D5 
 138      7D9F88AA 
 138      61D4B374 
 138      B2
 139 03ab F9DC4907 		.ascii	"\371\334I\007\220u+T\332\373\236t\235gr\377\344\373"
 139      90752B54 
 139      DAFB9E74 
 139      9D6772FF 
 139      E4FB
 140 03bd 3980EFE1 		.ascii	"9\200\357\341\034i@\257C\357H\247D\023\317f\034m\357"
 140      1C6940AF 
 140      43EF48A7 
 140      4413CF66 
 140      1C6DEF
 141 03d0 5D2BE124 		.ascii	"]+\341$\223GO\300g-\347\371&\217\262\321\007\241\233"
 141      93474FC0 
 141      672DE7F9 
 141      268FB2D1 
 141      07A19B
 142 03e3 BD9F4958 		.ascii	"\275\237IX1\271\007\023\035\276\326\326\352\021\211"
 142      31B90713 
 142      1DBED6D6 
 142      EA1189
 143 03f2 DC60009C 		.ascii	"\334`\000\234G7j\212f\260\274&+w\243\362?\306{\302%"
 143      47376A8A 
 143      66B0BC26 
 143      2B77A3F2 
 143      3FC67BC2 
 144 0407 B5FF1D1A 		.ascii	"\265\377\035\032\353M\223\316\013P>\372\357\037\276"
 144      EB4D93CE 
 144      0B503EFA 
 144      EF1FBE
 145 0416 BB5F93FE 		.ascii	"\273_\223\376\001\350\266*u\333\336\273\372\323\245"
 145      01E8B62A 
 145      75DBDEBB 
 145      FAD3A5
 146 0425 7732098E 		.ascii	"w2\011\216\243]\217\334}\020*\355\267\344q)o\254\260"
 146      A35D8FDC 
ARM GAS  /tmp/ccAJYJXg.s 			page 12


 146      7D102AED 
 146      B7E47129 
 146      6FACB0
 147 0438 67CC61C9 		.ascii	"g\314a\3113\024\350\231\252\217\333\202F\300\207\002"
 147      3314E899 
 147      AA8FDB82 
 147      46C08702 
 148 0448 5CA3D55D 		.ascii	"\\\243\325]\370\272\347\271{\"\0150\00230\205\313\254"
 148      F8BAE7B9 
 148      7B220D30 
 148      02333085 
 148      CBAC
 149 045a 6E4328D9 		.ascii	"nC(\331\035\251\355\006L\245\333B\216\366[\262\027\342"
 149      1DA9ED06 
 149      4CA5DB42 
 149      8EF65BB2 
 149      17E2
 150 046c 818EEBF4 		.ascii	"\201\216\353\364\332\333\275\266\316\024:B\251\323g"
 150      DADBBDB6 
 150      CE143A42 
 150      A9D367
 151 047b BFAF9B36 		.ascii	"\277\257\2336y\021\352\204Et\270\005\241]\2755\226\256"
 151      7911EA84 
 151      4574B805 
 151      A15DBD35 
 151      96AE
 152 048d C5268F41 		.ascii	"\305&\217A\371\025\315\307B.\371\322\001.\210\024#\240"
 152      F915CDC7 
 152      422EF9D2 
 152      012E8814 
 152      23A0
 153 049f 63467DB4 		.ascii	"cF}\264V\350L\364\216\222\316\000\246\320#\2443\305"
 153      56E84CF4 
 153      8E92CE00 
 153      A6D023A4 
 153      33C5
 154 04b1 1BA9239D 		.ascii	"\033\251#\235~9\237\247\232:\366[]$\002\336\335\226"
 154      7E399FA7 
 154      9A3AF65B 
 154      5D2402DE 
 154      DD96
 155 04c3 738FCB80 		.ascii	"s\217\313\200N\270h\227\216\243\027\2531\024\343\353"
 155      4EB86897 
 155      8EA317AB 
 155      3114E3EB 
 156 04d3 A9EBC278 		.ascii	"\251\353\302x^\354B\315\214\244\232\\\367\341\266\037"
 156      5EEC42CD 
 156      8CA49A5C 
 156      F7E1B61F 
 157 04e3 3B521BC6 		.ascii	";R\033\306\010>\361\024\205\015\253\225#% \236\242\261"
 157      083EF114 
 157      850DAB95 
 157      2325209E 
 157      A2B1
 158 04f5 9FB561D4 		.ascii	"\237\265a\3244C<\305`\257j\221\210\320\266\3307\254"
 158      34433CC5 
 158      60AF6A91 
ARM GAS  /tmp/ccAJYJXg.s 			page 13


 158      88D0B6D8 
 158      37AC
 159 0507 A38C809C 		.ascii	"\243\214\200\234\374\310`^\2565\"\352\224\341Ox\302"
 159      FCC8605E 
 159      AE3522EA 
 159      94E14F78 
 159      C2
 160 0518 E8F7D2E8 		.ascii	"\350\367\322\350+b\000\373 (\273\360\027k\334\035\330"
 160      2B6200FB 
 160      2028BBF0 
 160      176BDC1D 
 160      D8
 161 0529 C81891D1 		.ascii	"\310\030\221\321\211\347\273%\210\177\250\321\201`\343"
 161      89E7BB25 
 161      887FA8D1 
 161      8160E3
 162 0538 996DDD7C 		.ascii	"\231m\335|\272\373f\316\023r\366O\344\274$\256\033\215"
 162      BAFB66CE 
 162      1372F64F 
 162      E4BC24AE 
 162      1B8D
 163 054a 510DF976 		.ascii	"Q\015\371v\015\316\377X\303\237\024\217~\343.O\255\301"
 163      0DCEFF58 
 163      C39F148F 
 163      7EE32E4F 
 163      ADC1
 164 055c 85138B11 		.ascii	"\205\023\213\021\037\257\301\215\243\210[\377\247\206"
 164      1FAFC18D 
 164      A3885BFF 
 164      A786
 165 056a 2B1339AF 		.ascii	"+\0239\257\212\032\334l\010\266\026\356\013S\207\321"
 165      8A1ADC6C 
 165      08B616EE 
 165      0B5387D1 
 166 057a 0CE6890B 		.ascii	"\014\346\211\013\025\213\\\272$\270,m\375\373\353W\256"
 166      158B5CBA 
 166      24B82C6D 
 166      FDFBEB57 
 166      AE
 167 058b 0A6ED81C 		.ascii	"\012n\330\034L[\235\036\334\270a\323\307\233\203\253"
 167      4C5B9D1E 
 167      DCB861D3 
 167      C79B83AB 
 168 059b DE78E5D9 		.ascii	"\336x\345\331g\202+V\274\020|\361\265\227V~\222*\266"
 168      67822B56 
 168      BC107CF1 
 168      B597567E 
 168      922AB6
 169 05ae DEDD882B 		.ascii	"\336\335\210+=}\355\2225L\025^j\306\352\315\037\251"
 169      3D7DED92 
 169      354C155E 
 169      6AC6EACD 
 169      1FA9
 170 05c0 191BD67E 		.ascii	"\031\033\326~\000\353\371\232u\037\3625\233\322q\245"
 170      00EBF99A 
 170      751FF235 
 170      9BD271A5 
ARM GAS  /tmp/ccAJYJXg.s 			page 14


 171 05d0 2919E94A 		.ascii	")\031\351JF\332?WF#}"
 171      46DA3F57 
 171      46237D
 172              		.text
 173              		.section	.gnu.lto_cfgtab.7503.3f37609f6e72b297,"",%progbits
 174 0000 789C4D8F 		.ascii	"x\234M\217MK\002Q\030\205\357;\267\031+G\255\375\374"
 174      4D4B0251 
 174      1885EF3B 
 174      B7192B47 
 174      ADFDFC
 175 0013 896AE3CF 		.ascii	"\211j\343\31730\220\332\264p\025\023\010\025A\222\011"
 175      333090DA 
 175      B4701513 
 175      08154192 
 175      09
 176 0024 D5D48C7D 		.ascii	"\325\324\214}\230f\246\264\250 B\210V-\"Z\210\014\210"
 176      9866A6B4 
 176      A8204288 
 176      562D225A 
 176      880C88
 177 0037 D858C7FB 		.ascii	"\330X\307\373^b\2069\034\036\236\341=\214%\204\230\220"
 177      5E628639 
 177      1C1E9EE1 
 177      3D8C2584 
 177      9890
 178 0049 1078D553 		.ascii	"\020x\325S\224T\031\204\025kC\272RP\006Xh\277\277\320"
 178      94541984 
 178      156B43BA 
 178      52500658 
 178      68BFBFD0 
 179 005d 14891681 		.ascii	"\024\211\026\201\257\275\274Ol\223\300\347\376\303v"
 179      AFBDBC4F 
 179      6C93C0E7 
 179      FEC376
 180 006c 92ED0270 		.ascii	"\222\355\002p\253\026vM\266\263\361S\244NEo\253\023"
 180      AB16764D 
 180      B6B3F153 
 180      A44E456F 
 180      AB13
 181 007e 83310DDC 		.ascii	"\2031\015\334\371\362\233&c\0128\376,\366\364\220\035"
 181      F9F29B26 
 181      630A38FE 
 181      2CF6F490 
 181      1D
 182 008f 1F223514 		.ascii	"\037\"5\024\365\037#\233q\036X\366\366\002m\347\200"
 182      F51F239B 
 182      711E58F6 
 182      F6026DE7 
 182      80
 183 00a0 E1FADA50 		.ascii	"\341\372\332P\362n\"\216\244\2601\250\356\333l%\360"
 183      F26E228E 
 183      A4B031A8 
 183      EEDB6C25 
 183      F0
 184 00b1 637C18A4 		.ascii	"c|\030\244\331Z\300\243o\177\224b;\375\375\316n\360"
 184      D95AC0A3 
 184      6F7F9462 
ARM GAS  /tmp/ccAJYJXg.s 			page 15


 184      3BFDFDCE 
 184      6EF0
 185 00c3 A3874CE0 		.ascii	"\243\207L\340S\276\352\352S3\361S\244N\375[\241l\353"
 185      53BEEAEA 
 185      5333F153 
 185      A44EFD5B 
 185      A16CEB
 186 00d6 7758CFB0 		.ascii	"wX\317\2605\342(\024\036l\216\312\211\254\227+\224r"
 186      35E22814 
 186      1E6C8ECA 
 186      89AC972B 
 186      9472
 187 00e8 25D39506 		.ascii	"%\323\225\006-9\324&\207\226\035\352\240\356\211\361"
 187      2D39D426 
 187      87961DEA 
 187      A0EE89F1 
 188 00f8 0E39435A 		.ascii	"\0169CZ\272o\221&\322@n\220:r\215\254\260\276\322\237"
 188      BA6F9126 
 188      D2406E90 
 188      3A728DAC 
 188      B0BED29F 
 189 010c 5DEABED0 		.ascii	"]\352\276\320]\323\035\350\366u\237\353\366\220S\344"
 189      5DD31DE8 
 189      F6759FEB 
 189      F69053E4 
 190 011c 04392647 		.ascii	"\0049&GP\227\262\342\017\222\026\230\360"
 190      5097B2E2 
 190      0F921698 
 190      F0
 191              		.text
 192              		.section	.gnu.lto_.symbol_nodes.3f37609f6e72b297,"",%progbits
 193 0000 789C6363 		.ascii	"x\234cc``\320\007b\006\246\371L\365\014\014\023\316"
 193      6060D007 
 193      6206A6F9 
 193      4CF50C0C 
 193      13CE
 194 0012 313000A9 		.ascii	"10\000\251]\215\216@\221\005L\365\214(\"\254\013\231"
 194      5D8D8E40 
 194      91054CF5 
 194      8C2822AC 
 194      0B99
 195 0024 185A9418 		.ascii	"\030Z\224\030\030\230\031\000\027\223\012\177"
 195      18981900 
 195      17930A7F 
 196              		.text
 197              		.section	.gnu.lto_.refs.3f37609f6e72b297,"",%progbits
 198 0000 789C6363 		.ascii	"x\234cc```\003bFF\006&V\006\000\000\271\000\026"
 198      60606003 
 198      62464606 
 198      26560600 
 198      00B90016 
 199              		.text
 200              		.section	.gnu.lto_.decls.3f37609f6e72b297,"",%progbits
 201 0000 789C9D58 		.ascii	"x\234\235XkPT\311\025\276}{\030f\206\001\\\334\244\374"
 201      6B5054C9 
 201      15BE7D7B 
 201      18668601 
ARM GAS  /tmp/ccAJYJXg.s 			page 16


 201      5CDCA4FC 
 202 0014 412AC69D 		.ascii	"A*\306\235-'\251]FtM\362c\223(\340\252\025\263Z\243"
 202      2D27A95D 
 202      46744DF2 
 202      639328E0 
 202      AA15B35A 
 203 0029 4955B652 		.ascii	"IU\266R\231E@\231\004\030\012\206\224\373'\271\012("
 203      99454099 
 203      04180A86 
 203      94FB27B9 
 203      0A28
 204 003b E28BD7AE 		.ascii	"\342\213\327\256\202\342\003D\005aYTD^\313\200\"F\305"
 204      82E20344 
 204      05615954 
 204      445ECB80 
 204      2246C5
 205 004e 200A2BC8 		.ascii	" \012+\310kA|\340\203\227\242 \221\234\356\276\303\334"
 205      6B417CE0 
 205      8397A220 
 205      919CEEBE 
 205      C3DC
 206 0060 196674E3 		.ascii	"\031ft\343-\017}\317\355\257\317w\316\351\356\323=\312"
 206      2D0F7DCF 
 206      EDAFCF77 
 206      CEE9EED3 
 206      3DCA
 207 0072 398EBBE9 		.ascii	"9\216\273\351\303q\002\317q\177A\0347\005\217\014\276"
 207      C37102CF 
 207      717F411C 
 207      37058F0C 
 207      BE
 208 0083 D572B607 		.ascii	"\325r\266\007\272\270\001\220w\240\037\376q\357!\316"
 208      BAB80190 
 208      77A01FFE 
 208      71EF21CE 
 209 0093 EE6901DD 		.ascii	"\356i\001\335\023\332\317A\300\024\367.H?\310|\220\337"
 209      13DACF41 
 209      C014F72E 
 209      483FC87C 
 209      90DF
 210 00a5 419F07C8 		.ascii	"A\237\007\310o@\306@\277\003\262\004\336\227\202(A\324"
 210      6F40C640 
 210      BF03B204 
 210      DE978228 
 210      41D4
 211 00b7 A02F86B6 		.ascii	"\240/\206\266\013\332+ S \215\204\023\276]\205V\016"
 211      0BDA2B20 
 211      53208D84 
 211      13BE5D85 
 211      560E
 212 00c9 6D0FB4ED 		.ascii	"m\017\264\355 \267A:8\346\303\0007\363y\017\034\235"
 212      20B7413A 
 212      38E6C300 
 212      37F3790F 
 212      1C9D
 213 00db E5E08717 		.ascii	"\345\340\207\027\200\207\241}\014\362g\220\006\020_"
 213      8087A17D 
ARM GAS  /tmp/ccAJYJXg.s 			page 17


 213      0CF26790 
 213      06105F
 214 00ea D137A5E8 		.ascii	"\3217\245\350S\000\264\363@~\006\362\031\350$~wx\307"
 214      5300B4F3 
 214      407E06F2 
 214      19E8247E 
 214      7778C7
 215 00fd 88F92117 		.ascii	"\210\371!\027\343v\025\377r\340\305\242]\3029\317\241"
 215      E37615FF 
 215      72E0C5A2 
 215      5DC239CF 
 215      A1
 216 010e 5FFA6460 		.ascii	"_\372d`t2\255o\257\254\033u\022\024\232\205\220hU\372"
 216      7432AD6F 
 216      AFAC1B75 
 216      12149A85 
 216      906855FA 
 217 0122 107DCAFA 		.ascii	"\020}\312\372\220~\006\340\221\265\223\241f\362\210"
 217      907E06E0 
 217      91B593A1 
 217      66F288
 218 0131 58109EB3 		.ascii	"X\020\236\263am#$V%\203\021}8\352\212\324\027\352\231"
 218      616D2324 
 218      56258311 
 218      7D38EA8A 
 218      D417EA99 
 219 0145 E81EB2D1 		.ascii	"\350\036\262\321\243i\214\025/\261\212\246\0079\315"
 219      A3698C15 
 219      2FB18AA6 
 219      0739CD
 220 0154 02169370 		.ascii	"\002\026\223p\374@\246[\017\352\002$d<E\021\205\310"
 220      FC40A65B 
 220      0FEA0224 
 220      643C4511 
 220      85C8
 221 0166 C782C2CC 		.ascii	"\307\202\302\314~%\346\351\373T{\262 \307\263\350{S"
 221      7E25E6E9 
 221      FB547BB2 
 221      20C7B3E8 
 221      7B53
 222 0178 49FD6999 		.ascii	"I\375i\231_\241\300\036\305n\314\241\263\010[\363y="
 222      5FA1C01E 
 222      C56ECCA1 
 222      B3085BF3 
 222      793D
 223 018a E19B0378 		.ascii	"\341\233\003x\007F>*$\003u\2701\253\317\013\324wUh."
 223      07463E2A 
 223      240375B8 
 223      31ABCF0B 
 223      D4775568 
 224 019f A8956555 		.ascii	"\250\225eU\027\335X\357\002P_\336\317hCLU\203\272\245"
 224      17DD58EF 
 224      02505FDE 
 224      CF68434C 
 224      5583BAA5 
 225 01b3 B22DD59B 		.ascii	"\262-\325\233\201{8\311`\0376x\367\236\323%*\274\232"
 225      817B38C9 
ARM GAS  /tmp/ccAJYJXg.s 			page 18


 225      601F3678 
 225      F79ED325 
 225      2ABC9A
 226 01c6 3A9155F9 		.ascii	":\221U\371\364\262hH\001jn}\305\204\007\376\023\355"
 226      F4B26848 
 226      016A6E7D 
 226      C58407FE 
 226      13ED
 227 01d8 EABC947F 		.ascii	"\352\274\224\177\222x0_\205H\022\274\341S\361\243\362"
 227      9278305F 
 227      854812BC 
 227      E153F1A3 
 227      F2
 228 01e9 714FF689 		.ascii	"qO\366\211 \232\367\214\034u\307\237\221w\276\273\355"
 228      209AF78C 
 228      1C75C79F 
 228      9177BEBB 
 228      ED
 229 01fa 65871752 		.ascii	"e\207\027Ri\223\004a\213p8^P\256\340P9\362E\347\220"
 229      69930461 
 229      8B70385E 
 229      50AEE050 
 229      39F245E7 
 230 020f 2F87EA91 		.ascii	"/\207\352\221\226\214)C~\034\252\203\217\265\360\361"
 230      968C2943 
 230      7E1CAA83 
 230      8FB5F0F1 
 231 021f 1889DA32 		.ascii	"\030\211\3322x\340\267\231#\2020\027]@*t\036a\212\201"
 231      78E0B799 
 231      23823017 
 231      5D402A74 
 231      1E618A81 
 232 0233 34CF57B1 		.ascii	"4\317W\2614\344\037M\315\221\343,D9*\367\367\327\363"
 232      34E41F4D 
 232      CD91E32C 
 232      44392AF7 
 232      F7D7F3
 233 0246 AE382EB9 		.ascii	"\2568.\271\344\350.\234w1Q\020x\324\000\034\027m\034"
 233      E4E82E9C 
 233      77315110 
 233      78D4001C 
 233      176D1C
 234 0259 40C9487A 		.ascii	"@\311Hz+:6\363\270\221\222\240W\311UC\030_\247\212\333"
 234      2B3A36F3 
 234      B89192A0 
 234      57C95543 
 234      185FA78A 
 235 026e A5A763F1 		.ascii	"\245\247c\361j\244\321hfks\010\251e\260B\233\335|_\020"
 235      6AA4D168 
 235      666B7308 
 235      A965B042 
 235      9BDD7C5F 
 236 0283 D2D4D4DA 		.ascii	"\322\324\324\332\277\301\33254\333\346\205\016\266\013"
 236      BFC1DA35 
 236      34DBE685 
 236      0EB60B
 237 0292 F2277B86 		.ascii	"\362'{\206\341{\177\222%X\0220\005[\234\202A\233F\217"
ARM GAS  /tmp/ccAJYJXg.s 			page 19


 237      E17B7F92 
 237      25581230 
 237      055B9C82 
 237      419B468F 
 238 02a6 48D0971D 		.ascii	"H\320\227\035\3215h\332v*\211+\005\004\3118T\005\200"
 238      D13568DA 
 238      762A892B 
 238      0504C938 
 238      540580
 239 02b9 4ADA47E0 		.ascii	"J\332G\340\020\033\372\017\244\342\012\322\240\253 "
 239      101BFA0F 
 239      A4E20AD2 
 239      A0AB20
 240 02c8 8D484397 		.ascii	"\215HC\227\024K\305\305l\237\3150\212 91\015\342z\253"
 240      144BC5C5 
 240      6C9FCD30 
 240      8A203931 
 240      0DE27AAB 
 241 02dc 7995D024 		.ascii	"y\225\320$\307;\3512\345\033\362\013 \033\263\265Ny"
 241      C73BE932 
 241      E51BF20B 
 241      201BB3B5 
 241      4E79
 242 02ee 5033987F 		.ascii	"P3\230\1773\325\253l9\254jt\035\200M\266\234\023b\312"
 242      33D5AB6C 
 242      39AC6A74 
 242      1D804DB6 
 242      9C1362CA 
 243 0302 F724A1BF 		.ascii	"\367$\241\277\307\203-\2749\240\2266\236\353r\303\207"
 243      C7832DBC 
 243      39A09636 
 243      9EEB72C3 
 243      87
 244 0313 D82EE918 		.ascii	"\330.\351\030i\335\346\201\2171\245x2\343\270\034\027"
 244      69DDE681 
 244      8F31A578 
 244      32E3B81C 
 244      17
 245 0324 31654F7C 		.ascii	"1eO|\327?\331\240\217A\333\271\357x\212\\\\\347\030"
 245      D73FD9A0 
 245      8F41DBB9 
 245      EF788A5C 
 245      5CE718
 246 0337 F4E4D2F4 		.ascii	"\364\344\322\364\\o|\206B\335\023\0176d\273\323\251"
 246      5C6F7C86 
 246      42DD130F 
 246      3664BBD3 
 246      A9
 247 0348 D3683539 		.ascii	"\323h59\324\245\261C>\351\202pi\001u\352&8\325\011\355"
 247      D4A5B143 
 247      3EE98270 
 247      690175EA 
 247      2638D509 
 248 035d 74583790 		.ascii	"tX7\220t\356\000^\247\335Lg\203\240\277uDW#\273\311"
 248      74EE005E 
 248      A7DD4C67 
 248      83A0BF75 
ARM GAS  /tmp/ccAJYJXg.s 			page 20


 248      445723BB 
 249 0372 0378BB04 		.ascii	"\003x\273\004\336\346\010\257p1y\267\000\360\035\355"
 249      DEE608AF 
 249      703179B7 
 249      00F01DED 
 250 0382 EB1433DA 		.ascii	"\353\0243\332\015\031\355\202l\366\200\264\203\334\006"
 250      0D19ED82 
 250      6CF680B4 
 250      83DC06
 251 0391 E91033CB 		.ascii	"\351\0203\313\210\232\177j#ju$\262-@q\306\017\261\031"
 251      889A7F6A 
 251      236A7524 
 251      B22D4071 
 251      C60FB119 
 252 03a5 EFB49F71 		.ascii	"\357\264\237qf\351\2564!-\216\246j$!Bvk\307\037%z\343"
 252      66E9AE34 
 252      212D8EA6 
 252      6A242142 
 252      766BC71F 
 253 03bc 4AB6428A 		.ascii	"J\266B\212\037\017\375\013ig3\216'\371t\252\373`\360"
 253      1F0FFD0B 
 253      6967338E 
 253      27F974AA 
 253      FB60F0
 254 03cf F7B6A9EE 		.ascii	"\367\266\251\356\244S\3554Z\324\013A\376\220\200\201"
 254      A453ED34 
 254      5AD40B41 
 254      FE908081 
 255 03df F6E6C468 		.ascii	"\366\346\304h\213\367l\321L\222K3\334\353l\354\317l"
 255      8BF76CD1 
 255      4C924B33 
 255      DCEB6CEC 
 255      CF6C
 256 03f1 BEAF5427 		.ascii	"\276\257T'O\227\015tG\262\2618\324\217\324\"\360l\306"
 256      4F970D74 
 256      47B2B138 
 256      D48FD422 
 256      F06CC6
 257 0404 C0A052C6 		.ascii	"\300\240R\306\263o(JF\276\325O=\267x\263E\307\223\242"
 257      B36F284A 
 257      46BED54F 
 257      3DB778B3 
 257      45C793A2 
 258 0418 377435DB 		.ascii	"7t5\333\203-\272Y\244\364^\314jq\237\363\025u/^\230"
 258      832DBA59 
 258      A4F45ECC 
 258      6A719FF3 
 258      15752F5E 
 259 042d C5A3CF7F 		.ascii	"\305\243\317\177\214\356\203\345{\324\362\0034\007\376"
 259      8CEE83E5 
 259      7BD4F203 
 259      3407FE
 260 043c DE453266 		.ascii	"\336E2f~O\236%\321c\336a\341\260\005*\311\255\017\262"
 260      7E4F9E25 
 260      D163DE61 
 260      E1B0052A 
 260      C9AD0FB2 
ARM GAS  /tmp/ccAJYJXg.s 			page 21


 261 0450 AE6E159A 		.ascii	"\256n\025\232`\340\022\012D\245\266\334\225\222\203"
 261      60E0120A 
 261      44A5B6DC 
 261      959283
 262 045f 009D8178 		.ascii	"\000\235\201x\320iH\020\207\006\320<\030\3778/>\335"
 262      D0694810 
 262      8706D03C 
 262      18FF382F 
 262      3EDD
 263 0471 1B4FB2BD 		.ascii	"\033O\262\275P\320\230?)\303i\230\316\307\330\205{\271"
 263      50D0983F 
 263      29C36998 
 263      CEC7D885 
 263      7BB9
 264 0483 0A57A5F1 		.ascii	"\012W\245\361\211\353\362[\361q\301MR~\037C\305yd\343"
 264      89EBF25B 
 264      F171C14D 
 264      527E1F43 
 264      C57964E3 
 265 0497 6FB096C6 		.ascii	"o\260\226\306\262K5I*\232\020\202`\011I\2700\226\352"
 265      B24B3549 
 265      2A9A1082 
 265      600949B8 
 265      3096EA
 266 04aa 89F733E2 		.ascii	"\211\3673\342\273\343\011g<\\\021\217\270$n\376\005"
 266      BBE30967 
 266      3C5C118F 
 266      B8246EFE 
 266      05
 267 04bb 5931C360 		.ascii	"Y1\303`s\310\011\353T\346\356\\9e%\210ADi\255\211\367"
 267      73C809EB 
 267      54E6EE5C 
 267      39652588 
 267      414469AD 
 268 04d1 61893FD5 		.ascii	"a\211?\325z\242R\201OP/\320\276\346\222e*p!\376\007"
 268      7AA25281 
 268      4F502FD0 
 268      BEE69265 
 268      2A7021FE 
 269 04e6 1D0B3060 		.ascii	"\035\0130`WF]\235\014\027\262\321\011\347[J\325\270"
 269      57465D9D 
 269      0C17B2D1 
 269      09E75B4A 
 269      D5B8
 270 04f8 8429FD57 		.ascii	"\204)\375W\212\267(p)S\356\236\334\371\310\013\2273"
 270      8AB72870 
 270      2953EE9E 
 270      DCF9C80B 
 270      9733
 271 050a E564DAF5 		.ascii	"\345d\332\365<\214\253\231r\256\372\361B\346\214/h\025"
 271      3C8CAB99 
 271      72AEFAF1 
 271      42E68C2F 
 271      6815
 272 051c 9DC31671 		.ascii	"\235\303\026qQ\364 \320\213^t\237u\303\265\024\252,"
 272      51F420D0 
 272      8B5E749F 
ARM GAS  /tmp/ccAJYJXg.s 			page 22


 272      75C3B514 
 272      AA2C
 273 052e 4D6A9BC2 		.ascii	"Mj\233\302\010\352\020<Z\015\324\242\204x\301\362\374"
 273      08EA103C 
 273      5A0DD4A2 
 273      8478C1F2 
 273      FC
 274 053f C547DDE2 		.ascii	"\305G\335\342A2\0061\276\200,\010\374\214j\3176\237"
 274      41320631 
 274      BE802C08 
 274      FC8C6ACF 
 274      369F
 275 0551 DD1EFA2F 		.ascii	"\335\036\372/ &i'\301\223\015\224\310k\321V^\203\266"
 275      20266927 
 275      C1930D94 
 275      C86BD156 
 275      5E83B6
 276 0564 8024804C 		.ascii	"\200$\200L\301\342\337\006m<\310f\336Z9\010i]8;_\010"
 276      C1E2DF06 
 276      6D3CC866 
 276      DE5A3908 
 276      695D383B 
 277 057a E32B4746 		.ascii	"\343+GF\273\372G\320\355\006\033z\302\021mwv\021\364"
 277      BBFA47D0 
 277      ED061B7A 
 277      C2116D77 
 277      7611F4
 278 058d 8404FDCC 		.ascii	"\204\004\375\314\021\375\0249\302{%\360q\347\301K\253"
 278      11FD1439 
 278      C27B25F0 
 278      71E7C14B 
 278      AB
 279 059e 5837AB62 		.ascii	"X7\253b\200\262\257b\304Tk\267ON<\251b\304\326K\247"
 279      80B2AF62 
 279      C4546BB7 
 279      4F4E3CA9 
 279      62C4D64B 
 280 05b3 8E4AA21A 		.ascii	"\216J\242\032\221\020?w\356\247\277X\361\372\236\337"
 280      91103F77 
 280      EEA7BF58 
 280      F1FA9EDF 
 281 05c3 2BF3C613 		.ascii	"+\363\306\023l\241\267M^\276\346\345x&Z'\003%\303\034"
 281      6CA1B74D 
 281      5EBEE6E5 
 281      78265A27 
 281      0325C31C 
 282 05d7 FC3FF3C1 		.ascii	"\374?\363\301\302\272v\237\026\316\35500\211\237\336"
 282      C2BA769F 
 282      16CEED30 
 282      30899FDE 
 283 05e7 062448CA 		.ascii	"\006$H\312?\234\225\332\342.-[\333yi\331\332\301\253"
 283      3F9C95DA 
 283      E22E2D5B 
 283      DB7969D9 
 283      DAC1AB
 284 05fa C52164A3 		.ascii	"\305!d\243n\337w\317\023o\223Q_'J\213\353\020\322\252"
 284      6EDF77CF 
ARM GAS  /tmp/ccAJYJXg.s 			page 23


 284      136F9351 
 284      5F274A8B 
 284      EB10D2AA 
 285 060e AD9B5C53 		.ascii	"\255\233\\S4D6\371n\030\260\323\306\003\343\241qa\036"
 285      344436F9 
 285      6E18B0D3 
 285      C603E3A1 
 285      71611E
 286 0621 ED8228EC 		.ascii	"\355\202(\354\030\032\3523\372\274\351\246$vF\331\246"
 286      181AEA33 
 286      FABCE9A6 
 286      247646D9 
 286      A6
 287 0632 BCD1933C 		.ascii	"\274\321\223<\244pY\376RxR\376\366\360b\371+*\330qK"
 287      A47059FE 
 287      527852FE 
 287      F6F062F9 
 287      2B2AD871 
 288 0647 3E5DFE34 		.ascii	">]\3764\005\266\362\007@\364\320V\010\036:\226\277T"
 288      05B6F207 
 288      40F4D056 
 288      081E3A96 
 288      BF54
 289 0659 9E94BF9D 		.ascii	"\236\224\277\235_\367\337q\307i4FT\3223Y%c;\320\007"
 289      5FF7DF71 
 289      C7693446 
 289      54D23359 
 289      25633BD0 
 290 066e D4D10B27 		.ascii	"\324\321\013'F\305;o\012\331\201[\032\237Vx\340\203"
 290      46C53B6F 
 290      0AD9815B 
 290      1A9F5678 
 290      E083
 291 0680 0C9BD4D0 		.ascii	"\014\233\324\320\325\"\336\217\337\001\265\365aN\227"
 291      D522DE8F 
 291      DF01B5F5 
 291      614E97
 292 068f 17291782 		.ascii	"\027)\027\202\0308|\267\245u/\017U\010\226\015\372\212"
 292      18387CB7 
 292      A5752F0F 
 292      5508960D 
 292      FA8A
 293 06a1 A7A5A238 		.ascii	"\247\245\2428\361N\276\002\006\373\302=\030I.\301\276"
 293      F14EBE02 
 293      06FBC23D 
 293      18492EC1 
 293      BE
 294 06b2 EC127CC6 		.ascii	"\354\022|\3062Z$\303y,\361%Ew\376\206\264*\353\335\326"
 294      325A24C3 
 294      792CF125 
 294      4577FE86 
 294      B42AEBDD 
 295 06c7 2F711BB9 		.ascii	"/q\033\271w\036\340U(\313\226w_R\345h\275\024r\005<"
 295      771EE055 
 295      28CB9677 
 295      5F52E568 
 295      BD147205 
ARM GAS  /tmp/ccAJYJXg.s 			page 24


 296 06dc 87438B7C 		.ascii	"\207C\213|\321\002\310\370~\310\270\257X\2522y_\264"
 296      D102C8F8 
 296      7EC8B8AF 
 296      58AA3279 
 296      5FB4
 297 06ee 8FF1E71F 		.ascii	"\217\361\347\037:q\301\023\0273\202\256\242\301kx\232"
 297      3A71C113 
 297      173382AE 
 297      A2C16B78 
 297      9A
 298 06ff 016EB6A7 		.ascii	"\001n\266\247\351\315\366\0200d\333\030\016\360.(\016"
 298      E9CDF610 
 298      3064DB18 
 298      0EF02E28 
 298      0E
 299 0710 3AA788FF 		.ascii	":\247\210\377.oJ\351\223\"\256\354%\210\332\313\200"
 299      2E6F4AE9 
 299      9322AEEC 
 299      2588DACB 
 299      80
 300 0721 FE749E64 		.ascii	"\376t\236d\3440\357c\315\013A\217\337\253\023d*\321"
 300      E430EF63 
 300      CD0B418F 
 300      DFAB1364 
 300      2AD1
 301 0733 7AD29BAD 		.ascii	"z\322\233\255\357\272\3754\335\316\372\221\327Y\357"
 301      EFBAFD34 
 301      DDCEFA91 
 301      D759EF
 302 0742 B614757B 		.ascii	"\266\024u{\276\237+4\321E\262\240`(\001\212$l\375\034"
 302      BE9F2B34 
 302      D145B2A0 
 302      6028018A 
 302      246CFD1C 
 303 0756 DE077D09 		.ascii	"\336\007}\011!\302R\220\014N\203/\177\3459\224\313\277"
 303      21C25290 
 303      0C4E832F 
 303      7FE53994 
 303      CBBF
 304 0768 0F6353CF 		.ascii	"\017cS\317?\033\365\300el\322\033\267\247\001\276\212"
 304      3F1BF5C0 
 304      656CD21B 
 304      B7A701BE 
 304      8A
 305 0779 29C34DE7 		.ascii	")\303M\347\223\225\370\002S\222k\333\266*\361U\246\034"
 305      9395F802 
 305      53926BDB 
 305      B62AF155 
 305      A61C
 306 078b B95F0E67 		.ascii	"\271_\016g\352\015\246T\335.\325\341\016\366\236_\276"
 306      EA0DA654 
 306      DD2ED5E1 
 306      0EF69E5F 
 306      BE
 307 079c EB7B37DC 		.ascii	"\353{7\334\317\224\276\262\2041\031~\300\224\246\212"
 307      CF94BEB2 
 307      8431197E 
ARM GAS  /tmp/ccAJYJXg.s 			page 25


 307      C094A68A 
 308 07ac 9E7E2FFC 		.ascii	"\236~/\374\204)\373G;\037(\331\332\322\222#\276\351"
 308      8429FB47 
 308      3B1F28D9 
 308      DAD29223 
 308      BEE9
 309 07be D06D055B 		.ascii	"\320m\005[\207\026r]\330[\336;\344\205\207)V}"
 309      8716725D 
 309      D85BDE3B 
 309      E4858729 
 309      567D
 310 07d0 6AFBCBF5 		.ascii	"j\373\313\365\344J\252\241\327Rz/eg\301\007/$gA\036"
 310      E44AAAA1 
 310      D7527A2F 
 310      6567C107 
 310      2F246741 
 311 07e5 99C89995 		.ascii	"\231\310\231\225YZ=/o\262\025\261\343\216\360\231\305"
 311      595A3D2F 
 311      6FB215B1 
 311      E38EF099 
 311      C5
 312 07f6 76C06483 		.ascii	"v\300d\203\237t\204\317\250\344\275\022t\241S\264\244"
 312      9F7484CF 
 312      A8E4BD12 
 312      74A153B4 
 312      A4
 313 0807 9C4E48C0 		.ascii	"\234NH\300\371\216\340\232\031\2364K\034?\346<N\211"
 313      F98EE09A 
 313      199E344B 
 313      1C3FE63C 
 313      4E89
 314 0819 F15E09FA 		.ascii	"\361^\011\372\250#\272\332\305\225\372kX\034Etq\224"
 314      A823BADA 
 314      C595FA6B 
 314      581C4574 
 314      7194
 315 082b 8905B902 		.ascii	"\211\005\271\002\326\345i(\276\247@*A\316\200\234\003"
 315      D6E56928 
 315      BEA7402A 
 315      41CE809C 
 315      03
 316 083c 29012905 		.ascii	")\001)\005\371\006\344,H\271\375a)!?\341<\307\022W\007"
 316      F906E42C 
 316      48B9FD61 
 316      29213FE1 
 316      3CC71257 
 317 0851 24E862E7 		.ascii	"$\350b\347\256\262<\260\235\333:\310\016\2642g\007\332"
 317      AEB23CB0 
 317      9DDB3AC8 
 317      0EB43267 
 317      07DA
 318 0863 D8A0E440 		.ascii	"\330\240\344@+p\236T\353\031\365\254\260\260\323\003"
 318      2B709E54 
 318      EB19F5AC 
 318      B0B0D303 
 319 0873 3F63D561 		.ascii	"?c\325a\327D\372]o\3073\312\232\017\364-\244\341mS\""
 319      D744FA5D 
ARM GAS  /tmp/ccAJYJXg.s 			page 26


 319      6FC733CA 
 319      9A0FF42D 
 319      A4E16D53 
 320 0888 1EC3E3F4 		.ascii	"\036\303\343\364\274\252\006#U\266jSf=\257\212\353S"
 320      BCAA0623 
 320      55B66A53 
 320      663DAF8A 
 320      EB53
 321 089a 0A14D2F3 		.ascii	"\012\024\322\363\252\332\356\274\252\241\347\015m\001"
 321      AADAEEBC 
 321      AAA1E70D 
 321      6D01
 322 08a8 3CD89E7B 		.ascii	"<\330\236{Zm\177\257w\366\013\223\233\361\363\022\366"
 322      5A6D7FAF 
 322      77F60B93 
 322      9BF1F312 
 322      F6
 323 08b9 D56CF2DF 		.ascii	"\325l\362\337\023\325\345[\275T\342\2653\351\215w>T"
 323      13D5E55B 
 323      BD54E2B5 
 323      33E98D77 
 323      3E54
 324 08cb CBAB6094 		.ascii	"\313\253`\224e\340H\261\335/\001RVl.\326\211.\222\326"
 324      65E048B1 
 324      DD2F0152 
 324      566C2ED6 
 324      892E92D6 
 325 08df D3101D1C 		.ascii	"\323\020\035\034a\210\210\0105\030\243\214\346\305~"
 325      61888808 
 325      3518A38C 
 325      E6C57E
 326 08ee BAC070E3 		.ascii	"\272\300p\343z\343\352\265:S\254.<8B\027m\2121\307\352"
 326      7AE3EAB5 
 326      3A53AC2E 
 326      3C384217 
 326      6D8A31C7 
 327 0903 D6AEFBC3 		.ascii	"\326\256\373\303\242\205\272U\253\202t\313\327\254\\"
 327      A285BA55 
 327      AB8274CB 
 327      D7AC5C
 328 0912 FD0F7FD2 		.ascii	"\375\017\177\322e\035\350\027\242X\376\351\037\347\006"
 328      651DE817 
 328      A258FEE9 
 328      1FE706
 329 0921 FAFB73F2 		.ascii	"\372\373s\3625AA\301\346`\034\022\023\2412\030\342\214"
 329      354141C1 
 329      E6601C12 
 329      13A13218 
 329      E28C
 330 0933 51E6450B 		.ascii	"Q\346E\013\015\346\217tq\2611\272\340\230\310\017\243"
 330      0DE68F74 
 330      71B131BA 
 330      E098C80F 
 330      A3
 331 0944 4C51611F 		.ascii	"LQa\037\206\005\2577\352\214Q!\021q\241a\272\310\340"
 331      8605AF37 
 331      EA8C5121 
ARM GAS  /tmp/ccAJYJXg.s 			page 27


 331      1171A161 
 331      BAC8E0
 332 0957 90706354 		.ascii	"\220pcT\230\316\020\032\266!8.\302l0\177\021\035\026"
 332      98CE101A 
 332      B621382E 
 332      C26C307F 
 332      111D16
 333 096a EB17CE29 		.ascii	"\353\027\316)\254\243\177\376\232\321\261_\304\352\014"
 333      ACA37FFE 
 333      9AD1B15F 
 333      C4EA0C
 334 0979 B1E65080 		.ascii	"\261\346P\200\302\020l\012\215\001\352\360_\276M\020"
 334      C2106C0A 
 334      8D01EAF0 
 334      5FBE4D10 
 335 0989 E19C4FAC 		.ascii	"\341\234O\2549\022\0107F\033M\206\3300s\\\264\301,_"
 335      39120837 
 335      461B4D86 
 335      D830735C 
 335      B4C12C5F 
 336 099d 1348E291 		.ascii	"\023H\342\221\257\011`\315R\326,#\215r\315\322U\201"
 336      AF0960CD 
 336      52D62C23 
 336      8D72CDD2 
 336      5581
 337 09af A6A80DC6 		.ascii	"\246\250\015\306\215o\305\027\302\375h:\363\300\266"
 337      8D6FC517 
 337      C2FD683A 
 337      F3C0B6
 338 09be 31C61417 		.ascii	"1\306\024\027\035i\012\015S\030M\2441\230\325F\0231"
 338      1D690A0D 
 338      53184DA4 
 338      3198D546 
 338      1331
 339 09d0 13191CFB 		.ascii	"\023\031\034\373w\203\031\007\350\365\262\200\265z="
 339      77831907 
 339      E8F5B280 
 339      B57A3D
 340 09df 5E1DA4C7 		.ascii	"^\035\244\307+A\002\365+@V\311V\005\376^\277\310\316"
 340      2B4102F5 
 340      2B4056C9 
 340      5605FE5E 
 340      BFC8CE
 341 09f2 81105364 		.ascii	"\201\020Sd\244)J\027\266\311\014\0360'>\361\337\264"
 341      A4294A17 
 341      B6C90C1E 
 341      30273EF1 
 341      DFB4
 342 0a04 4947C3DB 		.ascii	"IG\303\333\340\277`\321\246\365\020\255\232\370dX\007"
 342      E0BF60D1 
 342      A6F510AD 
 342      9AF86458 
 342      07
 343 0a15 D90E0ADB 		.ascii	"\331\016\012\333\240b\\\306P\203\331#d\303Fs\360z\277"
 343      A0625CC6 
 343      5083D923 
 343      64C34673 
ARM GAS  /tmp/ccAJYJXg.s 			page 28


 343      F07ABF
 344 0a28 5F2D5EB0 		.ascii	"_-^\260H\316\336\225l*\177m0\273\213\255, (P\357\276"
 344      48CEDE95 
 344      6C2A7F6D 
 344      30BB8BAD 
 344      2C202850 
 345 0a3e 744D80FF 		.ascii	"tM\200\377\262Oi\273\020Z\371\322\025\001\320(\310g"
 345      B24F69BB 
 345      105AF9D2 
 345      1501D028 
 345      C867
 346 0a50 FDDA75F4 		.ascii	"\375\332u\364e!y\301\201+\365\262\300O\226\353\371@"
 346      652179C1 
 346      812BF5B2 
 346      C04F96EB 
 346      F940
 347 0a62 785FABF7 		.ascii	"x_\253\367\320\007\006Z\231\377\007\211`\015\375"
 347      D007065A 
 347      99FF0789 
 347      600DFD
 348              		.text
 349              		.section	.gnu.lto_.symtab.3f37609f6e72b297,"",%progbits
 350 0000 5F70616C 		.ascii	"_pal_lld_init\000"
 350      5F6C6C64 
 350      5F696E69 
 350      7400
 351 000e 00       		.ascii	"\000"
 352 000f 00       		.ascii	"\000"
 353 0010 00       		.ascii	"\000"
 354 0011 00000000 		.ascii	"\000\000\000\000\000\000\000\000"
 354      00000000 
 355 0019 EA000000 		.ascii	"\352\000\000\000"
 356 001d 5F70616C 		.ascii	"_pal_lld_setgroupmode\000"
 356      5F6C6C64 
 356      5F736574 
 356      67726F75 
 356      706D6F64 
 357 0033 00       		.ascii	"\000"
 358 0034 00       		.ascii	"\000"
 359 0035 00       		.ascii	"\000"
 360 0036 00000000 		.ascii	"\000\000\000\000\000\000\000\000"
 360      00000000 
 361 003e 11010000 		.ascii	"\021\001\000\000"
 362              		.text
 363              		.section	.gnu.lto_.opts,"",%progbits
 364 0000 272D666D 		.ascii	"'-fmath-errno' '-fsigned-zeros' '-ftrapping-math' '"
 364      6174682D 
 364      6572726E 
 364      6F272027 
 364      2D667369 
 365 0033 2D666E6F 		.ascii	"-fno-trapv' '-fno-strict-overflow' '-fno-openmp' '-"
 365      2D747261 
 365      70762720 
 365      272D666E 
 365      6F2D7374 
 366 0066 666E6F2D 		.ascii	"fno-openacc' '-mcpu=cortex-m3' '-mthumb' '-O0' '-fo"
 366      6F70656E 
ARM GAS  /tmp/ccAJYJXg.s 			page 29


 366      61636327 
 366      20272D6D 
 366      6370753D 
 367 0099 6D69742D 		.ascii	"mit-frame-pointer' '-falign-functions=16' '-ffuncti"
 367      6672616D 
 367      652D706F 
 367      696E7465 
 367      72272027 
 368 00cc 6F6E2D73 		.ascii	"on-sections' '-fdata-sections' '-fno-common' '-flto"
 368      65637469 
 368      6F6E7327 
 368      20272D66 
 368      64617461 
 369 00ff 2700     		.ascii	"'\000"
 370              		.text
 371              		.comm	__gnu_lto_v1,1,1
 372              		.comm	__gnu_lto_slim,1,1
 373              		.ident	"GCC: (GNU Tools for Arm Embedded Processors 7-2018-q3-update) 7.3.1 20180622 (release) [AR
ARM GAS  /tmp/ccAJYJXg.s 			page 30


DEFINED SYMBOLS
                            *ABS*:0000000000000000 hal_pal_lld.c
                            *COM*:0000000000000001 __gnu_lto_v1
                            *COM*:0000000000000001 __gnu_lto_slim

NO UNDEFINED SYMBOLS
