ARM GAS  /tmp/cc5kfFwu.s 			page 1


   1              		.cpu cortex-m3
   2              		.eabi_attribute 20, 1
   3              		.eabi_attribute 21, 1
   4              		.eabi_attribute 23, 3
   5              		.eabi_attribute 24, 1
   6              		.eabi_attribute 25, 1
   7              		.eabi_attribute 26, 1
   8              		.eabi_attribute 30, 6
   9              		.eabi_attribute 34, 1
  10              		.eabi_attribute 18, 4
  11              		.file	"hal_flash.c"
  12              		.section	.gnu.lto_.inline.f56c44efbd7d3e53,"",%progbits
  13 0000 789C6363 		.ascii	"x\234cc``(d@\000\026\006\006V^\006\006&\246\005\362"
  13      60602864 
  13      40001606 
  13      06565E06 
  13      0626A605 
  14 0015 40361348 		.ascii	"@6\023H\210\211\233\201\201q\202\037#\203\260:\220#"
  14      88899B81 
  14      8171821F 
  14      2383B03A 
  14      9023
  15 0027 B4600E23 		.ascii	"\264`\016#B\206\021$\303&\304\310\3004\301\017(&,\007"
  15      42861124 
  15      C326C4C8 
  15      C034C10F 
  15      28262C07 
  16 003b 14949870 		.ascii	"\024\224\230p\032\256\202U\020\254\227\231AH\026(#v"
  16      1AAE8255 
  16      10AC9799 
  16      41481628 
  16      2376
  17 004d 6037BA0C 		.ascii	"`7\272\014\003\000bv\013 "
  17      03006276 
  17      0B20
  18              		.text
  19              		.section	.gnu.lto_osalThreadSleep.f56c44efbd7d3e53,"",%progbits
  20 0000 789C254F 		.ascii	"x\234%O=K\303`\020\276'\227\324\"*8\270up(\204\202&"
  20      3D4BC360 
  20      10BE2797 
  20      D4222A38 
  20      B8757028 
  21 0017 FA1BFC01 		.ascii	"\372\033\374\001\016\376\202\212B\002EA]\234\362R+\255"
  21      0EFE828A 
  21      42024541 
  21      5D9CF252 
  21      2BAD
  22 0029 1FA35628 		.ascii	"\037\243V(\031\012b3\372\375\021\350\220:\212\016~l"
  22      190A6233 
  22      FAFD11E8 
  22      903A8A0E 
  22      7E6C
  23 003b D245C129 		.ascii	"\322E\301)\024\004W\253\227\364\201{\357\236\343\271"
  23      140457AB 
  23      97F4817B 
  23      EF9EE3B9 
  24 004b E7EECD10 		.ascii	"\347\356\315\020\221\016\242)\311\023\022\304\004\215"
ARM GAS  /tmp/cc5kfFwu.s 			page 2


  24      910EA229 
  24      C91312C4 
  24      048D
  25 0059 24204D02 		.ascii	"$ M\002y\032<\354\363\001\343\276\372\025j\205@\011"
  25      791A3CEC 
  25      F301E3BE 
  25      FA156A85 
  25      4009
  26 006b A2A3B6D5 		.ascii	"\242\243\266\325\331V\2733>\023\325\231R\340\022\005"
  26      D956BB33 
  26      3E13D599 
  26      52E01205 
  27 007b 913D57CE 		.ascii	"\221=W\316|\336c\237\001]\350\367S\343s,\241\032&\205"
  27      7CDE639F 
  27      015DE8F7 
  27      53E3732C 
  27      A11A2685 
  28 008f 6E5DC4ED 		.ascii	"n]\304\355a6AR\177<\374tF\314\023\245\312*zk\261\312"
  28      61364152 
  28      7F3CFC74 
  28      46CC13A5 
  28      CA2A7A6B 
  29 00a5 FBCCB801 		.ascii	"\373\314\270\001\213!\256\221\303\025r$-\302-\314T\177"
  29      8B21AE91 
  29      C3157224 
  29      2DC22DCC 
  29      547F
  30 00b7 DE3F1CCD 		.ascii	"\336?\034\315\350\203\205\270C\206\222\023O_\214H\365"
  30      E88385B8 
  30      43869213 
  30      4F5F8C48 
  30      F5
  31 00c8 FFAA2A7A 		.ascii	"\377\252*z\014\360\332\313\352ry2@\265\364\256\035\226"
  31      0CF0DACB 
  31      EA727932 
  31      40B5F4AE 
  31      1D96
  32 00da DF708C4A 		.ascii	"\337p\214J\363\270;\233\016\211S\030\306\357C\336\257"
  32      F3B83B9B 
  32      0E895318 
  32      C6EF43DE 
  32      AF
  33 00eb CAFAACD7 		.ascii	"\312\372\254\327Y\\\020\302\243\006k>\033\324C\271\031"
  33      595C10C2 
  33      A3066B3E 
  33      1BD443B9 
  33      19
  34 00fc 74C7536D 		.ascii	"t\307Sm\202Z\"\020\223\274e\3179\356\242;\277`\257\256"
  34      825A2210 
  34      93BC65CF 
  34      39EEA23B 
  34      BF60AFAE 
  35 0110 DB4EB124 		.ascii	"\333N\261$I\236\265\215\351\025wP[\016\031K\313\245"
  35      499EB58D 
  35      E9157750 
  35      5B0E194B 
  35      CBA5
ARM GAS  /tmp/cc5kfFwu.s 			page 3


  36 0122 E2E63FDF 		.ascii	"\342\346?\337D]\225"
  36      445D95
  37              		.text
  38              		.section	.gnu.lto_flashWaitErase.f56c44efbd7d3e53,"",%progbits
  39 0000 789C7554 		.ascii	"x\234uT[KTQ\024^\353\354s\031\235F\245\247\036\2060"
  39      5B4B5451 
  39      145EEBEC 
  39      73199D46 
  39      A5A71E86 
  40 0015 50C49719 		.ascii	"P\304\227\031\243\027{\350\251\037\320C? \314\024\005"
  40      A3177BE8 
  40      A91FD043 
  40      3F20CC14 
  40      05
  41 0026 BBE040AF 		.ascii	"\273\340@\257\263\325\231\306\311!Lr\234\246I\006E$"
  41      B3D599C6 
  41      C9214C72 
  41      9CA64906 
  41      4524
  42 0038 2852BCE5 		.ascii	"(R\274\345\245:\216\245\345\2052\302\024C\"\261\321"
  42      A53A8EA5 
  42      E58532C2 
  42      144322B1 
  42      D1
  43 0049 12C3227B 		.ascii	"\022\303\"{\010\255\265\3679C\026u\340\254s\366\332"
  43      08ADB5F7 
  43      39431675 
  43      E0AC73F6 
  43      DA
  44 005a DFF7EDB5 		.ascii	"\337\367\355\265\276\2638:\000xT\200\243\364<N7\350"
  44      BEB3383A 
  44      00785480 
  44      A3F43C4E 
  44      37E8
  45 006c 800AD0AD 		.ascii	"\200\012\320\2550\000\256\320\016W\031j\224Qe^C$\020"
  45      3000AED0 
  45      0E57196A 
  45      9451655E 
  45      432410
  46 007f 825F61AA 		.ascii	"\202_a\252\206~E\001\373\212\260\033\014[\303\243o\\"
  46      867E4501 
  46      FB8AB01B 
  46      0C5BC3A3 
  46      6F5C
  47 0091 C5DD9CD7 		.ascii	"\305\335\234\327s\263m\347D]C\360P\202t\242\014\360"
  47      73B36DE7 
  47      445D43F0 
  47      508274A2 
  47      0CF0
  48 00a3 981B4BDC 		.ascii	"\230\033K\334\202\332\207\305\204\234\017\364$X\023"
  48      82DA87C5 
  48      849C0FF4 
  48      245813
  49 00b2 4B304495 		.ascii	"K0D\225\226\333s\361\325\034\261T0\237\226\315\013["
  49      96DB73F1 
  49      D51CB154 
  49      309F96CD 
ARM GAS  /tmp/cc5kfFwu.s 			page 4


  49      0B5B
  50 00c4 77192B40 		.ascii	"w\031+@\240\367\344\217\371\245\234\242.\2519\333\305"
  50      A0F7E48F 
  50      F9A59CA2 
  50      2EA939DB 
  50      C5
  51 00d5 78418231 		.ascii	"xA\2021\034D&D\007\320\215\375\350\006J\001\016a\221"
  51      1C442644 
  51      07D08DFD 
  51      E8064A01 
  51      0E6191
  52 00e8 C0BFEFDD 		.ascii	"\300\277\357\335ku\351\2528\224N{\200:R\262\343N\347"
  52      6B75E9AA 
  52      38944E7B 
  52      803A52B2 
  52      E34EE7
  53 00fb 5764C552 		.ascii	"Wd\305R\360\333\332bwva'7Ip/\315\342\334\014\344'\230"
  53      F0DBDA62 
  53      77766127 
  53      3749702F 
  53      CDE2DC0C 
  54 0112 8AC37F6A 		.ascii	"\212\303\177j\212\213\320\223\311\251i\203y$sg\241}"
  54      8A8BD093 
  54      C9A96983 
  54      79247367 
  54      A17D
  55 0124 4923A628 		.ascii	"I#\246(egH\213q\263\216\230\200\243\0263\323\"\354+"
  55      6567488B 
  55      71B38E98 
  55      80A31633 
  55      D322EC2B 
  56 0138 03C7B010 		.ascii	"\003\307\260\020G\260PVB\365<\244z\000\204W\375\251"
  56      47B05056 
  56      42F53CA4 
  56      7A008457 
  56      FDA9
  57 014a 5BA3BA10 		.ascii	"[\243\272\020k\341\346\207\230\233\274\212q\365o\267"
  57      6BE1E687 
  57      989BBC8A 
  57      71F56FB7 
  58 015a 88F18804 		.ascii	"\210\361\210\004l\221\373\2574\223\357\375\014qs\345"
  58      6C91FBAF 
  58      3493EFFD 
  58      0C7173E5 
  59 016a 3B767D8A 		.ascii	";v}\212\340A\244\3265\205\202\316(\030*\005\207&\202"
  59      E041A4D6 
  59      358582CE 
  59      28182A05 
  59      872682
  60 017d 2E822182 		.ascii	".\202!\202Cl8Q\330\343\002\241\224\007\342\024h\024"
  60      436C3851 
  60      D8E302A1 
  60      9407E214 
  60      6814
  61 018f 01C28CBE 		.ascii	"\001\302\214\276 \373\210\365#\033WWuQ^\234\011\303"
  61      20FB88F5 
  61      231B5757 
ARM GAS  /tmp/cc5kfFwu.s 			page 5


  61      75515E9C 
  61      09C3
  62 01a1 A2C1D40B 		.ascii	"\242\301\324\013C|\020&;\037K\315M\352Il\257\343\234"
  62      437C1026 
  62      3B1F4BCD 
  62      4DEA496C 
  62      AFE39C
  63 01b4 53CB5971 		.ascii	"S\313Yq\346\304\307\302$\332{\035Z\\qz\357qkKC\023\223"
  63      E6C4C7C2 
  63      24DA7B1D 
  63      5A5C717A 
  63      EF716B4B 
  64 01cb D82AC571 		.ascii	"\330*\305q\034\275 \264\263,ae\277\260\366/\341l:\035"
  64      1CBD20B4 
  64      B32C6165 
  64      BFB0F62F 
  64      E16C3A1D 
  65 01df 53B6F076 		.ascii	"S\266\360vS\313\"\222p\263\334r\342\204\024\226\363"
  65      53CB2292 
  65      70B3DC72 
  65      E2841496 
  65      F3
  66 01f0 F7848437 		.ascii	"\367\204\20471\230\254\264\204]\244\015T\023\221>\007"
  66      3198ACB4 
  66      845DA40D 
  66      5413913E 
  66      07
  67 0201 C7DB55FF 		.ascii	"\307\333U\377\256\250&y!\301\016\010\337\004\010\360"
  67      AEA82679 
  67      21C10E08 
  67      DF0408F0 
  68 0211 29FA13CC 		.ascii	")\372\023\314\005k\030X\236X\211\225\330L\242\014\204"
  68      056B1858 
  68      9E588995 
  68      D84CA20C 
  68      84
  69 0222 667BB345 		.ascii	"f{\263EI\200\210\223\366\247\017\323HIc\242\033\221"
  69      49808893 
  69      F6A70FD3 
  69      484963A2 
  69      1B91
  70 0234 09C302E7 		.ascii	"\011\303\002\347\021\236\372I\275\225\375\010eb\337"
  70      119EFA49 
  70      BD95FD08 
  70      6562DF
  71 0243 7C67B668 		.ascii	"|g\266h\245\203\274\021i\210\000\247\260T\262\325\014"
  71      A583BC11 
  71      698800A7 
  71      B054B2D5 
  71      0C
  72 0254 3BD68916 		.ascii	";\326\211\026\233\3119\240\334\227\220\235Q)I\211\206"
  72      9BC939A0 
  72      DC97909D 
  72      51294989 
  72      86
  73 0265 F8153BA1 		.ascii	"\370\025;\241Q\216$g6:\322\272(\310\201/s\361\031UD"
  73      518E2467 
ARM GAS  /tmp/cc5kfFwu.s 			page 6


  73      363AD2BA 
  73      28C8812F 
  73      73F11955 
  74 027a A0680624 		.ascii	"\240h\006$p\004\012\247\257E\230\005J\033\370\334\002"
  74      70040AA7 
  74      AF459805 
  74      4A1BF8DC 
  74      02
  75 028b F5644006 		.ascii	"\365d@\006\341\010t;v}7\313\002\255\0338-A\277\317w"
  75      E108743B 
  75      767D37CB 
  75      02AD1B38 
  75      2D41BFCF 
  76 02a0 108E6C0C 		.ascii	"\020\216l\014\344K\203\010><\274\271l\220y\216\004\313"
  76      E44B8308 
  76      3E3CBCB9 
  76      6C90798E 
  76      04CB
  77 02b2 890AA771 		.ascii	"\211\012\247q\006\375d,\255se\343\370\377\306g\355\306"
  77      06FD642C 
  77      AD7365E3 
  77      F8FFC667 
  77      EDC6
  78 02c4 E95FC1D6 		.ascii	"\351_\301\326\351/\321F\376ma}\262/r\330v\017\344\324"
  78      E92FD146 
  78      FE6D617D 
  78      B22F72D8 
  78      760FE4D4 
  79 02d8 912A8DDC 		.ascii	"\221*\215\334\021\217\367dU\365\331\352S\247\275\027"
  79      118FF764 
  79      55F5D9EA 
  79      53A7BD17 
  80 02e8 7DDEAAB2 		.ascii	"}\336\252\262\032\257\257\266\\<\317T\326\224\371\252"
  80      1AAFAFB6 
  80      5C3CCF54 
  80      D694F9AA 
  81 02f8 3CE5A09E 		.ascii	"<\345\240\236\253\270|I=\357\253(g\025\265\265\277\000"
  81      ABB87C49 
  81      3DEFAB28 
  81      6715B5B5 
  81      BF00
  82 030a 52354B12 		.ascii	"R5K\022"
  83              		.text
  84              		.section	.gnu.lto_flashGetSectorOffset.f56c44efbd7d3e53,"",%progbits
  85 0000 789C9554 		.ascii	"x\234\225T\335K\024Q\024\277g\356\235\331u\335\017\015"
  85      DD4B1451 
  85      14BF67EE 
  85      9DD975DD 
  85      0F0D
  86 0012 89101F0C 		.ascii	"\211\020\037\014\024\361\305\355\241\267 \210^z\353"
  86      14F1C5ED 
  86      A1B72088 
  86      5E7AEB
  87 0021 A13F2074 		.ascii	"\241? t]Q\020V\\\351\245\007\247\335\365+C\304Ri\230"
  87      5D511056 
  87      5CE9A507 
  87      A7DDF52B 
ARM GAS  /tmp/cc5kfFwu.s 			page 7


  87      43C45269 
  88 0036 646BC982 		.ascii	"dk\311\202\012\223\314\362\243\\]3\265\374\2120K\310"
  88      0A93CCF2 
  88      A35C5D33 
  88      B5FC8A30 
  88      4BC8
  89 0048 302C15DB 		.ascii	"0,\025\333\020d\301\014\353\334;\273\370\301\276\270"
  89      1064C10C 
  89      EBDC3BBB 
  89      F8C1BEB8 
  90 0058 EC9CB933 		.ascii	"\354\234\2713\367\374>\316\271\207Q\010!1F\3109\274"
  90      F7FC3ECE 
  90      B9875108 
  90      213146C8 
  90      39BC
  91 006a 9FC58B98 		.ascii	"\237\305\213\230\011H\004/\240\030\251\204[\252$c`\014"
  91      0948042F 
  91      A018A984 
  91      5BAA2463 
  91      600C
  92 007c 147C238B 		.ascii	"\024|#\213\250\200\011\243\011\000\001@\252%\312d\305"
  92      A88009A3 
  92      09000140 
  92      AA25CA64 
  92      C5
  93 008d 04D57083 		.ascii	"\004\325p\203\336\2420\027x\252\323F\252S\002\014\037"
  93      DEA23017 
  93      78AAD346 
  93      AA53020C 
  93      1F
  94 009e 37A7B4EF 		.ascii	"7\247\264\357v\376\010\220\215\217\033\321\261\036k"
  94      76FE0890 
  94      8D8F1BD1 
  94      B11E6B
  95 00ad FE0355F5 		.ascii	"\376\003U\365\251\341\366\005\345a\317\254\232\242S"
  95      A9E1F605 
  95      E561CFAC 
  95      9AA253
  96 00bc 89B4617A 		.ascii	"\211\264az\017d\3013\310\342\244\317!\037\223\233\347"
  96      0F64C133 
  96      C8E2A4CF 
  96      211F939B 
  96      E7
  97 00cd A38F29CD 		.ascii	"\243\217)\315\001\202\353\340\316\334g{\336}\001\034"
  97      0182EBE0 
  97      CEDC677B 
  97      DE7D011C 
  98 00dd EDA46A8E 		.ascii	"\355\244j\216N)\364\002\335\017\304W\004^@\036\246/"
  98      4E29F402 
  98      DD0FC457 
  98      045E401E 
  98      A62F
  99 00ef 857D0146 		.ascii	"\205}\001F\363\005tqg\373j\034\031\325Nt\372\325\013"
  99      F3057471 
  99      67FB6A1C 
  99      19D54E74 
  99      FAD50B
ARM GAS  /tmp/cc5kfFwu.s 			page 8


 100 0102 3A65F0F2 		.ascii	":e\360\3620\226\021\350\203<\016\350\015/\3671zJ\200"
 100      309611E8 
 100      833C0EE8 
 100      0D2FF731 
 100      7A4A80
 101 0115 3B967FDE 		.ascii	";\226\177\336\261\347\206\004zW\313\014\371\325q\225"
 101      B1E78604 
 101      7A57CB0C 
 101      F9D57195 
 102 0125 E95486FE 		.ascii	"\351T\206\376\203x\376\303\364\255\233_\226\354\364"
 102      8378FEC3 
 102      F4AD9B5F 
 102      96ECF4
 103 0134 8C80FA56 		.ascii	"\214\200\372V\233\246\023\320\230\226q/\016\225`0)t"
 103      9BA613D0 
 103      9896712F 
 103      0E956030 
 103      2974
 104 0146 B97BB7D5 		.ascii	"\271{\267\325\2460x\005\2710\000\271A<\001\314\302f"
 104      A6307805 
 104      B93000B9 
 104      413C01CC 
 104      C266
 105 0158 BCC6A663 		.ascii	"\274\306\246c\253y7\273\177m\017+\234\262E\015\317\353"
 105      AB7937BB 
 105      7F6D0F2B 
 105      9CB2450D 
 105      CFEB
 106 016a 1977FD35 		.ascii	"\031w\3755\006%9\314\007C\310\262\307\324\365A\016\253"
 106      062539CC 
 106      0743C8B2 
 106      C7D4F541 
 106      0EAB
 107 017c BBFFEAB0 		.ascii	"\273\377\352\260\003\231\177\267V\322\323\001\013V$"
 107      03997FB7 
 107      56D2D301 
 107      0B5624
 108 018b 0C260462 		.ascii	"\014&\004b\036\303\245Y\346A\301\220b\342+3_Y\200w\324"
 108      1EC3A559 
 108      E641C190 
 108      62E22B33 
 108      5F598077 
 109 01a0 4A38910D 		.ascii	"J8\221\015x\207\354\002\340\0201\215pqR\317}\222\006"
 109      7887EC02 
 109      E010318D 
 109      707152CF 
 109      7D9206
 110 01b3 BEA4EBE0 		.ascii	"\276\244\353\340\353_\353\212\034\347\2665\012h\272"
 110      EB5FEB8A 
 110      1CE7B635 
 110      0A68BA
 111 01c2 AD6664C6 		.ascii	"\255fd\306\304G\200\212\266\014\216L\215)A\350\270\246"
 111      C447808A 
 111      B60C8E4C 
 111      8D2941E8 
 111      B8A6
 112 01d4 AA6AB64E 		.ascii	"\252j\266N-\032\265@\230\333\306\275\217u\013_S\235"
ARM GAS  /tmp/cc5kfFwu.s 			page 9


 112      2D1AB540 
 112      98DBC6BD 
 112      8F750B5F 
 112      539D
 113 01e6 4F54634B 		.ascii	"OTcK\201a\010B\253 \207\021p\022\316\235b\020K\373\211"
 113      81610842 
 113      AB208711 
 113      7012CE9D 
 113      62104BFB 
 114 01fb 9564C4A9 		.ascii	"\225d\304\251\250\016\2218\361fc\313\002 q\263\330\262"
 114      A80E9138 
 114      F16663CB 
 114      022071B3 
 114      D8B2
 115 020d C2A82016 		.ascii	"\302\250 \026\003\374\006\2117 \020\214\201\301lEr\202"
 115      03FC0689 
 115      3720108C 
 115      81C16C45 
 115      7282
 116 021f A6746A13 		.ascii	"\246tj\023E\321DQ\003!\213\221\301\366k\313\311\264"
 116      45D14451 
 116      03218B91 
 116      C1F66BCB 
 116      C9B4
 117 0231 ED480363 		.ascii	"\355H\003cI\265\035\360VhK\\{\034\265W \260\0309\235"
 117      49B51DF0 
 117      56684B5C 
 117      7B1CB557 
 117      20B01839 
 118 0246 84D90104 		.ascii	"\204\331\001\004&\342\347\331\200\343\031\2671\350\267"
 118      26E2E7D9 
 118      80E319B7 
 118      31E8B7
 119 0255 1BC9F211 		.ascii	"\033\311\362\021u'\367t\337\211f\372\265\332\333\361"
 119      7527F774 
 119      DF8966FA 
 119      B5DADBF1 
 120 0265 76E2DF86 		.ascii	"v\342\337\206\220\353\177>5\231\2716\0033\274G\036L"
 120      90EB7F3E 
 120      3599B936 
 120      0333BC47 
 120      1E4C
 121 0277 D26BE38D 		.ascii	"\322k\343\2151\241$f\212S\230\3102\3369\016y\010v\362"
 121      31A12466 
 121      8A5398C8 
 121      32DE390E 
 121      790876F2 
 122 028b A14AC364 		.ascii	"\241J\303d\303\372A\033\301\037\222N\323aJ\030\021\263"
 122      C3FA411B 
 122      C11F924E 
 122      D3614A18 
 122      11B3
 123 029d 3D8D4678 		.ascii	"=\215Fxur\242\272\241P\221\301l>Ru\307`F\2202N:\233"
 123      7572A2BA 
 123      A15091C1 
 123      6C3E5275 
 123      C7604690 
ARM GAS  /tmp/cc5kfFwu.s 			page 10


 124 02b5 A86E821A 		.ascii	"\250n\202\032\\\010\264!\243PR\014\245\266\265\311\210"
 124      5C08B421 
 124      A350520C 
 124      A5B6B5C9 
 124      88
 125 02c6 62ECA25B 		.ascii	"b\354\242[\364\022\003\212\3450\355\3677@\200\274\356"
 125      F412038A 
 125      E530EDF7 
 125      374080BC 
 125      EE
 126 02d7 C15CFCCC 		.ascii	"\301\\\374\314\321U\374\314\265\343\244D\301\027|\324"
 126      D155FCCC 
 126      B5E3A444 
 126      C1177CD4 
 127 02e7 941987F0 		.ascii	"\224\031\207\3603\251\347\363\203\355<Y\340<_ZVTv\361"
 127      33A9E7F3 
 127      83ED3C59 
 127      E03C5F5A 
 127      565476F1 
 128 02fb 92D3E375 		.ascii	"\222\323\343u\226\026\226;\275\225.~\277\\R^\350--p"
 128      9616963B 
 128      BD952E7E 
 128      BF5C525E 
 128      E82D2D70 
 129 030f 1156ECBE 		.ascii	"\021V\354\276R\241x\335\256*O\245\245\330\355uU\226"
 129      52A178DD 
 129      AE2A4FA5 
 129      A5D8ED75 
 129      5596
 130 0321 55E052F1 		.ascii	"U\340R\361\224\224x\335U\377\001\356Q\223h"
 130      949478DD 
 130      55FF01EE 
 130      519368
 131              		.text
 132              		.section	.gnu.lto_flashGetSectorSize.f56c44efbd7d3e53,"",%progbits
 133 0000 789C9594 		.ascii	"x\234\225\224\337K\024Q\024\307\357\231{g\306\375\255"
 133      DF4B1451 
 133      14C7EF99 
 133      7B67C6FD 
 133      AD
 134 0011 10216260 		.ascii	"\020!b`\240\210/n\017\275\005\365\320Ko=\364\007\204"
 134      A0882F6E 
 134      0FBD05F5 
 134      D04B6F3D 
 134      F40784
 135 0024 AD1B2E08 		.ascii	"\255\033.\010\212\033=$\344\350\256\277#DRa\031uM$\372"
 135      8A1B3D24 
 135      E4E8AEBF 
 135      23445261 
 135      19754D24 
 136 0039 45499BE5 		.ascii	"EI\233\345f\266\272\266ifj\364\3030\014\214Hc\025|\221"
 136      66B6BAB6 
 136      69666AF4 
 136      C3300C8C 
 136      4863157C 
 137 004e 4CD83AF7 		.ascii	"L\330:\367\316\210?X\202\226\2353w\346~\277\237s\356"
 137      CE883F58 
ARM GAS  /tmp/cc5kfFwu.s 			page 11


 137      82969D33 
 137      77E67EBF 
 137      9F73EE
 138 0061 B9975108 		.ascii	"\271\227Q\010!_\030!\247\360~\022/\222A@\"x\001\305"
 138      215F1821 
 138      A7F07E12 
 138      2F924140 
 138      227801C5 
 139 0075 48259CD2 		.ascii	"H%\234\322$\031\003c\240\340\033YD\005T\214*\000\032"
 139      24190363 
 139      A0E01B59 
 139      4405548C 
 139      2A001A
 140 0088 80D44894 		.ascii	"\200\324H\224\311\212\0125p\215\336\2400\037|\250\323"
 140      C98A0A35 
 140      708DDEA0 
 140      301F7CA8 
 140      D3
 141 0099 56AA5302 		.ascii	"V\252S\002\014\0377fB\337\234\374\021 \017\037\223\353"
 141      0C1F3766 
 141      42DF9CFC 
 141      11200F1F 
 141      93EB
 142 00ab 8988BDE8 		.ascii	"\211\210\275\350\226\246\325i\261\256\250\032\212\314"
 142      96A6D569 
 142      B1AEA81A 
 142      8ACC
 143 00b9 69169D4A 		.ascii	"i\026\235J\244\023\345\021\310\205G\220\313\241\217"
 143      A413E511 
 143      C8854790 
 143      CBA18F
 144 00c8 A108C56D 		.ascii	"\241\010\305m\037\327\357Q\232\017\004\307\341\355\371"
 144      1FD7EF51 
 144      9A0F04C7 
 144      E1EDF9
 145 00d7 CFCEC201 		.ascii	"\317\316\302\001a\234\030\240Z\276N)\014\001\335k\304"
 145      619C18A0 
 145      5ABE4E29 
 145      0C01DD6B 
 145      C4
 146 00e8 57049E40 		.ascii	"W\004\236@!\312\277\306\352\202\214\026\011\353\342"
 146      21CABFC6 
 146      EA828C16 
 146      09EBE2
 147 00f7 F656B5E9 		.ascii	"\366V\265\351\334\354\316\036\010hgt\312\340\351A/#"
 147      DCECCE1E 
 147      08686774 
 147      CAE0E941 
 147      2F23
 148 0109 300C85DC 		.ascii	"0\014\205\3340\024[\036f\364\2300\367,\377\350v\026"
 148      30145B1E 
 148      66F49830 
 148      F72CFFE8 
 148      7616
 149 011b F40B77A2 		.ascii	"\364\013w\242'\247?\240MjL\2472D\367\373\371\017\345"
 149      27A73FA0 
 149      4D6A4CA7 
ARM GAS  /tmp/cc5kfFwu.s 			page 12


 149      3244F7FB 
 149      F90FE5
 150 012e 376B3F4C 		.ascii	"7k?L;\350\011a\275\333[{\333jZS\335\331}\246U\202\221"
 150      3BE80961 
 150      BDDB5B7B 
 150      DB6A5A53 
 150      DDD97DA6 
 151 0145 B4D6E5C1 		.ascii	"\264\326\345\301T\207Ca\360\034\012\340\031\024\204"
 151      54874361 
 151      F01C0AE0 
 151      191484
 152 0154 71075085 		.ascii	"q\007P\205\315\030\305\246c\253y7\007\327\266\306\024"
 152      CD18C5A6 
 152      63AB7937 
 152      07D7B6C6 
 152      14
 153 0165 8E6CD762 		.ascii	"\216l\327bK\275\207\372\002\365\006\222\034\344\301"
 153      4BBD87FA 
 153      02F50692 
 153      1CE4C1
 154 0174 0BA4EC92 		.ascii	"\013\244\354\222\036\274\223cZ\352O#v\340H2\222\312"
 154      1EBC9363 
 154      5AEA4F23 
 154      76E04832 
 154      92CA
 155 0186 CA045CB0 		.ascii	"\312\004\\\260\"aP\321\210:\206\303\014\231\007\005"
 155      226150D1 
 155      883A86C3 
 155      0C990705 
 156 0196 8345E523 		.ascii	"\203E\345#\013\360f\332\010g\330\205\312\001\274EN1"
 156      0BF066DA 
 156      0867D885 
 156      CA01BC45 
 156      4E31
 157 01a8 76119E97 		.ascii	"v\021\236\2274\361\022I3\037\322\237P\027]]\211\037"
 157      34F11249 
 157      331FD29F 
 157      50175D5D 
 157      891F
 158 01ba E6158728 		.ascii	"\346\025\207(`\275\235\365\343\263*\337}*:22>\223P\302"
 158      60BD9DF5 
 158      E3B32ADF 
 158      7D2A3A32 
 158      323E9350 
 159 01cf D053AB69 		.ascii	"\320S\253iZ\236N\255!j\201\030\257\030\347\3367.,\331"
 159      5A9E4EAD 
 159      216A8118 
 159      AF18E7DE 
 159      372E2CD9 
 160 01e3 DCF73563 		.ascii	"\334\3675cJ\2011\010C\207\200\3038\270\011g[\014\260"
 160      4A813108 
 160      438780C3 
 160      38B80967 
 160      5B0CB0
 161 01f6 B417ACA4 		.ascii	"\264\027\254\244\003\3330;\304M\360Fk\373\002 \270M"
 161      03DB303B 
 161      C44DF046 
ARM GAS  /tmp/cc5kfFwu.s 			page 13


 161      6BFB0220 
 161      B84D
 162 0208 4CD96142 		.ascii	"L\331aB\200\305\331}\211\340$\004\303\233`\220\321'"
 162      80C5D97D 
 162      89E02404 
 162      C39B6090 
 162      D127
 163 021a 112C4AA7 		.ascii	"\021,J\247\016\261(\272\263\250d\277\325P\260\275\271"
 163      0EB128BA 
 163      B3A864BF 
 163      D550B0BD 
 163      B9
 164 022b E574B99D 		.ascii	"\345t\271\235\210\201D\332\334.x%rK<\367$\346\376\016"
 164      888144DA 
 164      DC2E7825 
 164      724B3CF7 
 164      24E6FE0E 
 165 023f C1C5F8F1 		.ascii	"\301\305\370\3614d\027\020\2302\267\262\031O\246Y\306"
 165      34641710 
 165      9832B7B2 
 165      194FA659 
 165      C6
 166 0250 5ADC6688 		.ascii	"Z\334f\210\345\377\314\373z7\357\264hf \324\260\245"
 166      E5FFCCFB 
 166      7A37EFB4 
 166      686620D4 
 166      B0A5
 167 0262 1A2CFC3B 		.ascii	"\032,\374;\320\322\362\373\323\365\014\236\233A\006"
 167      D0D2F2FB 
 167      D3F50C9E 
 167      9B4106
 168 0271 BC410E8A 		.ascii	"\274A\016\212\364\006\2631*\246D\245\330\205\251\034"
 168      F406B331 
 168      2AA644A5 
 168      D885A91C 
 169 0281 E39DF340 		.ascii	"\343\235\363@\015\341\024?T\231(6J\337_FxT\322i\026"
 169      0DE1143F 
 169      54992836 
 169      4ADF5F46 
 169      7854D269 
 170 0296 CC8842C4 		.ascii	"\314\210B\304\261~\213\205\360\325\311;\253\373\025"
 170      B17E8B85 
 170      F0D5C93B 
 170      ABFB15
 171 02a5 570CB2FD 		.ascii	"W\014\262\375 9\312\311\377X`\026\314\012.\343\3349"
 171      2039CAC9 
 171      FF586016 
 171      CC0A2EE3 
 171      DC39
 172 02b7 93AB18DC 		.ascii	"\223\253\030\334\316\325\355\035\256+\3043o\002\305"
 172      CED5ED1D 
 172      AE2BC433 
 172      6F02C5
 173 02c6 E2D99D6A 		.ascii	"\342\331\235jL$\267\\E%~\315\350\012~\315\272\360T\254"
 173      4C24B75C 
 173      45257ECD 
 173      E80A7ECD 
ARM GAS  /tmp/cc5kfFwu.s 			page 14


 173      BAF054AC 
 174 02da 435D78CD 		.ascii	"C]x\315e\352y\373\233\370Q\301\316\035-v\237.\363]\360"
 174      65EA79FB 
 174      9BF851C1 
 174      CE1D2D76 
 174      9F2EF35D 
 175 02ef 9D3DE7AE 		.ascii	"\235=\347\256\360\273\313J\312\335\376*\017\277\237"
 175      F0BBCB4A 
 175      CADDFE2A 
 175      0FBF9F
 176 02fe BF585EE2 		.ascii	"\277X^\342/+\366\020V\352\275\\\251\370\275\236K\025"
 176      2F2BF610 
 176      56EABD5C 
 176      A9F8BD9E 
 176      4B15
 177 0310 55D652AF 		.ascii	"U\326R\257\337S\345\253\304!\363\373\256x\377\002i\004"
 177      DF53E5AB 
 177      C421F3FB 
 177      AE78FF02 
 177      6904
 178 0322 8B46     		.ascii	"\213F"
 179              		.text
 180              		.section	.gnu.lto_.symbol_nodes.f56c44efbd7d3e53,"",%progbits
 181 0000 789C55C8 		.ascii	"x\234U\310\275\011\204P\020E\3413\363\036\266a+Z\331"
 181      BD098450 
 181      1045E133 
 181      F31EB661 
 181      2B5AD9
 182 0013 3C03118C 		.ascii	"<\003\021\214\354\300\277*4\333\006\266\006\301tk\020"
 182      ECC0BF2A 
 182      34DB06B6 
 182      06C1746B 
 182      10
 183 0024 87550383 		.ascii	"\207U\003\203\313\341~\031P\373\320V\015\272/x\226\364"
 183      CBE17E19 
 183      50FBD056 
 183      0DBA2F78 
 183      96F4
 184 0036 49995BAF 		.ascii	"I\231[\257&\217\255U\3512\250\351[F\265\360\022\231"
 184      268FAD55 
 184      E932A8E9 
 184      5B46B5F0 
 184      1299
 185 0048 D4E25F20 		.ascii	"\324\342_ \245\002\002\221y;$\010\314\315/\217\302\356"
 185      A5020291 
 185      793B2408 
 185      CCCD2F8F 
 185      C2EE
 186 005a 97A877C3 		.ascii	"\227\250w\303UN,\022$P"
 186      554E2C12 
 186      2450
 187              		.text
 188              		.section	.gnu.lto_.refs.f56c44efbd7d3e53,"",%progbits
 189 0000 789C6363 		.ascii	"x\234cc```\004b\006\000\000D\000\010"
 189      60606004 
 189      62060000 
 189      440008
ARM GAS  /tmp/cc5kfFwu.s 			page 15


 190              		.text
 191              		.section	.gnu.lto_.decls.f56c44efbd7d3e53,"",%progbits
 192 0000 789C9D59 		.ascii	"x\234\235Y{PTW\232\277\347\236\246i\232\227\003n\312"
 192      7B505457 
 192      9ABFE79E 
 192      A6699A97 
 192      036ECA
 193 0013 5475D53A 		.ascii	"Tu\325:\011\33103\011\304d\2662[;5;f\006\215\265\361"
 193      09D93033 
 193      09C464B6 
 193      325B3B35 
 193      3B66068D 
 194 0029 B16866CA 		.ascii	"\261hf\312\374\261\035\002\2550\213\340v\267\251ugv"
 194      FCB11D02 
 194      AD308BE0 
 194      76B7A975 
 194      6776
 195 003b E7222028 		.ascii	"\347\" (\032@\2207(\370\000\202\240<\014oi\024\024P"
 195      1A409037 
 195      28F80082 
 195      A03C0C6F 
 195      69141450 
 196 004f 11091A35 		.ascii	"\021\011\0325A0 \342\003P@y*\373\235s\356\355\276\335"
 196      413020E2 
 196      03504079 
 196      2AFB9D73 
 196      EEEDBEDD 
 197 0063 749BCC76 		.ascii	"t\233\314v\325\341\236s\356\357{\234\357\373\235\327"
 197      D5E19E73 
 197      EEEF7B9C 
 197      EFFB9DD7 
 198 0073 45C9715C 		.ascii	"E\311q\\\236\206\343V)\240\302s\334\002\374\234\240"
 198      9E86E356 
 198      29A0C273 
 198      DC02FC9C 
 198      A0
 199 0084 DACC597E 		.ascii	"\332\314Y~\244\335\016%\022q\234\021\312N(\177F\334"
 199      A4DD0E25 
 199      12719C11 
 199      CA4E287F 
 199      46DC
 200 0096 A25F0AF4 		.ascii	"\242_\012\364)\341\371)\024/(K\241\234\203\362\027\350"
 200      29E1F929 
 200      142F284B 
 200      A19C83F2 
 200      17E8
 201 00a8 6F1331BC 		.ascii	"o\0231\274\250\313\236|\037\274\\\002\317\2072\371p"
 201      A8CB9E7C 
 201      1FBC5C02 
 201      CF8732F9 
 201      70
 202 00b9 C099E019 		.ascii	"\300\231\340\031\010\317Qx\276\011\305\027\312\237\240"
 202      08CF5178 
 202      BE09C517 
 202      CA9FA0
 203 00c8 FD6F50FE 		.ascii	"\375oP\376\007J'\264Gdv\210\215\255P\337\200X\235\370"
 203      074A27B4 
ARM GAS  /tmp/cc5kfFwu.s 			page 16


 203      47647688 
 203      8DAD50DF 
 203      80589DF8 
 204 00dc 4D6C1293 		.ascii	"Ml\022\223\377kc\367>\000\274e\366<\020\2639\016\365"
 204      FF6B63F7 
 204      3E00BC65 
 204      F63C10B3 
 204      390EF5
 205 00ef 7F41CCEE 		.ascii	"\177A\314\356J(o!f[\262\373W(\277\205\362\033(\002\224"
 205      4A286F21 
 205      665BB2FB 
 205      5728BF85 
 205      F21B2802 
 206 0104 5F408982 		.ascii	"_@\211\202\262\013\261x\021\373\377\012\345=(\377\000"
 206      B20BB178 
 206      11FBFF0A 
 206      E53D28FF 
 206      00
 207 0115 E57DC4EC 		.ascii	"\345}\304\354\033E\237\222\341y\300\306\227\011\236"
 207      1B459F92 
 207      E179C0C6 
 207      97099E
 208 0124 F921F962 		.ascii	"\371!\371b\342\376\377\276\330\363\343\015\231\037;"
 208      E2FEFFBE 
 208      D8F3E30D 
 208      991F3B
 209 0133 453FB2E0 		.ascii	"E?\262\340\231m\343G*F%\007\006\322\025}\250\227\274"
 209      996DE347 
 209      2A462507 
 209      06D2157D 
 209      A897BC
 210 0146 414B1012 		.ascii	"AK\020\022\245\344?\322^\220~\344=\003\360Hz\311P\213"
 210      A5E43FD2 
 210      5E907EE4 
 210      3D03F048 
 210      7AC9508B 
 211 015a F32C62A1 		.ascii	"\363,b\241\360\234\005k\221\220i\225\011#\372\343\250"
 211      F09C056B 
 211      91906995 
 211      0923FAE3 
 211      A8
 212 016b 2B725FA8 		.ascii	"+r_\250g\242{\310b\036\2311\022^\246\025\231\205\354"
 212      67A27BC8 
 212      621E9931 
 212      125EA615 
 212      9985EC
 213 017e B090E3B0 		.ascii	"\260\220\343\260\030\204\302\234L\247~t\033\220\237"
 213      1884C29C 
 213      4CA77E74 
 213      1B909F
 214 018d 705C922A 		.ascii	"p\\\222*\002\221\316\275Y\231\347\2340O\353]=\251\335"
 214      0291CEBD 
 214      5999E79C 
 214      304FEB5D 
 214      3DA9DD
 215 01a0 6AEC45EB 		.ascii	"j\354E\353S\321\2473\\\375N\010\354\247\372\017\016"
 215      53D1A733 
ARM GAS  /tmp/cc5kfFwu.s 			page 17


 215      5CFD4E08 
 215      ECA7FA0F 
 215      0E
 216 01b1 7D85B014 		.ascii	"}\205\260\024\316\336\266\342\022\234\200\321\233jD"
 216      CEDEB6E2 
 216      129C80D1 
 216      9B6A44
 217 01c0 3CF084AE 		.ascii	"<\360\204\256\223\217jg\334Y\027At'\216\037u\306\277"
 217      938F6A67 
 217      DC591741 
 217      74278E1F 
 217      75C6BF
 218 01d3 A6F5AB31 		.ascii	"\246\365\2531\247r\010\332K\215\024\320|r9k\300\003"
 218      A77208DA 
 218      4B8D14D0 
 218      7C72396B 
 218      C003
 219 01e5 9A4BD568 		.ascii	"\232K\325hy*\346\373n\316}\347\201\324\276\361\202\260"
 219      792AE6FB 
 219      6ECE7DE7 
 219      81D4BEF1 
 219      82B0
 220 01f7 4B381C2D 		.ascii	"K8\034-\270|\310\241\006\244A\365H\303\2413\310\227"
 220      B87CC8A1 
 220      06A441F5 
 220      48C3A133 
 220      C897
 221 0209 68AC467E 		.ascii	"h\254F~\034\252\205\316\032\350<N\0342-d\374&s\\\020"
 221      1CAA85CE 
 221      1AE83C4E 
 221      1C322D64 
 221      FC26735C 
 222 021e 96A346A4 		.ascii	"\226\243F\244Fu\010S\014D\340M5s\261\370hr\201\022\377"
 222      46750853 
 222      0C44E04D 
 222      3573B1F8 
 222      68728112 
 223 0233 8538C0D7 		.ascii	"\2058\300\327g\337m\345\035\231hvhb\254\350\265\363"
 223      67DF6DE5 
 223      1D996876 
 223      6862ACE8 
 223      B5F3
 224 0245 B182C023 		.ascii	"\261\202\300#\023\230h\262\230\000\213\314\306\263\366"
 224      139868B2 
 224      98008BCC 
 224      C6B3F6
 225 0254 F412777C 		.ascii	"\364\022w|\022Q#Y3\015\347\034\032iql\344\244\317\241"
 225      12512359 
 225      330DE71C 
 225      1A69716C 
 225      E4A4CFA1 
 226 0268 1E328E73 		.ascii	"\0362\216s`\344\254\305\210I2r\264\363\370\274\247\002"
 226      60E4ACC5 
 226      88493272 
 226      B4F3F8BC 
 226      A702
 227 027a A8451111 		.ascii	"\250E\021\021\012\322\327\2720e\362d\021\345I\260\037"
ARM GAS  /tmp/cc5kfFwu.s 			page 18


 227      0AD2D7BA 
 227      3065F264 
 227      11E549B0 
 227      1F
 228 028b 5FCA7565 		.ascii	"_\312ue\021]\002\315;}\007c\371eiD}R\264\260\204G\237"
 228      115D02CD 
 228      3B7D0763 
 228      F9656944 
 228      7D52B4B0 
 229 02a2 BE822E80 		.ascii	"\276\202.\200\321\363`\224Cmh\031\374mE\012\246~\354"
 229      D1F36094 
 229      436D6819 
 229      FC6D450A 
 229      A67EEC
 230 02b5 45733D7E 		.ascii	"Es=~\355\260`2AL\353\177U\033\235\260_8\214>$0t\332"
 230      EDB06032 
 230      414CEB7F 
 230      551B9DB0 
 230      5F388C3E 
 231 02cd E2CE6992 		.ascii	"\342\316i\222|T\205\372\021\252D}@\241v\364\032H\267"
 231      7C5485FA 
 231      11AA447D 
 231      40A176F4 
 231      1A48B7
 232 02e0 CC5E1054 		.ascii	"\314^\020T8\206\321'y\341h\217\013Na\215\321\230\273"
 232      3886D127 
 232      79E1688F 
 232      0B4E618D 
 232      D198BB
 233 02f3 FDAECCC5 		.ascii	"\375\256\314\305e\320<\370\325\363>\027\234\316\336"
 233      65D03CF8 
 233      D5F33E17 
 233      9CCEDE
 234 0302 2DF47EDD 		.ascii	"-\364~\335\256t\333k\016\024\015\260\024+\016u\"7\221"
 234      AE74DB6B 
 234      0E140DB0 
 234      142B0E75 
 234      223791
 235 0315 6795E58D 		.ascii	"g\225\345\215\035<\035;\364\211c\237\273\263\257\336"
 235      1D3C1D3B 
 235      F489639F 
 235      BBB3AFDE 
 236 0325 99F669DD 		.ascii	"\231\366i\335\320\025D\373N\306\016\026\253\300\230"
 236      D01544FB 
 236      4EC60E16 
 236      ABC098
 237 0334 06F88864 		.ascii	"\006\370\210dd\32402N\356\215\235\"\004\374D\215\234"
 237      64D43032 
 237      4EEE8D9D 
 237      2204FC44 
 237      8D9C
 238 0346 A1792C37 		.ascii	"\241y,7\267\333\031\037a\276\364\227t\217\270\203:\324"
 238      B7DB191F 
 238      61BEF497 
 238      748FB883 
 238      3AD4
 239 0358 0383FD9A 		.ascii	"\003\203\375\232\330\207\316\301\271\322:\017&\240\204"
ARM GAS  /tmp/cc5kfFwu.s 			page 19


 239      D887CEC1 
 239      B9D23A0F 
 239      26A084
 240 0367 6676CA9D 		.ascii	"fv\312\235\002W\334\310\004R\207O(\011\376\033\300_"
 240      0257DCC8 
 240      0452874F 
 240      2809FE1B 
 240      C05F
 241 0379 079FAF31 		.ascii	"\007\237\2571\027\332\217\326\315\2731\021'h\246\247"
 241      17DA8FD6 
 241      CDBB3111 
 241      2768A6A7 
 242 0389 4CEE73C1 		.ascii	"L\356s\301=L\344\341\355\352\003ND\346\026\310\334\004"
 242      3D4CE4E1 
 242      EDEA034E 
 242      44E616C8 
 242      DC04
 243 039b 991B4C46 		.ascii	"\231\033LF\232\030\237\260\211\021\323T\220\344\201"
 243      9A189FB0 
 243      8911D354 
 243      90E481
 244 03aa EF3199E8 		.ascii	"\3571\231\350\352\202Aj\247\027d\276\003\231o\231\314"
 244      EA82416A 
 244      A71764BE 
 244      03996F99 
 244      CC
 245 03bb D9FEEA46 		.ascii	"\331\376\352FW<\303@Q\211g\253H| #\030\275\245\201\271"
 245      573CC340 
 245      518967AB 
 245      487C2023 
 245      18BDA581 
 246 03d0 6D458F4F 		.ascii	"mE\217O\030=v_\235\314\360\304\3731\025ii?8K}\371\036"
 246      183D765F 
 246      9DCCF0C4 
 246      FB311569 
 246      693F384B 
 247 03e7 44EE80DE 		.ascii	"D\356\200\336~&\223?\2339\253\304y\014\364\260.\356"
 247      7E26933F 
 247      9B39ABC4 
 247      790CF4B0 
 247      2EEE
 248 03f9 BF086610 		.ascii	"\277\010f\0200\277\320\240\001\006)\350Ny\356\206\313"
 248      30BFD0A0 
 248      010629E8 
 248      4E79EE86 
 248      CB
 249 040a 1924E35C 		.ascii	"\031$\343\\\316>L0C\200\371\271\006\335\245\030>\253"
 249      CE3E4C30 
 249      4380F9B9 
 249      06DDA518 
 249      3EAB
 250 041c 36ADCD09 		.ascii	"6\255\315\011\251|w\223\344\012\321Qx\031\207\336\323"
 250      A97C7793 
 250      E40AD151 
 250      781987DE 
 250      D3
 251 042d A077485E 		.ascii	"\240wH^\207\221\212\320\011\335\207\311p\017)P7X\277"
ARM GAS  /tmp/cc5kfFwu.s 			page 20


 251      87918AD0 
 251      09DD87C9 
 251      700F2950 
 251      3758BF
 252 0440 6A9E0817 		.ascii	"j\236\010\027\246\337\312i \023\001`\234H;\221\006\337"
 252      A6DFCA69 
 252      20130160 
 252      9C483B91 
 252      06DF
 253 0452 9C9C6F75 		.ascii	"\234\234ou\306C\3240?\330Z\231b\337\002z\004\212_nd"
 253      C643D430 
 253      3FD85A99 
 253      62DF027A 
 253      048A5F6E 
 254 0467 2857098B 		.ascii	"(W\011\213\031z\010\240\007\026r\023\213\324P\336\231"
 254      197A08A0 
 254      07167213 
 254      8BD450DE 
 254      99
 255 0478 CE2227F9 		.ascii	"\316\"'\371\314!@\313\324\031\241S\247K\232:\247\212"
 255      CC2140CB 
 255      D419A153 
 255      A74B9A3A 
 255      A78A
 256 048a C62F2139 		.ascii	"\306/!9\215\341\275\214\306\243f\032K\363\323\213\315"
 256      8DE1BD8C 
 256      C6A3661A 
 256      4BF3D38B 
 256      CD
 257 049b CFDAD9A6 		.ascii	"\317\332\331\246cj<\311\3428W\3758C\211\343\024tl\211"
 257      636A3CC9 
 257      E23857FD 
 257      384389E3 
 257      14746C89 
 258 04af A75EB42A 		.ascii	"\247^\264*\035\255!\023\016\327\220gyK!\024\010\215"
 258      1DAD2113 
 258      0ED79067 
 258      794B2114 
 258      088D
 259 04c1 C3347A62 		.ascii	"\3034zbg\01192\033\237\306\246\321\270y\011\251J\031"
 259      67093932 
 259      1B9FC6A6 
 259      D1B87909 
 259      A94A19
 260 04d4 6C7091A6 		.ascii	"lp\221\246\321$Kp\355B\343\024v<\374gt\370O\245\341"
 260      D1244B70 
 260      ED42E314 
 260      763CFC67 
 260      74F84FA5 
 261 04e9 8F3EF9EA 		.ascii	"\217>\371\352&/\037\3763\253\341O\231\207\337x\345\346"
 261      262F1FFE 
 261      33ABE14F 
 261      9987DF78 
 261      E5E6
 262 04fb 59254EA3 		.ascii	"Y%N\243CDe'\346N\251%\273\314\225\375\367M\343/1;K\315"
 262      43446527 
 262      E64EA925 
ARM GAS  /tmp/cc5kfFwu.s 			page 21


 262      BBCC95FD 
 262      F74DE32F 
 263 0513 CE48668F 		.ascii	"\316Hf\217\266\366\235\267Z<f\255\314\316\231\315f\325"
 263      B6F69DB7 
 263      5A3C66AD 
 263      CCCE99CD 
 263      66D5
 264 0525 4F7638B1 		.ascii	"Ov8\261\250\253H\020z\007\333\335\361q\346E\225i\242"
 264      A8AB4810 
 264      7A07DBDD 
 264      F171E645 
 264      9569A2
 265 0538 5481CB58 		.ascii	"T\201\313X\324\313K\007\377\204|\325\322\276\342\027"
 265      D4CB4B07 
 265      FF847CD5 
 265      D2BEE217 
 266 0548 1B47167D 		.ascii	"\033G\026}\201W\243\027\226`jH,i^\204#\202\214s\013"
 266      8157A317 
 266      96606A48 
 266      2C695E84 
 266      23828C73 
 267 055d 90158D98 		.ascii	"\220\025\215\230\025\211kd\3739T\324\342\216k\230\201"
 267      15896B64 
 267      FB3954D4 
 267      E28E6B98 
 267      81
 268 056e DBA5639D 		.ascii	"\333\245c\235\330l\001\266\225J\272\255D\203\205(\336"
 268      D86C01B6 
 268      954ABAAD 
 268      44838528 
 268      DE
 269 057f 6C010CDA 		.ascii	"l\001\014\3327\261\213\267kb\346\336YA\241\026\361\361"
 269      37B18BB7 
 269      6B62E6DE 
 269      5941A116 
 269      F1F1
 270 0591 3F8CEFBA 		.ascii	"?\214\357\272R:f\225\257\030^\276\352\306\362R\340\256"
 270      523A6695 
 270      AF185EBE 
 270      EAC6F252 
 270      E0AE
 271 05a3 3434E4B9 		.ascii	"44\344\271\321\024A\237\230#i\307\337\274x\307\337\314"
 271      D114419F 
 271      982369C7 
 271      DFBC78C7 
 271      DFCC
 272 05b5 16D9A333 		.ascii	"\026\331\2433c\325n\330\304F|\271k\252N\345\210\310"
 272      63D56ED8 
 272      C4467CB9 
 272      6BAA4EE5 
 272      88C8
 273 05c7 09E0DF66 		.ascii	"\011\340\337f\321\277x^\203\342x\313\246\376z\315\275"
 273      D1BF785E 
 273      83E278CB 
 273      A6FE7ACD 
 273      BD
 274 05d8 044150A0 		.ascii	"\004AP\240\275\340\333\036Kl6\213L\356:v\256\303\203"
ARM GAS  /tmp/cc5kfFwu.s 			page 22


 274      BDE0DB1E 
 274      4B6C368B 
 274      4CEE3A76 
 274      AEC383
 275 05eb BA4600BB 		.ascii	"\272F\000\273y\352[}ef\215\002\3172\313M=\227\356:<"
 275      79EA5B7D 
 275      65668D02 
 275      CF32CB4D 
 275      3D97EE3A 
 276 0600 4E24F28E 		.ascii	"N$\362\216\246\320\205i\237<\272\015\177\001z\367\363"
 276      A6D08569 
 276      9F3CBA0D 
 276      7F017AF7 
 276      F3
 277 0611 8BE7D02D 		.ascii	"\213\347\320-\2416UA-\023\304>fy<3\245\314]\"s\022\353"
 277      A1365541 
 277      2D13C43E 
 277      66793C33 
 277      A5CC5D22 
 278 0628 3335F65E 		.ascii	"35\366^\366t\314\346\003<as2/\2629\345\326x\237\273"
 278      F674CCE6 
 278      033C6173 
 278      322FB239 
 278      E5D6789F 
 279 063d 3C29F05E 		.ascii	"<)\360^\226\224\024sRFw\327\365z\340=N4\326_V\2358\356"
 279      96941473 
 279      524677D7 
 279      F57AE03D 
 279      4E34D65F 
 280 0655 29978AB6 		.ascii	")\227\212\266J\345AK*\023\022kT\324\301\203\346T\336"
 280      4AE5414B 
 280      2A13126B 
 280      54D4C183 
 280      E654DE
 281 0668 9BBC5BA8 		.ascii	"\233\274[\2504\3070\215y\335{#1\033\231\207\227\316"
 281      34C7308D 
 281      79DD7B23 
 281      311B9987 
 281      97CE
 282 067a 3AAF4DE7 		.ascii	":\257M\347\375\2634\272\014\326\365 \361\330\230\322"
 282      FDB334BA 
 282      0CD6F520 
 282      F1D898D2 
 283 068a F1E8B2E8 		.ascii	"\361\350\262\350\3502\245\321\355\275x\271\300Y\356"
 283      E832A5D1 
 283      EDBD78B9 
 283      C059EE
 284 0699 6796D5E8 		.ascii	"g\226\325\350\262\315~f\\\035\230t\307_89Z\"z\312\307"
 284      B2CD7E66 
 284      5C1D9874 
 284      C75F3839 
 284      5A227ACA 
 285 06ae 3A799CCB 		.ascii	":y\234\313\336w\216\344\207\340c\254>Q|,\331\023W\260"
 285      DE778EE4 
 285      87E063AC 
 285      3E517C2C 
 285      D91357B0 
ARM GAS  /tmp/cc5kfFwu.s 			page 23


 286 06c2 C664CAAD 		.ascii	"\306d\312\255>\017\\\307\032\325\243%\325\356\354Pd"
 286      3E0F5CC7 
 286      1AD5A325 
 286      D5EEEC50 
 286      64
 287 06d3 A2BB57D4 		.ascii	"\242\273W\324\265\213\356\270\231\276T\314\224\227$"
 287      B58BEEB8 
 287      99BE54CC 
 287      949724
 288 06e2 61E4EDE3 		.ascii	"a\344\355\343\343\233L\207\002\005\326\027T\000l\234"
 288      E39B4C87 
 288      0205D617 
 288      54006C9C 
 289 06f2 A7AE1DE5 		.ascii	"\247\256\035\345\275\3516R\010\2149\316\373\240c\274"
 289      BDE93652 
 289      088C39CE 
 289      FBA063BC 
 290 0702 0FDD8D0A 		.ascii	"\017\335\215\012\310XL\267\213\274\216D\013m\357\320"
 290      C8584CB7 
 290      8BBC8E44 
 290      0B6DEFD0 
 291 0712 83CB1160 		.ascii	"\203\313\021`\013\201\233Y\346O\0244\0205\"|\366\357"
 291      0B819B59 
 291      E64F1434 
 291      1035227C 
 291      F6EF
 292 0724 B304530C 		.ascii	"\263\004S\014\246\241\315\267\213^A\300\214\211\267"
 292      A6A1CDB7 
 292      8B5E41C0 
 292      8C89B7
 293 0733 0F794591 		.ascii	"\017yE\221\305\034@6\333`\377\215\306\026O|\236\216"
 293      C51C4036 
 293      DB60FF8D 
 293      C6164F7C 
 293      9E8E
 294 0745 802F68CA 		.ascii	"\200/h\312x\206\220\257\267\270\257\025\321}\355KP\\"
 294      788690AF 
 294      B7B8AF15 
 294      D17DED4B 
 294      505C
 295 0757 64212F51 		.ascii	"d!/Q\001W3{#D\30500G\203$\013dS\334\001'oQ4\336\241"
 295      0157337B 
 295      2344C530 
 295      30478324 
 295      0B6453DC 
 296 0772 28672B57 		.ascii	"(g+W^q?_%\317x\211l\254\034:a\316\370\265\266\354)g"
 296      5E713F5F 
 296      25CF7889 
 296      6CAC1C3A 
 296      61CEF8B5 
 297 078a DCCF7275 		.ascii	"\334\317ru1\246`\300\025\217\262\306\343=\337\036\300"
 297      31A660C0 
 297      158FB2C6 
 297      E33DDF1E 
 297      C0
 298 079b 789A356A 		.ascii	"x\2325j\032G\336ek\270\006Zu\275OL\342A\267\037\316"
 298      1A47DE65 
ARM GAS  /tmp/cc5kfFwu.s 			page 24


 298      6BB8065A 
 298      75BD4F4C 
 298      E241B71F 
 299 07b0 792E391D 		.ascii	"y.9\035\225m\316\310\307\007\022\351\343\353\343\303"
 299      956DCEC8 
 299      C70712E9 
 299      E3EBE3C3 
 300 07c0 A23D5A2C 		.ascii	"\242=Z,K\316I\210F\225\375p\213\251,Y"
 300      4BCE4988 
 300      4695FD70 
 300      8BA92C59 
 301 07d0 7694A2C1 		.ascii	"v\224\242\3015t\330\026\315\310\300ri\025\307r\010\306"
 301      3574D816 
 301      CDC8C072 
 301      6915C772 
 301      08C6
 302 07e2 299EBCAC 		.ascii	")\236\274\254\022\203X\003Q\251\200`\234\206\362\025"
 302      12835803 
 302      51A98060 
 302      9C86F215 
 303 07f2 944A28D5 		.ascii	"\224J(\325Pj\241\324Y\261\247\363K\231\203ev\035\224"
 303      506AA1D4 
 303      59B1A7F3 
 303      4B998365 
 303      761D94
 304 0805 B3E7C1CF 		.ascii	"\263\347\301\317\031{\310\336]j\337A\331x:\336bh\242"
 304      197BC8DE 
 304      5D6ADF41 
 304      D9783ADE 
 304      6268A2
 305 0818 FB902D7A 		.ascii	"\373\220-z\014\331\220\255\263\230\221\255\312\232l"
 305      0CD990AD 
 305      B39891AD 
 305      CA9A6C
 306 0827 4CD5B313 		.ascii	"L\325\263\023K\231\237d\355\310\263\257K\356\350\365"
 306      4B999F64 
 306      EDC8B3AF 
 306      4BEEE8F5 
 307 0837 529B5961 		.ascii	"R\233Ya\205\277d\261M\347\360\371X\036G+)\227G\317\316"
 307      85BF64B1 
 307      4DE7F0F9 
 307      581E472B 
 307      299747CF 
 308 084c BE6AA6F2 		.ascii	"\276j\246\362\355RJ\345F\220\255\267P\271j1\225\245"
 308      ED524AE5 
 308      4690ADB7 
 308      50B96A31 
 308      95A5
 309 085e 14A00688 		.ascii	"\024\240\006\210\374\337\222\0050?\275+\361\234\332"
 309      FCDF9205 
 309      303FBD2B 
 309      F19CDA
 310 086d 9ADEF6D4 		.ascii	"\232\336\366\324q?FW\345\265\212\357\025r\312\237\261"
 310      713F4657 
 310      E5B58AEF 
 310      1572CA9F 
 310      B1
ARM GAS  /tmp/cc5kfFwu.s 			page 25


 311 087e A27C9399 		.ascii	"\242|\223\231\362\025\351M\037\310\227Nx#[:Mt\351\314"
 311      F215E94D 
 311      1FC8974E 
 311      78235B3A 
 311      4D74E9CC 
 312 0892 9596CE84 		.ascii	"\225\226\316\204\312\202?[]\221\254V\316f\263\322\262"
 312      CA823F5B 
 312      5D91AC56 
 312      CE66B3D2 
 312      B2
 313 08a3 EEE1A73C 		.ascii	"\356\341\247<N\243\201D\305\227z\013\021>\316\032\322"
 313      4EA38144 
 313      C5977A0B 
 313      113ECE1A 
 313      D2
 314 08b4 3DDB8BDE 		.ascii	"=\333\213\336\263Q\331pS\216\232\315\035\201\334\012"
 314      B351D970 
 314      538E9ACD 
 314      1D81DC0A 
 315 08c4 7A0E775E 		.ascii	"z\016w^\301\270\222b\325g\356\347\265\"\230H>t\"y\213"
 315      C1B89262 
 315      D567EEE7 
 315      B5229848 
 315      3E742279 
 316 08d9 33E9C13F 		.ascii	"3\351\301?1.\221}\342,\344\342\312\313&R\027\202\314"
 316      312E917D 
 316      E22CE4E2 
 316      CACB2652 
 316      1782CC
 317 08ec C38A8E52 		.ascii	"\303\212\216Rm\221\2138J\241pPC\323\310\006:f\027\012"
 317      6D918B38 
 317      4AA17050 
 317      43D3C806 
 317      3A66170A 
 318 0900 4749F4D8 		.ascii	"GI\364\330>T\316?\212\205\310\240\034\273\276.\202\022"
 318      3E54CE3F 
 318      8A85C8A0 
 318      1CBBBE2E 
 318      8212
 319 0912 B5E76DA1 		.ascii	"\265\347m\241\227dj\305\265\265v\011\235#W\354\315\221"
 319      97646AC5 
 319      B5B57609 
 319      9D2357EC 
 319      CD91
 320 0924 D15A258B 		.ascii	"\321Z%\213\021\354\324\350\271\255\217\016\227\217V"
 320      11ECD4E8 
 320      B9AD8F0E 
 320      978F56
 321 0933 205B0B21 		.ascii	" [\013!\3339\321>\341\356e \336\005\340\326E(mP:\241"
 321      DB39D13E 
 321      E1EE6520 
 321      DE05E0D6 
 321      45286D50 
 322 0949 B443E980 		.ascii	"\264C\351\200\322\005\345\222\325*B\207\000w\014t\331"
 322      D205E592 
 322      D52A4287 
 322      00770C74 
ARM GAS  /tmp/cc5kfFwu.s 			page 26


 322      D9
 323 095a D6AAF54C 		.ascii	"\326\252\365L\353\213\275\232\352bMu{\326\271\037e\232"
 323      EB8BBD9A 
 323      EA624D75 
 323      7BD6B91F 
 323      659A
 324 096c 5CC6263B 		.ascii	"\\\306&;\252\254N,W\255\350\336mffo\356\330\204\002"
 324      AAAC4E2C 
 324      57ADE8DE 
 324      6D66666F 
 324      EED88402 
 325 0980 9B181913 		.ascii	"\233\030\031\023\262\207k\224\370<k\234ikN`wn\236\336"
 325      B2876B94 
 325      F83C6B9C 
 325      696B4E60 
 325      776E9EDE 
 326 0994 87297CAE 		.ascii	"\207)|\256g\002V\204n\206\210\217mYA\000\327yv\371\275"
 326      67025684 
 326      6E86888F 
 326      6D594100 
 326      D77976F9 
 327 09a9 C64E1F13 		.ascii	"\306N\037\023\373\257\226\272\340\357\030\346Nb\313"
 327      FBAF96BA 
 327      E0EF18E6 
 327      4E62CB
 328 09b8 5DAAE506 		.ascii	"]\252\345\006O/\277\3370L\362t\\\203\033\276\30705{"
 328      4F2FBFDF 
 328      304CF274 
 328      5C831BBE 
 328      C730357B 
 329 09cc CBBEF0A4 		.ascii	"\313\276\360\2447o\236\335vo2\320|v\317\015W<\301@\027"
 329      376F9EDD 
 329      766F32D0 
 329      7C76CF0D 
 329      573CC140 
 330 09e1 5B6727E8 		.ascii	"[g'\350\225\370;\236^w\277e\230\023\027\013\253]\360"
 330      95F83B9E 
 330      5E77BF65 
 330      9813170B 
 330      AB5DF0
 331 09f4 0B86B937 		.ascii	"\013\206\2717\025\325E\257\343\267yz\335\355\245\030"
 331      15D545AF 
 331      E3B7797A 
 331      DDEDA518 
 332 0a04 FEF4C58A 		.ascii	"\376\364\305\212Y\027\007\327\335~\236\335D\357@Z\373"
 332      591707D7 
 332      DD7E9EDD 
 332      44EF405A 
 332      FB
 333 0a15 78DB9BE8 		.ascii	"x\333\233\350\213,\015e\025\240l\266\371\324\232\270"
 333      8B2C0D65 
 333      15A06CB6 
 333      F9D49AB8 
 334 0a25 FB6A9CE0 		.ascii	"\373j\234\340L\227\306;\323\315-*\344\253\022/z\331"
 334      4C97C63B 
 334      D3CD2D2A 
 334      E4AB122F 
ARM GAS  /tmp/cc5kfFwu.s 			page 27


 334      7AD9
 335 0a37 746D1C04 		.ascii	"tm\034\004\315\337[\326F\242\202\343\354\334\207\007"
 335      CDDF5BD6 
 335      46A282E3 
 335      ECDC8707 
 336 0a47 C0B2232F 		.ascii	"\300\262#/\340\020\324\3650MpC0\333}\031\243\316\376"
 336      E010D4F5 
 336      304D7043 
 336      30DB7D19 
 336      A3CEFE
 337 0a5a 3A433045 		.ascii	":C0Ea\252\376kP?\004\211\0255\371;\340\261\345\3004"
 337      61AAFE6B 
 337      503F0489 
 337      1535F93B 
 337      E0B1E5C0 
 338 0a6f 24927818 		.ascii	"$\222x\030\354\334\003\306\334\265\"\353\213z\015\333"
 338      ECDC03C6 
 338      DCB522EB 
 338      8B7A0DDB 
 339 0a7f 1A801EE8 		.ascii	"\032\200\036\350\"b\272\035\036\201F\353\331\2564\264"
 339      2262BA1D 
 339      1E8146EB 
 339      D9AE34B4 
 340 0a8f E80814F3 		.ascii	"\350\010\024\363\254<\312\025g\262\330L\245_\253vF\336"
 340      AC3CCA15 
 340      67B2D84C 
 340      A55FAB76 
 340      46DE
 341 0aa1 F68F70E8 		.ascii	"\366\217p\350!8\342\310)q\363k\240\321|\000\240\373"
 341      2138E2C8 
 341      2971F36B 
 341      A0D17C00 
 341      A0FB
 342 0ab3 96680ED1 		.ascii	"\226h\016\321\235\206\254\237\355\273\0179\311\211\376"
 342      9D86AC9F 
 342      EDBB0F39 
 342      C989FE
 343 0ac2 C08AE88F 		.ascii	"\300\212\350\217\314D\257i>c\302\364\274\372\310|\310"
 343      CC44AF69 
 343      3E63C2F4 
 343      BCFAC87C 
 343      C8
 344 0ad3 6EFAFECC 		.ascii	"n\372\376\314\214\273\343s\362(]\354G\244\305\376Bl"
 344      8CBBE373 
 344      F2285DEC 
 344      47A4C5FE 
 344      426C
 345 0ae5 74ACF2B5 		.ascii	"t\254\362\265\303\302a\223`\352{\204\347\316\014\013"
 345      C3C26193 
 345      60EA7B84 
 345      E7CE0C0B 
 346 0af5 825A4150 		.ascii	"\202ZAP\250\303r\005\355\260\375\0067\306\223op\361"
 346      A8C37205 
 346      EDB0FD06 
 346      37C6936F 
 346      70F1
 347 0b07 39B7F2DD 		.ascii	"9\267\362\335q+\215\211\335\253~~Y\\\242\263\331\277"
ARM GAS  /tmp/cc5kfFwu.s 			page 28


 347      712B8D89 
 347      DDAB7E7E 
 347      595CA2B3 
 347      D9BF
 348 0b19 278CDD03 		.ascii	"'\214\335\003\343\273\346\255\256)\344pjqp\202:8.9x"
 348      E3BBE6AD 
 348      AE29E470 
 348      6A717082 
 348      3A382E39 
 349 0b2e 2FB6F9A6 		.ascii	"/\266\371\246\344\340P\326\222\202h\241H \267%\200\241"
 349      E4E050D6 
 349      928268A1 
 349      4820B725 
 349      80A1
 350 0b40 C796D841 		.ascii	"\307\226\330A\325\332\303I\352aBiV\261\012\337\372\261"
 350      D5DAC349 
 350      EA614269 
 350      56B10ADF 
 350      FAB1
 351 0b52 1E3E631E 		.ascii	"\036>c\036^/\250=m\365\031\223\034+,\036NS\017\247$"
 351      5E2FA83D 
 351      6DF51993 
 351      1C2B2C1E 
 351      4E530FA7 
 352 0b67 0F8F2567 		.ascii	"\017\217%g\364!\321\303\321\334\245\371\222\207\000"
 352      F421D1C3 
 352      D1DCA5F9 
 352      928700
 353 0b76 434F2D1E 		.ascii	"CO-\036>\265\365p\206z\230\225\264\247\315\003\2170"
 353      3EB5F570 
 353      867A9895 
 353      B4A7CD03 
 353      8F30
 354 0b88 0FAB6EB4 		.ascii	"\017\253n\264\234R\201\252~r/\\\300\317\343v\357\027"
 354      9C5281AA 
 354      7E722F5C 
 354      C0CFE376 
 354      EF17
 355 0b9a F211FD72 		.ascii	"\362\021\375r\212f-\252fy\366=\034\315Q\025\013\023"
 355      8A662DAA 
 355      6679F63D 
 355      1CCD5115 
 355      0B13
 356 0bac 0F92ADEE 		.ascii	"\017\222\255\356dmV\337%\346\031]\310\023\300I\311U"
 356      646D56DF 
 356      25E6195D 
 356      C813C049 
 356      C955
 357 0bbe C51E1238 		.ascii	"\305\036\0228\336\321\247#\364\234\202\233\277-\377"
 357      DED1A723 
 357      F49C829B 
 357      BF2DFF
 358 0bcd C6F5F57C 		.ascii	"\306\365\365|\312Y`G\326\021\341\360r\364\351+4\377"
 358      CA596047 
 358      D611E1F0 
 358      72F4E92B 
 358      34FF
ARM GAS  /tmp/cc5kfFwu.s 			page 29


 359 0bdf CC8317FC 		.ascii	"\314\203\027\374\353$\004\203O\207y\271R\273g\006\264"
 359      EB240483 
 359      4F8779B9 
 359      52BB6706 
 359      B4
 360 0bf0 4095668F 		.ascii	"@\225f\217<2\312\261v\317\351H\300\004k\352\233\211"
 360      3C32CAB1 
 360      76CFE948 
 360      C0046BEA 
 360      9B89
 361 0c02 7155C79B 		.ascii	"qU\307\233\301?p\243FQXM\326\377\306\332\335\036\366"
 361      C13F70A3 
 361      4651584D 
 361      D6FFC6DA 
 361      DD1EF6
 362 0c15 A5EC7D73 		.ascii	"\245\354}sG\273\250\324\300\325\343\273\334p\256\212"
 362      47BBA8D4 
 362      C0D5E3BB 
 362      DC70AE8A 
 363 0c25 6662A0F0 		.ascii	"fb\240\360E\272\222\035a\376\216,\377E\025y*v\204)\""
 363      45BA921D 
 363      61FE8E2C 
 363      FF451579 
 363      2A768429 
 364 0c3a 9F79F32F 		.ascii	"\237y\363/O\244\251q\011\303>\231\317\255va\330\245"
 364      4FA4A971 
 364      09C33E99 
 364      CFAD7661 
 364      D8A5
 365 0c4c D0149AC7 		.ascii	"\320\024\232\307\356z\022\353\202\230\016/\371\0159"
 365      EE7A12EB 
 365      82980E2F 
 365      F90D39
 366 0c5b 1EC3B51E 		.ascii	"\036\303\265\036\326\035\024\2075\354\246\3338\353\206"
 366      D61D1487 
 366      35ECA6DB 
 366      38EB86
 367 0c6a ABA826C5 		.ascii	"\253\250&\305\211\350/\037+\220\257\006\001\034\261"
 367      89E82F1F 
 367      2B90AF06 
 367      011CB1
 368 0c79 8F36E45F 		.ascii	"\2176\344_ \034\332\217\325h\017\306\342r\304e\301v"
 368      201CDA8F 
 368      D5680FC6 
 368      E272C465 
 368      C176
 369 0c8b 2A3CFE2B 		.ascii	"*<\376+\351\206\272\212>\355|\276\331\213}\351+\016"
 369      E986BA8A 
 369      3EED7CBE 
 369      D98B7DE9 
 369      2B0E
 370 0c9d EDC31A94 		.ascii	"\355\303\032\224\300\014\216\036\272\023\347\341\225"
 370      C00C8E1E 
 370      BA13E7E1 
 370      95
 371 0caa 24AE5CBF 		.ascii	"$\256\\\277ETw,\274\217\301\304\277/\260\227\344%\275"
 371      4554772C 
ARM GAS  /tmp/cc5kfFwu.s 			page 30


 371      BC8FC1C4 
 371      BF2FB097 
 371      E425BD
 372 0cbd 55E5B4CD 		.ascii	"U\345\264\315\270\330\373\324cW\367\243\304\262'\356"
 372      B8D8FBD4 
 372      6357F7A3 
 372      C4B227EE 
 373 0ccd 72DD892F 		.ascii	"r\335\211/\323\235[x(\331\343\215#B\027L\234\316le\324"
 373      D39D5B78 
 373      28D9E38D 
 373      2342174C 
 373      9CCE6C65 
 374 0ce2 6153D472 		.ascii	"aS\324r\224\204\275\320n\214\311\374\225IFC\317\277"
 374      9484BDD0 
 374      6E8CC9FC 
 374      95494643 
 374      CFBF
 375 0cf4 C31E988C 		.ascii	"\303\036\230\214\337\000\301\261}\331\205J\221\226\267"
 375      DF00C1B1 
 375      7DD9854A 
 375      9196B7
 376 0d03 7378215E 		.ascii	"sx!^EI9)\221\362\000&\244<>r6\313\011\327\262\034M\326"
 376      45493929 
 376      91F20026 
 376      A43C3E72 
 376      36CB09D7 
 377 0d1b EE9E158F 		.ascii	"\356\236\025\217\244\336\320l\337\265\277\320\215\345"
 377      A4DED06C 
 377      DFB5BFD0 
 377      8DE5
 378 0d29 3383E4B3 		.ascii	"3\203\344\263\274\177\276A\301^{As\350\300\364\260\233"
 378      BC7FBE41 
 378      C15E7B41 
 378      73E8C0F4 
 378      B09B
 379 0d3b C314A64B 		.ascii	"\303\024\246K)Lc\243nyT}\323\3236\242\007\301\367T\352"
 379      294C63A3 
 379      6E79547D 
 379      D3D336A2 
 379      07C1F754 
 380 0d50 7B061D75 		.ascii	"{\006\035u\2724\352\311\274\231\001\3366F\016\321\025"
 380      BA34EAC9 
 380      BC9901DE 
 380      36460ED1 
 380      15
 381 0d61 1545379D 		.ascii	"\025E7\235\304\030]\317\023c\224)\306\010V\020\231d"
 381      C4185DCF 
 381      13639429 
 381      C6085610 
 381      9964
 382 0d73 8A18A32C 		.ascii	"\212\030\243,\032\243\214\007\261\003\356b\214\206\016"
 382      1AA38C07 
 382      B103EE62 
 382      8C860E
 383 0d82 99633423 		.ascii	"\231c4#\305(\033\277\316yF\032\202\3027\205\352uA!\033"
 383      C5281BBF 
 383      CE79461A 
ARM GAS  /tmp/cc5kfFwu.s 			page 31


 383      82C23785 
 383      EA754121 
 384 0d97 C375BAED 		.ascii	"\303u\272\355\313\375\374\177\027\032\366Y\330\372\215"
 384      CBFDFC7F 
 384      171AF659 
 384      D8FA8D
 385 0da6 FE9106FF 		.ascii	"\376\221\006\377\320\240p\177\203>\230<\265[\302\203"
 385      D0A0707F 
 385      833E983C 
 385      B55BC283 
 386 0db6 0CA17EC1 		.ascii	"\014\241~\301\252\325\353>^\376\273\025+8\265V\273#"
 386      AAD5EB3E 
 386      5EFEBB15 
 386      2B38B556 
 386      BB23
 387 0dc8 2CC2F8DE 		.ascii	",\302\370\336\273Z\343/\375w\030\364\376A\372moGDF\350"
 387      BB5AE32F 
 387      FD7718F4 
 387      FE41FA6D 
 387      6F474446 
 388 0ddd DED6057D 		.ascii	"\336\326\005}\026\346\037\026\021\034\276#D\347\277"
 388      16E61F16 
 388      111CBE23 
 388      44E7BF
 389 0dec 2D283834 		.ascii	"-(84,B\347\257\015\321m\011\332\021n\324\032wn\327\031"
 389      2C42E7AF 
 389      0DD16D09 
 389      DA116ED4 
 389      1A776ED7 
 390 0e01 FC423995 		.ascii	"\374B9\225$\375\263\227H\033v\032\374\265\006c\010@"
 390      24FDB397 
 390      481B761A 
 390      FCB50663 
 390      0840
 391 0e13 41C41D9A 		.ascii	"A\304\035\232P\323\351?\007\177\214?\265rUo4\013\005"
 391      50D3E93F 
 391      077F8C3F 
 391      B572556F 
 391      340B05
 392 0e26 871AC3B6 		.ascii	"\207\032\303\266\351\000\357\263h0d\264\000};\"\214"
 392      E900EFB3 
 392      683064B4 
 392      007D3B22 
 392      8C
 393 0e37 D501E441 		.ascii	"\325\001\344A\007\366\307\2400c\200>\310\240\303\237"
 393      07F6C7A0 
 393      3063803E 
 393      C8A0C39F 
 394 0e47 6F33BAFE 		.ascii	"o3\272\376\347\016\235~\247VG\332\257\256\372h\345\306"
 394      E70E9D7E 
 394      A75647DA 
 394      AFAEFA68 
 394      E5C6
 395 0e59 0FB50181 		.ascii	"\017\265\001\201\201\353\003\265\037\257[\263v\303G"
 395      81EB03B5 
 395      1FAF5BB3 
 395      76C347
ARM GAS  /tmp/cc5kfFwu.s 			page 32


 396 0e68 016B03D6 		.ascii	"\001k\003\326m\012\370\375+\3627\037\376Q\273j\345\232"
 396      6D0AF8FD 
 396      2BF2371F 
 396      FE51BB6A 
 396      E59A
 397 0e7a 8F3E0E0C 		.ascii	"\217>\016\014\360\222w\377! p\315\252\315?\221w\005"
 397      F09277FF 
 397      212070CD 
 397      AACD3F91 
 397      7705
 398 0e8c 04AEDC18 		.ascii	"\004\256\334\030\340-\357\331\020\270~u\340\312\265"
 398      E02DEFD9 
 398      10B87E75 
 398      E0CAB5
 399 0e9b 4BE47D81 		.ascii	"K\344}\201\001+\177/j\372\340\343\215\233\251\324\232"
 399      012B7F2F 
 399      6AFAE0E3 
 399      8D9BA9D4 
 399      9A
 400 0eac 75AB3D58 		.ascii	"u\253=X\327\272\365\014\366\306\242\001J1\260d\014\302"
 400      D7BAF50C 
 400      F6C6A201 
 400      4A31B064 
 400      0CC2
 401 0ebe 462B301C 		.ascii	"F+0\034}\244^k\3642\030\203\364F68\255A\027l\214\324"
 401      7DA45E6B 
 401      F4321883 
 401      F4463638 
 401      AD41176C 
 402 0ed4 B310880D 		.ascii	"\263\020\210\015\255\321S\216\010\012\017w\336\256\217"
 402      ADD1538E 
 402      080A0F77 
 402      DEAE8F
 403 0ee3 DCAA0FDA 		.ascii	"\334\252\017\332\346\3022\376+\255\321Y|*\015a\377\255"
 403      E6C232FE 
 403      2BADD159 
 403      7C2A0D61 
 403      FFAD
 404 0ef5 D31ADFA5 		.ascii	"\323\032\337\245\031\014\017\373\314\177kp\260M&\337"
 404      190C0FFB 
 404      CC7F6B70 
 404      B04D26DF 
 405 0f05 F77BCF6F 		.ascii	"\367{\317o\205%\237\306\020\340\2019\352\332\310-[\014"
 405      85259FC6 
 405      10E08139 
 405      EADAC82D 
 405      5B0C
 406 0f17 3AE08482 		.ascii	":\340\204\202\020\320c+TCt\206`}\330vp\3049($D\2573"
 406      10D0632B 
 406      54437486 
 406      607DD876 
 406      70C43928 
 407 0f2f 18DC985F 		.ascii	"\030\334\230_\006-1\346,6\224LRA\372^\265r\337\242@"
 407      062D31E6 
 407      2C36944C 
 407      5241FA5E 
 407      B572DFA2 
ARM GAS  /tmp/cc5kfFwu.s 			page 33


 408 0f44 6B749744 		.ascii	"kt\227D\203#wD\030]\266\007m\325Q-\352 \243Q\037\366"
 408      83237744 
 408      185DB607 
 408      6DD5512D 
 408      EA20A351 
 409 0f5a D90EA3CE 		.ascii	"\331\016\243\316\340\305\204\345R\236a\021\020\201\210"
 409      E0C584E5 
 409      529E6111 
 409      108188
 410 0f69 609DE89E 		.ascii	"`\235\350\236\333\007\020\210U\004\366\207\265\233\334"
 410      DB071088 
 410      5504F687 
 410      B59BDC
 411 0f78 3ED7E9C3 		.ascii	">\327\351\303\266\210\344p\002\234Q\347*%\016\022\353"
 411      B688E470 
 411      029C51E7 
 411      2A250E12 
 411      EB
 412 0f89 C2EA1B56 		.ascii	"\302\352\033V\257U\263\032I\244\253\245\272Y\354\336"
 412      AF55B31A 
 412      49A4ABA5 
 412      BA59ECDE 
 413 0f99 B869FD06 		.ascii	"\270i\375\0067V\005"
 413      375605
 414 0fa0 52AD5BB3 		.ascii	"R\255[\263IL\022U\2505\272\230M\376\364\207&$\267\224"
 414      494C1255 
 414      A835BA98 
 414      4DFEF487 
 414      2624B794 
 415 0fb4 5656EB8C 		.ascii	"VV\353\214\033\351`\327S\237\275\254;7\222A\007\207"
 415      1BE960D7 
 415      539FBDAC 
 415      3B379241 
 415      0787
 416 0fc6 6E0A65B3 		.ascii	"n\012e\263\334\347%S\207\256\005d\202\272k\265[vD\004"
 416      DCE72553 
 416      87AE0564 
 416      82BA6BB5 
 416      5B764404 
 417 0fda 6BB57EEF 		.ascii	"k\265~\357\377\343;\357\253\244\226\"84H/\177\267\342"
 417      FFE33BEF 
 417      ABA49622 
 417      3834482F 
 417      7FB7E2
 418 0fed 97FF07F3 		.ascii	"\227\377\007\363ny\032"
 418      6E791A
 419              		.text
 420              		.section	.gnu.lto_.symtab.f56c44efbd7d3e53,"",%progbits
 421 0000 666C6173 		.ascii	"flashWaitErase\000"
 421      68576169 
 421      74457261 
 421      736500
 422 000f 00       		.ascii	"\000"
 423 0010 00       		.ascii	"\000"
 424 0011 00       		.ascii	"\000"
 425 0012 00000000 		.ascii	"\000\000\000\000\000\000\000\000"
 425      00000000 
ARM GAS  /tmp/cc5kfFwu.s 			page 34


 426 001a 6F010000 		.ascii	"o\001\000\000"
 427 001e 666C6173 		.ascii	"flashGetSectorOffset\000"
 427      68476574 
 427      53656374 
 427      6F724F66 
 427      66736574 
 428 0033 00       		.ascii	"\000"
 429 0034 00       		.ascii	"\000"
 430 0035 00       		.ascii	"\000"
 431 0036 00000000 		.ascii	"\000\000\000\000\000\000\000\000"
 431      00000000 
 432 003e 74010000 		.ascii	"t\001\000\000"
 433 0042 666C6173 		.ascii	"flashGetSectorSize\000"
 433      68476574 
 433      53656374 
 433      6F725369 
 433      7A6500
 434 0055 00       		.ascii	"\000"
 435 0056 00       		.ascii	"\000"
 436 0057 00       		.ascii	"\000"
 437 0058 00000000 		.ascii	"\000\000\000\000\000\000\000\000"
 437      00000000 
 438 0060 79010000 		.ascii	"y\001\000\000"
 439 0064 63685468 		.ascii	"chThdSleep\000"
 439      64536C65 
 439      657000
 440 006f 00       		.ascii	"\000"
 441 0070 02       		.ascii	"\002"
 442 0071 00       		.ascii	"\000"
 443 0072 00000000 		.ascii	"\000\000\000\000\000\000\000\000"
 443      00000000 
 444 007a 7B010000 		.ascii	"{\001\000\000"
 445              		.text
 446              		.section	.gnu.lto_.opts,"",%progbits
 447 0000 272D666D 		.ascii	"'-fmath-errno' '-fsigned-zeros' '-ftrapping-math' '"
 447      6174682D 
 447      6572726E 
 447      6F272027 
 447      2D667369 
 448 0033 2D666E6F 		.ascii	"-fno-trapv' '-fno-strict-overflow' '-fno-openmp' '-"
 448      2D747261 
 448      70762720 
 448      272D666E 
 448      6F2D7374 
 449 0066 666E6F2D 		.ascii	"fno-openacc' '-mcpu=cortex-m3' '-mthumb' '-O0' '-fo"
 449      6F70656E 
 449      61636327 
 449      20272D6D 
 449      6370753D 
 450 0099 6D69742D 		.ascii	"mit-frame-pointer' '-falign-functions=16' '-ffuncti"
 450      6672616D 
 450      652D706F 
 450      696E7465 
 450      72272027 
 451 00cc 6F6E2D73 		.ascii	"on-sections' '-fdata-sections' '-fno-common' '-flto"
 451      65637469 
 451      6F6E7327 
ARM GAS  /tmp/cc5kfFwu.s 			page 35


 451      20272D66 
 451      64617461 
 452 00ff 2700     		.ascii	"'\000"
 453              		.text
 454              		.comm	__gnu_lto_v1,1,1
 455              		.comm	__gnu_lto_slim,1,1
 456              		.ident	"GCC: (GNU Tools for Arm Embedded Processors 7-2018-q3-update) 7.3.1 20180622 (release) [AR
ARM GAS  /tmp/cc5kfFwu.s 			page 36


DEFINED SYMBOLS
                            *ABS*:0000000000000000 hal_flash.c
                            *COM*:0000000000000001 __gnu_lto_v1
                            *COM*:0000000000000001 __gnu_lto_slim

NO UNDEFINED SYMBOLS
