ARM GAS  /tmp/cc1R8s8R.s 			page 1


   1              		.cpu cortex-m3
   2              		.eabi_attribute 20, 1
   3              		.eabi_attribute 21, 1
   4              		.eabi_attribute 23, 3
   5              		.eabi_attribute 24, 1
   6              		.eabi_attribute 25, 1
   7              		.eabi_attribute 26, 1
   8              		.eabi_attribute 30, 6
   9              		.eabi_attribute 34, 1
  10              		.eabi_attribute 18, 4
  11              		.file	"nvic.c"
  12              		.section	.gnu.lto_.inline.8d4aceb110dbce3,"",%progbits
  13 0000 789C6363 		.ascii	"x\234cc``\010d@\000\026\006\006^\036\006\006&\261\003"
  13      60600864 
  13      40001606 
  13      065E1E06 
  13      0626B103 
  14 0014 BB19811C 		.ascii	"\273\031\201\034&\220\030#\003\007;P\210gC.L\204\211"
  14      26901823 
  14      03073B50 
  14      8867432E 
  14      4C8489
  15 0027 81531048 		.ascii	"\201S\020Hr=\210\205\213p\203\324\2610\260\263\241\212"
  15      723D8885 
  15      8B7083D4 
  15      B130B0B3 
  15      A18A
  16 0039 33000020 		.ascii	"3\000\000 0\006)"
  16      300629
  17              		.text
  18              		.section	.gnu.lto_nvicEnableVector.8d4aceb110dbce3,"",%progbits
  19 0000 789C8592 		.ascii	"x\234\205\222]K\024a\024\307\237\377\234y\3317\367\""
  19      5D4B1461 
  19      14C79FFF 
  19      9C79D937 
  19      F722
  20 0012 E82290F2 		.ascii	"\350\"\220\362\"\020!\034\274\350\003\204\320\235\004"
  20      2210211C 
  20      BCE80384 
  20      D09D04
  21 0021 F509CA1B 		.ascii	"\365\011\312\033\027rW4\244;\307\325v\265\274\010rW"
  21      17725734 
  21      A43BC7D5 
  21      76B5BC08 
  21      7257
  22 0033 5AA6D848 		.ascii	"Z\246\330HK\010\333$\3134\253m3_\010\211B\272\257\244"
  22      4B08DB24 
  22      CB34AB6D 
  22      335F0889 
  22      42BAAFA4 
  23 0047 40484ABC 		.ascii	"@HJ\274HP\353\234\231\265\202Uz`\2369o\377\3479\277"
  23      4850EB9C 
  23      99B58255 
  23      7A609E39 
  23      6FFFE739 
  24 005c 33632AA5 		.ascii	"3c*\245\226I\251\343\374>\310\217\"\005M\361\003\260"
  24      9649A9E3 
ARM GAS  /tmp/cc1R8s8R.s 			page 2


  24      FC3EC88F 
  24      22054DF1 
  24      03B0
  25 006e 03D5A5A1 		.ascii	"\003\325\245\241\013\0034H(\245\277Liuw\035^\305\241"
  25      0B033448 
  25      28A5BF4C 
  25      6975771D 
  25      5EC5A1
  26 0081 F543CE68 		.ascii	"\365C\316h\021.\013\263\244\274\205\207\250\343\252"
  26      112E0BB3 
  26      A4BC8587 
  26      A8E3AA
  27 0090 77BD0F5C 		.ascii	"w\275\017\\\272B.\001:\273?\226r\237\243\342j\250aw"
  27      BA422E01 
  27      3ABB3F96 
  27      729FA3E2 
  27      6AA86177 
  28 00a4 DB19CC46 		.ascii	"\333\031\314F\311\206b{\345\315\355\253V\355\210\343"
  28      C986627B 
  28      E5CDEDAB 
  28      56ED88E3 
  29 00b4 249DE2EC 		.ascii	"$\235\342\35409G]\"<\006\361\201x\204jL\240ZqHa\022"
  29      3039475D 
  29      223C06F1 
  29      8178846A 
  29      4CA05A71 
  30 00cb B55C7E2F 		.ascii	"\265\\~/\371\365\033Q\203'\375\264\360q\320(KWF\312"
  30      F9F51B51 
  30      8327FDB4 
  30      F071D028 
  30      4B5746CA 
  31 00df D2277B48 		.ascii	"\322'{H\247P\353\325\217\357d\252L\335\357\025\3230"
  31      A750EBD5 
  31      8FEF64AA 
  31      4CDDEF15 
  31      D330
  32 00f1 95C015DE 		.ascii	"\225\300\025\336\033Eg\347W\332).\337\301\320\311\003"
  32      1B4567E7 
  32      57DA292E 
  32      DFC1D0C9 
  32      03
  33 0102 608DAEF1 		.ascii	"`\215\256\361f\220X:o\246!\256)\226\305\233\025\020"
  33      6690583A 
  33      6FA621AE 
  33      2996C59B 
  33      1510
  34 0114 2B28B190 		.ascii	"+(\261\220Xa\211E \327D!}*\325\347\215\243\237x\206"
  34      58618945 
  34      20D74421 
  34      7D2AD5E7 
  34      8DA39F78 
  35 0129 B48AE47A 		.ascii	"\264\212\344zz\273\020\222\033s\204\034E\024\2076\026"
  35      7ABB1092 
  35      1B73841C 
  35      45148736 
  35      16
  36 013a 2C3FA071 		.ascii	",?\240qg\023\267\326~Fd>\006\234R\217\023\305Sn}\025"
ARM GAS  /tmp/cc1R8s8R.s 			page 3


  36      6713B7D6 
  36      7E46643E 
  36      069C528F 
  36      13C5536E 
  37 0150 3DDF53D7 		.ascii	"=\337S\327\015\277\212X\371\357\\-\350\230\361\212J"
  37      0DBF8A58 
  37      F9EF5C2D 
  37      E898F18A 
  37      4A
  38 0161 CB973749 		.ascii	"\313\2277I\2128\235\275Tzk\371\347\010\360Lii\316\314"
  38      8A389DBD 
  38      547A6BF9 
  38      E708F04C 
  38      6969CECC 
  39 0175 E366377F 		.ascii	"\343f7\177\254\374a\227\002|\033\236\261J\222\037&\247"
  39      ACFC6197 
  39      027C1B9E 
  39      B14A921F 
  39      26A7
  40 0187 27ABEC31 		.ascii	"'\253\3541\247\267\333\251q)\210\347\310#\343\265\315"
  40      A7B7DBA9 
  40      712988E7 
  40      C823E3B5 
  40      CD
  41 0198 C9CD8D91 		.ascii	"\311\315\215\221\214\336P\220d>\356R\010/`\347(\352"
  41      8CDE5090 
  41      643EEE52 
  41      082F60E7 
  41      28EA
  42 01aa 7DE1221A 		.ascii	"}\341\"\032\270\037io+uc|T\363\033\3249\315\302k\303"
  42      B81F696F 
  42      2B75637C 
  42      54F31BD4 
  42      39CDC26B 
  43 01bf F7A7AAA4 		.ascii	"\367\247\252\244\003\023G\360\322k\360/\252\261\313"
  43      031347F0 
  43      D26BF02F 
  43      AAB1CB
  44 01ce B59EEA2F 		.ascii	"\265\236\352/s\231\276lqxz+\342s\031(\355\302/\226u"
  44      7399BE6C 
  44      71787A2B 
  44      E2731928 
  44      EDC22F96 
  45 01e3 968C6876 		.ascii	"\226\214hv>\025\360+\200W\250\346\033\313\360F\031~"
  45      3E15F02B 
  45      8057A8E6 
  45      1BCBF046 
  45      197E
  46 01f5 0F5A631F 		.ascii	"\017Zc\037\3320f=ZT\322v\272\024\301k\2415=\3329\241"
  46      DA30663D 
  46      5A54D276 
  46      BA14C16B 
  46      A1353DDA 
  47 020b B57CDAB1 		.ascii	"\265|\332\261?\264|v\264\002/X\211\027\222\272\012\236"
  47      3FB47C76 
  47      B4022F58 
  47      891792BA 
ARM GAS  /tmp/cc1R8s8R.s 			page 4


  47      0A9E
  48 021d B00F10F8 		.ascii	"\260\017\020\370?@p_\200y\017@\333\007`A\000B\036\300"
  48      3F40705F 
  48      80790F40 
  48      DB076041 
  48      00421EC0 
  49 0231 A20084D5 		.ascii	"\242\000\204\325\032\222\371\302\000\274\337^V\237\300"
  49      1A92F9C2 
  49      00BCDF5E 
  49      569FC0
  50 0240 B3FC58BD 		.ascii	"\263\374X\275\335\330\022;\027;u\306Nt\330-g\317\333"
  50      DDD8123B 
  50      173B75C6 
  50      4E74D82D 
  50      67CFDB
  51 0253 6D89F60B 		.ascii	"m\211\366\013\035vs\242\2655\021\267O\234njl\272h\307"
  51      1D7673A2 
  51      B53511B7 
  51      4F9C6E6A 
  51      6CBA68C7 
  52 0267 3B63CDF5 		.ascii	";c\315\365\315\012q\275\255=\226\370\015;\373;\336"
  52      CD0A71BD 
  52      AD3D96F8 
  52      0D3BFB3B 
  52      DE
  53              		.text
  54              		.section	.gnu.lto_nvicDisableVector.8d4aceb110dbce3,"",%progbits
  55 0000 789C7552 		.ascii	"x\234uRAk\023A\030\235\267\337\356\246\266&7\301C\260"
  55      416B1341 
  55      189DB7DF 
  55      EEA6B626 
  55      37C143B0 
  56 0014 3D08A520 		.ascii	"=\010\245 ]\363\023\244\340\255\010\372\0134\227\006"
  56      5DF313A4 
  56      E0AD08FA 
  56      0B349706 
  57 0024 6C22568A 		.ascii	"l\"V\212\267N\223v\333\252\005\301&BXd\305\024\013\242"
  57      B74E9376 
  57      DBAA05C1 
  57      26425864 
  57      C5140BA2 
  58 0038 551A8D89 		.ascii	"U\032\215\211U\327\265h\213\006Q\324\037`\213H\017E"
  58      55D7B568 
  58      8B0651D4 
  58      1F608B48 
  58      0F45
  59 004a 25070BB5 		.ascii	"%\007\013\265\372\315l\016\202:\260\263\363v\336\276"
  59      FACD6C0E 
  59      823AB0B3 
  59      F376DEBE 
  60 005a F7BEF9C6 		.ascii	"\367\276\371\306\026B\314\032B\034\346\367>~\004\011"
  60      1642CC1A 
  60      421CE6F7 
  60      3E7E0409 
  61 006a 30840130 		.ascii	"0\204\0010\200\03030\206K4G\010\247>\327\215\276\233"
  61      80183330 
  61      864B3447 
ARM GAS  /tmp/cc1R8s8R.s 			page 5


  61      08A73ED7 
  61      8DBE9B
  62 007d 924770B5 		.ascii	"\222Gp\265j\273rr\277GB\224H\350\201%\3641\353\355\304"
  62      6ABB7272 
  62      BF474294 
  62      48E88125 
  62      F431EBED 
  63 0092 5D8F2E92 		.ascii	"]\217.\222G\200\311\360[\263\274\236P\320@\017\303\237"
  63      4780C9F0 
  63      5BB3BC9E 
  63      50D0400F 
  63      C39F
  64 00a4 72AE9420 		.ascii	"r\256\224 \007\202\327\033\257n\\\216\365\316K\231\227"
  64      0782D71B 
  64      AF6E5C8E 
  64      F5CE4B99 
  64      97
  65 00b5 C1EB0AC9 		.ascii	"\301\353\012\311\203\036\021\036\200X\020\367\221D\025"
  65      831E111E 
  65      805810F7 
  65      914415
  66 00c4 49C19F04 		.ascii	"I\301\237\004j\350U\374O\367v\213q\333\214\014\361\020"
  66      6AE855FC 
  66      4FF7768B 
  66      71DB8C0C 
  66      F110
  67 00d6 B6500917 		.ascii	"\266P\011\027\337Y\201\334\3755%\203\215\012>\034\355"
  67      DF5981DC 
  67      FD352583 
  67      8D0A3E1C 
  67      ED
  68 00e7 04FF631A 		.ascii	"\004\377c\032<Y\244V&O\266\245\240\015-$\246u\336\031"
  68      3C59A456 
  68      264FB6A5 
  68      A00D2D24 
  68      A675DE19 
  69 00fb E2226913 		.ascii	"\342\"i\023\205\035\267\271\264`(\2712\241L6\033]\251"
  69      851DB7B9 
  69      B46028B9 
  69      32A14C36 
  69      1B5DA9
  70 010e DCA9C755 		.ascii	"\334\251\307Uf\023\335\250s\212M\344[\253\261\210c0"
  70      6613DDA8 
  70      738A4DE4 
  70      5BABB188 
  70      6330
  71 0120 A17A7DEB 		.ascii	"\241z}\353\307^E\260 \303\202L\240\241I\205\357\356"
  71      C75E45B0 
  71      20C3824C 
  71      A0A14985 
  71      EFEE
  72 0132 8C15B128 		.ascii	"\214\025\261(RZ\2534v4\321\206\205G\021\351\253\273"
  72      525AAB34 
  72      7634D186 
  72      854711E9 
  72      ABBB
  73 0144 D69652E7 		.ascii	"\326\226R\347S]y\351vD\014`\031I\016\301\244\360\375"
ARM GAS  /tmp/cc1R8s8R.s 			page 6


  73      535D79E9 
  73      76440C60 
  73      19490EC1 
  73      A4F0FD
  74 0157 856DADC4 		.ascii	"\205m\255\304\214\322d\370&\026\231\251SX\016\233/l"
  74      8CD264F8 
  74      261699A9 
  74      53580E9B 
  74      2F6C
  75 0169 1FD7C6B9 		.ascii	"\037\327\306\271\015\376\001\217b\034\011\217YZm~\254"
  75      0DFE018F 
  75      621C098F 
  75      595A6D7E 
  75      AC
  76 017a 356A71E7 		.ascii	"5jq\347\266\234\030\227=\036u\340\011|\024u\275\274"
  76      B69C1897 
  76      3D1E75E0 
  76      097C1475 
  76      BDBC
  77 018c B9DD9A2F 		.ascii	"\271\335\232/\232\251E\265\351\217z\264\007O\341pR\335"
  77      9AA945B5 
  77      E98F7AB4 
  77      074FE170 
  77      52DD
  78 019e BB0029CE 		.ascii	"\273\000)\316\243\013\375\262\260\216(\237\325\256+"
  78      A30BFDB2 
  78      B08E289F 
  78      D5AE2B
  79 01ad 6CAD76B7 		.ascii	"l\255v\267\303\374\303\335\372\217{'\236iw\374\355\236"
  79      C3FCC3DD 
  79      FA8F7B27 
  79      9E6977FC 
  79      ED9E
  80 01bf F5A80BA1 		.ascii	"\365\250\013\241r\267\265\373s\244\376,\264\013\002"
  80      72B7B5FB 
  80      73A4FE2C 
  80      B40B02
  81 01ce 2BACB985 		.ascii	"+\254\271\205\274\177kV\207\3217lZiq\333\016\365;\003"
  81      BC7F6B56 
  81      87D1376C 
  81      5A6971DB 
  81      0EF53B03 
  82 01e2 43995399 		.ascii	"C\231S\231c'\234\334\2103t\362\264s&w\366\334\210\223"
  82      63279CDC 
  82      883374F2 
  82      B4732677 
  82      F6DC8893 
  83 01f6 CE0D0FE7 		.ascii	"\316\015\017\347\262\316\221\343\203\003\203\347\235"
  83      B2CE91E3 
  83      830383E7 
  83      9D
  84 0203 EC6826DD 		.ascii	"\354h&\335\237\026\310\376\0067\233\330="
  84      9F16C8FE 
  84      06379BD8 
  84      3D
  85              		.text
  86              		.section	.gnu.lto_nvicSetSystemHandlerPriority.8d4aceb110dbce3,"",%progbits
ARM GAS  /tmp/cc1R8s8R.s 			page 7


  87 0000 789C6D52 		.ascii	"x\234mR\317OSA\020\336\357\315{\257\225Z\342\221\030"
  87      CF4F5341 
  87      10DEEFCD 
  87      7BAF955A 
  87      E29118
  88 0013 0E1C4C08 		.ascii	"\016\034L\010\211\341\311\311\203'\303\305\0131\321"
  88      89E1C9C9 
  88      8327C3C5 
  88      0B31D1
  89 0022 BF00AB09 		.ascii	"\277\000\253\011M\240%\305\030o]\372\203\202\032/\266"
  89      4DA025C5 
  89      186F5DFA 
  89      83821A2F 
  89      B6
  90 0033 95D417D3 		.ascii	"\225\324\027\323\203\015\007c\320\240\326B\201R\224"
  90      830D0763 
  90      D0A0D642 
  90      815294
  91 0042 70410331 		.ascii	"pA\0031F\361\344/L\010\030\225\036D#:\273\255\011\007"
  91      46F1E42F 
  91      4C081895 
  91      1E44233A 
  91      BBAD0907 
  92 0056 3779BB3B 		.ascii	"7y\273;\263\337\314|\337\314\263\205\020\013\206\020"
  92      B3DFCC7C 
  92      DFCCB385 
  92      100B8610 
  93 0066 27F83CC6 		.ascii	"'\370<\306\237\260\005\330\204\001\342\235\014S\010"
  93      9FB005D8 
  93      8401E29D 
  93      0C5308
  94 0075 6958BC99 		.ascii	"iX\274\231&\370\200\0050\010\"j\220i!\212k\224&TS\033"
  94      26F88005 
  94      3008226A 
  94      9069218A 
  94      6B942654 
  95 008b 25A36342 		.ascii	"%\243cB\362\252\334\254\331#2\331\342rx\226\204^\230"
  95      F2AADCAC 
  95      D92332D9 
  95      E2727896 
  95      845E98
  96 009e 4207A356 		.ascii	"B\007\243V\023\367]\272J.\001&\233\337Vr\037\232\225"
  96      13F75DBA 
  96      4A2E0126 
  96      9BDF5672 
  96      1F9A95
  97 00b1 69A08DCD 		.ascii	"i\240\215\315\370\215\271\262\227\034\010\276\257M\215"
  97      F88DB9B2 
  97      971C08BE 
  97      AF4D8D
  98 00c0 9F6A2F48 		.ascii	"\237j/H\031\223\225\217\005\222G\\\"<\006q><B+\036\242"
  98      1993958F 
  98      0592475C 
  98      223C0671 
  98      3E3C422B 
  99 00d6 55B04BA0 		.ascii	"U\260K\240\210vF\337\215}\336&:\256#\337/\277K[\215"
  99      887646DF 
ARM GAS  /tmp/cc1R8s8R.s 			page 8


  99      8D7DDE26 
  99      3AAE23DF 
  99      2FBF4B5B 
 100 00eb D0DA4423 		.ascii	"\320\332D#\364\311\177BKh\327\370\007{\031\277m\346"
 100      F4C97F42 
 100      4B68D7F8 
 100      077B19BF 
 100      6DE6
 101 00fd FFB1C534 		.ascii	"\377\261\3054\270\001|\262gr\315\252\310\275?)&\321"
 101      B8017CB2 
 101      6772CDAA 
 101      C8BD3F29 
 101      26D1
 102 010f B2BEE36D 		.ascii	"\262\276\343m\002G\232\006o\026\251\033w\202\353{\241"
 102      02479A06 
 102      6F16A91B 
 102      7782EB7B 
 102      A1
 103 0120 538951AD 		.ascii	"S\211Q\255u\224\270w4\306\005\004}B\342\365\342\306"
 103      7594B877 
 103      34C60504 
 103      7D42E2F5 
 103      E2C6
 104 0132 2D5BA5CC 		.ascii	"-[\245\314\221\305\305~\375x>\353Q\212\011>\3140\023"
 104      91C5C57E 
 104      FD783EEB 
 104      518A093E 
 104      CC3013
 105 0145 B5C6885B 		.ascii	"\265\306\210[L[H\264\351\332\014+\225\266\336z\242\277"
 105      4C5B48B4 
 105      E9DA0C2B 
 105      95B6DE7A 
 105      A2BF
 106 0157 A5D7253B 		.ascii	"\245\327%;K\212L\031Q\365\220MV_\350x\217\326\032\377"
 106      4B8A4C19 
 106      51F5904D 
 106      565FE878 
 106      8FD61AFF 
 107 016b 39BFD3CC 		.ascii	"9\277\323\3148\356\265G\011P\276\335\325\355Q_\036\267"
 107      38EEB547 
 107      0950BEDD 
 107      D5ED515F 
 107      1EB7
 108 017d 870FB9E4 		.ascii	"\207\017\271\344\305\034\017hV\325Q\350;SI0z\\\3126"
 108      C51C0F68 
 108      56D551E8 
 108      3B534930 
 108      7A5CCA36 
 109 0191 95611E79 		.ascii	"\225a\036y\324\325V\020u\351\200\246\302\023\246M\304"
 109      D4D55610 
 109      75E980A6 
 109      C213A64D 
 109      C4
 110 01a2 BEA7564A 		.ascii	"\276\247VJe\324\211#G^\301\276\332rC\211\301\311\206"
 110      65D48923 
 110      475EC1BE 
 110      DA724389 
ARM GAS  /tmp/cc1R8s8R.s 			page 9


 110      C1C986
 111 01b5 4BE5B4A5 		.ascii	"K\345\264\245\230X\220\353q\331\214\005\256\262\211"
 111      985890EB 
 111      71D98C05 
 111      AEB289
 112 01c4 F8D7915D 		.ascii	"\370\327\221]\253\216\"\216\334?\363&\230\250jP\365"
 112      AB8E228E 
 112      DC3FF326 
 112      98A86A50 
 112      F5
 113 01d5 E595371A 		.ascii	"\345\2257\032\264_\221\245\025\225\253+K\266b\317?R"
 113      B45F91A5 
 113      1595AB2B 
 113      4BB662CF 
 113      3F52
 114 01e7 FEB04B3E 		.ascii	"\376\260K>\256\206\305\206\200W\305\351\242\337\271"
 114      AE86C586 
 114      8057C5E9 
 114      A2DFB9
 115 01f6 2713C34A 		.ascii	"'\023\303J\300A<e\001\031\335u\245\273V\310\230]\223"
 115      C0413C65 
 115      0119DD75 
 115      A5BB56C8 
 115      985D93
 116 0209 EA311F72 		.ascii	"\3521\037r\311\217gprJ\016wo\011]\314G|A,?s\275\256"
 116      C98F6770 
 116      724A0E77 
 116      6F095DCC 
 116      477C412C 
 117 0221 B93E2B6E 		.ascii	"\271>+n-\217\353h\247\323\335\027<\027<}\326\011\017"
 117      2D8FEB68 
 117      A7D3DD17 
 117      3C173C7D 
 117      D6090F
 118 0234 397DBDFD 		.ascii	"9}\275\375\316`8rq\310\011\204\007\006\302!\347\344"
 118      CE603872 
 118      71C80984 
 118      0706C221 
 118      E7E4
 119 0246 999EEE9E 		.ascii	"\231\236\356\236\313N\350R0\320\031\020\236\276\336"
 119      CB4EE852 
 119      30D01910 
 119      9EBEDE
 120 0255 D0F9FE0B 		.ascii	"\320\371\376\013\021s0\022\014\377\005\227\350\351t"
 120      11733012 
 120      0CFF0597 
 120      E8E974
 121              		.text
 122              		.section	.gnu.lto___func__.7506.8d4aceb110dbce3,"",%progbits
 123 0000 789C6363 		.ascii	"x\234cc``\020\005by\006\010\230\302\314\370\341\361"
 123      60601005 
 123      62790608 
 123      98C2CCF8 
 123      E1F1
 124 0012 9CCB4C8A 		.ascii	"\234\313L\212L\363\0338\3460300nfTd\220\315+\313L\016"
 124      4CF31B38 
 124      E6303330 
ARM GAS  /tmp/cc1R8s8R.s 			page 10


 124      306E6654 
 124      6490CD2B 
 125 0029 4E2D09AE 		.ascii	"N-\011\256,.I\315\365H\314K\311I-\012(\312\314/\312"
 125      2C2E49CD 
 125      F548CC4B 
 125      C9492D0A 
 125      28CACC2F 
 126 003e 2CA96400 		.ascii	",\251d\000\000\346\363\022t"
 126      00E6F312 
 126      74
 127              		.text
 128              		.section	.gnu.lto_nvicClearPending.8d4aceb110dbce3,"",%progbits
 129 0000 789C3551 		.ascii	"x\2345Q\317KTQ\024>\337;\357\207B3\273\240\305P.\002"
 129      CF4B5451 
 129      143EDF3B 
 129      EF874233 
 129      BBA0C550 
 130 0016 91C29B7F 		.ascii	"\221\302\233\177B\270h%B\375\0059\033\007r&2\244\235"
 130      42B86825 
 130      42FD0539 
 130      1B077226 
 130      32A49D
 131 0029 D75167B4 		.ascii	"\327Qg\264\202\002\235\011\206\207\274pD\\\230E\326"
 131      82029D09 
 131      8687BC70 
 131      445C9845 
 131      D6
 132 003a 34A3D5F0 		.ascii	"4\243\325\360\210(B\302\210V\255*\202ZH\211\213\002"
 132      882842C2 
 132      8856AD2A 
 132      825A4889 
 132      8B02
 133 004c B5CEBDAF 		.ascii	"\265\316\275\257\016\334s\3579\347;\337\371q}\"\202"
 133      0EDC73EF 
 133      39E73BDF 
 133      F9717D22 
 133      82
 134 005d 437446EE 		.ascii	"CtF\356\243r\210\255\011\0070\021\032w0\216\233<\317"
 134      A37288AD 
 134      09073011 
 134      1A77308E 
 134      9B3CCF
 135 0070 88CB5F9B 		.ascii	"\210\313_\233N\317\262\026i\337i\005%=},d\242*\223\025"
 135      4ECFB216 
 135      69DF6905 
 135      253D7D2C 
 135      64A22A93 
 136 0085 3C448FA0 		.ascii	"<D\217\240\266\247\356\207|\203C\006\\1\177n\325>\247"
 136      B6A7EE87 
 136      7C834306 
 136      5C317F6E 
 136      D53EA7
 137 0098 8DE9A04B 		.ascii	"\215\351\240K\314\003=_M\263\002\311\373\313\233\305"
 137      CC033D5F 
 137      4DB302C9 
 137      FBCB9BC5 
 138 00a8 DB41F792 		.ascii	"\333A\367\222\326E\335~Qg}2d\306c\260\020\342\0212X"
ARM GAS  /tmp/cc1R8s8R.s 			page 11


 138      D645DD7E 
 138      51677D32 
 138      64C663B0 
 138      10E21132 
 139 00bd 4786C445 		.ascii	"G\206\304Eh\240\333\340?=8\254\244|7)\210'\360\311t"
 139      68A0DBE0 
 139      3F3D38AC 
 139      A47C3729 
 139      8827F0C9 
 140 00d2 B8F6CE6B 		.ascii	"\270\366\316k\353\303?e\335\376X\307\366\271NH\216\353"
 140      EBC33F65 
 140      DDFE58C7 
 140      F6B94E48 
 140      8EEB
 141 00e4 88F25894 		.ascii	"\210\362X\224\300\305\364\214\362a\211h\306\366;\313"
 141      C0C5F48C 
 141      F2618968 
 141      C6F63BCB 
 142 00f4 32247FC7 		.ascii	"2$\177\307\344~\351`#r\014]\215Qc_\012\315\325\3575"
 142      E47EE960 
 142      23720C5D 
 142      8D51635F 
 142      0ACDD5EF 
 143 0109 53A66717 		.ascii	"S\246g\027'\320\224.\004\366\243\264\022$ \007\2472"
 143      27D0942E 
 143      04F6A3B4 
 143      12242007 
 143      A732
 144 011b 02156771 		.ascii	"\002\025gq\357\325?\237Y\317\372\335\235_GL\226\017"
 144      EFD53F9F 
 144      59CFFADD 
 144      9D5F474C 
 144      960F
 145 012d 1D4FEA34 		.ascii	"\035O\3524ZI\346ni\326KPnB\377\272\336\332\267@\017"
 145      5A49E66E 
 145      69D64B50 
 145      6E42FFBA 
 145      DEDAB740 
 146 0142 1E362CA8 		.ascii	"\0366,\250\270[\376O\357I\005\361\304\357\257\177\263"
 146      B85BFE4F 
 146      EF4905F1 
 146      C4EFAF7F 
 146      B3
 147 0153 6992509D 		.ascii	"i\222P\235\216\337\006\011\263\331\303f\274\365\322"
 147      8EDF0609 
 147      B3D9C366 
 147      BCF5D2
 148 0162 8FB03021 		.ascii	"\217\2600!\037\021\035\0179\220\372\330\024\036\023"
 148      1F111D0F 
 148      3990FAD8 
 148      141E13
 149 0171 FCD06835 		.ascii	"\374\320h5RjUOM\350\256\220;\360\024\021*vb\011\376"
 149      526A554F 
 149      4DE8AE90 
 149      3BF01411 
 149      2A766209 
 150 0186 DE5BAAB8 		.ascii	"\336[\252\270}k&\030\215\205\334\211gP\322\226\375\275"
ARM GAS  /tmp/cc1R8s8R.s 			page 12


 150      7D6B2618 
 150      8D85DC89 
 150      6750D296 
 150      FDBD
 151 0198 E7E893E2 		.ascii	"\347\350\223\342\264\203b\264x\013v\275FfdR\222U\235"
 151      B48362B4 
 151      780B76BD 
 151      46666452 
 151      92559D
 152 01ab EE55FDC3 		.ascii	"\356U\375\303\271\241\334\340\005U\030U\303\027/\251"
 152      B9A1DCE0 
 152      05551855 
 152      C3172FA9 
 153 01bb CB852B57 		.ascii	"\313\205+WGU\26602R\310\253\263\347\007\372\007\256"
 153      4755B630 
 153      3252C8AB 
 153      B3E707FA 
 153      07AE
 154 01cd A9FC582E 		.ascii	"\251\374X.\333\233%\344\377\002\260\334\251E"
 154      DB9B25E4 
 154      FF02B0DC 
 154      A945
 155              		.text
 156              		.section	.gnu.lto_.symbol_nodes.8d4aceb110dbce3,"",%progbits
 157 0000 789C6363 		.ascii	"x\234cc``\310\001b\006\246\371L\365\014\014\023\316"
 157      6060C801 
 157      6206A6F9 
 157      4CF50C0C 
 157      13CE
 158 0012 313000A9 		.ascii	"10\000\251]\215\216@\221\005L\365\214\250\"\013\231"
 158      5D8D8E40 
 158      91054CF5 
 158      8CA8220B 
 158      99
 159 0023 EA995044 		.ascii	"\352\231PDX\227014(1003-b\252gF\221b\\\314T\317\002"
 159      58973031 
 159      34283130 
 159      30332D62 
 159      AA674691 
 160 003d 16616068 		.ascii	"\026a`hhp\000\251ae8\374\340\037#\003\000\250\377\032"
 160      687000A9 
 160      616538FC 
 160      E01F2303 
 160      00A8FF1A 
 161 0051 2E       		.ascii	"."
 162              		.text
 163              		.section	.gnu.lto_.refs.8d4aceb110dbce3,"",%progbits
 164 0000 789C6363 		.ascii	"x\234cc```\003bF&&f&\006\000\000\303\000\027"
 164      60606003 
 164      62462626 
 164      66260600 
 164      00C30017 
 165              		.text
 166              		.section	.gnu.lto_.decls.8d4aceb110dbce3,"",%progbits
 167 0000 789CBD58 		.ascii	"x\234\275XkPU\327\025\276\373\354\013\\\336\026\231"
 167      6B5055D7 
 167      15BEFBEC 
ARM GAS  /tmp/cc1R8s8R.s 			page 13


 167      0B5CDE16 
 167      99
 168 0011 C6A66426 		.ascii	"\306\246d&\223\232J\247\211\027c\322d\372\243-\271j"
 168      939A4AA7 
 168      891763D2 
 168      64FAA32D 
 168      B96A
 169 0023 E5870973 		.ascii	"\345\207\011sI\234i\232\351\015\")d\0242\200\235\370"
 169      499C699A 
 169      E90D2229 
 169      64143280 
 169      9DF8
 170 0035 2B072E44 		.ascii	"+\007.D\224\304\200\" `@\300\007\301\027\"\240\"\012"
 170      94C48022 
 170      206040C0 
 170      07C11722 
 170      A0220A
 171 0048 C84B9047 		.ascii	"\310K\220GPP\220\227\274\004D\236\212\362P\272\366\343"
 171      50509097 
 171      BC04449E 
 171      8AF250BA 
 171      F6E3
 172 005a DC7B3872 		.ascii	"\334{8rm:\323\351\231Y\354\263\316\376\366\332\337^"
 172      6D3AD3E9 
 172      9959ECB3 
 172      CEFEF6DA 
 172      DF5E
 173 006c 6BEFB5D7 		.ascii	"k\357\265\327\305Z\245RmyY\245\332#\250T\267\221J\265"
 173      C55AA552 
 173      6D7959A5 
 173      DA23A854 
 173      B7914AB5 
 174 0080 008F357C 		.ascii	"\000\2175|+U\231\037+\220*\220Z\220:\220\006\2206\020"
 174      2B55991F 
 174      2B902A90 
 174      5A903A90 
 174      06903610 
 175 0094 80AB7A55 		.ascii	"\200\253zU\213\237\357\341\243#\264\237\201\270\200"
 175      8B9FEFE1 
 175      A323B49F 
 175      81B880
 176 00a3 B8829480 		.ascii	"\270\202\224\200\270\201\274\003}\253\240\375\033\310"
 176      B881BC03 
 176      7DABA0FD 
 176      1BC8
 177 00b1 5A789F87 		.ascii	"Zx\237\207v\016\304\001\336\355A0\274\257\204\326\003"
 177      760EC401 
 177      DEED4130 
 177      BCAF84D6 
 177      03
 178 00c2 E43788D9 		.ascii	"\3447\210\331\257R=\377$B\207\303\022s\254\342sH\366"
 178      AF523DFF 
 178      244287C3 
 178      1273ACE2 
 178      7348F6
 179 00d5 25BBD23C 		.ascii	"%\273\322<\002\301 6\007\342\353Q>)\320\341d\201\377"
 179      02C12036 
ARM GAS  /tmp/cc1R8s8R.s 			page 14


 179      07E2EB51 
 179      3E29D0E1 
 179      6481FF
 180 00e8 37D0B70B 		.ascii	"7\320\267\013$\032\244\007\364V\276\226H\320\267 6\007"
 180      241AA407 
 180      F456BE96 
 180      48D0B720 
 180      3607
 181 00fa B1BB1DB1 		.ascii	"\261\273\035\261\271\352^\340\247*\316\241g\011\016"
 181      B9EA5EE0 
 181      A72ACEA1 
 181      67090E
 182 0109 D2930600 		.ascii	"\322\223\006\000;\013\353\374\204\257U\276Nb\317\203"
 182      3B0BEBFC 
 182      84AF55BE 
 182      4E62CF83 
 183 0119 B70D4BD8 		.ascii	"\267\015K\330\213\307(g_o\242\272\013u\020\010Z\206"
 183      8BC72867 
 183      5F6FA2BA 
 183      0B751008 
 183      5A86
 184 012b 1047CB1F 		.ascii	"\020G\313\037\242/H\017\351g\000\001I\235\014\245\034"
 184      A22F480F 
 184      E9670001 
 184      499D0CA5 
 184      1C
 185 013c 46FB1013 		.ascii	"F\373\020\023Ae\306\232G\310\254\312\006#\372\250(\025"
 185      4165C69A 
 185      47C8ACCA 
 185      0623FAA8 
 185      2815
 186 014e 3917CA8C 		.ascii	"9\027\312\214\323C\346\351\221\011#\341eV\221i\320\363"
 186      D343E6E9 
 186      910923E1 
 186      65569169 
 186      D0F3
 187 0160 EC546C7F 		.ascii	"\354Tl\177\021'\034K=h\325\215:\001\011^\214\325\004"
 187      11271C4B 
 187      3D68D58D 
 187      3A01095E 
 187      8CD504
 188 0173 21F231E5 		.ascii	"!\3621\345fO\246\200\005\372\236t\344l\265=^N\337\307"
 188      664FA680 
 188      05FA9E74 
 188      E46CB53D 
 188      5E4EDFC7 
 189 0187 17927EBB 		.ascii	"\027\222~\273\372\204\310\036\315\327*T\200\260\344"
 189      FA84C81E 
 189      CDD72A54 
 189      80B0E4
 190 0196 CD8EEAEC 		.ascii	"\315\216\352\354\034\034\203\321*;D\0108\303\247\323"
 190      1C1C83D1 
 190      2A3B4408 
 190      38C3A7D3 
 191 01a6 2317661C 		.ascii	"#\027f\034\331'\202h\372~2\313\006o\244\357?E\236I%"
 191      D9278268 
 191      FA7E32CB 
ARM GAS  /tmp/cc1R8s8R.s 			page 15


 191      066FA4EF 
 191      3F459E49 
 192 01bb 68173BA4 		.ascii	"h\027;\244\006u\242.\271\327\011TW;\364j<\026\272Z\347"
 192      0675A22E 
 192      B9D70954 
 192      573BF46A 
 192      3C16BA5A 
 193 01d0 DA9D909D 		.ascii	"\332\235\220\235{\264(F\210\351F\321v\243\012]Bn\250"
 193      7BB42846 
 193      88E946D1 
 193      76A30A5D 
 193      426EA8
 194 01e3 08B9A9D0 		.ascii	"\010\271\251\320e\344N,\026\242\325*t\001>\236\207\217"
 194      65E44E2C 
 194      16A2D52A 
 194      74013E9E 
 194      878F
 195 01f5 4709A192 		.ascii	"G\011\241\222\256\344?\035\234\024\305WQ1\262C\027\021"
 195      AEE43F1D 
 195      9C14C557 
 195      5131B243 
 195      1711
 196 0207 A61870C0 		.ascii	"\246\030p\300*;F1;+.\303\032G#\302@(J\351\257\020,\315"
 196      2A3B4631 
 196      3B2B2EC3 
 196      1A4723C2 
 196      40284AE9 
 197 021f 516A718E 		.ascii	"Qjq\216\206\037_\253\214\022E\001\225\300\034W\314s"
 197      861F5FAB 
 197      8C124501 
 197      95C01C57 
 197      CC73
 198 0231 C0946C92 		.ascii	"\300\224l\222\252\343\371\245H\015Q\247\210 5\371V\373"
 198      AAE3F9A5 
 198      480D51A7 
 198      882035F9 
 198      56FB
 199 0243 F8D815B5 		.ascii	"\370\330\025\265\351[\031\242\037+\026\036\22783\027"
 199      E95B19A2 
 199      1F2B161E 
 199      97383317 
 200 0253 08C43BE3 		.ascii	"\010\304;\343\327\017\3313\027,#\036\271\334\231 \254"
 200      D70FD933 
 200      172C231E 
 200      B9DC9920 
 200      AC
 201 0264 482073C6 		.ascii	"H s\306\032\305e\002\372\354\227\250\002\230\224\003"
 201      1AC56502 
 201      FAEC97A8 
 201      02989403 
 202 0274 1315AA44 		.ascii	"\023\025\252D+\340\357U0D\347\314K\211\273\215^K\027"
 202      2BE0EF55 
 202      3044E7CC 
 202      4B89BB8D 
 202      5E4B17
 203 0287 D34BC009 		.ascii	"\323K\300\011\247W\336;'\212\300QT\023\034\3127\223"
 203      A757DE3B 
ARM GAS  /tmp/cc1R8s8R.s 			page 16


 203      278AC051 
 203      54131CCA 
 203      3793
 204 0299 CC27E142 		.ascii	"\314'\341B\347P7By\250\013b^\205^\203\341\315\235\305"
 204      E7503742 
 204      79A80B62 
 204      5E855E83 
 204      E1CD9DC5 
 205 02ad E3180F52 		.ascii	"\343\030\017R\277,\311?\361F\306EG\213dj(\231k\022\231"
 205      BF2CC93F 
 205      F146C645 
 205      478B646A 
 205      28996B12 
 206 02c2 234F1BDB 		.ascii	"#O\033\333%2M\277J\026K\"D\342/@\241j3\225j%\225ZJ%"
 206      25324DBF 
 206      4A164B22 
 206      44E22F40 
 206      A16A3395 
 207 02dc F7C97D23 		.ascii	"\367\311}#\306\263\214J\333\330\223\036k\311\322\257"
 207      C6B38C4A 
 207      DBD8931E 
 207      6BC9D2AF 
 208 02ec 4D96C8A2 		.ascii	"M\226\310\242\256\233-]WZ\252\243\226\212\217%z\341"
 208      AE9B2D5D 
 208      575AAAA3 
 208      968A8F25 
 208      7AE1
 209 02fe 44B687CB 		.ascii	"D\266\207\313\356\245\225\013\334\320\360+\213(\325"
 209      EEA5950B 
 209      DCD0F02B 
 209      8B28D5
 210 030d 9B0DD52B 		.ascii	"\233\015\325+\0155PC%\343YI\030\037g\226\232\237\024"
 210      0D355043 
 210      25E35949 
 210      181F6796 
 210      9A9F14
 211 0320 CF3AE0B3 		.ascii	"\317:\340\263TQ\2370\3768\256F\356n\010\\\201\354\216"
 211      54519F30 
 211      FE38AE46 
 211      EE6E085C 
 211      81EC8E
 212 0333 4AE74285 		.ascii	"J\347B\205\232\301s?\361\243\001O\262\010\233l\374k"
 212      9AC1733F 
 212      F1A3014F 
 212      B2089B6C 
 212      FC6B
 213 0345 F219DE35 		.ascii	"\362\031\3365\264\245\333N\314\024\361\012\025Z\353"
 213      B4A5DB4E 
 213      CC14F10A 
 213      155AEB
 214 0354 863C60D3 		.ascii	"\206<`\3235\301\246#]*t\023\014\336\000\337\022\207"
 214      35C1A623 
 214      5D2A7413 
 214      0CDE00DF 
 214      1287
 215 0366 A456CFD8 		.ascii	"\244V\317\330\332qt\364\177B\337}\262P\356\340\260\307"
 215      DA7174F4 
ARM GAS  /tmp/cc1R8s8R.s 			page 17


 215      7F42DF7D 
 215      B250EEE0 
 215      B0C7
 216 0378 B4A5510B 		.ascii	"\264\245Q\0130\221v\265\012\335B\016\374\2646\324\036"
 216      309176B5 
 216      0ADD420E 
 216      FCB436D4 
 216      1E
 217 0389 4870A651 		.ascii	"Hp\246Q\206o<\312\013\306\203\323V\026\243\334J\243"
 217      866F3CCA 
 217      0BC683D3 
 217      5616A3DC 
 217      4AA3
 218 039b 7C5B8A72 		.ascii	"|[\212r\370\215\226k$\312\335p&\026\352\337H=3(F\333"
 218      F88D966B 
 218      24CADD70 
 218      2616EADF 
 218      483D3328 
 219 03b1 51146A34 		.ascii	"Q\024j4\273\264\221;\001\265QWV\036\032\037\322\340"
 219      BBB4913B 
 219      01B55157 
 219      561E1A1F 
 219      D2E0
 220 03c3 66E6CA8C 		.ascii	"f\346\312\214\301\272kVl\377\277B<\273\177d/b\373\177"
 220      C1BA6B56 
 220      6CFFBF42 
 220      3CBB7F64 
 220      2F62FB7F 
 221 03d7 10817EB8 		.ascii	"\020\201~\270n*\301\016\3672\354\371\342\007o1\250\033"
 221      6E2AC10E 
 221      F732ECF9 
 221      E2076F31 
 221      A81B
 222 03e9 493531ED 		.ascii	"I51\355w\020\361\211\310W\351\"_d7u\212\326\015BH}\222"
 222      7710F189 
 222      C857E922 
 222      5F643775 
 222      8AD60D42 
 223 0400 9676B905 		.ascii	"\226v\271\005\271\304\322e\211\342_\020\215N\007\300"
 223      B9C4D265 
 223      89E25F10 
 223      8D4E07C0 
 224 0410 DB29FC2E 		.ascii	"\333)\374.r\221\006\321Ka2k\336^\216ny\021\272/f\340"
 224      729106D1 
 224      4B61326B 
 224      DE5E8E6E 
 224      7911BA2F 
 225 0426 B8D3EB99 		.ascii	"\270\323\353\231b#=x\036)G\305\350\330p\015\352A.\220"
 225      62233D78 
 225      1E2947C5 
 225      E8D8700D 
 225      EA412E90 
 226 043a 5231D989 		.ascii	"R1\331\211\262\261w\340\313?\004\025\352E\257\303\320"
 226      B2B177E0 
 226      CB3F0415 
 226      EA45AFC3 
 226      D0
ARM GAS  /tmp/cc1R8s8R.s 			page 18


 227 044b 13CD6945 		.ascii	"\023\315iE\016lM\"Y\324D\351\256s\\\037\267\001=\376"
 227      0E6C4D22 
 227      59D444E9 
 227      AE735C1F 
 227      B7013DFE 
 228 045f 646F2162 		.ascii	"do!bz\254+\350\203\315\307\222\035\231\177\304\303\304"
 228      7AAC2BE8 
 228      83CDC792 
 228      1D997FC4 
 228      C3C4
 229 0471 4187E6E7 		.ascii	"A\207\346\347#\325x\2049\350n\313\263Z\236O\215V$\343"
 229      23D57884 
 229      39E86ECB 
 229      B35A9E4F 
 229      8D5624E3 
 230 0485 F4B71F70 		.ascii	"\364\267\037p\264\350\242a\311EC\314E9\011\031\371\330"
 230      B4E8A261 
 230      C94543CC 
 230      45390919 
 230      F9D8
 231 0497 BC68353D 		.ascii	"\274h5=\372\367\000>@\341\367\351\242\207M\213>\322"
 231      FAF7003E 
 231      40E1F7E9 
 231      A2874D8B 
 231      3ED2
 232 04a9 976ECB99 		.ascii	"\227n\313\231[\203\376M\\O\246\023gN\2105\306}\273_"
 232      5B83FE4D 
 232      5C4FA613 
 232      674E8835 
 232      C67DBB5F 
 233 04bd CD99926B 		.ascii	"\315\231\222k`\357\255\270?\343i\306\363v\356\3763<"
 233      60EFADB8 
 233      3FE369C6 
 233      F376EEFE 
 233      333C
 234 04cf E863047B 		.ascii	"\350c\004{1\271%\331\336\"\317\011\211\3478\343y:\252"
 234      31B925D9 
 234      DE22CF09 
 234      89E738E3 
 234      793AAA
 235 04e2 2F5B03A3 		.ascii	"/[\003\243\335\340\216A\262\013\306\215]0\347J\246N"
 235      DDE08E41 
 235      B20BC68D 
 235      5D30E74A 
 235      A64E
 236 04f4 AAF10C9D 		.ascii	"\252\361\014\235I\310=\331\367\005r\267\223n\206\325"
 236      49C83DD9 
 236      F70572B7 
 236      936E86D5 
 237 0504 51BBC891 		.ascii	"Q\273\310\221\237\206\205=4\357O7\262\244%\216\342#"
 237      9F86853D 
 237      34EF4F37 
 237      B2A4258E 
 237      E223
 238 0516 385C6E3C 		.ascii	"8\\n<\377O\001\235I6\177v\332\361rGl\304t\202\316\223"
 238      FF4F019D 
 238      49367F76 
ARM GAS  /tmp/cc1R8s8R.s 			page 19


 238      DAF17247 
 238      6CC47482 
 239 052c 63F5D834 		.ascii	"c\365\3304\003\334\013y\364^\230\201\031\036\233g\230"
 239      03DC0B79 
 239      F45E9881 
 239      191E9B67 
 239      98
 240 053d 4616A678 		.ascii	"F\026\246x\262\364\024\315]\011w\026\355?bo\024\372"
 240      B2F414CD 
 240      5D097716 
 240      ED3F626F 
 240      14FA
 241 054f 1F508FCC 		.ascii	"\037P\217\314\322PLH\241\210(\337}\237\236\004\343\317"
 241      D2504C48 
 241      A18828DF 
 241      7D9F9E04 
 241      E3CF
 242 0561 B39E5431 		.ascii	"\263\236T13\246\226[\237{\221\365\202\256\370\335|K"
 242      33A6965B 
 242      9F7B91F5 
 242      82AEF8DD 
 242      7C4B
 243 0573 A6935BFA 		.ascii	"\246\223[\372b\307D\211=\323\273\211\373gF\222\2325"
 243      62C74489 
 243      3DD3BB89 
 243      FB674692 
 243      9A35
 244 0585 3CD04EA0 		.ascii	"<\320N\240_\235J\235p \273\220\346\334;\305\321<\322"
 244      5F9D4A9D 
 244      7020BB90 
 244      E6DC3BC5 
 244      D13CD2
 245 0598 EF827A7D 		.ascii	"\357\202z}\357\205~\313\0332B\340\201\016\027(\317g"
 245      EF857ECB 
 245      1B3242E0 
 245      810E1728 
 245      CF67
 246 05aa E9A92D82 		.ascii	"\351\251-\202rC.\000\374\031\205\033\005\027i\020\275"
 246      72432E00 
 246      FC19851B 
 246      05176910 
 246      BD
 247 05bb 9E1ECCBC 		.ascii	"\236\036\314\274\314\367\243\274\230p\241\305\004:5"
 247      CCF7A3BC 
 247      9870A1C5 
 247      043A35
 248 05ca 7825D58E 		.ascii	"x%\325\216\263$\027\355\325\033)96\370\000c\371pO\324"
 248      B32417ED 
 248      D51B2939 
 248      36F80063 
 248      F9704FD4 
 249 05de 637E6EC8 		.ascii	"c~n\310\241\353\253\231<\353d\221\345n\211e4c\231:<"
 249      A1EBAB99 
 249      3CEB6491 
 249      E56E8965 
 249      3463993A 
 250 05f3 B5E0A464 		.ascii	"\265\340\244d\371\215\340\206\242\004\002\337CY\356"
ARM GAS  /tmp/cc1R8s8R.s 			page 20


 250      F98DE086 
 250      A20402DF 
 250      4359EE
 251 0602 96582635 		.ascii	"\226X&5\345\256g\241\3729\325\006\014\270qy\266\301"
 251      E5AE67A1 
 251      FA39D506 
 251      0CB87179 
 251      B6C1
 252 0614 596E3E46 		.ascii	"Yn>Fx\201\371\307\005sw\370\252\3231\331\032E\255q\274"
 252      7881F9C7 
 252      057377F8 
 252      AAD331D9 
 252      1A45AD71 
 253 0629 BCE8969F 		.ascii	"\274\350\226\237ZW~j\303\007\317\354\3028\231\271a*"
 253      5A577E6A 
 253      C307CFEC 
 253      C23899B9 
 253      612A
 254 063b 316AB786 		.ascii	"1j\267\206\201_\"\271\367\364\350\210\306\242\033\366"
 254      815F22B9 
 254      F7F4E888 
 254      C6A21BF6 
 255 064b 496E8863 		.ascii	"In\210cnxZ\326\225\341\254t\303\367\300s/\345\271\237"
 255      6E785AD6 
 255      95E1AC74 
 255      C3F7C073 
 255      2FE5B99F 
 256 065f F2DC27F1 		.ascii	"\362\334'\361<W<qD\312\036\204g\177NO\246\035\316b<"
 256      3C573C71 
 256      44CA1E84 
 256      677F4E4F 
 256      A61DCE62 
 257 0674 7E2C89A9 		.ascii	"~,\211\251\346\341H'\261ZH\031?\344\200\263Y\247\024"
 257      E6E14827 
 257      B15A4819 
 257      3FE480B3 
 257      59A714
 258 0687 48171EC8 		.ascii	"H\027\036\310\206\241\202\\\001\347\261\316\247]\261"
 258      86A1825C 
 258      01E7B1CE 
 258      A75DB1
 259 0696 B1367C24 		.ascii	"\2616|$\331\233]\255\315\271\016\370<\353,\030\270V"
 259      D99B5DAD 
 259      CDB90EF8 
 259      3CEB2C18 
 259      B856
 260 06a8 298D249D 		.ascii	")\215$\235\273O\367\304X\341R\326y\267\343\336\036'"
 260      BB4FF7C4 
 260      58E152D6 
 260      79B7E3DE 
 260      1E27
 261 06ba 5CC994AA 		.ascii	"\\\311\224\252\312\210/p#{\257\355\215|\203\015\212"
 261      CA882F70 
 261      237BAFED 
 261      8D7C830D 
 261      8A
 262 06cb 2409BA22 		.ascii	"$\011\272\"+7\0153\007\246\323\355\237W\272\307\350"
ARM GAS  /tmp/cc1R8s8R.s 			page 21


 262      2B370D33 
 262      07A6D3ED 
 262      9F57BAC7 
 262      E8
 263 06dc 8C9B29D8 		.ascii	"\214\233)\330\271k\326\330\345\200V\262g\371Jw\332f"
 263      B96BD6D8 
 263      E58056B2 
 263      67F94A77 
 263      DA66
 264 06ee 8891E162 		.ascii	"\210\221\341b\311\255\271\367\332nF\212\342>\007\364"
 264      C9ADB9F7 
 264      DA6E468A 
 264      E23E07F4 
 265 06fe ADE082D2 		.ascii	"\255\340\202\322\004X\247\260\334\024I\360$\370g\015"
 265      0458A7B0 
 265      DC1449F0 
 265      24F8670D 
 266 070e F951C5F0 		.ascii	"\371Q\305\360e\237\302\237p\214\346\341\026\031C\014"
 266      659FC29F 
 266      708CE6E1 
 266      1619430C 
 267 071e 2C9D5134 		.ascii	",\235Q4\202dh\222x\206\377\016\350HL\334\214b\271i\311"
 267      82646892 
 267      7886FF0E 
 267      E8484CDC 
 267      8C62B969 
 268 0733 F9E83B41 		.ascii	"\371\350;Aa{\222\243\011\221]J\"\221Jt\231\014}H\211"
 268      617B92A3 
 268      09915D4A 
 268      22914A74 
 268      990C7D48 
 269 0748 4E15144C 		.ascii	"N\025\024L\332dL\022\225L\022\026\3316BA\367i2E\223"
 269      DA644C12 
 269      954C1216 
 269      D9364241 
 269      F7693245 
 270 075d 4D9DC1D1 		.ascii	"M\235\301\321\246\023\321g^e\034\337W\"T\036\3500\230"
 270      A613D167 
 270      5E651CDF 
 270      5722541E 
 270      E83098
 271 0770 4BA79608 		.ascii	"K\247\226\010\034\016\014:!\270\243La%:\005r\014$\007"
 271      1C0E0C3A 
 271      21B8A34C 
 271      61253A05 
 271      720C2407 
 272 0784 2417E438 		.ascii	"$\027\3448\310\031\220# GAN\203d\201\234\004\311\026"
 272      C8199023 
 272      2047414E 
 272      8364819C 
 272      04C916
 273 0797 56D2AA84 		.ascii	"V\322\252\204\321\256\221\321NQ\322N6\323fy~\240\315"
 273      D1AE91D1 
 273      4E51D24E 
 273      36D36679 
 273      7EA0CD
 274 07aa 251CB810 		.ascii	"%\034\270\020\224\212\347x\263\251\372v\327}\242X\355"
ARM GAS  /tmp/cc1R8s8R.s 			page 22


 274      948AE778 
 274      B3A9FA76 
 274      D77DA258 
 274      ED
 275 07bb 416E4CA8 		.ascii	"AnL\250b\230-\351\036E\375\312\320\315~b\236\371\007"
 275      62982DE9 
 275      1E45FDCA 
 275      D0CD7E62 
 275      9EF907
 276 07ce E5CC     		.ascii	"\345\314"
 277 07d0 514AF7CE 		.ascii	"QJ\367\316r\236\220\374`\3773\264\224\022\321S\244\010"
 277      729E90FC 
 277      60FF33B4 
 277      9412D153 
 277      A408
 278 07e2 5D8F2C74 		.ascii	"]\217,t\007\224\241\213W\006\272I\206>\250D'\231\321"
 278      0794A18B 
 278      5706BA49 
 278      863EA844 
 278      2799D1
 279 07f5 2435B774 		.ascii	"$5\267t\225#|@M\357\300\210\331\334\002+\264\334}\311"
 279      95237C40 
 279      4DEFC088 
 279      D9DC022B 
 279      B4DC7DC9 
 280 0809 20A17310 		.ascii	" \241s\020\233\377E\234\230\347;\3335P\\\243<0xV0\335"
 280      9BFF459C 
 280      98E73BDB 
 280      35505CA3 
 280      3C307856 
 281 081f AF240E94 		.ascii	"\257$\016\224\327\356{\263\265X^\372\346\3116\024\374"
 281      D7EE7BB3 
 281      B5585EFA 
 281      E6C93614 
 281      FC
 282 0830 F41168E9 		.ascii	"\364\021h\351KZR|\325U\265\363<\023M\216\362\302Pk&"
 282      4B5A527C 
 282      D555B5F3 
 282      3C134D8E 
 282      F2C2506B 
 283 0845 4F4AE3C4 		.ascii	"OJ\343\304\330\304\374\241B\256\273\312\222\213+O.#"
 283      D8C4FCA1 
 283      42AEBBCA 
 283      928B2B4F 
 283      2E23
 284 0857 49314667 		.ascii	"I1Fg\213\371\361\242\224\037\213X\036\277\331\321\237"
 284      8BF9F1A2 
 284      941F8B58 
 284      1EBFD9D1 
 284      9F
 285 0868 E0A0CC8F 		.ascii	"\340\240\314\217\027\300I\347\251c\213h~\274(\345\307"
 285      17C049E7 
 285      A9638B68 
 285      7EBC28E5 
 285      C7
 286 0879 FCA65BD3 		.ascii	"\374\246[\323\2668\215\372\027\265&\354\031\261\222"
 286      B6388DFA 
ARM GAS  /tmp/cc1R8s8R.s 			page 23


 286      17B526EC 
 286      19B192
 287 0888 2E8DE89F 		.ascii	".\215\350\237sid\015\344\216\331\312'+\026^0\331\215"
 287      7369640D 
 287      E48ED9CA 
 287      272B165E 
 287      30D98D
 288 089b 81C391FC 		.ascii	"\201\303\221\374\206oT\311~\204\272\260\037\241R\336"
 288      866F54C9 
 288      7E84BAB0 
 288      1FA152DE 
 289 08ab 74E579B3 		.ascii	"t\345y\263\250\262\351\032\302Y\214[\331\344\231c|,"
 289      A8B2E91A 
 289      C2598C5B 
 289      D9E49963 
 289      7C2C
 290 08bd C9E3DDB1 		.ascii	"\311\343\335\261W\027,\373\244\\\362\311Uvg<\212=\263"
 290      57172CFB 
 290      A45CF2C9 
 290      5576673C 
 290      8A3DB3
 291 08d0 41E99252 		.ascii	"A\351\222R`YBYVP\226\345\022\313\203\207\206O\011\312"
 291      60594259 
 291      565096E5 
 291      12CB8387 
 291      864F09CA 
 292 08e4 355944C7 		.ascii	"5YD\307T\344W\362\330V\023}\340Y^\215\015\316f\244\367"
 292      54E457F2 
 292      D856137D 
 292      E0595E8D 
 292      0DCE66A4 
 293 08f9 EF7B52A3 		.ascii	"\357{R\243\301'\231R8\232S\350\310\220%DO.zX\303K\026"
 293      C1279952 
 293      389A53E8 
 293      C8902544 
 293      4F2E7A58 
 294 0910 8DACDB95 		.ascii	"\215\254\333\225wO\345\214\037\261\306\271ll\334\370"
 294      774FE58C 
 294      1FB1C6B9 
 294      6C6CDCF8 
 295 0920 E47E6B8B 		.ascii	"\344~k\213\313\255\227\226\353AW[\230\2379\246Q.\367"
 295      CBAD9796 
 295      EB41575B 
 295      989F39A6 
 295      512EF7
 296 0933 3A2CA096 		.ascii	":,\240\226.\240\201.\240^Z@QxV3V.\327\"\372\370@\352"
 296      2EA0812E 
 296      A05E5A40 
 296      51785633 
 296      562ED722 
 297 094b 5E1E86F7 		.ascii	"^\036\206\367H\2251sx\330\021\3473\222\017F\347O;\341"
 297      48953173 
 297      78D811E7 
 297      33920F46 
 297      E74F3BE1 
 298 095f 8B4C292A 		.ascii	"\213L)*\274T\311W\347Aj\376\023\245\365\366\370\012"
 298      BC54C957 
ARM GAS  /tmp/cc1R8s8R.s 			page 24


 298      E7416AFE 
 298      13A5F5F6 
 298      F80A
 299 0971 EB9B8F4D 		.ascii	"\353\233\217M\313\263\305\025LI\231\352\030\342\233"
 299      CBB3C515 
 299      4C4999EA 
 299      18E29B
 300 0980 DF9DC439 		.ascii	"\337\235\3049\363\207}\266\270\206\365-\304F\037\264"
 300      F3877DB6 
 300      B886F52D 
 300      C4461FB4 
 301 0990 C10D4C89 		.ascii	"\301\015L\211\257\217\317\264\3077\2312\032\331\337"
 301      AF8FCFB4 
 301      C7379932 
 301      1AD9DF
 302 099f CDB7CE0A 		.ascii	"\315\267\316\012P\347\006\343[\371\317\027\007Y5\342"
 302      50E706E3 
 302      5BF9CF17 
 302      075935E2 
 303 09af CAAB9153 		.ascii	"\312\253\221S\323{\023\355q\033\033z\2535\362\002\307"
 303      D37B13ED 
 303      711B1B7A 
 303      AB35F202 
 303      C7
 304 09c0 DA836A3C 		.ascii	"\332\203j<q\271\300\312\362\317;\311\265]l'}w*\353\212"
 304      71B9C0CA 
 304      F2CF3BC9 
 304      B55D6C27 
 304      7D772AEB 
 305 09d5 B5B260EE 		.ascii	"\265\262`\356\000o\265So\335\245\336\352\226\274U?\020"
 305      006FB553 
 305      6FDDA5DE 
 305      EA96BC55 
 305      3F10
 306 09e7 D360AF2C 		.ascii	"\323`\257,\200-\242\213\233\332\377\202;\031\311G\365"
 306      802DA28B 
 306      9BDAFF82 
 306      3B19C947 
 306      F5
 307 09f8 ED7711EE 		.ascii	"\355w\021\356aJd\355\265c6x\200)#\331u\325\326x\204"
 307      614A64ED 
 307      B5633678 
 307      802923D9 
 307      75D5D678 
 308 0a0d 297D03B3 		.ascii	")}\003\263\3471\236`\312\321\221\214\357l\3614\037\323"
 308      E7319E60 
 308      CAD1918C 
 308      EF6CF134 
 308      1FD3
 309 0a1f 375ACF1D 		.ascii	"7Z\317\035\364-9Ls\343\0057%\227\220\3556\374\250\177"
 309      F42D394C 
 309      73E30537 
 309      259790ED 
 309      36FCA87F 
 310 0a33 4183E729 		.ascii	"A\203\347)\370\245\334\246\353\351\266\210\226\022\346"
 310      F8A5DCA6 
 310      EBE9B688 
ARM GAS  /tmp/cc1R8s8R.s 			page 25


 310      9612E6
 311 0a42 C79DB719 		.ascii	"\307\235\267\031b<\244\353\372!~\331TB\322.\203\214"
 311      623CA4EB 
 311      FA217ED9 
 311      5442D22E 
 311      838C
 312 0a54 3806094F 		.ascii	"8\006\011O:\025\350\312s7\277\201U\025=\200\356\344"
 312      3A15E8CA 
 312      7337BF81 
 312      55153D80 
 312      EEE4
 313 0a66 6869E1E8 		.ascii	"hi\341\350\216\034\035\017\267sY \273\235\311\326\253"
 313      8E1C1D0F 
 313      B7735920 
 313      BB9DC9D6 
 313      AB
 314 0a77 E66853EA 		.ascii	"\346hS\352\251\242\350K\350\271\353y\030\354\015\321"
 314      A9A2E84B 
 314      E8B9EB79 
 314      18EC0DD1 
 315 0a87 CE319EF6 		.ascii	"\3161\236\366\347 \355?\203T>\0112\017\022\216W\242"
 315      E720ED3F 
 315      83543E09 
 315      320F128E 
 315      57A2
 316 0a99 87D03E02 		.ascii	"\207\320>\002y\000\362\024d\001\344\011\310,\310\014"
 316      7900F214 
 316      6401E409 
 316      C82CC80C 
 317 0aa9 C8388808 		.ascii	"\3108\210\010\270\010\220)x\037\005\031\001\231\000"
 317      B8089029 
 317      781F0519 
 317      019900
 318 0ab8 790C326D 		.ascii	"y\0142m\272\276I\035\321\023`\256#n(\231\376\264h]\344"
 318      BABE491D 
 318      D11360AE 
 318      236E2899 
 318      FEB4685D 
 319 0acd A20B6417 		.ascii	"\242\013d\027\335e\360\302%\216\226\262#\257We5J\215"
 319      DD65F0C2 
 319      258E96B2 
 319      23AF5765 
 319      354A8D
 320 0ae0 C16CFB9E 		.ascii	"\301l\373\236\322\266\326\354\004\346\263\331\000\263"
 320      D2B6D6EC 
 320      04E6B3D9 
 320      00B3
 321 0aee CFAE2DED 		.ascii	"\317\256-\3553\231\355\036\231\355>%\272D\211\036\226"
 321      3399ED1E 
 321      99ED3E25 
 321      BA44891E 
 321      96
 322 0aff A17B9746 		.ascii	"\241{\227FKT\250\361@3\374\276\022^\360\\\341\306\235"
 322      4B54A8F1 
 322      4033FCBE 
 322      125EF05C 
 322      E1C69D
ARM GAS  /tmp/cc1R8s8R.s 			page 26


 323 0b12 52C4EB90 		.ascii	"R\304\353\220EN)|\316x\215\314\343\267\225\306o=\007"
 323      454E297C 
 323      CE788DCC 
 323      E3B795C6 
 323      6F3D07
 324 0b25 6F93C19B 		.ascii	"o\223\301\233\225\360\233\317\301\233d\360\226\245\341"
 324      95F09BCF 
 324      C19B64F0 
 324      96A5E1
 325 0b34 B2726CBA 		.ascii	"\262rl\272\223\225cc\312r\214\230j\351r\3150\222\023"
 325      93956363 
 325      CA728C98 
 325      6AE972CD 
 325      309213
 326 0b47 426C0D28 		.ascii	"Bl\015(m\325*}<+\363q\233\022\035%(\303]f0\207{p\311"
 326      6DD52A7D 
 326      3C2BF371 
 326      9B121D25 
 326      28C35D66 
 327 0b60 CD21B35D 		.ascii	"\315!\263]&[U\353\322>\223G[\206nZzO/\362\260\214x\377"
 327      265B55EB 
 327      D23E9347 
 327      5B866E5A 
 327      7A4F2FF2 
 328 0b78 D2CB3411 		.ascii	"\322\3134\021'\231 \200\205\273\021\302]\307\341\322"
 328      27992080 
 328      85BB11C2 
 328      5DC7E1D2 
 329 0b88 F5826A16 		.ascii	"\365\202j\026\025{\365]\007\352\3258\302\212\026{\035"
 329      157BF55D 
 329      07EAD538 
 329      C28A167B 
 329      1D
 330 0b99 43E762EC 		.ascii	"C\347b\354\225\305\236t\344Q\024v\377\277\234z\026\367"
 330      95C59E74 
 330      E4511476 
 330      FFBF9C7A 
 330      16F7
 331 0bab D1216B52 		.ascii	"\321!kR\014F\342\345\310\210M\305\340\230T\014f\016"
 331      0C46E2E5 
 331      C8884DC5 
 331      E098540C 
 331      660E
 332 0bbd F45C55CB 		.ascii	"\364\\U\313\213A\0024\337!\337`V\014BK\356\246\262\306"
 332      8B410234 
 332      DF21DF60 
 332      560C424B 
 332      EEA6B2C6 
 333 0bd1 248D1C4C 		.ascii	"$\215\034L\376\211i\006\357\342\340]\024\\\227y5\333"
 333      FE896906 
 333      EFE2E05D 
 333      145C9779 
 333      35DB
 334 0be3 5E0E26FF 		.ascii	"^\016&\377\3533\203\2439\230\264\313\202\376\025\350"
 334      EB3383A3 
 334      3998B4CB 
 334      82FE15E8 
ARM GAS  /tmp/cc1R8s8R.s 			page 27


 335 0bf3 B73EC877 		.ascii	"\267>\310w\3136\377\315\376~a\301!\277_\255\325\005"
 335      CB36FFCD 
 335      FE7E61C1 
 335      21BF5FAD 
 335      D505
 336 0c05 046E09FC 		.ascii	"\004n\011\374\320G\033\034\252\015\360\335\246\3752"
 336      D0471B1C 
 336      AA0DF0DD 
 336      A6FD32
 337 0c14 38242C54 		.ascii	"8$,T\353\027\274}{p\220\326S\277I\267\351+-\031\265"
 337      EB17BC7D 
 337      7B7090D6 
 337      53BF49B7 
 337      E92B2D19 
 338 0c29 DA4FF3D7 		.ascii	"\332O\363\327\017>~U\267f\215\312\316`\330\021\030\024"
 338      0F3E7E55 
 338      B7668DCA 
 338      CE60D811 
 338      1814
 339 0c3b B6F62D43 		.ascii	"\266\366-C\330\333\332\035\241!Z\337\220\355o\006\005"
 339      D8DBDA1D 
 339      A1215ADF 
 339      90ED6F06 
 339      05
 340 0c4c 07F9BFE9 		.ascii	"\007\371\277\351\357\273%P\033\030\344\267m\307V\177"
 340      EFBB2550 
 340      1B18E4B7 
 340      6DC7567F 
 341 0c5c ED765FBF 		.ascii	"\355v_\277\200\300 \177\255a\253\377\347\276;\266\205"
 341      80C0207F 
 341      AD61ABFF 
 341      E7BE3BB6 
 341      85
 342 0c6d 19C2767E 		.ascii	"\031\302v~\351\037\272:@\245\221F\377\356\005\243Cw"
 342      E91FBA3A 
 342      40A59146 
 342      FFEE05A3 
 342      4377
 343 0c7f 866A0DA1 		.ascii	"\206j\015\241a[\001\012C\336\370/x\252~A\332u\201\241"
 343      615B010A 
 343      43DEF82F 
 343      78AA7E41 
 343      DA7581A1 
 344 0c93 E665BA91 		.ascii	"\346e\272\221/>\376a>;C\303\374\267o\364\015\332\272"
 344      2F3EFE61 
 344      3E3B43C3 
 344      FCB76FF4 
 344      0DDABA
 345 0ca6 CD3FC43B 		.ascii	"\315?\304;$08$0l'u\212n\233\277o\210\267\177\020\314"
 345      24303824 
 345      306C2775 
 345      8A6E9BBF 
 345      6F88B77F 
 346 0cbc F74F5BBF 		.ascii	"\367O[\277\000\000n\364\335\026\246\366\013\360\015"
 346      00006EF4 
 346      DD16A6F6 
 346      0BF00D
ARM GAS  /tmp/cc1R8s8R.s 			page 28


 347 0ccb 7965D1DC 		.ascii	"ye\321\334!a&\212~\001\300\314\321`\370|G\220\237\301"
 347      2161268A 
 347      7E01C0CC 
 347      D160F87C 
 347      47909FC1 
 348 0cdf B0FADD77 		.ascii	"\260\372\335w<\376\240\2214[\375z\237\365\372\315\353"
 348      3CFEA091 
 348      345BFD7A 
 348      9FF5FACD 
 348      EB
 349 0cf0 D7BD2378 		.ascii	"\327\275#xy\3332\207\275g\010\263\341\255\251\373m\265"
 349      79DB3287 
 349      BD6708B3 
 349      E1ADA9FB 
 349      6DB5
 350 0d02 97E7FB7A 		.ascii	"\227\347\373z\223\272V\355\245\3636\253o\251\275|\274"
 350      93BA56ED 
 350      A5F336AB 
 350      6FA9BD7C 
 350      BC
 351 0d13 F51A3DD3 		.ascii	"\365\032=\323\326@\347zs\247\007t\256\327\253}>\362"
 351      D640E77A 
 351      73A70774 
 351      AED7AB7D 
 351      3EF2
 352 0d25 D2FF7111 		.ascii	"\322\377q\021E\356\024\377\257\302\210c\264\272M>^>"
 352      45EE14FF 
 352      AFC28863 
 352      B4BA4D3E 
 352      5E3E
 353 0d37 5A5D7088 		.ascii	"Z]p\210\277\326Kb\016\212\301o\373Z\340o\373\301f/\235"
 353      BFD64B62 
 353      0E8AC16F 
 353      FB5AE06F 
 353      FBC1662F 
 354 0d4c E123080D 		.ascii	"\341#\010\015\230\363\324\2537m\332\240\307\236\353"
 354      98F3D4AB 
 354      376DDAA0 
 354      C79EEB
 355 0d5b F4781DB4 		.ascii	"\364x\035\264\336\033\364j\317\015>z\365\373\033<\365"
 355      DE1BF46A 
 355      CF0D3E7A 
 355      F5FB1B3C 
 355      F5
 356 0d6c 56D00580 		.ascii	"V\320\005\200uD\337H\376\350\340\217\225\317F\235\217"
 356      7544DF48 
 356      FEE8E08F 
 356      95CF469D 
 356      8F
 357 0d7d 1EFB6CF4 		.ascii	"\036\373l\364\306:\035\264:\275\225\247\227^\247Wo\376"
 357      C63A1DB4 
 357      3ABD95A7 
 357      975EA757 
 357      6FFE
 358 0d8f E8433DF0 		.ascii	"\350C=\360\005\204\316\373c\257u\360\327S\247\327\370"
 358      0584CEFB 
 358      63AF75F0 
ARM GAS  /tmp/cc1R8s8R.s 			page 29


 358      D753A7D7 
 358      F8
 359 0da0 E8DEA773 		.ascii	"\350\336\247s\375\033WN?)"
 359      FD1B574E 
 359      3F29
 360              		.text
 361              		.section	.gnu.lto_.symtab.8d4aceb110dbce3,"",%progbits
 362 0000 6E766963 		.ascii	"nvicEnableVector\000"
 362      456E6162 
 362      6C655665 
 362      63746F72 
 362      00
 363 0011 00       		.ascii	"\000"
 364 0012 00       		.ascii	"\000"
 365 0013 00       		.ascii	"\000"
 366 0014 00000000 		.ascii	"\000\000\000\000\000\000\000\000"
 366      00000000 
 367 001c C7000000 		.ascii	"\307\000\000\000"
 368 0020 6E766963 		.ascii	"nvicDisableVector\000"
 368      44697361 
 368      626C6556 
 368      6563746F 
 368      7200
 369 0032 00       		.ascii	"\000"
 370 0033 00       		.ascii	"\000"
 371 0034 00       		.ascii	"\000"
 372 0035 00000000 		.ascii	"\000\000\000\000\000\000\000\000"
 372      00000000 
 373 003d CB000000 		.ascii	"\313\000\000\000"
 374 0041 6E766963 		.ascii	"nvicSetSystemHandlerPriority\000"
 374      53657453 
 374      79737465 
 374      6D48616E 
 374      646C6572 
 375 005e 00       		.ascii	"\000"
 376 005f 00       		.ascii	"\000"
 377 0060 00       		.ascii	"\000"
 378 0061 00000000 		.ascii	"\000\000\000\000\000\000\000\000"
 378      00000000 
 379 0069 CD000000 		.ascii	"\315\000\000\000"
 380 006d 6E766963 		.ascii	"nvicClearPending\000"
 380      436C6561 
 380      7250656E 
 380      64696E67 
 380      00
 381 007e 00       		.ascii	"\000"
 382 007f 00       		.ascii	"\000"
 383 0080 00       		.ascii	"\000"
 384 0081 00000000 		.ascii	"\000\000\000\000\000\000\000\000"
 384      00000000 
 385 0089 CF000000 		.ascii	"\317\000\000\000"
 386 008d 63685379 		.ascii	"chSysHalt\000"
 386      7348616C 
 386      7400
 387 0097 00       		.ascii	"\000"
 388 0098 02       		.ascii	"\002"
 389 0099 00       		.ascii	"\000"
ARM GAS  /tmp/cc1R8s8R.s 			page 30


 390 009a 00000000 		.ascii	"\000\000\000\000\000\000\000\000"
 390      00000000 
 391 00a2 DA000000 		.ascii	"\332\000\000\000"
 392              		.text
 393              		.section	.gnu.lto_.opts,"",%progbits
 394 0000 272D666D 		.ascii	"'-fmath-errno' '-fsigned-zeros' '-ftrapping-math' '"
 394      6174682D 
 394      6572726E 
 394      6F272027 
 394      2D667369 
 395 0033 2D666E6F 		.ascii	"-fno-trapv' '-fno-strict-overflow' '-fno-openmp' '-"
 395      2D747261 
 395      70762720 
 395      272D666E 
 395      6F2D7374 
 396 0066 666E6F2D 		.ascii	"fno-openacc' '-mcpu=cortex-m3' '-mthumb' '-O0' '-fo"
 396      6F70656E 
 396      61636327 
 396      20272D6D 
 396      6370753D 
 397 0099 6D69742D 		.ascii	"mit-frame-pointer' '-falign-functions=16' '-ffuncti"
 397      6672616D 
 397      652D706F 
 397      696E7465 
 397      72272027 
 398 00cc 6F6E2D73 		.ascii	"on-sections' '-fdata-sections' '-fno-common' '-flto"
 398      65637469 
 398      6F6E7327 
 398      20272D66 
 398      64617461 
 399 00ff 2700     		.ascii	"'\000"
 400              		.text
 401              		.comm	__gnu_lto_v1,1,1
 402              		.comm	__gnu_lto_slim,1,1
 403              		.ident	"GCC: (GNU Tools for Arm Embedded Processors 7-2018-q3-update) 7.3.1 20180622 (release) [AR
ARM GAS  /tmp/cc1R8s8R.s 			page 31


DEFINED SYMBOLS
                            *ABS*:0000000000000000 nvic.c
                            *COM*:0000000000000001 __gnu_lto_v1
                            *COM*:0000000000000001 __gnu_lto_slim

NO UNDEFINED SYMBOLS
