ARM GAS  /tmp/ccKvWmOl.s 			page 1


   1              		.cpu cortex-m3
   2              		.eabi_attribute 20, 1
   3              		.eabi_attribute 21, 1
   4              		.eabi_attribute 23, 3
   5              		.eabi_attribute 24, 1
   6              		.eabi_attribute 25, 1
   7              		.eabi_attribute 26, 1
   8              		.eabi_attribute 30, 6
   9              		.eabi_attribute 34, 1
  10              		.eabi_attribute 18, 4
  11              		.file	"paraglider.c"
  12              		.section	.gnu.lto_.inline.2b96848b3adaf7a8,"",%progbits
  13 0000 789C6363 		.ascii	"x\234cc```b@\006\000\000\232\000\011"
  13      60606062 
  13      40060000 
  13      9A0009
  14              		.text
  15              		.section	.gnu.lto_paraglider.2b96848b3adaf7a8,"",%progbits
  16 0000 789CD59C 		.ascii	"x\234\325\234\327W[\371\021\307\357En\353\262\233\262"
  16      D7575BF9 
  16      11C7EF45 
  16      6EEBB29B 
  16      B2
  17 0011 E94EEF7D 		.ascii	"\351N\357}K\212\223l\222s\362\224\274\344\234<\345\344"
  17      4B8A936C 
  17      9273F294 
  17      BCE49C3C 
  17      E5E4
  18 0023 2D2F79CA 		.ascii	"-/y\312?\220\247\204^l\212(6`\003\246\232\336mD\221"
  18      3F90A784 
  18      5E6C8A28 
  18      366003A6 
  18      9ADE6D44 
  19 0038 31A68300 		.ascii	"1\246\203\000\201D\227@\200\004\210\216D\021\235\314"
  19      81449740 
  19      8004888E 
  19      44119DCC 
  20 0048 DC3BE248 		.ascii	"\334;\342H\367H\350Jpek_>g\3545|g\356\374\346\327\177"
  20      F748E84A 
  20      70656B5F 
  20      3E67EC35 
  20      7C67EEFC 
  21 005f D71886F9 		.ascii	"\327\030\206\371\307?\031\206e\370\377Rdl\345j\303\376"
  21      C73F1986 
  21      65F8FF52 
  21      646CE56A 
  21      C3FE
  22 0071 9D07B20C 		.ascii	"\235\007\262\014\031\374!\230\321]\323#,\232,\373i0"
  22      19FC2198 
  22      D15DD323 
  22      2C9A2CFB 
  22      6930
  23 0083 359B7D99 		.ascii	"5\233}\231\267x\363S`VX\267+\256\361\346{`\036\353C"
  23      B778F353 
  23      605658B7 
  23      2BAEF1E6 
  23      7B601EEB 
ARM GAS  /tmp/ccKvWmOl.s 			page 2


  24 0098 4E8278F3 		.ascii	"N\202x\363]0\363\226\033\332\256\362\346\0350\017\315"
  24      5D30F396 
  24      1BDAAEF2 
  24      E61D300F 
  24      CD
  25 00a9 2913F4A3 		.ascii	")\023\364\243n\20396\021\336@\346-\374\267\233\203\307"
  25      6E833936 
  25      11DE40E6 
  25      2DFCB79B 
  25      83C7
  26 00bb B779F326 		.ascii	"\267y\363&\230\245u\005\215\364\267\357\200\271}?\302"
  26      98A57505 
  26      8DF4B7EF 
  26      80B97D3F 
  26      C2
  27 00cc 26E3CDEB 		.ascii	"&\343\315\353`\232\016\313\033\337\345\315k`\366\344"
  27      609A0ECB 
  27      1BDFE5CD 
  27      6B60F6E4 
  28 00dc 371ED1BF 		.ascii	"7\036\321\277\275\012\346PxU\006\375\317W\300l\265V"
  28      BD0AE650 
  28      785506FD 
  28      CF57C06C 
  28      B556
  29 00ee 15D2DFCA 		.ascii	"\025\322\337\312\300\3548\265\265\274\307\233A\370\223"
  29      C0EC38B5 
  29      B5BCC79B 
  29      41F893
  30 00fd 6D9D0337 		.ascii	"m\235\0037\357\325\005Gg\007g_\315\220\005\261\037\336"
  30      EFD50547 
  30      6707675F 
  30      CD9005B1 
  30      1FDE
  31 010f 656BD9BB 		.ascii	"ek\331\273\354G<ZY\236\257\211-\304W\304f\342K\342\307"
  31      EC473C5A 
  31      599EAF89 
  31      2DC457C4 
  31      66E24BE2 
  32 0124 3C946436 		.ascii	"<\224d6\021\033\211\015\304z\242\202XG|A|\316\023\277"
  32      111B890D 
  32      C47AA282 
  32      58477C41 
  32      7CCE13BF 
  33 0138 4049DE4C 		.ascii	"@I\336L\326;\274\336S&\020\004\353WtOn\360\202O\002"
  33      D63BBCDE 
  33      53261004 
  33      EB57744F 
  33      6EF0824F 
  34 014d 42B0B6E2 		.ascii	"B\260\266\342\264\205\362\3458 \004'\206l\025QJ\034"
  34      B485F2E5 
  34      38200427 
  34      866C1551 
  34      4A1C
  35 015f A16D098E 		.ascii	"\241m\011\216\213\272\315\267\331=\326\261Y2\\\263\334"
  35      8BBACDB7 
  35      D93DD6B1 
  35      59325CB3 
ARM GAS  /tmp/ccKvWmOl.s 			page 3


  35      DC
  36 0170 1CADCF78 		.ascii	"\034\255\317x3\376\364\221?\252\363\375\311\337\310"
  36      33FEF491 
  36      3FAAF3FD 
  36      C9DFC8
  37 017f 3651733E 		.ascii	"6Qs>D\273W\2777{\235\327\177\204\376\264\317w5\\\361"
  37      44BB57BF 
  37      377B9DD7 
  37      7F84FEB4 
  37      CF77355C 
  38 0194 AB032A81 		.ascii	"\253\003*\201\003\352\363\035\350\214^\013\276\303;"
  38      03EAF31D 
  38      E88C5E0B 
  38      BEC33B
  39 01a3 708076DD 		.ascii	"p\200v\335BO\347M\336\201`t 9\277\242\201\212\352\327"
  39      424FE74D 
  39      DE816074 
  39      2039BFA2 
  39      818AEAD7 
  40 01b7 C17CB61F 		.ascii	"\301|\266\037\271v\2257\233\361\257#W\232B\257\371\305"
  40      B9769537 
  40      9BF1AF23 
  40      579A42AF 
  40      F9C5
  41 01c9 BF3EF26F 		.ascii	"\277>\362o\230\374\323\222\177\232\363\375\213\351\256"
  41      98FCD392 
  41      7F9AF3FD 
  41      8BE9AE
  42 01d8 99A53ABF 		.ascii	"\231\245:\277\217\366\362\\H\211\214w`\013\035\030\357"
  42      8FF6F25C 
  42      48898C77 
  42      600B1D18 
  42      EF
  43 01e9 30E705F1 		.ascii	"0\347\005\361\366o\300\354\032\\\033\276\356\027\177"
  43      F66FC0EC 
  43      1A5C1BBE 
  43      EE177F
  44 01f8 C6C99F31 		.ascii	"\306\311\2371\201?\036\032P\364l\224\366&\357\317\036"
  44      813F1E1A 
  44      50F46C94 
  44      F626EFCF 
  44      1E
  45 0209 DAE32B1A 		.ascii	"\332\343+\032\325-^\377\011\372c\333\2164\260\274\275"
  45      D52D5EFF 
  45      09FA63DB 
  45      8E34B0BC 
  45      BD
  46 021a C1758A0B 		.ascii	"\301u\212\013\371\2412\2778\244'\207\324\344\220N\234"
  46      F9A132BF 
  46      38A42787 
  46      D4E4904E 
  46      9C
  47 022b 43BAB4F9 		.ascii	"C\272\264\371J\352.m\234\340\010S\361\015\336\201St"
  47      4AEA2E6D 
  47      9CE00853 
  47      F10DDE81 
  47      5374
ARM GAS  /tmp/ccKvWmOl.s 			page 4


  48 023d 28E33029 		.ascii	"(\3430)\215\354Wh+6\032\346n\370\305\241\031r\310@\016"
  48      8DEC5768 
  48      2B361AE6 
  48      6EF8C5A1 
  48      1972C840 
  49 0252 A9C53934 		.ascii	"\251\30594\236:=D%n\327\251\027d\370^\360y{W$9\204\376"
  49      9E3A3D44 
  49      256ED7A9 
  49      1764F85E 
  49      F0797B57 
  50 026a E83BB54A 		.ascii	"\350;\265Ji3\316D\376\030}\363G)\317\352\247\022\267"
  50      6933CE44 
  50      FE187DF3 
  50      4729CFEA 
  50      A712B7
  51 027d 83F6CBB4 		.ascii	"\203\366\313\264\201\203+\274\376m\326qT\302p\243\022"
  51      81832BBC 
  51      FE6DD671 
  51      54C270A3 
  51      12
  52 028e 85326AFE 		.ascii	"\2052j\376=I\3751\223?\006\201?\213\342\374\321d\204"
  52      3D49FD31 
  52      933F0681 
  52      3F8BE2FC 
  52      D16484
  53 02a1 9A69A8B7 		.ascii	"\232i\250\267\3158\016\301\030n\0106n\331\032\221V\377"
  53      CD380EC1 
  53      186E0836 
  53      6ED91A91 
  53      56FF
  54 02b3 8A1BFD22 		.ascii	"\212\033\375\"\277G\330\340\3266\365\371[\214\343h\224"
  54      BF47D8E0 
  54      D636F5F9 
  54      5B8CE368 
  54      94
  55 02c4 E146A3B9 		.ascii	"\341F\243\2719\275\377\222T\376\272\033\371*q\362\323"
  55      39BDFF92 
  55      54FEBA1B 
  55      F92A71F2 
  55      D3
  56 02d5 6D2F7AA8 		.ascii	"m/z\250yX\321\256R\206\257\275\313\313oa\035\307\313"
  56      7958D1AE 
  56      5286AFBD 
  56      CBCB6F61 
  56      1DC7CB
  57 02e8 0C375E1E 		.ascii	"\0147^\036\251\211\371\273\244\356X\335\270c\021\347"
  57      A989F9BB 
  57      A4EE58DD 
  57      B86311E7 
  58 02f8 CEE9B2EA 		.ascii	"\316\351\262\352\011e\223\005\355\270\252\375\366\253"
  58      09659305 
  58      EDB8AAFD 
  58      F6AB
  59 0306 6F4470AD 		.ascii	"oDp\255H\301K\023y\024\377M\356{\304\304Pk\256\307\360"
  59      48C14B13 
  59      7914FF4D 
  59      EE7BC4C4 
ARM GAS  /tmp/ccKvWmOl.s 			page 5


  59      506BAEC7 
  60 031b AB6BBA4F 		.ascii	"\253k\272O\245\035q\331\313\221\216\364\333\274\323"
  60      A51D71D9 
  60      CB918EF4 
  60      DBBCD3
  61 032a 7FD6C1B1 		.ascii	"\177\326\301\261|\007\367\250\304p\374\256_\372\003"
  61      7C07F7A8 
  61      C470FCAE 
  61      5FFA03
  62 0339 7BFD5479 		.ascii	"{\375Ty'\270\256;\"\232fm\353\001!\2707&%\227\206\204"
  62      27B8AE3B 
  62      229A666D 
  62      EB0121B8 
  62      37262597 
  63 034f 6B68AF87 		.ascii	"kh\257\207\317\317\320\020\343\213`\316\205%\005S\275"
  63      CFCFD010 
  63      E38B60CE 
  63      85250553 
  63      BD
  64 0360 FC23980D 		.ascii	"\374#\230\015\353\355\271\254_\3349%wN\274s'1<\362}"
  64      EBEDB9AC 
  64      5FDC3925 
  64      774EBC73 
  64      27313CF2 
  65 0375 DE9B55AE 		.ascii	"\336\233U\256\334\207\306\025\222\3744L\370\345\345"
  65      DC87C615 
  65      92FC344C 
  65      F8E5E5
  66 0384 F14DFF7C 		.ascii	"\361M\377|\016\373\01064\310+\375\335\325\353\013\327"
  66      0EFB0836 
  66      34C82BFD 
  66      DDD5EB0B 
  66      D7
  67 0395 790756D0 		.ascii	"y\007V\320\336_4\334\367\317\020U\353\233`\223\252\274"
  67      DE5F34DC 
  67      F7CF1055 
  67      EB9B6093 
  67      AABC
  68 03a7 9A164F96 		.ascii	"\232\026O\226\321^\255\317\237\240\374\321c\304[u/\243"
  68      D15EADCF 
  68      9FA0FCD1 
  68      63C45B75 
  68      2FA3
  69 03b9 690EF16B 		.ascii	"i\016\361k\354\000\016R\263n\373\305\237\350 \336\237"
  69      EC000E52 
  69      B36EFBC5 
  69      9FE820DE 
  69      9F
  70 03ca 28EFFC09 		.ascii	"(\357\374\011I\355\353\247\212\263\304\255\022\324<"
  70      49EDEBA7 
  70      8AB3C4AD 
  70      12D43C
  71 03d9 6EA40CCA 		.ascii	"n\244\014\312`\035;d\206\357\220\363\263;\233\357\370"
  71      601D3B64 
  71      86EF90F3 
  71      B33B9BEF 
  71      F8
ARM GAS  /tmp/ccKvWmOl.s 			page 6


  72 03ea C5A15872 		.ascii	"\305\241Xr\350\201w\016\351sS\012\256\360\016\231\321"
  72      E881770E 
  72      E973530A 
  72      AEF00E99 
  72      D1
  73 03fb AE7FB9F6 		.ascii	"\256\177\271\366\021\257\377.\272\253_?\220v\306`\357"
  73      11AFFF2E 
  73      BAAB5F3F 
  73      9076C660 
  73      EF
  74 040c 0134945F 		.ascii	"\0014\224_\011\336\311\037\250_\326S\017\266\210\266"
  74      09DEC91F 
  74      A85FD653 
  74      0FB688B6 
  75 041c 62BD5441 		.ascii	"b\275TAS\324\026\306q\325\214\341V\315F\372\266\254"
  75      53D416C6 
  75      71D58CE1 
  75      56CD46FA 
  75      B6AC
  76 042e D2E65772 		.ascii	"\322\346Wr\020\357OR\220Ok\"\212\352\204u\372\034\013"
  76      10EF4F52 
  76      904F6B22 
  76      8AEA8475 
  76      FA1C0B
  77 0441 6827C52B 		.ascii	"h'\305+\222hJ\372-\\\"\351\177l\244\001\3227\2605\315"
  77      92684AFA 
  77      2D5C22E9 
  77      7F6CA401 
  77      D237B035 
  78 0456 993BA4AD 		.ascii	"\231;\244\255\267\366\361u*\271\363\310\273\317\223"
  78      B7F6F175 
  78      2AB9F3C8 
  78      BBCF93
  79 0465 D2146FA0 		.ascii	"\322\024o\240\3173\217\366\261A.\247%\221ll.\226\243"
  79      CF338FF6 
  79      B1412EA7 
  79      25916C6C 
  79      2E96A3
  80 0478 4C05CD87 		.ascii	"L\005\315\207\336\0073\"K}WRw\236\320\327yL\356\244"
  80      DE073322 
  80      4B7D5752 
  80      779ED0D7 
  80      794CEEA4 
  81 048c 7AE74E6F 		.ascii	"z\347No\336n+U3\023\267\200\240\257\217\363\317\374"
  81      DE6E2B55 
  81      3313B780 
  81      A0AF8FF3 
  81      CFFC
  82 049e D31E7FAB 		.ascii	"\323\036\177\253w\351\3640u\317^\256\214ho\265\027m"
  82      77E9F430 
  82      75CF5EAE 
  82      8C686FB5 
  82      176D
  83 04b0 D1FC4C8E 		.ascii	"\321\374L\216\361/\217\332\257\014\222\324\201\354\240"
  83      F12F8FDA 
  83      AF0C92D4 
  83      81ECA0
ARM GAS  /tmp/ccKvWmOl.s 			page 7


  84 04bf 0BAD1136 		.ascii	"\013\255\0216OD\232h\311f. \0265[\227\365\211\224\""
  84      4F449A68 
  84      C9662E20 
  84      16355B97 
  84      F5899422 
  85 04d3 B368F797 		.ascii	"\263h\367\227u\257J;\244\2607Q{\305I\362.\247C\233&"
  85      75AF4A3B 
  85      A4B03751 
  85      7BC549F2 
  85      2EA7439B 
  86 04e8 1269483A 		.ascii	"\022iH:\203\366\343\246\355^\352\221o\200\231\251\263"
  86      83F6E3A6 
  86      ED5EEA91 
  86      6F8099A9 
  86      B3
  87 04f9 EAA42931 		.ascii	"\352\244)1\205A\316\001\267\3537y\027\360\351\307\332"
  87      8541CE01 
  87      B7EB3779 
  87      17F0E9C7 
  87      DA
  88 050a 352A3106 		.ascii	"5*1\006\306q\333\204\341\266MvV\312\027\244\255\370"
  88      C671DB84 
  88      E1B64D76 
  88      56CA17A4 
  88      ADF8
  89 051c 256E321C 		.ascii	"%n2\034\375\021\241?\277CQN\223\306i.\376\272\202Ji"
  89      FD11A13F 
  89      BF43514E 
  89      93C6692E 
  89      FEBA824A 
  90 0531 278DC20C 		.ascii	"'\215\302\014\327x\027\360\355\235\347i\264y6\205vY"
  90      D77817F0 
  90      ED9DE769 
  90      B4793685 
  90      7659
  91 0543 7F979E02 		.ascii	"\177\227\236\002\036\2155\305|\330\321$M\023\255\014"
  91      1E8D35C5 
  91      7CD8D124 
  91      4D13AD0C 
  92 0553 BA94265A 		.ascii	"\272\224&Z\0329\221I;;z\306q7\220\341v\003w\262g\303"
  92      1A399149 
  92      3B3B7AC6 
  92      713790E1 
  92      760377B2 
  93 0569 A5A98935 		.ascii	"\245\251\2115\002\375\032\337\364\227\224\232\354\233"
  93      02FD1ADF 
  93      F497949A 
  93      EC9B
  94 0577 993AB42B 		.ascii	"\231:\264+,E\307\227;\306\304\224v\2251>\012~:\276_"
  94      2C45C797 
  94      3BC6C494 
  94      7695313E 
  94      0A7E3ABE 
  95 058c 454D7412 		.ascii	"EMt\022\355\225\004E\2234\203\342\244\313\311\020[\332"
  95      ED950445 
  95      933483E2 
  95      A4CBC910 
ARM GAS  /tmp/ccKvWmOl.s 			page 8


  95      5BDA
  96 059e 413115F1 		.ascii	"A1\025\361\011\264k\267\243\377t\251zS\335\004\330G"
  96      09B46BB7 
  96      A3FF74A9 
  96      7A53DD04 
  96      D847
  97 05b0 BD8AD987 		.ascii	"\275\212\331\207\257(\300\343\001\321K\006\307\313\237"
  97      AF28C0E3 
  97      01D14B06 
  97      C7CB9F
  98 05bf 50B73EC6 		.ascii	"P\267>\306\315:VF\023\3743\357\023\012.\024W\245\333"
  98      CD3A5646 
  98      13FC33EF 
  98      130A2E14 
  98      57A5DB
  99 05d2 666AED67 		.ascii	"fj\355g\002F\3216v5\350/ie\330,I\204g\013\222S(%F\002"
  99      0246D136 
  99      7635E82F 
  99      6965D82C 
  99      4984670B 
 100 05ec 2225BA2B 		.ascii	"\"%\272+\223\246\351|\303p@\010\236h\014~IeX\313\025"
 100      93A6E97C 
 100      C3704008 
 100      9E680C7E 
 100      496558CB 
 101 0601 8D8A31ED 		.ascii	"\215\2121\355\345N\006\222.\267J\024g\3676\323\342\221"
 101      E54E0692 
 101      2EB74A14 
 101      67F736D3 
 101      E291
 102 0613 06ED8290 		.ascii	"\006\355\202\220}\345\345FX#2\302fq\202\333g+\313(\302"
 102      7DE5E546 
 102      582332C2 
 102      667182DB 
 102      672BCB28 
 103 0628 43682FC4 		.ascii	"Ch/\304\237*.8\0265\221`\223$)\241]\310\011\247\034"
 103      9F2A2E38 
 103      16359160 
 103      932429A1 
 103      5DC809A7 
 104 063d 1E0C881C 		.ascii	"\036\014\210\034nL\217\372+\257W\315\355\277\246/\015"
 104      6E4C8FFA 
 104      2BAF57CD 
 104      EDBFA62F 
 104      0D
 105 064e 5E3085B1 		.ascii	"^0\205\261\236\372\240\327$N\357\270\241\363?\274\336"
 105      9EFAA0D7 
 105      244EEFB8 
 105      A1F33FBC 
 105      DE
 106 065f 818088EF 		.ascii	"\201\200\210\357Js\321k\312\340\376\200\020\254\036"
 106      4A73D16B 
 106      CAE0FE80 
 106      10AC1E
 107 066e B265D186 		.ascii	"\262e\321\206b\037\332Y\235\371\346\013.0k$\025\374"
 107      621FDA59 
 107      9DF9E60B 
ARM GAS  /tmp/ccKvWmOl.s 			page 9


 107      2E306B24 
 107      15FC
 108 0680 DAA65CA5 		.ascii	"\332\246\\\245\351\253* \"\\v?~\210\004\367rC!\345\244"
 108      E9AB2A20 
 108      225C763F 
 108      7E8804F7 
 108      724321E5 
 109 0695 D1C72556 		.ascii	"\321\307%V\034\246K/x\315`;&\301=\001\021\341\007\035"
 109      1CA64B2F 
 109      78CD603B 
 109      26C13D01 
 109      11E1071D 
 110 06a9 2F3A2987 		.ascii	"/:)\207\273\321>iJ\252\274\340X\255\304\267\252&R\360"
 110      BBD13E69 
 110      4AAABCE0 
 110      58ADC4B7 
 110      AA2652F0 
 111 06bd 72AC7C80 		.ascii	"r\254|\200\006\227]h\027\035\356\224\372\270\004\220"
 111      06975D68 
 111      171DEE94 
 111      FAB80490 
 112 06cd E4979498 		.ascii	"\344\227\224\230Y\2545\322H\2423 Rb\267\257r\230:\346"
 112      59AC35D2 
 112      48A23320 
 112      5262B7AF 
 112      72983AE6 
 113 06e1 0EEEE4D4 		.ascii	"\016\356\344\324q\350\250\227\035\235\331\257\2023\014"
 113      71E8A897 
 113      1D9DD9AF 
 113      82330C
 114 06f0 ADD3347C 		.ascii	"\255\3234|o\017\210\010[\207\227k\250J\264\005\204\340"
 114      6F0F8808 
 114      5B87976B 
 114      A84AB405 
 114      84E0
 115 0702 51A5B591 		.ascii	"Q\245\265\221\032]k@\010n\010.\233\242\034~\035\020"
 115      1A5D6B40 
 115      086E082E 
 115      9BA21C7E 
 115      1D10
 116 0714 82CFF6E2 		.ascii	"\202\317\366\342X~/\356\255\027|v\232\201\345N3\274"
 116      587E2FEE 
 116      AD177C76 
 116      9A81E54E 
 116      33BC
 117 0726 F57A1BE4 		.ascii	"\365z\033\344\315;\324\346\376\020\010z#\213\365\335"
 117      CD3BD4E6 
 117      FE10087A 
 117      238BF5DD 
 118 0736 D46DFC3E 		.ascii	"\324m\374>\020\364&\204M\377\227\227\373I \310\215T"
 118      10F42684 
 118      4DFF9797 
 118      FB4920C8 
 118      8D54
 119 0748 3F5CA2C3 		.ascii	"?\\\242\303\231\277\013\004\275\265\023{c\264\327\375"
 119      99BF0B04 
 119      BDB5137B 
ARM GAS  /tmp/ccKvWmOl.s 			page 10


 119      63B4D7FD 
 120 0758 DB40D07B 		.ascii	"\333@\320{v<\234\345\216\207\277\365z\213\0262\342\251"
 120      763C9CE5 
 120      8E87BFF5 
 120      7A8B1632 
 120      E2A9
 121 076a 9CDD0B04 		.ascii	"\234\335\013\004\275gg\201X\356,\320[\257w\372\341\201"
 121      BD676781 
 121      58EE2CD0 
 121      5BAF77FA 
 121      E181
 122 077c 86F4FE2A 		.ascii	"\206\364\376*\020\364\032\206\027\355\027\312~\031\010"
 122      10F41A86 
 122      17ED17CA 
 122      7E1908
 123 078b 7AC706E7 		.ascii	"z\307\006\347\376\314\313\375E \310MZ\331PS\357\366"
 123      FECCCBFD 
 123      4520C84D 
 123      5AD95053 
 123      EFF6
 124 079d 3156E3C4 		.ascii	"1V\343\304\271<:\252\263\311\335\216y\332^\364\216k"
 124      B93C3AAA 
 124      B3C9DD8E 
 124      79DA5EF4 
 124      8E6B
 125 07af FD56D21F 		.ascii	"\375V\322\037!{\223\372_,\304\330o\377|\204\373\350"
 125      217B93FA 
 125      5F2CC4D8 
 125      6FFF7C84 
 125      FBE8
 126 07c1 93850637 		.ascii	"\223\205\0067[2F\322\253~\243\361\316}5"
 126      5B3246D2 
 126      AB7EA3F1 
 126      CE7D35
 127 07d0 F03F5EEE 		.ascii	"\360?^\356\207\030}\323\301\222\233\3640\220\\\235\264"
 127      87187DD3 
 127      C1929BF4 
 127      30905C9D 
 127      B4
 128 07e1 724D2457 		.ascii	"rM$W\345Zn\223B\331I\325\342\0030\303b\215\365\302\205"
 128      E55A6E93 
 128      42D949D5 
 128      E20330C3 
 128      628DF5C2 
 129 07f6 3593B35E 		.ascii	"5\223\263^\303\033\015o\267.\256\231\266\350~\016fl"
 129      C31B0D6F 
 129      B72EAE99 
 129      B6E87E0E 
 129      666C
 130 0808 D4A35EE1 		.ascii	"\324\243^\341\232\004\236us\241W#m|\015\256\365V\315"
 130      9A049E75 
 130      73A15723 
 130      6D7C0DAE 
 130      F556CD
 131 081b 4C8590DE 		.ascii	"L\205\220\336\237\341\312\366\224\245\2056\365g\260"
 131      9FE1CAF6 
 131      94A58536 
ARM GAS  /tmp/ccKvWmOl.s 			page 11


 131      F567B0
 132 082a F985468F 		.ascii	"\371\205F\217\036\010/\337\271\321/\227\275\211xo-*"
 132      1E082FDF 
 132      B9D12F97 
 132      BD89786F 
 132      2D2A
 133 083c D6A83AFF 		.ascii	"\326\250:\377\024L\323A\341#a\274\255\256\363#\342\215"
 133      144CD341 
 133      E12361BC 
 133      ADAEF323 
 133      E28D
 134 084e E80DCF94 		.ascii	"\350\015\317\224\253i4\364\023\334o\354\325\345\334"
 134      AB6934F4 
 134      13DC6FEC 
 134      D5E5DC
 135 085d 12A75725 		.ascii	"\022\247W%M~X\005\371\201\237\321Ao\327\226YK+*?\006"
 135      4D7E5805 
 135      F9819FD1 
 135      416FD796 
 135      594B2B2A 
 136 0873 F360A829 		.ascii	"\363`\250)]d|\325\322\350\025\306\027O\2078\350-\034"
 136      5D647CD5 
 136      D2E815C6 
 136      174F8738 
 136      E82D1C
 137 0886 4A794093 		.ascii	"Jy@\223\273\037\201\231\222\3254)\254\027n\364\352\374"
 137      BB1F8199 
 137      92D53429 
 137      AC176EF4 
 137      EAFC
 138 0898 A3B7D059 		.ascii	"\243\267\320Y\357A\303T.\215\346\177\210\325Y\333\""
 138      EF41C354 
 138      2E8DE67F 
 138      88D559DB 
 138      22
 139 08a9 175E0675 		.ascii	"\027^\006u\243\327\340\037\275%\316z\237lM-Q>\374\000"
 139      A3D7E01F 
 139      BD25CE7A 
 139      9F6C4D2D 
 139      513EFC00 
 140 08bd 37473B4D 		.ascii	"7G;M\207\302sz\036\364j.W\257\375v\361)\351\305\317"
 140      87C2737A 
 140      1EF46A2E 
 140      57AFFD76 
 140      F129E9C5 
 141 08d2 E8A0B740 		.ascii	"\350\240\267@1\361\027^\356\367qc)d{N\270\025\352A\256"
 141      31F1175E 
 141      EEF77163 
 141      29647B4E 
 141      B815EA41 
 142 08e7 45DAF09A 		.ascii	"E\332\360\232\235\345\356\312C\342\250\234}\017\307"
 142      9DE5EECA 
 142      43E2A89C 
 142      7D0FC7
 143 08f6 F62BEB5D 		.ascii	"\366+\353]\302\005W\017z\261\254I\250\327\344\254w\272"
 143      C205570F 
 143      7AB1AC49 
ARM GAS  /tmp/ccKvWmOl.s 			page 12


 143      A8D7E4AC 
 143      77BA
 144 0908 65609CBA 		.ascii	"e`\234\272\217\357\342\036\302\310\313\022\341\350\307"
 144      8FEFE21E 
 144      C2C8CB12 
 144      E1E8C7
 145 0917 835E95B4 		.ascii	"\203^\225\264\361\265\353\325\360z\367\224C\271T~\277"
 145      F1B5EBD5 
 145      F07AF794 
 145      43B9547E 
 145      BF
 146 0928 83D56DB0 		.ascii	"\203\325m\260\262Q\330\275y\320\253\276\034\275\311"
 146      B251D8BD 
 146      79D0ABBE 
 146      1CBDC9
 147 0937 7480C6C0 		.ascii	"t\200\306\300:\227_\265\263\336\271\252]=\345\303\267"
 147      3A975FB5 
 147      B3DEB9AA 
 147      5D3DE5C3 
 147      B7
 148 0948 C1ACDB6C 		.ascii	"\301\254\333lx&lnn\272c\273^\235\264\361\255u\326{v"
 148      78266C6E 
 148      6EBA63BB 
 148      5E9DB4F1 
 148      AD75D67B 
 149 095d F09EE50E 		.ascii	"\360\236\345\016\336\037\255+\365\302#k\036\364\032"
 149      DE1FAD2B 
 149      F5C2236B 
 149      1EF41A
 150 096c FCA3D742 		.ascii	"\374\243\327Bw\301u\253\3334\331\377&\230K\345\315\305"
 150      77C175AB 
 150      DB34D9FF 
 150      26984BE5 
 150      CDC5
 151 097e C2438C6E 		.ascii	"\302C\214n\206\227B\275\026i\365&\005qz\317n2\260\334"
 151      869742BD 
 151      1669F526 
 151      05717ACF 
 151      6E32B0DC 
 152 0992 4D86DCA6 		.ascii	"M\206\334\246\332Z\341\036\235H\275\330\317\373\240"
 152      DA5AE11E 
 152      9D48BDD8 
 152      CFFBA0
 153 09a1 B7908E49 		.ascii	"\267\220\216I\033Y\327\371\253r\326{\366\366\001\313"
 153      1B59D7F9 
 153      AB72D67B 
 153      F6F601CB 
 154 09b1 BD7D9034 		.ascii	"\275}\2204\3774\323\315Q\024Oz#|\323+\266\376\222\336"
 154      FF34D3CD 
 154      51144F7A 
 154      237CD32B 
 154      B6FE92DE 
 155 09c5 C6B0D22A 		.ascii	"\306\260\322*\322\37350\345a\025\261>\352UK\223\017"
 155      D2FB3530 
 155      E56115B1 
 155      3EEA554B 
 155      930F
ARM GAS  /tmp/ccKvWmOl.s 			page 13


 156 09d7 02BDB9E6 		.ascii	"\002\275\271\346\376\036\232\036}\025Le\372^\234\033"
 156      FE1E9A1E 
 156      7D154C65 
 156      FA5E9C1B 
 157 09e7 BD460F7A 		.ascii	"\275F\017zu~\311_\373=)\226\273'u\366X\014\303?\026"
 157      757EC95F 
 157      FB3D2996 
 157      BB2775F6 
 157      580CC33F 
 158 09fc B370F2E0 		.ascii	"\263p\362\340\251\233\023\256\247\036\344\033\244\221"
 158      A99B13AE 
 158      A71EE41B 
 158      A491
 159 0a0a FF42E624 		.ascii	"\377B\346$\277\250\243UA\007S\276\222\342\360\250\021"
 159      BFA8A355 
 159      410753BE 
 159      92E2F0A8 
 159      11
 160 0a1b C33D6AB4 		.ascii	"\303=j\264\023Q\235\356F\276V\244|\313\345\312\257w"
 160      13519DEE 
 160      46BE56A4 
 160      7CCBE5CA 
 160      AF77
 161 0a2d 1ECC2F2E 		.ascii	"\036\314/.\346\244P\265\3732V\347\334\325\0207z\373"
 161      E6A450B5 
 161      FB3256E7 
 161      DCD51037 
 161      7AFB
 162 0a3f 44EAC52A 		.ascii	"D\352\305*\"]o\262\235\3327A\203\371/\341\306\202q\243"
 162      225D6FB2 
 162      9DDA3741 
 162      83F92FE1 
 162      C68271A3 
 163 0a53 D3CDA510 		.ascii	"\323\315\245\020\253H\275*\357\342k\2777d`]W\273\010"
 163      AB48BD2A 
 163      EFE26BBF 
 163      3764605D 
 163      57BB08
 164 0a66 9993DEB3 		.ascii	"\231\223\336\263k\276,w\3157u\256\273\234\326\262,\334"
 164      6BBE2C77 
 164      CD3775AE 
 164      BB9CD6B2 
 164      2CDC
 165 0a78 BB1BB363 		.ascii	"\273\033\263c\035n\326\262\260S\024\243_}\261\374\350"
 165      1D6ED6B2 
 165      B05314A3 
 165      5F7DB1FC 
 165      E8
 166 0a89 13E87FE5 		.ascii	"\023\350\177\345\234\037[\251\0211t\304\377\013)\016"
 166      9C1F5BA9 
 166      113174C4 
 166      FF0B290E 
 167 0a99 CF7F31DC 		.ascii	"\317\1771\334\363_e\265C\315n\226\266L\"\303o8_\276"
 167      F35F65B5 
 167      43CD6E96 
 167      B64C22C3 
 167      6F385FBE 
ARM GAS  /tmp/ccKvWmOl.s 			page 14


 168 0aad C9837C61 		.ascii	"\311\203|a\272\264:\313\337\331\277\277Ns\223\317cu"
 168      BAB43ACB 
 168      DFD9BFBF 
 168      4E7393CF 
 168      6375
 169 0abf 199E9CA7 		.ascii	"\031\236\234\247[[\255\030\376\356y\235\306\303\235"
 169      5B5BAD18 
 169      FEEE799D 
 169      C6C39D
 170 0ace 22B1FA2D 		.ascii	"\"\261\372-\342\302\237\034t~\372t8\3537\026\236\244"
 170      E2C29F1C 
 170      747EFA74 
 170      38EB3716 
 170      9EA4
 171 0ae0 D260FA73 		.ascii	"\322`\372s\330\371\314t4z8mq*R/\346\351\005\232\247"
 171      D8F9CC74 
 171      347A386D 
 171      712A522F 
 171      E6E9059A 
 172 0af5 C9B5DEB3 		.ascii	"\311\265\336\263k\210,w\0151.\2776\201\256@\205c\274"
 172      6B882C77 
 172      0D312EBF 
 172      3681AE40 
 172      8563BC
 173 0b08 75212109 		.ascii	"u!!\011\036\364kE\352W\237\037o\023\353\374\216\203"
 173      1EF46B45 
 173      EA579F1F 
 173      6F13EBFC 
 173      8E83
 174 0b1a 3DDEC297 		.ascii	"=\336\302\227\247z\235\365o7D\036\320`\352\263`\226"
 174      A77A9DF5 
 174      6F37441E 
 174      D060EAB3 
 174      6096
 175 0b2c CC965A3D 		.ascii	"\314\226Z=\234\037\352\023\251\327\300zu\260\327\036"
 175      9C1FEA13 
 175      A9D7C07A 
 175      75B0D71E 
 176 0b3c EF53417E 		.ascii	"\357SA~T:\317\275\253g\216\224\264V\360\031\307}l\206"
 176      543ACFBD 
 176      AB678E94 
 176      B456F019 
 176      C77D6C86 
 177 0b50 DBC74EB6 		.ascii	"\333\307N\266\232g\205KI\002\371\230\217^\310\307\342"
 177      9A67854B 
 177      4902F998 
 177      8F5EC8C7 
 177      E2
 178 0b61 7E9E7C2D 		.ascii	"~\236|-\311\307\354rL\027\265\314\345\322\314x\316\322"
 178      C9C7EC72 
 178      4C17B5CC 
 178      E5D2CC78 
 178      CED2
 179 0b73 A1870365 		.ascii	"\241\207\003e&\357\342\253\026\031_+\353\334\376,\024"
 179      26EFE2AB 
 179      16195F2B 
 179      EBDCFE2C 
ARM GAS  /tmp/ccKvWmOl.s 			page 15


 179      14
 180 0b84 DF546781 		.ascii	"\337Tg\201S\371\231\225\"Om\032\305\0114\220@\015\011"
 180      53F99995 
 180      224F6D1A 
 180      C5093490 
 180      400D09
 181 0b97 34B2AE1F 		.ascii	"4\262\256\037\036\321\220@\374@u\024Q\027\213qg\263"
 181      1ED19040 
 181      FC407514 
 181      51178B71 
 181      67B3
 182 0ba9 15869BAD 		.ascii	"\025\206\233\255L\357\024\332D^\222\354\363N\257\312"
 182      4CEF14DA 
 182      445E92EC 
 182      F34EAFCA 
 183 0bb9 4D408505 		.ascii	"M@\205\005MG\001\325\312\\.vF\215h\3444\276\353\304"
 183      4D4701D5 
 183      CA5C2E76 
 183      468D68E4 
 183      34BEEBC4 
 184 0bcd 8AD036F9 		.ascii	"\212\3206\371,A\344It\374M\"\004\217P\212\032H\260\205"
 184      2C41E449 
 184      74FC4D22 
 184      048F508A 
 184      1A48B085 
 185 0be1 0463001D 		.ascii	"\004c\000\035\003,\2279\2670+\353zo\322\370\254\235"
 185      032C9739 
 185      B7302BEB 
 185      7A6FD2F8 
 185      AC9D
 186 0bf3 7A3C1B0A 		.ascii	"z<\033\012.h\031W{y\301\306x\276\340\007t9\341\224\004"
 186      2E681957 
 186      7B79C1C6 
 186      78BEE007 
 186      7439E194 
 187 0c08 EB48F098 		.ascii	"\353H\360\230\314u\011CGP0\316\273\316{\313\214\341"
 187      CC750943 
 187      475030CE 
 187      BBCE7BCB 
 187      8CE1
 188 0c1a DF328B48 		.ascii	"\3372\213H\3109\365P\004\204\202\255\347\013\266\267"
 188      C839F550 
 188      048482AD 
 188      E70BB6B7 
 189 0c2a B158BA23 		.ascii	"\261X\272#6\343&\205\205\202'\\\247D\253\251c\214\004"
 189      36E32685 
 189      8582275C 
 189      A744ABA9 
 189      638C04
 190 0c3d 476284ED 		.ascii	"Gb\204\355G\351\031\376(\375\201\242\367\003\337v+\215"
 190      47E919FE 
 190      28FD81A2 
 190      F703DF76 
 190      2B8D
 191 0c4f AEE5AB48 		.ascii	"\256\345\253H>&\000\312\327\313\350\351\0347\361\266"
 191      3E2600CA 
 191      D7CBE8E9 
ARM GAS  /tmp/ccKvWmOl.s 			page 16


 191      1C37F1B6 
 192 0c5f 6F97685C 		.ascii	"o\227h\\'\310\331\343\213\014\377\370b\260\256r\207"
 192      27C8D9E3 
 192      8B0CFFF8 
 192      62B0AE72 
 192      87
 193 0c70 32FC35F7 		.ascii	"2\3745\367\026^ur\025\365\201\033h\277\260\024o\372"
 193      165E7572 
 193      15F5811B 
 193      68BFB014 
 193      6FFA
 194 0c82 7810BCCF 		.ascii	"x\020\274\317\265C3\366\214\2279g\37449df\235\373\224"
 194      B54333F6 
 194      8C973967 
 194      FC343964 
 194      669DFB94 
 195 0c96 84A0F34F 		.ascii	"\204\240\363O;\330g4\0147\243\351ZOl \377\272\270\247"
 195      3BD86734 
 195      0C37A3E9 
 195      5A4F6C20 
 195      FFBAB8A7 
 196 0caa A4C69575 		.ascii	"\244\306\225u\027<\310\356\246\304\030I\277A\346\272"
 196      173CC8EE 
 196      A6C41849 
 196      BF41E6BA 
 197 0cba 0F9F9339 		.ascii	"\017\237\2239?NX\343\272\001\330\"\322b\351\265\313"
 197      3F4E58E3 
 197      BA01D822 
 197      D262E9B5 
 197      CB
 198 0ccb 50EEB5C8 		.ascii	"P\356\265\310\354\321\376\013\236Z\266\272\026\214\211"
 198      ECD1FE0B 
 198      9E5AB6BA 
 198      168C89
 199 0cda 8F82E749 		.ascii	"\217\202\347Ip\241\340\251\212TqW\342\232\212+\027I"
 199      70A1E0A9 
 199      8A547157 
 199      E29A8A2B 
 199      1749
 200 0cec 70080A3E 		.ascii	"p\010\012>{6\227\341\236\315\315\310\260\345^\322\323"
 200      7B3697E1 
 200      9ECDCDC8 
 200      B0E55ED2 
 200      D3
 201 0cfd 214667FD 		.ascii	"!Fg\375:\322o&\3755n\236\332X\224\235\257\337\276!\313"
 201      3AD26F26 
 201      FD356E9E 
 201      DA58949D 
 201      AFDFBE21 
 202 0d12 701BB2F6 		.ascii	"p\033\262\366\303^\014w\330+\345\244WqI\247\015L\254"
 202      C35E0C77 
 202      D82BE5A4 
 202      577149A7 
 202      0D4CAC
 203 0d25 CB1E6985 		.ascii	"\313\036i\205\324/\313\234\257\355\267\312DE?\334\264"
 203      D42FCB9C 
 203      AFEDB7CA 
ARM GAS  /tmp/ccKvWmOl.s 			page 17


 203      44453FDC 
 203      B4
 204 0d36 3E40FB9B 		.ascii	">@\373\233\261\030\375\272\264\374\027\227\373\270h"
 204      B118FDBA 
 204      B4FC1797 
 204      FBB868
 205 0d45 1F09D692 		.ascii	"\037\011\326\222\340\010\022,'\301k2^\360#J\227\244"
 205      E008122C 
 205      27C16B32 
 205      5EF0234A 
 205      97A4
 206 0d57 F3DBE7FD 		.ascii	"\363\333\347\375G'\257\251A\266\243\340\252\364\266"
 206      4727AFA9 
 206      41B6A3E0 
 206      AAF4B6
 207 0d66 60B213D0 		.ascii	"`\262\023\3206\325\314\207\271\231S\372\350@\255\300"
 207      36D5CC87 
 207      B99953FA 
 207      E840ADC0 
 208 0d76 814D7260 		.ascii	"\201Mr`\236\034X&\0076\304E\374\354-\015\206\177KC?"
 208      9E1C5826 
 208      0736C445 
 208      FCEC2D0D 
 208      867F4B43 
 209 0d8b 70F86F49 		.ascii	"p\370oI\317\243$\320\303\002\023\244\327*\363\356\236"
 209      CFA324D0 
 209      C30213A4 
 209      D72AF3EE 
 209      9E
 210 0d9c FEDB7E60 		.ascii	"\376\333~`\346\255\0278\\\333\372\011\257/\370o\031"
 210      E6AD1738 
 210      5CDBFA09 
 210      AF2FF86F 
 210      19
 211 0dad 3219EADB 		.ascii	"2\031\352\333\221\335C}\333\000\324\267\005D}\026 \352"
 211      91DD437D 
 211      DB00D4B7 
 211      05447D16 
 211      20EA
 212 0dbf 5B07A2BE 		.ascii	"[\007\242\276U \352[\002\242\276\005 \3503\001P\337"
 212      5520EA5B 
 212      02A2BE05 
 212      20E83301 
 212      50DF
 213 0dd1 2C10F54D 		.ascii	",\020\365M\001Q\337$\020\365\215\003Q\337(\020\365\015"
 213      0151DF24 
 213      10F58D03 
 213      51DF2810 
 213      F50D
 214 0de3 03B93E1C 		.ascii	"\003\271>\034\210\372\206\200\250o\0208\000\331\320"
 214      88FA8680 
 214      A86F1038 
 214      00D9D0
 215 0df2 0FEC03AA 		.ascii	"\017\354\003\252\200=\300n`\027\260\023\330\016lCyx"
 215      803DC06E 
 215      6017B013 
 215      D80E6C43 
ARM GAS  /tmp/ccKvWmOl.s 			page 18


 215      7978
 216 0e04 3A00E5E0 		.ascii	":\000\345\340\002\027\376~\354\256\360\367bV\341\357"
 216      0217FE7E 
 216      ECAEF0F7 
 216      6256E1EF 
 217 0e14 C12A893F 		.ascii	"\301*\211?\027X\013\254\001V\003\253\200\225\300\012"
 217      17580BAC 
 217      015603AB 
 217      8095C00A 
 218 0e24 6039B00C 		.ascii	"`9\260\014X\012,\001\026\003\213\200\205\300g\300\002"
 218      580A2C01 
 218      16038B80 
 218      85C067C0 
 218      02
 219 0e35 603E300F 		.ascii	"`>0\017\230\013\314\001f\003\237\002\263\200\231\300"
 219      980BCC01 
 219      66039F02 
 219      B38099C0 
 220 0e45 0CE013E0 		.ascii	"\014\340\023\340c`:0\015\230\012|\004|\010L\001&\003"
 220      63603A30 
 220      0D980A7C 
 220      047C084C 
 220      012603
 221 0e58 938089C0 		.ascii	"\223\200\211\300\004`<0\016\030\013|\000\274\017\214"
 221      04603C30 
 221      0E180B7C 
 221      00BC0F8C 
 222 0e68 014603A3 		.ascii	"\001F\003\243\200\221\300p`\0300\024\030\002\014\006"
 222      8091C070 
 222      60183014 
 222      18020C06 
 223 0e78 9E06DD63 		.ascii	"\236\006\335cO\240\365\034\003\217\200\207\300\003\340"
 223      4FA0F51C 
 223      038F8087 
 223      C003E0
 224 0e87 3E700F68 		.ascii	">p\017h\003\356\002w\200\333\300-\240\025h\001n\002"
 224      03EE0277 
 224      80DBC02D 
 224      A0156801 
 224      6E02
 225 0e99 3780EBC0 		.ascii	"7\200\353\3005\340*p\005\270\014\\\002\232\201\213\300"
 225      35E02A70 
 225      05B80C5C 
 225      029A818B 
 225      C0
 226 0eaa 05E03CD0 		.ascii	"\005\340<\320\0044\002\347\200\263\300\031\240\0018"
 226      043402E7 
 226      80B3C019 
 226      A00138
 227 0eb9 0D9C02EA 		.ascii	"\015\234\002\352\201:\340$p\0028\016\034\003\216\002"
 227      813AE024 
 227      7002380E 
 227      1C038E02 
 228 0ec9 4780C340 		.ascii	"G\200\303@-P\003\034\002\016\002\325\300\001`?\260\017"
 228      2D50031C 
 228      020E02D5 
 228      C001603F 
ARM GAS  /tmp/ccKvWmOl.s 			page 19


 228      B00F
 229 0edb A802F602 		.ascii	"\250\002\366\002{\200\335\300.`'\260\003\330\016l\003"
 229      7B80DDC0 
 229      2E6027B0 
 229      03D80E6C 
 229      03
 230 0eec B6E29418 		.ascii	"\266\342\224\030\330\002|\005l\306+K@%\016w\201\215"
 230      D8027C05 
 230      6CC62B4B 
 230      40250E77 
 230      818D
 231 0efe D84B02EB 		.ascii	"\330K\002\353\261\\\003\353p\030\002|\016\254\005V\003"
 231      B15C03EB 
 231      7018027C 
 231      0EAC0556 
 231      03
 232 0f0f AB8015C0 		.ascii	"\253\200\025\300r`\031\260\024X\014,\002>\003\026\000"
 232      726019B0 
 232      14580C2C 
 232      023E0316 
 232      00
 233 0f20 F38179C0 		.ascii	"\363\201y\300\\`\016\360)0\013\230\011\314\000\246\003"
 233      5C600EF0 
 233      29300B98 
 233      09CC00A6 
 233      03
 234 0f31 D3800F81 		.ascii	"\323\200\017\201)\300D\240\034\030\017\214\003\336\007"
 234      29C044A0 
 234      1C180F8C 
 234      03DE07
 235 0f40 C6002381 		.ascii	"\306\000#\201\021\300p`\0300\004\030\014<\206\374>b"
 235      11C07060 
 235      18300418 
 235      0C3C86FC 
 235      3E62
 236 0f52 EFB187C0 		.ascii	"\357\261\207\300\003\340>p\017\270\013\334\001nc\263"
 236      03E03E70 
 236      0FB80BDC 
 236      016E63B3 
 237 0f62 036E62E5 		.ascii	"\003nb\345\006\256as\003.cs\003.`\205\007\316a;\003"
 237      06AE6173 
 237      032E6373 
 237      032E6085 
 237      07CE613B 
 238 0f77 4E633B03 		.ascii	"Nc;\003Nb%\005\216\002G\200C\330\216\200\003\300~`/"
 238      4E622505 
 238      8E024780 
 238      43D88E80 
 238      03C07E60 
 239 0f8c B007D80D 		.ascii	"\260\007\330\015\354\002v\002;\200\355\3006\366\036"
 239      EC027602 
 239      3B80EDC0 
 239      36F61E
 240 0f9b C3EECAEE 		.ascii	"\303\356\312\3561"
 240      31
 241 0fa0 FF0741D6 		.ascii	"\377\007A\326rz"
 241      727A
ARM GAS  /tmp/ccKvWmOl.s 			page 20


 242              		.text
 243              		.section	.gnu.lto_.symbol_nodes.2b96848b3adaf7a8,"",%progbits
 244 0000 789C6363 		.ascii	"x\234cc``\340\002b\006V\006\206V%\020\003\000\004\377"
 244      6060E002 
 244      62065606 
 244      86562510 
 244      030004FF 
 245 0014 00BD     		.ascii	"\000\275"
 246              		.text
 247              		.section	.gnu.lto_.refs.2b96848b3adaf7a8,"",%progbits
 248 0000 789C6363 		.ascii	"x\234cc```\004b\006\000\000D\000\010"
 248      60606004 
 248      62060000 
 248      440008
 249              		.text
 250              		.section	.gnu.lto_.decls.2b96848b3adaf7a8,"",%progbits
 251 0000 789C8551 		.ascii	"x\234\205Q_HSQ\034>\277\235a\333\245\315\032&=\334\007"
 251      5F485351 
 251      1C3EBF9D 
 251      61DBA5CD 
 251      1A263DDC 
 252 0015 090483DC 		.ascii	"\011\004\203\334M\352\241\307\240\207\202\240\267\240"
 252      4DEAA1C7 
 252      A08782A0 
 252      B7A0
 253 0023 A7C66DBB 		.ascii	"\247\306m\273\345jN\271\333\036|;\244\322\"B\241z\250"
 253      E56A4EB9 
 253      DB1E7C3B 
 253      A4D22242 
 253      A17AA8
 254 0036 44A3556A 		.ascii	"D\243Uj5r\314\314\177\325\264\325\2529\303`\005\005"
 254      3572CCCC 
 254      7FD5B4D5 
 254      AA39C360 
 254      0505
 255 0048 4B4AE8A1 		.ascii	"KJ\350\241Lj\222\014\242\365;\367n\351B\327\201\337"
 255      4C6A920C 
 255      A2F53BF7 
 255      6EE942D7 
 255      81DF
 256 005a 3DF7FBDD 		.ascii	"=\367\373\335\357\373~\3379\267\202\020b\245\204Dq?"
 256      EFFB7EDF 
 256      39B78210 
 256      62A58444 
 256      713F
 257 006c 8295C765 		.ascii	"\202\225\307e\300}\222\224.\300J\375\323\273\212M#\356"
 257      C07D9294 
 257      2EC04AFD 
 257      D3BB8A4D 
 257      23EE
 258 007e 22561556 		.ascii	"\"V\025V\022k\232\254\277.R\350\274\274\224\253\244"
 258      126B9AAC 
 258      BF2E52E8 
 258      BCBC94AB 
 258      A4
 259 008f 06E0EF7D 		.ascii	"\006\340\357}\227f\222\306s\024l\0020\033\342\366\205"
 259      976692C6 
ARM GAS  /tmp/ccKvWmOl.s 			page 21


 259      73146C02 
 259      301BE2F6 
 259      85
 260 00a0 EE941571 		.ascii	"\356\224\025q\025\342.\300\306\331\276\304\231\012j"
 260      15E22EC0 
 260      C6D9BEC4 
 260      990A6A
 261 00af D1C891D7 		.ascii	"\321\310\221\3279\325~\227\351\313t\220\3000\320\242"
 261      39D57E97 
 261      E9CB7490 
 261      C030D0A2 
 262 00bf E9EDD05C 		.ascii	"\351\355\320\\\217Y7\312s<\333>\330MulD\370=u\345S\301"
 262      8F5937CA 
 262      733CDB3E 
 262      D84D756C 
 262      44F83D75 
 263 00d6 B706E1C7 		.ascii	"\267\006\341\307\364\3607\243\020\344>\327\332\230\371"
 263      F4F037A3 
 263      10E43ED7 
 263      DA98F9
 264 00e5 00A78D81 		.ascii	"\000\247\215\201\010\243\200\347\200q\020\360)\2110"
 264      08A380E7 
 264      807110F0 
 264      298930
 265 00f4 8210D9C1 		.ascii	"\202\020\331\301D&\015\272\327f\204o\276\\\317X\327"
 265      44260DBA 
 265      D766846F 
 265      BE5CCF58 
 265      D7
 266 0105 153F2C8A 		.ascii	"\025?,\212'tqd\356\327D\341\204\374\200\331x\177\266"
 266      27747164 
 266      EED744E1 
 266      84FC80D9 
 266      787FB6
 267 0118 520FA29D 		.ascii	"R\017\242\235\357^\307\374\200\011\261\210\2715\374"
 267      EF5EC7FC 
 267      8009B188 
 267      B935FC
 268 0127 753467D1 		.ascii	"u4g\3211W\017\305\262a#\335\301\337\015\221\360\374"
 268      31570FC5 
 268      B26123DD 
 268      C1DF0D91 
 268      F0FC
 269 0139 49A8136E 		.ascii	"I\250\023n\361\301\261\345\237\325#\214m\2028\0100\005"
 269      F1C1B1E5 
 269      9FD5238C 
 269      6D823808 
 269      3005
 270 014b 141E809D 		.ascii	"\024\036\200\235\377!\021\207\023\214v\232\261\020\243"
 270      FF211187 
 270      138C769A 
 270      B110A3
 271 015a 5B09EC12 		.ascii	"[\011\354\022a\247H\340\011\324qK\316\202I\314\032\323"
 271      61A748E0 
 271      09D4714B 
 271      CE8249CC 
 271      1AD3
ARM GAS  /tmp/ccKvWmOl.s 			page 22


 272 016c C30DF4F6 		.ascii	"\303\015\364\366\307-\364\224f\237\011/\316\320\277"
 272      C72DF494 
 272      669F092F 
 272      CED0BF
 273 017b FE1F7AB6 		.ascii	"\376\037z\266E;\0303@\002\007<]\031\020\207u&<[{B\333"
 273      453B1833 
 273      4002073C 
 273      5D191087 
 273      75263C5B 
 274 0192 DB9B79B3 		.ascii	"\333\233y\263\255\213{\342c/h~\217\361\373#\355\266"
 274      AD8B7BE2 
 274      632F687E 
 274      8FF1FB23 
 274      EDB6
 275 01a4 9E83AD78 		.ascii	"\236\203\255xg\234\275\360c\354U\011\033\277\303}d\017"
 275      679CBDF0 
 275      63EC5509 
 275      1BBFC37D 
 275      640F
 276 01b6 69EC171A 		.ascii	"i\354\027\032{\274\310\316}\236b\332_\344Y\202\377\317"
 276      7BBCC8CE 
 276      7D9E62DA 
 276      5FE45982 
 276      FFCF
 277 01c8 72FEFDD2 		.ascii	"r\376\375\322\205\022\367\227\345\262t\246\223\313t"
 277      8512F797 
 277      E5B274A6 
 277      93CB74
 278 01d7 353B592E 		.ascii	"5;Y.\313\215\337\263\357hm\210\015\306Xl\361\316\306"
 278      CB8DDFB3 
 278      EF686D88 
 278      0DC6586C 
 278      F1CEC6
 279 01ea 5E8C6486 		.ascii	"^\214d\206iTD\365\273[\245\344\235\243\006\002)\250"
 279      695444F5 
 279      BB5BA5E4 
 279      9DA30602 
 279      29A8
 280 01fc 25428BAC 		.ascii	"%B\213\254\312'<n\227\242n\261K\276\346\200\352T\244"
 280      CA273C6E 
 280      97A26EB1 
 280      4BBEE680 
 280      EA54A4
 281 020f 959EDD69 		.ascii	"\225\236\335i\332\177\350p\315\276\206\006bv8\002n\257"
 281      DA7FE870 
 281      CDBE8606 
 281      62763802 
 281      6EAF
 282 0221 7F8FC3BF 		.ascii	"\177\217\303\277[\012\370TIV\233\352\275\315^\245^\221"
 282      5B0AF854 
 282      49569BEA 
 282      BDCD5EA5 
 282      5E91
 283 0233 8FB925B7 		.ascii	"\217\271%\267\327\351\011\270\024\251Iv6\272\275\212"
 283      D7E909B8 
 283      14A94976 
 283      36BABD8A 
ARM GAS  /tmp/ccKvWmOl.s 			page 23


 284 0243 E47029C7 		.ascii	"\344p)\307\345\200\307\357\360\267\266(>{#\331P\020"
 284      E580C7EF 
 284      F0B7B628 
 284      3E7B23D9 
 284      5010
 285 0255 6F2F23F6 		.ascii	"o/#\366\265\372$\207\317\357B&*\252\327\314C\376\000"
 285      B5FA2487 
 285      CFEF4226 
 285      2AAAD7CC 
 285      43FE00
 286 0268 737B2423 		.ascii	"s{$#"
 287              		.text
 288              		.section	.gnu.lto_.symtab.2b96848b3adaf7a8,"",%progbits
 289 0000 70617261 		.ascii	"paraglider\000"
 289      676C6964 
 289      657200
 290 000b 00       		.ascii	"\000"
 291 000c 00       		.ascii	"\000"
 292 000d 00       		.ascii	"\000"
 293 000e 00000000 		.ascii	"\000\000\000\000\000\000\000\000"
 293      00000000 
 294 0016 CD000000 		.ascii	"\315\000\000\000"
 295              		.text
 296              		.section	.gnu.lto_.opts,"",%progbits
 297 0000 272D666D 		.ascii	"'-fmath-errno' '-fsigned-zeros' '-ftrapping-math' '"
 297      6174682D 
 297      6572726E 
 297      6F272027 
 297      2D667369 
 298 0033 2D666E6F 		.ascii	"-fno-trapv' '-fno-strict-overflow' '-fno-openmp' '-"
 298      2D747261 
 298      70762720 
 298      272D666E 
 298      6F2D7374 
 299 0066 666E6F2D 		.ascii	"fno-openacc' '-mcpu=cortex-m3' '-mthumb' '-O0' '-fo"
 299      6F70656E 
 299      61636327 
 299      20272D6D 
 299      6370753D 
 300 0099 6D69742D 		.ascii	"mit-frame-pointer' '-falign-functions=16' '-ffuncti"
 300      6672616D 
 300      652D706F 
 300      696E7465 
 300      72272027 
 301 00cc 6F6E2D73 		.ascii	"on-sections' '-fdata-sections' '-fno-common' '-flto"
 301      65637469 
 301      6F6E7327 
 301      20272D66 
 301      64617461 
 302 00ff 2700     		.ascii	"'\000"
 303              		.text
 304              		.comm	__gnu_lto_v1,1,1
 305              		.comm	__gnu_lto_slim,1,1
 306              		.ident	"GCC: (GNU Tools for Arm Embedded Processors 7-2018-q3-update) 7.3.1 20180622 (release) [AR
ARM GAS  /tmp/ccKvWmOl.s 			page 24


DEFINED SYMBOLS
                            *ABS*:0000000000000000 paraglider.c
                            *COM*:0000000000000001 __gnu_lto_v1
                            *COM*:0000000000000001 __gnu_lto_slim

NO UNDEFINED SYMBOLS
