ARM GAS  /tmp/ccU8cYat.s 			page 1


   1              		.cpu cortex-m3
   2              		.eabi_attribute 20, 1
   3              		.eabi_attribute 21, 1
   4              		.eabi_attribute 23, 3
   5              		.eabi_attribute 24, 1
   6              		.eabi_attribute 25, 1
   7              		.eabi_attribute 26, 1
   8              		.eabi_attribute 30, 6
   9              		.eabi_attribute 34, 1
  10              		.eabi_attribute 18, 4
  11              		.file	"paraglider2.c"
  12              		.section	.gnu.lto_.inline.a3e2027106ddac1a,"",%progbits
  13 0000 789C6363 		.ascii	"x\234cc```b@\006\000\000\232\000\011"
  13      60606062 
  13      40060000 
  13      9A0009
  14              		.text
  15              		.section	.gnu.lto_paraglider2.a3e2027106ddac1a,"",%progbits
  16 0000 789CD59C 		.ascii	"x\234\325\234\327W\033\351\025\300g\244\365\366\222"
  16      D7571BE9 
  16      15C067A4 
  16      F5F692
  17 000f 5E37BDD7 		.ascii	"^7\275\327\335l\232\323_\223\227\234\223\247\274\346"
  17      DD6C9AD3 
  17      5F93979C 
  17      93A7BCE6 
  18 001f 25E7E49C 		.ascii	"%\347\344\234\374\003yJD\023`\214\021\305\006l\341\002"
  18      FC03794A 
  18      4413608C 
  18      11C5066C 
  18      E102
  19 0031 D8800103 		.ascii	"\330\200\001\003f\261h\306\030\203(\022\010$\232\220"
  19      66B168C6 
  19      18832812 
  19      08249A90 
  20 0041 40800488 		.ascii	"@\200\004\210\216D\021\006\001\271w\346\016\007\315"
  20      8E441106 
  20      01B977E6 
  20      0E07CD
  21 0050 D1A09190 		.ascii	"\321\240\221\220\260\265/\277s\315\332\374\3567_\233"
  21      B0B52FBF 
  21      73CDDAFC 
  21      EE375F9B 
  22 0060 AFCCAB0C 		.ascii	"\257\314\253\014\303\374\353\037\014\3032\374\177yJ"
  22      C3FCEB1F 
  22      0CC332FC 
  22      7F794A
  23 006f B666A5E9 		.ascii	"\266f\245\351\371;\031J\255\022\376\020\302\264\356"
  23      F93B194A 
  23      AD12FE10 
  23      C2B4EE
  24 007e A9111643 		.ascii	"\251\021\026C\226\375$\204\346\015c\321[|\370\011\010"
  24      96FD2484 
  24      E60D63D1 
  24      5B7CF809 
  24      08
  25 008f 1F78B71E 		.ascii	"\037x\267\036\274\312\207\357Ax`O8T\360\341\273\020"
ARM GAS  /tmp/ccU8cYat.s 			page 2


  25      BCCA87EF 
  25      4178604F 
  25      3854F0E1 
  25      BB10
  26 00a1 962C353D 		.ascii	"\226,5=\273\300\207\357@\270\357\316\263\322?\3656\204"
  26      BBC087EF 
  26      40B8EFCE 
  26      B3D23FF5 
  26      3684
  27 00b3 63D6E426 		.ascii	"c\326\344&\012\337\302\277\2731x\3606\037\276\011a\345"
  27      0ADFC2BF 
  27      BB3178F0 
  27      361FBE09 
  27      61E5
  28 00c5 A3BBCDF4 		.ascii	"\243\273\315\364\3237 \334\272\224\342S\362\341k\020"
  28      D33720DC 
  28      BA94E253 
  28      F2E16B10 
  29 00d5 BAF6AB9B 		.ascii	"\272\366\253\233\337\345\303W!\354-m\366\323\337\275"
  29      DFE5C357 
  29      21EC2D6D 
  29      F6D3DFBD 
  30 00e5 00E15072 		.ascii	"\000\341Pr\255\226\376\347W \354\360\326\226\321O\225"
  30      AD96FEE7 
  30      5720ECF0 
  30      D696D14F 
  30      95
  31 00f6 10761DF9 		.ascii	"\020v\035\371\332\337\343C\005\376\313>\375\300\233"
  31      DADFE343 
  31      05FECB3E 
  31      FDC09B
  32 0105 171FA9D2 		.ascii	"\027\037\251\322n\253n_\320*\025\354\317\336g\353\331"
  32      6EAB6E5F 
  32      D02A15EC 
  32      CFDE67EB 
  32      D9
  33 0116 F7D98F78 		.ascii	"\367\331\217xt\260<\237\022\333\211O\210m\304\307\304"
  33      74B03C9F 
  33      12DB894F 
  33      886DC4C7 
  33      C4
  34 0127 9FF368A5 		.ascii	"\237\363h\245\260\205\330Ll\"6\022u\304G\304\006\342"
  34      B085D84C 
  34      6C223612 
  34      75C447C4 
  34      06E2
  35 0139 C73CF109 		.ascii	"\307<\361\011\334/\231\276\371\006\357{\304\304\203"
  35      DC2F99BE 
  35      F906EF7B 
  35      C4C483
  36 0148 B07DD976 		.ascii	"\260}\331v\343u^\3700.\204-\017\216\332\251\276\034"
  36      E3755EF8 
  36      302E842D 
  36      0F8EDAA9 
  36      BE1C
  37 015a C4857076 		.ascii	"\304\205pv\302f9U\011?\306\036Uf\352\333|\233\335eO"
  37      C2663955 
ARM GAS  /tmp/ccU8cYat.s 			page 3


  37      093FC61E 
  37      5566EADB 
  37      7C9BDD65 
  38 016f 364B866B 		.ascii	"6K\206k\226\033\243\215\332\027\223\217\221\3621\234"
  38      961BA38D 
  38      DA17938F 
  38      91F2319C 
  39 017f 9E4FE9FA 		.ascii	"\236O\351\372m\0275\347}\214\373\354\2733\257\361\376"
  39      6D1735E7 
  39      7D8CFBEC 
  39      BB33AFF1 
  39      FE
  40 0190 7ECCA773 		.ascii	"~\314\247s\256\273\351\225sM\300 J\300tz\002\372\264"
  40      AEBBE995 
  40      734DC020 
  40      4AC0747A 
  40      02FAB4
  41 01a3 55D53B7C 		.ascii	"U\325;|\002{\030?\232\357\325\277\311'\240\302\004r"
  41      027B183F 
  41      9AEFD5BF 
  41      C927A0C2 
  41      0472
  42 01b5 4B1F3451 		.ascii	"K\0374Q\247\3725\010\357=W\257^\340\3036\374\261z\271"
  42      A7FA3508 
  42      EF3D57AF 
  42      5EE0C336 
  42      FCB17AB9 
  43 01c9 25F1D573 		.ascii	"%\361\325s\311\317H\371\015S~\026\312\317|z~\351=\017"
  43      C9CF48F9 
  43      0D537E16 
  43      CACF7C7A 
  43      7EE93D0F 
  44 01dd 67A89F7F 		.ascii	"g\250\237\177\216\361\322l\302}%\237\300&&0\336\345"
  44      8EF1D26C 
  44      C27D259F 
  44      C0262630 
  44      DEE5
  45 01ef 2E51F0F1 		.ascii	".Q\360\361o \354\036\\\035~\355\\\362\031\247|\306D"
  45      6F20EC1E 
  45      5C1D7EED 
  45      5CF219A7 
  45      7CC644
  46 0202 F9846840 		.ascii	"\371\204h@i3\251\2267\371|v1\036_6\033\336\342\375\017"
  46      6933A996 
  46      37F97C76 
  46      311E5F36 
  46      1BDEE2FD 
  47 0217 311FDF96 		.ascii	"1\037\337\226\332\301\362\361:7(\316\227&*\317%!;%d"
  47      DAC1F2F1 
  47      3A3728CE 
  47      97262ACF 
  47      25213B25 
  48 022c A2846CF2 		.ascii	"\242\204l\362\022\262\025\314\325\320p\351\343\204S"
  48      12B215CC 
  48      D5D070E9 
  48      E38453
  49 023b 5C15AFF3 		.ascii	"\\\025\257\363\011\034aB\332\375\234\002\212\237`\254"
ARM GAS  /tmp/ccU8cYat.s 			page 4


  49      091C6142 
  49      DAFD9C02 
  49      8A9F60AC 
  50 024b 5B6F9A7D 		.ascii	"[o\232}\375\\\022\232\246\204\034\224\220I^B\343\371"
  50      FD5C129A 
  50      A6841C94 
  50      90495E42 
  50      E3F9
  51 025d 5343D4C5 		.ascii	"SC\324\305\355\004\214\202\014?\012~\334\331\255\246"
  51      ED048C82 
  51      0C3F0A7E 
  51      DCD9ADA6 
  52 026d 84301FBB 		.ascii	"\2040\037\273\336\322\032\333\032\347\242|\234\221\345"
  52      DED21ADB 
  52      1AE7A27C 
  52      9C91E5
  53 027c D3AAB9D9 		.ascii	"\323\252\271\331O]\3346\306\217\013\006\366^\341\375"
  53      4F5DDC36 
  53      C68F0B06 
  53      F65EE1FD 
  54 028c B7D893B3 		.ascii	"\267\330\223\263\022\206\233\225\350ZS\347\336\213i"
  54      12869B95 
  54      E85A53E7 
  54      DE8B69
  55 029b 3E6ECAC7 		.ascii	">n\312\307!\312gA^>fm\242\233\246z[\314\311)\030\303"
  55      21CA6741 
  55      5E3E666D 
  55      A29BA67A 
  55      5BCCC929 
  56 02b1 4DC1C63D 		.ascii	"M\301\306=\233#\261\365_\226\360\227\371<\222\0067\267"
  56      9B23B1F5 
  56      5F96F097 
  56      F93C9206 
  56      37B7
  57 02c3 68CCDF64 		.ascii	"h\314\337dN\316F\031n6Z|\247\357\2371\325_\223\3207"
  57      4ECE4619 
  57      6E365A7C 
  57      A7EF9F31 
  57      D55F93D0 
  58 02d8 C8D32FF4 		.ascii	"\310\323/\3645\364R\363\360b\\\333\232\274\372.\257"
  58      35F452F3 
  58      F0625CDB 
  58      9ABCFA2E 
  58      AF
  59 02e9 DFCE9E9C 		.ascii	"\337\316\236\234/3\334|y\344a\372\337c\232\216W\"\035"
  59      2F33DC7C 
  59      79E461FA 
  59      DF639A8E 
  59      57221D
  60 02fc 8FBC748E 		.ascii	"\217\274t\216\226\0147\2506y0\316\254}\336y\341\205"
  60      960C37A8 
  60      367930CE 
  60      AC7DDE79 
  60      E185
  61 030e 08D7CB14 		.ascii	"\010\327\313\024^\264\226P\371op\317#=\235Zs#\026\277"
  61      5EB49650 
  61      F96F70CF 
ARM GAS  /tmp/ccU8cYat.s 			page 5


  61      233D9D5A 
  61      732316BF 
  62 0322 E961CF51 		.ascii	"\351a\317Qlg\\Bwd#\177_x\376\307\003\034\313\017p\327"
  62      6C675C42 
  62      7764237F 
  62      5F78FEC7 
  62      031CCB0F 
  63 0338 EE3B0EDE 		.ascii	"\356;\016\336=\227\361@\350?\015\341\011?\352II\243"
  63      3D97F140 
  63      E83F0DE1 
  63      093FEA49 
  63      49A3
  64 034a B7B635E6 		.ascii	"\267\2665\346\344K\035\303\275\324e\324$_}+\270\277"
  64      E44B1DC3 
  64      BDD465D4 
  64      245F7D2B 
  64      B8BF
  65 035c 9FFC1DE4 		.ascii	"\237\374\035\344\357 \177\363\271\372\367\245\347\025"
  65      EF207FF3 
  65      B9FAF7A5 
  65      E715
  66 036a D30C7115 		.ascii	"\323\014q\025\343\265\344\271i\232q|\001\302\331\244"
  66      E3B5E4B9 
  66      699A717C 
  66      01C2D9A4 
  67 037a 1C15A5F3 		.ascii	"\034\025\245\363'\010\255\033\255y\212sIG\245\340\323"
  67      2708AD1B 
  67      AD798A73 
  67      4947A5E0 
  67      D3
  68 038b 390A2F9D 		.ascii	"9\012/\235\354d\365g\370lV\270\336?1Sx\032\005X\377"
  68      EC64F567 
  68      F86C56B8 
  68      DE3F3153 
  68      781A0558 
  69 03a0 A71267D3 		.ascii	"\247\022g\323\331s\361\027&\264I\212\260\374{\352\326"
  69      D973F117 
  69      26B4498A 
  69      B0FC7BEA 
  69      D6
  70 03b1 E65FE313 		.ascii	"\346_\343\023X\306\270y\322\323N\217c\032\023\270\233"
  70      58C6B879 
  70      D2D34E8F 
  70      631A13B8 
  70      9B
  71 03c2 3FD228D1 		.ascii	"?\322(\321\001\271(\001\265\"*\355\301\022Y\002.Cu\035"
  71      01B92801 
  71      B5222AED 
  71      C1125902 
  71      2E43751D 
  72 03d6 ADAD2C61 		.ascii	"\255\255,a\274\322Xj\245\004\354\230@\207\355q\032\275"
  72      BCD2586A 
  72      A504EC98 
  72      4087ED71 
  72      1ABD
  73 03e8 62FC1ADF 		.ascii	"b\374\032\3370\262gKh|\330\300\037\227\017\227>\015"
  73      30B2674B 
ARM GAS  /tmp/ccU8cYat.s 			page 6


  73      687CD8C0 
  73      1F970F97 
  73      3E0D
  74 03fa 313E6744 		.ascii	"1>gD'\277KT\301\322\303\313/!\337\330O\035\324\"\267"
  74      27BF4B54 
  74      C1D2C3CB 
  74      2F21DFD8 
  74      4F1DD422 
  75 040f A8F0F07A 		.ascii	"\250\360\360z3\3250-{r\374f\370\361\373xF\317\3603\372"
  75      33D5302D 
  75      7B72FC66 
  75      F8F1FB78 
  75      46CFF033 
  76 0424 EB69564D 		.ascii	"\353iVM\210\0045\321I0\213\022\274\022^\202\366\342"
  76      880435D1 
  76      49308B12 
  76      BC125E82 
  76      F6E2
  77 0436 BCBBAFF0 		.ascii	"\274\273\257\360\011\2721n|\274\372\021\357\377>DYI"
  77      09BA316E 
  77      7CBCFA11 
  77      EFFF3E44 
  77      5949
  78 0448 53FFE5A3 		.ascii	"S\377\345\243\337c2-M\306\020\275s\336\331\222\021\206"
  78      DF63322D 
  78      4DC610BD 
  78      73DED992 
  78      1186
  79 045a 1333D5C6 		.ascii	"\0233\325\306\334\360\222\031h\\\262\323p\270\200\261"
  79      DCF09219 
  79      685CB2D3 
  79      70B880B1 
  80 046a 6EAD5247 		.ascii	"n\255RG\357\273\355\\\363J\252\254\245\370\253X9Us5"
  80      EFBBED5C 
  80      F34AAAAC 
  80      A5F8AB58 
  80      39557335 
  81 047e 12BDB590 		.ascii	"\022\275\265\220O\301\331\362\361S>\371\212\210\026"
  81      4FC1D9F2 
  81      F1533EF9 
  81      8A8816
  82 048d 58747559 		.ascii	"XtuYk\364p\3461\316\271\242\313\241\367\333o\342zK\377"
  82      6BF470E6 
  82      31CEB9A2 
  82      CBA1F7DB 
  82      6FE27A4B 
  83 04a2 7527B5A6 		.ascii	"u'\265\246\257\343dK;\321\374\366\351\351`7\025\205"
  83      AFE3644B 
  83      3BD1FCF6 
  83      E9E96037 
  83      1585
  84 04b4 C9BA96D2 		.ascii	"\311\272\226\322\271\021\336\343\311k\271\342\240\307"
  84      B911DEE3 
  84      C96BB9E2 
  84      A0C7
  85 04c2 3387F181 		.ascii	"3\207\361\201C\243\241\365\225\333\330\230<\376\"\035"
  85      43A3A1F5 
ARM GAS  /tmp/ccU8cYat.s 			page 7


  85      95DBD898 
  85      3CFE221D 
  86 04d2 BD5C7D06 		.ascii	"\275\\}\006\237f\3725\317\033\247\347\343\245|\314\221"
  86      9F66FA35 
  86      CF1BA7E7 
  86      E3A57CCC 
  86      91
  87 04e3 E5735BC1 		.ascii	"\345s[\301\347s\213\362\321\206\227O_\311N\007u~.\214"
  87      E7738BF2 
  87      D186974F 
  87      5FC94E07 
  87      757E2E8C 
  88 04f7 6FF4256E 		.ascii	"o\364%n\274s\272\260\237\204=\221\011\013\215]x\000"
  88      BC73BAB0 
  88      9F843D91 
  88      090B8D5D 
  88      7800
  89 0509 DEF0EAD3 		.ascii	"\336\360\352\323\325\374]\2417sb\274\331Y\276Io{\032"
  89      D5FC5DA1 
  89      377362BC 
  89      D959BE49 
  89      6F7B1A
  90 051c 7C00971B 		.ascii	"|\000\227\033k\357\206(q\027%\200\303N\004\011\334U"
  90      6BEF8628 
  90      71172580 
  90      C34E0409 
  90      DC55
  91 052e 9C69C5B1 		.ascii	"\234i\305\261\315\252v\321\002\320,\306\355\356\364"
  91      CDAA76D1 
  91      02D02CC6 
  91      EDEEF4
  92 053d 4C89098A 		.ascii	"L\211\011\212 \\O\302\031\221\011\013%\036\241p\307"
  92      205C4FC2 
  92      1991090B 
  92      251EA170 
  92      C7
  93 054e 923D9BAA 		.ascii	"\222=\233\252\310\0147\340o\373we\316\3105\221\011\013"
  93      C80C37E0 
  93      6FFB7765 
  93      CEC83591 
  93      090B
  94 0560 6D54E872 		.ascii	"mT\350r\362\303\253\323\211-\326l\232\340Ns\003X\313"
  94      F2C3ABD3 
  94      892DD66C 
  94      9AE04E73 
  94      0358CB
  95 0573 561F0DE0 		.ascii	"V\037\015\340\257\237\\\362e\370%\337\242\341\226{!"
  95      AF9F5CF2 
  95      65F825DF 
  95      A2E1967B 
  95      21
  96 0584 AABC904F 		.ascii	"\252\274\220Oux\371T)\002\037\200\220\217+\274\0070"
  96      7578F954 
  96      29021F80 
  96      908F2BBC 
  96      0730
  97 0596 75DDB24A 		.ascii	"u\335\262J}\216\2039\271)\303p\2332u\023ek\0223D\261"
ARM GAS  /tmp/ccU8cYat.s 			page 8


  97      7D8E8339 
  97      B929C370 
  97      9B327513 
  97      656B1233 
  98 05ac 7F5E64CF 		.ascii	"\177^d\317\243V\242\306c>2\374K\273t\325\364J:\305m"
  98      A356A2C6 
  98      633E32FC 
  98      4BBB74D5 
  98      F44A3AC5 
  99 05c1 0A4CAB56 		.ascii	"\012L\253Vd\256\321\026D\247\306\233\303+\360\255\355"
  99      64AED116 
  99      44A7C69B 
  99      C32BF0AD 
  99      ED
 100 05d2 8F0B686B 		.ascii	"\217\013hkn\022\343\252\376n;\025x\032\267Df.Z\222\331"
 100      6E12E3AA 
 100      FE6E3B15 
 100      781AB744 
 100      662E5A92 
 101 05e7 02C24CA0 		.ascii	"\002\302L\240A\021\225&[\251\266\026\321\276\221\235"
 101      41119526 
 101      5BA9B616 
 101      D1BE919D 
 102 05f7 5B6212F6 		.ascii	"[b\022\366\032\031n\2571\333w\364\201<}\013\033\226"
 102      1A196EAF 
 102      31DB77F4 
 102      813C7D0B 
 102      1B96
 103 0609 7EA348DF 		.ascii	"~\243H\337\034\231\376\375J\227\260Sj\343\006\335\007"
 103      1C99FEFD 
 103      4A97B053 
 103      6AE306DD 
 103      07
 104 061a 85D61093 		.ascii	"\205\326\020\223\034A\330(O\030kt\260\012\023\241\360"
 104      1C41D828 
 104      4F186B74 
 104      B00A13A1 
 104      F0
 105 062b ADF1E7B5 		.ascii	"\255\361\347\265\324B'0^\250^\377ST}\205\002\316\217"
 105      D4422730 
 105      5EA85EFF 
 105      53547D85 
 105      02CE8F
 106 063e 4EFDF015 		.ascii	"N\375\360\025\354UP\227n\305\270n\254L/s\215Q\246\260"
 106      EC555097 
 106      6EC5B86E 
 106      AC4C2F73 
 106      8D51A6B0 
 107 0652 56A28023 		.ascii	"V\242\200#\024\326\315\\}B\005<\216\361\374p\275Ef\013"
 107      14D6CD5C 
 107      7D42053C 
 107      8EF1FC70 
 107      BD45660B 
 108 0666 0CB384A3 		.ascii	"\014\263\204\243$\254\272\242\271A\243\374\030\306s"
 108      24ACBAA2 
 108      B941A3FC 
 108      18C673
ARM GAS  /tmp/ccU8cYat.s 			page 9


 109 0675 9A5C994D 		.ascii	"\232\\\231M.\312\276U\362\372\350g\323\365\302y\203"
 109      2ECABE55 
 109      F2FAE867 
 109      D3F5C279 
 109      83
 110 0686 518C6F36 		.ascii	"Q\214o6\264\224K\354\023\012o\355fV^\037\341\216I\001"
 110      B4944BEC 
 110      130A6FED 
 110      66565E1F 
 110      E18E4901 
 111 069a CFDCCDCD 		.ascii	"\317\334\315\315\243\0321\302\355\012\214\017\347\206"
 111      A31A31C2 
 111      ED0A8C0F 
 111      E786
 112 06a8 10F6B051 		.ascii	"\020\366\260Q\035T\302\024\356\251\311\231\242\263\023"
 112      1D54C214 
 112      EEA9C999 
 112      A2B313
 113 06b7 C3017BFB 		.ascii	"\303\001{\373\014\277\267\177T\263\275,1q\025\022\020"
 113      0CBFB77F 
 113      54B3BD2C 
 113      31711512 
 113      10
 114 06c8 D6117A5F 		.ascii	"\326\021z_H\002\326f\325c\352\225-\030\337\323\324\225"
 114      4802D666 
 114      D563EA95 
 114      2D18DFD3 
 114      D495
 115 06da 846883C2 		.ascii	"\204h\203\302\312\224I^\235\316\217n\247Qq\273\257\215"
 115      CA94495E 
 115      9DCE8F6E 
 115      A75171BB 
 115      AF8D
 116 06ec 56A6CCDC 		.ascii	"V\246\314\334<jg\251!\304\253\201\223\204\015\362\204"
 116      3C6A67A9 
 116      21C4AB81 
 116      93840DF2 
 116      84
 117 06fd CD324BD8 		.ascii	"\3152K\330-O\270s\246\246\212Jx\210\333Iq\244Zd\276"
 117      2D4FB873 
 117      A6A68A4A 
 117      7888DB49 
 117      71A45A64 
 118 0712 0D4BBDCB 		.ascii	"\015K\275\313\270H\330\025\223*a\231\277\223Luz0.\216"
 118      B848D815 
 118      932A6199 
 118      BF934C75 
 118      7A302E8E 
 119 0726 7B3417A6 		.ascii	"{4\027\246\376\225\3675q{\275\205\213\203g\334\273\305"
 119      FE95F735 
 119      717BBD85 
 119      8B8367DC 
 119      BBC5
 120 0738 FE35025F 		.ascii	"\3765\002_\227<\337q\207\376?\274\357@\\\224\357r[\371"
 120      973CDF71 
 120      87FE3FBC 
 120      EF405C94 
ARM GAS  /tmp/ccU8cYat.s 			page 10


 120      EF725BF9 
 121 074c 53AAC1FD 		.ascii	"S\252\301\375q!l\032\362\335\244\315K#7\356\351K\335"
 121      71216C1A 
 121      F2DDA4CD 
 121      4B2337EE 
 121      E94BDD
 122 075f 67DCFD36 		.ascii	"g\334\3756\307T\370\251\257u\205^n\015qQ\302U\227\256"
 122      C754F8A9 
 122      AF75855E 
 122      6E0D7151 
 122      C25597AE 
 123 0773 0C91701F 		.ascii	"\014\221p\03773j\235pFx\000\004g\355\261\027^u\370\016"
 123      37336A9D 
 123      70467800 
 123      0467EDB1 
 123      175E75F8 
 124 0788 48B8372E 		.ascii	"H\2707.J8\243\253AOu\270\007\343\303\226\234\2323\236"
 124      4A38A3AB 
 124      414F75B8 
 124      07E3C396 
 124      9C9A339E 
 125 079c 18A88DAC 		.ascii	"\030\250\215\254W\223)\274tY3@\223\315n\214\313\367"
 125      579329BC 
 125      74593340 
 125      93CD6E8C 
 125      CBF7
 126 07ae B72B23DC 		.ascii	"\267+#\334\243\316?\227*1\275P\357\244\231\204>.\252"
 126      A3CE3F97 
 126      2A31BD50 
 126      EFA49984 
 126      3E2EAA
 127 07c1 C48EB166 		.ascii	"\304\216\261f\230\006\346.nO\347 q4\314"
 127      9806E62E 
 127      6E4FE720 
 127      7134CC
 128 07d0 81CE7DAE 		.ascii	"\201\316}\256\302ZG\307\024M\347;\343\242\204\275\303"
 128      C25A47C7 
 128      144DE73B 
 128      E3A284BD 
 128      C3
 129 07e1 4B0FA997 		.ascii	"K\017\251\227x\026\027\302\243\255\336fjt\035q!\334"
 129      781617C2 
 129      A3ADDE66 
 129      6A741D71 
 129      21DC
 130 07f3 A4AA9AA4 		.ascii	"\244\252\232\244:\3744.\204\217\267\352X~\253\356\245"
 130      3AFC342E 
 130      848FB7EA 
 130      587EABEE 
 130      A5
 131 0804 173E3E2A 		.ascii	"\027>>*\301rG%^z\337&M\3336\265\271?\306\203\257\272"
 131      C1724725 
 131      5E7ADF26 
 131      4DDB36B5 
 131      B93FC683 
 132 081a C2DE43C3 		.ascii	"\302\336C\303\306\037\342\301W\330*g\271\255\362\227"
 132      C61FE2C1 
ARM GAS  /tmp/ccU8cYat.s 			page 11


 132      57D82A67 
 132      B9ADF297 
 133 082a 5E576DBA 		.ascii	"^Wm\272\272H\007A\177\027\017\276\365\326\3351\332\012"
 133      BA480741 
 133      7F170FBE 
 133      F5D6DD31 
 133      DA0A
 134 083c FF6D3CF8 		.ascii	"\377m<\370\036\037Eg\271\243\350/\275o\371\274\366\012"
 134      1E1F4567 
 134      B9A3E82F 
 134      BD6FF9BC 
 134      F60A
 135 084e 756717E3 		.ascii	"ug\027\343\301\367\370`\021\313\035,z\351}\247\256\356"
 135      C1F7F860 
 135      11CB1D2C 
 135      7AE97DA7 
 135      AEEE
 136 0860 99C9F757 		.ascii	"\231\311\367W\361\340\353\030^\020.\257\3752\036|\307"
 136      F1E0EB18 
 136      5E102EAF 
 136      FD321E7C 
 136      C7
 137 0871 0667FFCC 		.ascii	"\006g\377\314\353\376\"\036ts\226\327M4\272\375\034"
 137      EBFE221E 
 137      747396D7 
 137      4D34BAFD 
 137      1C
 138 0882 7BE35B9D 		.ascii	"{\343[\235\345\022\253\253^6\252\347\340\"\364m\230"
 138      E512ABAB 
 138      5E36AAE7 
 138      E022F46D 
 138      98
 139 0893 4F176E16 		.ascii	"O\027n\026}\204\273\350\023e\016\211\305U'\371\232^"
 139      7D84BBE8 
 139      13650E89 
 139      C55527F9 
 139      9A5E
 140 08a5 68F9163F 		.ascii	"h\371\026?\031\370\037\257\3733,m\327\336\242Dup\220"
 140      19F81FAF 
 140      FB332C6D 
 140      D7DEA244 
 140      757090
 141 08b8 AE2DB6BA 		.ascii	"\256-\266\272.\3225\004\327m\321\265\352\251w\370\020"
 141      2ED23504 
 141      D76DD1B5 
 141      EAA977F8 
 141      10
 142 08c9 C2A4CBCE 		.ascii	"\302\244\313\316F\361B\232+\320\327\021[\337\020\305"
 142      46F1429A 
 142      2BD0D711 
 142      5BDF10C5 
 143 08d9 DB63CB6C 		.ascii	"\333c\313l\243\035\272\017\360\334P\352\265>\361\032"
 143      A31DBA0F 
 143      F0DC50EA 
 143      B53EF11A 
 144 08e9 843FB86F 		.ascii	"\204?\270o\204'\265\344\226\257#\270o\355\364d\002\371"
 144      8427B5E4 
ARM GAS  /tmp/ccU8cYat.s 			page 12


 144      96AF23B8 
 144      6FEDF464 
 144      02F9
 145 08fb FE140FB9 		.ascii	"\376\024\017\271\244\215\356\211\367\273$|#<\347t\306"
 145      A48DEE89 
 145      F7BB247C 
 145      233CE774 
 145      C6
 146 090c F2DD5CD0 		.ascii	"\362\335\\\320\255R\357\373\023\010]{e\327\304\345\353"
 146      AD52EFFB 
 146      13085D7B 
 146      65D7C4E5 
 146      EB
 147 091d 0DEEFB62 		.ascii	"\015\356\373b\2169%\027iL4\333\3711\356/\366\331\356"
 147      8E392517 
 147      694C34DB 
 147      F931EE2F 
 147      F6D9EE
 148 0930 88CF1C48 		.ascii	"\210\317\034H\370\312\334,\012\327\327+\252\017\370"
 148      F8CADC2C 
 148      0AD7D72B 
 148      AA0FF8
 149 093f 184FF876 		.ascii	"\030O\370vo\272-\264b\362#\010\367\206Z\012e\226\257"
 149      6FBA2DB4 
 149      62F22308 
 149      F7865A0A 
 149      6596AF
 150 0952 CCDDB8B3 		.ascii	"\314\335\270\263\226oc\240o\331P^\006\275\274\375\020"
 150      966F63A0 
 150      6FD9505E 
 150      06BDBCFD 
 150      10
 151 0963 CF74DC6C 		.ascii	"\317t\334l\231\020\367\017\022\276\266\363\361\255\012"
 151      9910F70F 
 151      12BEB6F3 
 151      F1AD0A
 152 0972 F4DD6B9A 		.ascii	"\364\335k\232,\246\331\372\017\2607\266\264k\304\207"
 152      2CA6D9FA 
 152      0FB037B6 
 152      B46BC487 
 153 0982 96247C1D 		.ascii	"\226$|\035\347\343[\033\350{csr\221\352\303\367q\363"
 153      E7E35B1B 
 153      E87B6373 
 153      7291EAC3 
 153      F771F3
 154 0995 53EFDA17 		.ascii	"S\357\332\027\037t\016\341\033\341\275\001)_\341\246"
 154      1F740EE1 
 154      1BE1BD01 
 154      295FE1A6 
 155 09a5 32DE8B68 		.ascii	"2\336\213h\240\307x\302\367\256\316\372\027^\367{\270"
 155      A0C778C2 
 155      F7AECEFA 
 155      175EF77B 
 155      B8
 156 09b6 7194B035 		.ascii	"q\224\2605+>\304\026B\327\023\333\342u\007\352\356h"
 156      2B3EC416 
 156      42D713DB 
ARM GAS  /tmp/ccU8cYat.s 			page 13


 156      E27507EA 
 156      EE68
 157 09c8 1232A93B 		.ascii	"\0222\251;\373.\316\335\227\327\272\305\013\252!|\261"
 157      FB2ECEDD 
 157      97D7BAC5 
 157      0BAA217C 
 157      B1
 158 09d9 5B8BA1AF 		.ascii	"[\213\241\257+\320w\252}`\234\206\213\357\340\036\301"
 158      2BD077AA 
 158      7D609C86 
 158      8BEFE01E 
 158      C1
 159 09ea C8E3FBE2 		.ascii	"\310\343\373\342\331N\010_Cl\313W\3605\363\276\273\255"
 159      D94E085F 
 159      436CCB57 
 159      F035F3BE 
 159      BBAD
 160 09fc 43C5D4FD 		.ascii	"C\305\324\375~\033{\267\301\232f\361\360\026\302\327"
 160      7E1B7BB7 
 160      C19A66F1 
 160      F016C2D7 
 161 0a0c 141D5F3F 		.ascii	"\024\035_?\371:\330\300\356\327\024\350;[\273c\247\372"
 161      F93AD8C0 
 161      EED714E8 
 161      3B5BBB63 
 161      A7FA
 162 0a1e F02D081F 		.ascii	"\360-\010\037m4\335\02377\211\341X\360\265\305\266|"
 162      6D34DD13 
 162      373789E1 
 162      58F0B5C5 
 162      B67C
 163 0a30 EB037D8F 		.ascii	"\353\003}\217\317\335\263\334\271{\377Z\253]|\3505\204"
 163      CFDDB3DC 
 163      B97BFF5A 
 163      AB5D7CE8 
 163      3584
 164 0a42 AFE37C7C 		.ascii	"\257\343||=t\257\334\266\262E/\363\337\200p\261\272"
 164      3D74AFDC 
 164      B6B2452F 
 164      F3DF8070 
 164      B1BA
 165 0a54 AD427C4A 		.ascii	"\255B|JZb:)\366\365\304\3267_\301\371\036_d`\271\213"
 165      5A623A29 
 165      F6F5C4D6 
 165      375FC1F9 
 165      1E5F6460 
 166 0a6a 0CC52DF5 		.ascii	"\014\305-\365\365\342=8\231\276\352\310\266\264\252"
 166      F5E23D38 
 166      99BEEAC8 
 166      B6B4AA
 167 0a79 E890B453 		.ascii	"\350\220\264S\242\376\032\002}\217\277\243\300r\337"
 167      A2FE1A02 
 167      7D8FBFA3 
 167      C072DF
 168 0a88 51C899BB 		.ascii	"Q\310\231\273U$q\2108\224oFl\266\340\334\201\276\307"
 168      55247188 
 168      38946F46 
ARM GAS  /tmp/ccU8cYat.s 			page 14


 168      6CB6E0DC 
 168      81BEC7
 169 0a9b F75E58EE 		.ascii	"\367^X\356\336\213&\351\301\345\010}M\261\251\017\""
 169      DE8B26E9 
 169      C1E5087D 
 169      4DB1A90F 
 169      22
 170 0aac DF62777F 		.ascii	"\337bw\177/\275\016}\005\217\247\025\356fJ\370:C\370"
 170      2FBD0E7D 
 170      058FA715 
 170      EE664AF8 
 170      3A43F8
 171 0abf DACEA5FE 		.ascii	"\332\316\245\376\012\227\246X\356\322\324\374a\306-"
 171      0A97A658 
 171      EED2D4FC 
 171      61C62D
 172 0ace 8933F138 		.ascii	"\2113\3618\234\237\246\353\210\215n\257\"@\267\274\253"
 172      9C9FA6EB 
 172      888D6EAF 
 172      2240B7BC 
 172      AB
 173 0adf 4347074D 		.ascii	"CG\007M\276\234w\342\203H\014\367A\244\355\224\272B"
 173      BE9C77E2 
 173      83480CF7 
 173      41A4ED94 
 173      BA42
 174 0af1 097D4B88 		.ascii	"\011}K\210\322\026\364=\321\325oU\006\214\316\013\013"
 174      D216F43D 
 174      D1D56F55 
 174      068CCE0B 
 174      0B
 175 0b02 77F2A877 		.ascii	"w\362\250w\373\022\366\306\305+\011\022\276F\231\276"
 175      FB12F6C6 
 175      C52B0912 
 175      BE4699BE 
 176 0b12 EAD8ECD8 		.ascii	"\352\330\354\330\323\350\261\225o\264\322\344\375\213"
 176      D3E8B195 
 176      6FB4D2E4 
 176      FD8B
 177 0b20 B851E05C 		.ascii	"\270Q\340\\\327K\334\242\363\312\3645\204W\276\302-"
 177      D74BDCA2 
 177      F3CAF435 
 177      8457BEC2 
 177      2D
 178 0b31 21071BBC 		.ascii	"!\007\033\274w\313P\004\370\036\337\011f\271;\301\371"
 178      77CB5004 
 178      F81EDF09 
 178      66B93BC1 
 178      F9
 179 0b42 B33DD574 		.ascii	"\263=\325t\313\314\303}\263cf\254Kb\255J\352R\255\330"
 179      CBCCC37D 
 179      B36366AC 
 179      4B62AD4A 
 179      EA52ADD8 
 180 0b56 DF74B6FA 		.ascii	"\337t\266\372a\024\371?\013\254\037\233\371)\351t\200"
 180      6114F93F 
 180      0BAC1F9B 
ARM GAS  /tmp/ccU8cYat.s 			page 15


 180      F929E974 
 180      80
 181 0b67 FFF37927 		.ascii	"\377\363y'>\035\306p\237\016\253\252\037j\223X\272r"
 181      3E1DC670 
 181      9F0EABAA 
 181      1F6A9358 
 181      BA72
 182 0b79 C9D4779C 		.ascii	"\311\324w\234\256\357\012\241/\256.\372@\375\355\347"
 182      AEEF0AA1 
 182      2FAE2EFA 
 182      40FDEDE7 
 183 0b89 97D6E85D 		.ascii	"\227\326\350]\344s\020\332\207'\346\350\216V\007\026"
 183      E47310DA 
 183      8727E6E8 
 183      8E560716 
 184 0b99 7FCF9CCD 		.ascii	"\177\317\234\315\034\342\022\246\\\177\217\274\342\367"
 184      1CE212A6 
 184      5C7F8FBC 
 184      E2F7
 185 0ba7 87A83EBD 		.ascii	"\207\250>\275\201\376\316\262\303|\232<\177\026\007"
 185      81FECEB2 
 185      C37C9A3C 
 185      7F1607
 186 0bb6 9BE9AEE6 		.ascii	"\233\351\256\346\020\247'T\012y\276XO\317\320<]\301"
 186      10A72754 
 186      0A79BE58 
 186      4FCFD03C 
 186      5DC1
 187 0bc8 7D8F6F1D 		.ascii	"}\217o\035\262\334\255\303\314\322\372,\272\360\224"
 187      B2DCADC3 
 187      CCD2FA2C 
 187      BAF094
 188 0bd7 8CE56D4B 		.ascii	"\214\345mKH\310\012\341o\221Y\336\246\323\313\333\305"
 188      48C80AE1 
 188      6F9159DE 
 188      A6D3CBDB 
 188      C5
 189 0be8 067E0342 		.ascii	"\006~\003B(o\361W\253\006\002\375\267\232\324{4y\372"
 189      286FF157 
 189      AB0602FD 
 189      B79AD47B 
 189      3479FA
 190 0bfb 3484F767 		.ascii	"4\204\367g*\275!\316\003\031e\372:\330\260\016\352\012"
 190      2ABD21CE 
 190      031965FA 
 190      3AD8B00E 
 190      EA0A
 191 0c0d E58D8FF3 		.ascii	"\345\215\217\363d\375h\010|\327\256\233\366\267\322"
 191      64FD6808 
 191      7CD7AE9B 
 191      F6B7D2
 192 0c1c DAC0A74E 		.ascii	"\332\300\247N\356K3\334\276t\256\327=\023\342\272\212"
 192      EE4B33DC 
 192      BE74AED7 
 192      3D13E2BA 
 192      8A
 193 0c2d 3F3C7D75 		.ascii	"?<}u\210\203\321\026\322\317\020\035\366\267(\203.\305"
ARM GAS  /tmp/ccU8cYat.s 			page 16


 193      8883D116 
 193      D2CF101D 
 193      F6B72883 
 193      2EC5
 194 0c3f 8CDF59DC 		.ascii	"\214\337Y\334\017q@\314\025\236\240If\371z\331\300\366"
 194      0F7140CC 
 194      159EA049 
 194      66F97AD9 
 194      C0F6
 195 0c51 E7A1F2D5 		.ascii	"\347\241\362\325\006\012N\226\026\325\310<\205\351\224"
 195      060A4E96 
 195      16D5C83C 
 195      85E994
 196 0c60 27E82041 		.ascii	"'\350 A3\011:\331\340\037-1\223\240\237\0043\024A\027"
 196      33093AD9 
 196      E01F2D31 
 196      93A09F04 
 196      33144117 
 197 0c74 DF8EDF4E 		.ascii	"\337\216\337N\030\356\355dj\273\314'\363\233\037\306"
 197      18EEED64 
 197      6ABBCC27 
 197      F39B1FC6 
 198 0c84 F07C0D12 		.ascii	"\360|\015\022\005*\356\320l\344;\246\014\272\270\231"
 198      052AEED0 
 198      6CE43BA6 
 198      0CBAB899 
 199 0c94 3A62D6D0 		.ascii	":b\326\320e\003=\366\010\317&\356e\311\2743\350\227"
 199      65033DF6 
 199      08CF26EE 
 199      65C9BC33 
 199      E897
 200 0ca6 276C55F2 		.ascii	"'lU\362\302\016\022\366\220p\206\"\260\200\325\212\300"
 200      C20E12F6 
 200      90708622 
 200      B080D58A 
 200      C0
 201 0cb7 16E66583 		.ascii	"\026\346e\203\3575:\357u\322\210\347\343\276\"\321>"
 201      EF353AEF 
 201      75D288E7 
 201      E3BE22D1 
 201      3E
 202 0cc8 6E0A7114 		.ascii	"n\012q\024^\020\256'a\347\351\302W\250M\251\350J\225"
 202      5E10AE27 
 202      61E7E9C2 
 202      57A84DA9 
 202      E84A95
 203 0cdb 8D846DCA 		.ascii	"\215\204m\312\340]X\006\011W)\202\012\247d\3359\222"
 203      E05D5806 
 203      09572982 
 203      0AA764DD 
 203      3992
 204 0ced 79474D10 		.ascii	"yGM\020\364\236.(\264\251,\022\234\226\250\262bAMp\301"
 204      F49E2E28 
 204      B4A92C12 
 204      9C96A8B2 
 204      62414D70 
 205 0d02 0E57D718 		.ascii	"\016W\327\030}\326A\215%*\034\205g\370\243\360{\272"
ARM GAS  /tmp/ccU8cYat.s 			page 17


 205      7DD6418D 
 205      252A1C85 
 205      67F8A3F0 
 205      7BBA
 206 0d14 BE0F23DB 		.ascii	"\276\017#\333mt\006\3277\220\276\232\364\035J^\177J"
 206      6D7406D7 
 206      3790BE9A 
 206      F41D4A5E 
 206      7F4A
 207 0d26 A27C85ED 		.ascii	"\242|\205\355\017s\360\012\241\262\325lS\015~\312}'"
 207      0F73F00A 
 207      A1B2D56C 
 207      530D7ECA 
 207      7D27
 208 0d38 AF2EB796 		.ascii	"\257.\267\226\306\270u\214\033<\025\033\021\036\334"
 208      C6B8758C 
 208      1B3C151B 
 208      111EDC
 209 0d47 36064F60 		.ascii	"6\006O`\226j\364\2142\260FWS\215v\263\201cF\256\342"
 209      966AF48C 
 209      32B04657 
 209      538D76B3 
 209      816346AE 
 210 0d5c F4D309C2 		.ascii	"\364\323\011\302\033\013\303\275\261t\257e7\321-\344"
 210      1B0BC3BD 
 210      B174AF65 
 210      37D12DE4 
 211 0d6c 6EEE3353 		.ascii	"n\3563S\343\255\217\316x\360\\\242\013\231#\377\031"
 211      E3AD8FCE 
 211      78F05CA2 
 211      0B9923FF 
 211      19
 212 0d7d 65F031DA 		.ascii	"e\3601\332\245\014\374pac\360\372\343K)\270L_\302L\344"
 212      A50CFC70 
 212      6163F0FA 
 212      E34B29B8 
 212      4C5FC24C 
 213 0d92 BE24797B 		.ascii	"\276$y{\264\377\214\247\214\275\301\205\261\242\243"
 213      B4FF8CA7 
 213      8CBDC185 
 213      B1A2A3
 214 0da1 F0020957 		.ascii	"\360\002\011W\211\276<\241\225w\245\255\245\242f\201"
 214      89BE3CA1 
 214      9577A5AD 
 214      A5A26681 
 215 0db1 841350F8 		.ascii	"\204\023P\370\370\223\272\014\367I]\255\326W\034\245"
 215      F893BA0C 
 215      F7495DAD 
 215      D6571CA5 
 216 0dc1 0F113A03 		.ascii	"\017\021:\003\375m\344\277D\376\215\022_\316XT\236\356"
 216      FD6DE4BF 
 216      44FE8D12 
 216      5FCE5854 
 216      9EEE
 217 0dd3 2F6CA832 		.ascii	"/l\2502\334\206j\336a\237.J\347\001\\l\3201&\217\256"
 217      DC866ADE 
 217      619F2E4A 
ARM GAS  /tmp/ccU8cYat.s 			page 18


 217      E7015C6C 
 217      D031268F 
 218 0de8 79AF2803 		.ascii	"y\257(\003\257\335\353\225\3626\320\\k\003t\311\370"
 218      AFDDEB95 
 218      F236D05C 
 218      6B0374C9 
 218      F8
 219 0df9 3296F7A3 		.ascii	"2\226\367\243\202\322\206\350~j\324H\302\026\022\316"
 219      82D286E8 
 219      7E6AD448 
 219      C21612CE 
 220 0e09 20613515 		.ascii	" a5\025\360\232\222\027\276A\025$\377\364\026y\351\332"
 220      F09A9217 
 220      BE411524 
 220      FFF41679 
 220      E9DA
 221 0e1b E1536A82 		.ascii	"\341Sj\202\235(\\[\370LEq\026\306\256\207sI!\356\213"
 221      9D285C5B 
 221      F84C4571 
 221      16C6AE87 
 221      734921EE 
 222 0e30 859940BD 		.ascii	"\205\231@\275(\001\017\325\220\005*\361\025J`C^\211"
 222      28010FD5 
 222      90052AF1 
 222      154A6043 
 222      5E89
 223 0e42 1F7F0B83 		.ascii	"\037\177\013\203\341\277\205a\037\330\377wLO\214\344"
 223      E1BF8561 
 223      1FD8FF77 
 223      4C4F8CE4 
 224 0e52 52816BA8 		.ascii	"R\201k\250\3007\225\341\335\253\177\331\217\264\274"
 224      C03795E1 
 224      DDAB7FD9 
 224      8FB4BC
 225 0e61 F4825E5F 		.ascii	"\364\202^_\363*\3152T\177\323*\225(\270\243\274\210"
 225      F32ACD32 
 225      547FD32A 
 225      9528B8A3 
 225      BC88
 226 0e73 82DB0014 		.ascii	"\202\333\000\024\334\002\242\240\027\210\202\353@\024"
 226      DC02A2A0 
 226      178882EB 
 226      4014
 227 0e81 5C05A2E0 		.ascii	"\\\005\242\3402\220\273\226\013\004\301y\000\012:\201"
 227      3290BB96 
 227      0B04C179 
 227      000A3A81 
 228 0e91 DC2C0388 		.ascii	"\334,\003\210\202\223@\024\264\003Qp\002\210\202\343"
 228      82934014 
 228      B4035170 
 228      028882E3 
 229 0ea1 40141C05 		.ascii	"@\024\034\005\242\340\010\020\005\207\201f\250\016C"
 229      A2E00810 
 229      05878166 
 229      A80E43
 230 0eb0 C041A009 		.ascii	"\300A\240\011\330\0174\002\015\300>`\017\260\033\330"
 230      D80F3402 
ARM GAS  /tmp/ccU8cYat.s 			page 19


 230      0DC03E60 
 230      0FB01BD8 
 231 0ec0 05EC445D 		.ascii	"\005\354D]\340S\324\004>A=\340c\364\300f\201\277\037"
 231      E053D404 
 231      3E413DE0 
 231      63F4C066 
 231      81BF1F
 232 0ed3 AB17FE5E 		.ascii	"\253\027\376^\354(\361\367\341[#\260\036\370\020X\007"
 232      EC28F1F7 
 232      E15B23B0 
 232      1EF81058 
 232      07
 233 0ee4 AC05D600 		.ascii	"\254\005\326\000\037\000\253\201U\300J\340}`\005\260"
 233      1F00AB81 
 233      55C04AE0 
 233      7D6005B0 
 234 0ef4 1C5806BC 		.ascii	"\034X\006\274\007\274\013,\005\226\000\241\357g\357"
 234      07BC0B2C 
 234      059600A1 
 234      EF67EF
 235 0f03 006F036F 		.ascii	"\000o\003o\001o\002\213\200Z\340\015\340u`!\260\000"
 235      016F028B 
 235      805AE00D 
 235      E0756021 
 235      B000
 236 0f15 980FBC06 		.ascii	"\230\017\274\006\274\012\314\003\346\002s\200\331@\015"
 236      BC0ACC03 
 236      E6027380 
 236      D9400D
 237 0f24 300B7805 		.ascii	"0\013x\005\230\011\274\014\314\000^\002\246\003\323"
 237      9809BC0C 
 237      CC005E02 
 237      A603D3
 238 0f33 80A94035 		.ascii	"\200\251@50\005\230\014L\002&\002\023\200*\340\0214"
 238      3005980C 
 238      4C022602 
 238      13802AE0 
 238      1134
 239 0f45 A743C545 		.ascii	"\247C\305E\366\000\350\007\356\003\367\200\317\201\273"
 239      F600E807 
 239      EE03F780 
 239      CF81BB
 240 0f54 401F7007 		.ascii	"@\037p\007\270\015\334\002n\002\275@\017p\003\270\016"
 240      B80DDC02 
 240      6E02BD40 
 240      0F7003B8 
 240      0E
 241 0f65 5C03AE02 		.ascii	"\\\003\256\002W\200\313\300%\340\"\320\015\\\000\316"
 241      5780CBC0 
 241      25E022D0 
 241      0D5C00CE 
 242 0f75 03E7802E 		.ascii	"\003\347\200.\240\0238\013\234\001N\003\035\300)\340"
 242      A013380B 
 242      9C014E03 
 242      1DC029E0 
 243 0f85 24D00EB4 		.ascii	"$\320\016\264\001'\200V\3408p\0148\012\034\001\016\003"
 243      01278056 
ARM GAS  /tmp/ccU8cYat.s 			page 20


 243      E038700C 
 243      380A1C01 
 243      0E03
 244 0f97 2D403370 		.ascii	"-@3p\0108\0104\001"
 244      08380834 
 244      01
 245 0fa0 0780FD40 		.ascii	"\007\200\375@#\320\000\354\003\366\000\273\201z`\027"
 245      23D000EC 
 245      03F600BB 
 245      817A6017 
 246 0fb0 B013F80C 		.ascii	"\260\023\370\014\330\201\213%\300v\334\021\005\266\341"
 246      D8818B25 
 246      C076DC11 
 246      05B6E1
 247 0fbf DA25B015 		.ascii	"\332%\260\025\247\212\300f\354^\200:\354\277\201\037"
 247      A78AC066 
 247      EC5E803A 
 247      ECBF811F 
 248 0fcf 03EB810F 		.ascii	"\003\353\201\017\201u\300\032\340\003`%\360>\260\002"
 248      8175C01A 
 248      E0036025 
 248      F03EB002 
 249 0fdf 580E2C03 		.ascii	"X\016,\003\336\003\226\002K\200\305\300;\300\233\300"
 249      DE039602 
 249      4B80C5C0 
 249      3BC09BC0 
 250 0fef 22E07560 		.ascii	"\"\340u`!\360\032\360*0\007\230\015\314\004^\006"
 250      21F01AF0 
 250      2A300798 
 250      0DCC045E 
 250      06
 251 1000 A6015381 		.ascii	"\246\001S\201)\300d`\"0\001x\010\365\373\200\205\347"
 251      29C06460 
 251      22300178 
 251      08F5FB80 
 251      85E7
 252 1012 02DC033E 		.ascii	"\002\334\003>\007\356\002w\200\333\300-\354\012\201"
 252      07EE0277 
 252      80DBC02D 
 252      EC0A81
 253 1021 1BD8DC80 		.ascii	"\033\330\334\200\253\330\225\003\227\200\213\300y\340"
 253      ABD89503 
 253      97808BC0 
 253      79E0
 254 102f 1C701638 		.ascii	"\034p\0268\003\234\302\366\005\234\000Z\201\243\330"
 254      039CC2F6 
 254      059C005A 
 254      81A3D8
 255 103e 8E8043C0 		.ascii	"\216\200C\300A\340\000\260\037\330\007\354\005\366\000"
 255      41E000B0 
 255      1FD807EC 
 255      05F600
 256 104d BB817A60 		.ascii	"\273\201z`\027\260\023\370\214\275\010\257F\312\213"
 256      17B013F8 
 256      8CBD08AF 
 256      46CA8B
 257 105c CCFF0137 		.ascii	"\314\377\0017Jw\267"
ARM GAS  /tmp/ccU8cYat.s 			page 21


 257      4A77B7
 258              		.text
 259              		.section	.gnu.lto_.symbol_nodes.a3e2027106ddac1a,"",%progbits
 260 0000 789C6363 		.ascii	"x\234cc``\340\002b\006V\006\206V%\020\003\000\004\377"
 260      6060E002 
 260      62065606 
 260      86562510 
 260      030004FF 
 261 0014 00BD     		.ascii	"\000\275"
 262              		.text
 263              		.section	.gnu.lto_.refs.a3e2027106ddac1a,"",%progbits
 264 0000 789C6363 		.ascii	"x\234cc```\004b\006\000\000D\000\010"
 264      60606004 
 264      62060000 
 264      440008
 265              		.text
 266              		.section	.gnu.lto_.decls.a3e2027106ddac1a,"",%progbits
 267 0000 789C8551 		.ascii	"x\234\205Q_HSQ\034>\277\235Q\333l\263\206X\017\367A"
 267      5F485351 
 267      1C3EBF9D 
 267      51DB6CB3 
 267      86580FF7 
 268 0015 02C11EBC 		.ascii	"\002\301\036\2747\253\207\036\203\036\352\245\336\202"
 268      37AB871E 
 268      831EEAA5 
 268      DE82
 269 0023 9E1A6BBB 		.ascii	"\236\032k\273\345b\233\262?\017\276\035Ra`\221P\021"
 269      E5629BB2 
 269      3F0FBE1D 
 269      52616091 
 269      5011
 270 0035 946CD1A8 		.ascii	"\224l\321\250\\5R\246K\247\325\264\245\325\234\322\303"
 270      5C3552A6 
 270      4BA7D5B4 
 270      A5D59CD2 
 270      C3
 271 0046 EA219852 		.ascii	"\352!\230RBA\331\260\005\"\004\353w\356\335j\013\267"
 271      4241D9B0 
 271      052204EB 
 271      77EEDD6A 
 271      0BB7
 272 0058 0EFCEEB9 		.ascii	"\016\374\356\271\337\357~\337\367\373\316\271\333\010"
 272      DFEF7EDF 
 272      F7FBCEB9 
 272      DB08
 273 0066 218D9490 		.ascii	"!\215\224\2208\356\247\261\212\2704\270\317\220\352"
 273      38EEA7B1 
 273      8AB834B8 
 273      CF90EA
 274 0075 0558997F 		.ascii	"\005X\231\177z\267\260\251\305]\300j\302Jc-\220\332"
 274      7AB7B0A9 
 274      C55DC06A 
 274      C24A632D 
 274      90DA
 275 0087 EB1A85E5 		.ascii	"\353\032\205\345\310\\PK5\300\337\357__Lk\007(\230\015"
 275      C85C504B 
 275      35C0DFEF 
ARM GAS  /tmp/ccU8cYat.s 			page 22


 275      5F5F4C6B 
 275      0728980D 
 276 009b C0CC88FB 		.ascii	"\300\314\210\373\326\2062&\304M\210\007\001\033_\306"
 276      D6863226 
 276      C44D8807 
 276      011B5FC6 
 277 00ab 6FC44CD4 		.ascii	"o\304L\324\244\220\227/\015\204\032\304GL]\272\023\004"
 277      A490972F 
 277      0D841AC4 
 277      474C5DBA 
 277      1304
 278 00bd E240CBAE 		.ascii	"\342@\313\256\017\302+A\275\352T\344\370m\337\310\020"
 278      0FC22B41 
 278      BDEA54E4 
 278      F86DDFC8 
 278      10
 279 00ce 55B116E1 		.ascii	"U\261\026\341z\346\346\247\222q\013\302\217\331\370"
 279      7AE6E6A7 
 279      92710BC2 
 279      8FD9F8
 280 00dd 77AD21C0 		.ascii	"w\255!\300}n\3672\375qNK\200\000\223\200\007\201)0\340"
 280      7D6EF732 
 280      FD714E4B 
 280      80009380 
 280      07812930 
 281 00f2 53126002 		.ascii	"S\022`\002!\262\003\363\271,\250^\273\020\276\373z'"
 281      21B203F3 
 281      B92CA85E 
 281      BB10BEFB 
 281      7A27
 282 0104 67AA297E 		.ascii	"g\252)~Z\026O\253\342\321\225_\323\245#\362\023\026"
 282      5A164FAB 
 282      E2D1955F 
 282      D3A523F2 
 282      1316
 283 0116 52C38546 		.ascii	"R\303\205F5\210r\300\307\375\253\021\035b\001s+\370"
 283      358872C0 
 283      C7FDAB11 
 283      1D620173 
 283      2BF8
 284 0128 DBE4A651 		.ascii	"\333\344\246Q\305\\=\226,D\265T\344\357\232\321\350"
 284      C55C3D96 
 284      2C44B554 
 284      E4EF9AD1 
 284      E8
 285 0139 EA056833 		.ascii	"\352\005h3\334\343\203\223\363\033\315\023\214\355\204"
 285      DCE38393 
 285      F31BCD13 
 285      8CED84
 286 0148 14186016 		.ascii	"\024\030`\026(<\001\221\377\"\001\207\023\214v\221\261"
 286      283C0191 
 286      FF220187 
 286      138C7691 
 286      B1
 287 0159 30A37B08 		.ascii	"0\243{\010\034\024`\277@\340\005\264qK\316\202\031\314"
 287      1C1460BF 
 287      40E005B4 
ARM GAS  /tmp/ccU8cYat.s 			page 23


 287      714BCE82 
 287      19CC
 288 016b 9A54C345 		.ascii	"\232T\303EB\303)#u)\366\271h~\221\376\361\317\007\367"
 288      42C32923 
 288      7529F6B9 
 288      687E91FE 
 288      F1CF07F7 
 289 017f C6FA19D3 		.ascii	"\306\372\031\323\300<\016x\371w@\012jL\230\333zB\357"
 289      C03C0E78 
 289      F977400A 
 289      6A4C98DB 
 289      7A42EF
 290 0192 FBBB45BD 		.ascii	"\373\273E\275y\220{\342\343\010(~\317\361\3733\345\266"
 290      79907BE2 
 290      E308287E 
 290      CFF1FB33 
 290      E5B6
 291 01a4 5E81B97C 		.ascii	"^\201\271|g\234\275\366#\261T\305\306\3570\216\3541"
 291      679CBDF6 
 291      23B154C5 
 291      C6EF308E 
 291      EC31
 292 01b6 85FD5A61 		.ascii	"\205\375ZaO\225\331\233\237g\231\362\027y\226\300\377"
 292      4F95D99B 
 292      9F6799F2 
 292      177996C0 
 292      FF
 293 01c7 B35CFEF0 		.ascii	"\263\\\376\360\363j\225\373\233zY\256d\323\033\264\222"
 293      F36A95FB 
 293      9B7A59AE 
 293      64D31BB4 
 293      92
 294 01d8 9DAE9725 		.ascii	"\235\256\227%\261\316\362\306\3260\033I\262d\361\341"
 294      B1CEF2C6 
 294      D6301B49 
 294      B264F1E1 
 295 01e8 8E1046D2 		.ascii	"\216\020F\322\303\002*b\352\335U(y\347\214\206@\006"
 295      C3022A62 
 295      EADD5528 
 295      79E78C86 
 295      4006
 296 01fa 5A4943B7 		.ascii	"ZIC\267\325c=\357t\330e\317\201fQ\362v\371=6Y\252h\212"
 296      D5633DEF 
 296      74D865CF 
 296      816651F2 
 296      76F93D36 
 297 0212 36DDB193 		.ascii	"6\335\261\223\247Z\216vt\020\275\305\342w\270}\207-"
 297      A75A8E76 
 297      7410BDC5 
 297      E277B87D 
 297      872D
 298 0224 BE4392DF 		.ascii	"\276C\222\337\353\221\254\036W\273\273\313-\267\313"
 298      EB91AC1E 
 298      57BBBBCB 
 298      2DB7CB
 299 0233 D6B30EC9 		.ascii	"\326\263\016\311\341\2669\375vYrYm\235\016\267,Y\354"
 299      E1B639FD 
ARM GAS  /tmp/ccU8cYat.s 			page 24


 299      76597259 
 299      6D9D0EB7 
 299      2C59EC
 300 0246 F239ABDF 		.ascii	"\3629\253\337\351\263\370z\272e\257\330I\266\227\304"
 300      E9B3F87A 
 300      BA65AFD8 
 300      49B697C4 
 301 0256 FBEA88BD 		.ascii	"\373\352\210\275=^\311\342\365\331\221\211\212\335["
 301      3D5EC9E2 
 301      F5D99189 
 301      8ADD5B
 302 0265 0722BF01 		.ascii	"\007\"\277\001I7$~"
 302      4937247E 
 303              		.text
 304              		.section	.gnu.lto_.symtab.a3e2027106ddac1a,"",%progbits
 305 0000 70617261 		.ascii	"paraglider2\000"
 305      676C6964 
 305      65723200 
 306 000c 00       		.ascii	"\000"
 307 000d 00       		.ascii	"\000"
 308 000e 00       		.ascii	"\000"
 309 000f 00000000 		.ascii	"\000\000\000\000\000\000\000\000"
 309      00000000 
 310 0017 CD000000 		.ascii	"\315\000\000\000"
 311              		.text
 312              		.section	.gnu.lto_.opts,"",%progbits
 313 0000 272D666D 		.ascii	"'-fmath-errno' '-fsigned-zeros' '-ftrapping-math' '"
 313      6174682D 
 313      6572726E 
 313      6F272027 
 313      2D667369 
 314 0033 2D666E6F 		.ascii	"-fno-trapv' '-fno-strict-overflow' '-fno-openmp' '-"
 314      2D747261 
 314      70762720 
 314      272D666E 
 314      6F2D7374 
 315 0066 666E6F2D 		.ascii	"fno-openacc' '-mcpu=cortex-m3' '-mthumb' '-O0' '-fo"
 315      6F70656E 
 315      61636327 
 315      20272D6D 
 315      6370753D 
 316 0099 6D69742D 		.ascii	"mit-frame-pointer' '-falign-functions=16' '-ffuncti"
 316      6672616D 
 316      652D706F 
 316      696E7465 
 316      72272027 
 317 00cc 6F6E2D73 		.ascii	"on-sections' '-fdata-sections' '-fno-common' '-flto"
 317      65637469 
 317      6F6E7327 
 317      20272D66 
 317      64617461 
 318 00ff 2700     		.ascii	"'\000"
 319              		.text
 320              		.comm	__gnu_lto_v1,1,1
 321              		.comm	__gnu_lto_slim,1,1
 322              		.ident	"GCC: (GNU Tools for Arm Embedded Processors 7-2018-q3-update) 7.3.1 20180622 (release) [AR
ARM GAS  /tmp/ccU8cYat.s 			page 25


DEFINED SYMBOLS
                            *ABS*:0000000000000000 paraglider2.c
                            *COM*:0000000000000001 __gnu_lto_v1
                            *COM*:0000000000000001 __gnu_lto_slim

NO UNDEFINED SYMBOLS
