ARM GAS  /tmp/cca640gX.s 			page 1


   1              		.cpu cortex-m3
   2              		.eabi_attribute 20, 1
   3              		.eabi_attribute 21, 1
   4              		.eabi_attribute 23, 3
   5              		.eabi_attribute 24, 1
   6              		.eabi_attribute 25, 1
   7              		.eabi_attribute 26, 1
   8              		.eabi_attribute 30, 6
   9              		.eabi_attribute 34, 1
  10              		.eabi_attribute 18, 4
  11              		.file	"stm32_isr.c"
  12              		.section	.gnu.lto_.inline.5eb6dd7be15f8e38,"",%progbits
  13 0000 789C6363 		.ascii	"x\234cc``hf@\000&\006\006\211k \232i\201<\003\013\210"
  13      60606866 
  13      40002606 
  13      06896B20 
  13      9A69813C 
  14 0017 CBC0C0CC 		.ascii	"\313\300\300\314\003\026'\236bd\020<\217f\006\0237H"
  14      0316279E 
  14      6264103C 
  14      8F660613 
  14      3748
  15 0029 98189201 		.ascii	"\230\030\222\001\000\263\023\004\306"
  15      00B31304 
  15      C6
  16              		.text
  17              		.section	.gnu.lto_irqInit.5eb6dd7be15f8e38,"",%progbits
  18 0000 789C7DD1 		.ascii	"x\234}\321\275K\303@\024\000\360\367r\232~\2508\211"
  18      BD4BC340 
  18      1400F0F7 
  18      729A7EA8 
  18      3889
  19 0012 0EE26C97 		.ascii	"\016\342l\227\206\266\370\027\010n\322\241\356\242."
  19      86B6F817 
  19      086ED2A1 
  19      EEA22E
  20 0021 2D2895A6 		.ascii	"-(\225\246C\267\004\241\266~ \0126E\010\245\272\330"
  20      43B704A1 
  20      B67E200A 
  20      364508A5 
  20      BAD8
  21 0033 4128456B 		.ascii	"A(EkM\265\032\353\244R\007\027A'\255u*\272\013V/9A2"
  21      4DB51AEB 
  21      A4520717 
  21      4127AD75 
  21      2ABA0B56 
  22 004b 9807EF8E 		.ascii	"\230\007\357\216w\367~\357\206\343\001\300\307\001\214"
  22      77F77EEF 
  22      86E301C0 
  22      C7018C
  23 005a D17D8026 		.ascii	"\321}\200&\020@Z\"\207H\013\004\211C\011\327\3116\301"
  23      10405A22 
  23      87480B04 
  23      894309D7 
  23      C936C1
  24 006d 7AEA4DE3 		.ascii	"z\352M\343<\3732\015=\273\331\277,'\207T\002\240\020"
  24      3CFB320D 
ARM GAS  /tmp/cca640gX.s 			page 2


  24      3DBBD9BF 
  24      2C278754 
  24      02A010
  25 0080 30030FD1 		.ascii	"0\003\017\321\003\264\355\245\324\311\364\361]\354\034"
  25      03B4EDA5 
  25      D4C9F4F1 
  25      5DEC1C
  26 008f 8F900763 		.ascii	"\217\220\007cP\361\276[\227;\337)Y\177\335\303J\320"
  26      50F1BE5B 
  26      973BDF29 
  26      597FDDC3 
  26      4AD0
  27 00a1 059036DD 		.ascii	"\005\2206\335\012\241\217\2216&\363\305\0341\273\351"
  27      0AA18F91 
  27      3626F3C5 
  27      1C31BBE9 
  28 00b1 084D6B3F 		.ascii	"\010Mk?9\244/\331\251\022T\010\345XF\311\270h\025\256"
  28      39A42FD9 
  28      A9125408 
  28      E55846C9 
  28      B86815AE 
  29 00c5 9AEE35A2 		.ascii	"\232\3565\242\022\016y<\306a#UB\300\360\245\221\377"
  29      120E793C 
  29      C6612355 
  29      42C0F0A5 
  29      91FF
  30 00d7 7985F1EB 		.ascii	"y\205\361\353\233l\241\227q\007\236Xy\331\206k\214\257"
  30      9B6CA197 
  30      71079E58 
  30      79D9866B 
  30      8CAF
  31 00e9 7E3E6C38 		.ascii	"~>l8\031wb\325\3125\033~\312\270\322\330\252\362\214"
  31      197762D5 
  31      CA351B7E 
  31      CAB8D2D8 
  31      AAF28C
  32 00fc BBF0CCCA 		.ascii	"\273\360\314\312k6\274\306xc\367\340\356\227\273\361"
  32      6B36BCC6 
  32      7863F7E0 
  32      EE97BBF1 
  33 010c DCCA9F6D 		.ascii	"\334\312\237m\370\005\343\315\235V\265\207\361A\324"
  33      F805E3CD 
  33      9D56B587 
  33      F141D4
  34 011b ADBC65C3 		.ascii	"\255\274e\303/\031/\337\352\217\016\306G\261\376\307"
  34      2F192FDF 
  34      EA8F0EC6 
  34      47B1FEC7 
  35 012b DF7129FF 		.ascii	"\337q)\377\221C\323\033\2216\020\375\322\200W\030\017"
  35      9143D31B 
  35      913610FD 
  35      D2805718 
  35      0F
  36 013c 476623C1 		.ascii	"Gf#\301\220\020\025\205\360\314\274\260\030\215\305"
  36      90101585 
  36      F0CCBCB0 
  36      188DC5
ARM GAS  /tmp/cca640gX.s 			page 3


  37 014b 45213435 		.ascii	"E!45\031\360\263u\302\227H\010b|!\340\237\216\2101\357"
  37      19F0B375 
  37      C2974808 
  37      627C21E0 
  37      9F8E8831 
  38 0160 1CFC00B8 		.ascii	"\034\374\000\270\364\271\206"
  38      F4B986
  39              		.text
  40              		.section	.gnu.lto_irqDeinit.5eb6dd7be15f8e38,"",%progbits
  41 0000 789C6363 		.ascii	"x\234cc``\020eb`0\005\321@\314\300\314\300\010\3442"
  41      60601065 
  41      62603005 
  41      D140CCC0 
  41      CCC008E4 
  42 0015 32313202 		.ascii	"212\0029\214\014\365L\214\365\214=\314S\230\031\017"
  42      398C0CF5 
  42      4C8CF58C 
  42      3DCC5398 
  42      190F
  43 0027 B53FDBC9 		.ascii	"\265?\333\311\244\271\274\001\010\016L\277\302\337\326"
  43      A4B9BC01 
  43      080E4CBF 
  43      C2DFD6
  44 0036 D02A3187 		.ascii	"\320*1\207\231\201a\0323\003\0300nf\324d\000*{\264\361"
  44      9981611A 
  44      33031830 
  44      6E66D464 
  44      002A7BB4 
  45 004b DF545E36 		.ascii	"\337T^6\026\2108\343\026F6\006\220A\353/\261\036h\370"
  45      168838E3 
  45      16463606 
  45      9041EB2F 
  45      B11E68F8 
  46 005f F7BFBDE1 		.ascii	"\367\277\275\341\300\227E\214\277\3759\031\030:\300"
  46      C097458C 
  46      BFFD3919 
  46      183AC0
  47 006e FA3A9981 		.ascii	"\372:\231\201\2261\277alY\260}>3X5\320\210\235;\337"
  47      9631BF61 
  47      6C59B07D 
  47      3E335835 
  47      D0889D3B 
  48 0083 DC66AFFF 		.ascii	"\334f\257\377\333\3001\207\231q\0323P;\343V\306z\220"
  48      DBC03187 
  48      99711A33 
  48      503BE356 
  48      C67A90
  49 0096 C4D31587 		.ascii	"\304\323\025\207\037su3\317afbdc\334\306(3\207\231\231"
  49      1F737533 
  49      CF616662 
  49      6463DCC6 
  49      28338799 
  50 00ab 01A477A7 		.ascii	"\001\244w\247<n\255\333!ZO\236\232\276\202\007\242\225"
  50      3C6EADDB 
  50      215A4F9E 
  50      9ABE8207 
  50      A295
ARM GAS  /tmp/cca640gX.s 			page 4


  51 00bd 9D710742 		.ascii	"\235q\007B\353^<ZwB\264v\375\272\336\307\001\321\312"
  51      EB5E3C5A 
  51      7742B476 
  51      FDBADEC7 
  51      01D1CA
  52 00d0 C1B80BA1 		.ascii	"\301\270\013\241\365!\036\255\273!Z\247\235\235\270"
  52      F5211EAD 
  52      BB215AA7 
  52      9D9DB8
  53 00df 8B0DA295 		.ascii	"\213\015\242\225\223q\017B\353S<Z\367B\264\236]\270"
  53      93710F42 
  53      EB533C5A 
  53      F742B49E 
  53      5DB8
  54 00f1 E61C542B 		.ascii	"\346\034T+\027\343>\204\326\227x\264\356\207h}<\363"
  54      17E33E84 
  54      D69778B4 
  54      EE87687D 
  54      3CF3
  55 0103 E92E6E88 		.ascii	"\351.n\210Vq\306\003\010\255o\361h=\010\321\272\365"
  55      5671C603 
  55      08AD6FF1 
  55      683D08D1 
  55      BAF5
  56 0115 F4815BEC 		.ascii	"\364\201[\354\020\255\032\214\207 Z\33716-\370>\237"
  56      10AD1A8C 
  56      87205ADF 
  56      31362DF8 
  56      3E9F
  57 0127 11AC1704 		.ascii	"\021\254\027\004:@\032\200\321f\254\247\357\234\221"
  57      3A401A80 
  57      D166ACA7 
  57      EF9C91
  58 0136 9994E91F 		.ascii	"\231\224\351\037\254\237_\254\237\221\230\243_\220_"
  58      AC9F5FAC 
  58      9F9198A3 
  58      5F905F
  59 0145 5452AC1F 		.ascii	"TR\254\037\034\342kl\004!\335\014+*\364\213Kr\215\215"
  59      1CE26B6C 
  59      0421DD0C 
  59      2B2AF48B 
  59      4B728D8D 
  60 0159 E2338B8B 		.ascii	"\3423\213\213\364\222\031\000\343\242\264\267"
  60      F4921900 
  60      E3A2B4B7 
  61              		.text
  62              		.section	.gnu.lto_.symbol_nodes.5eb6dd7be15f8e38,"",%progbits
  63 0000 789C55CB 		.ascii	"x\234U\313\315\011\2000\014\206\341\257)8\227N\226J"
  63      CD098030 
  63      0C86E1AF 
  63      2938974E 
  63      964A
  64 0012 1770037F 		.ascii	"\027p\003\177\272\204x\315\335\031\224\356!\2465\202"
  64      BA8478CD 
  64      DD1994EE 
  64      21A63582 
  65 0022 1EC213DE 		.ascii	"\036\302\023\336\220\006\300\252\003\032\211\201a\007"
ARM GAS  /tmp/cca640gX.s 			page 5


  65      9006C0AA 
  65      031A8981 
  65      6107
  66 0030 94ADEFB4 		.ascii	"\224\255\357\264L\304\356W\334LL\265\000!\264\032\026"
  66      4CC4EE57 
  66      DC4C4CB5 
  66      0021B41A 
  66      16
  67 0041 62FF0D1E 		.ascii	"b\377\015\036\204t\\\256(f6\343\371\230L1sQ\267\372"
  67      84745CAE 
  67      286636E3 
  67      F9984C31 
  67      7351B7FA 
  68 0055 A78A99CD 		.ascii	"\247\212\231\315\370\336M1\313\037n5\2305\367"
  68      F8DE4D31 
  68      CB1F6E35 
  68      9835F7
  69              		.text
  70              		.section	.gnu.lto_.refs.5eb6dd7be15f8e38,"",%progbits
  71 0000 789C6363 		.ascii	"x\234cc```\004b\006\000\000D\000\010"
  71      60606004 
  71      62060000 
  71      440008
  72              		.text
  73              		.section	.gnu.lto_.decls.5eb6dd7be15f8e38,"",%progbits
  74 0000 789C9552 		.ascii	"x\234\225R[H\024Q\030>\377\234\3656YYD\024\364 \276"
  74      5B481451 
  74      183EFF9C 
  74      F5365959 
  74      4414F420 
  75 0015 54503BA9 		.ascii	"TP;\251=\364$\205e\365`A\267\207^\266u\235p\300\235"
  75      3DF42485 
  75      65F56041 
  75      B7875EB6 
  75      759D70C0 
  76 002a B59DB1AC 		.ascii	"\265\235\261\254\010\006\255\260\013tA+/\221\230tA!"
  76      0806ADB0 
  76      0B74412B 
  76      2F919874 
  76      4121
  77 003c A9ACCCDB 		.ascii	"\251\254\314\333jy\313\365\266\325C\220\027\264 \250"
  77      6A79CBF5 
  77      B6D54390 
  77      17B420A8 
  78 004c 87946AA9 		.ascii	"\207\224j\251\036\354\2373\263\316fm\320\201\177\316"
  78      1EEC9F33 
  78      B3CE666D 
  78      D0817FCE 
  79 005c 9CFF7CDF 		.ascii	"\234\377|\337\377}\347?'\232\020Ra#$\003\010\251\301"
  79      FF7DE73F 
  79      279A1052 
  79      61232403 
  79      08A9C1
  80 006f FF191C14 		.ascii	"\377\031\034\024\347vb\015\334&M\030-\030~\214!\362"
  80      E776620D 
  80      DC264D18 
  80      2D187E8C 
ARM GAS  /tmp/cca640gX.s 			page 6


  80      21F2
  81 0081 E7380206 		.ascii	"\3478\002\006\356\000\3060F7F\237\271\307\231|\377_"
  81      EE00C630 
  81      4637469F 
  81      B9C7997C 
  81      FF5F
  82 0093 78C7C378 		.ascii	"x\307\303x\001\2237\030\306k\211\240WB\241\366\362\344"
  82      01933718 
  82      C66B89A0 
  82      5742A1F6 
  82      F2E4
  83 00a5 55DB188C 		.ascii	"U\333\030\214`\005\002\011\0008\303\034\024\230'bC\337"
  83      60050209 
  83      0038C31C 
  83      14982762 
  83      43DF
  84 00b7 37001C84 		.ascii	"7\000\034\2046\015\324\\\032\333\003#8ba-FX\32502\260"
  84      360DD45C 
  84      1ADB0323 
  84      3862612D 
  84      4658D530 
  85 00cd 41989570 		.ascii	"A\230\225p/\314\231i\017,y\230\305\204\360aUa\226\364"
  85      2FCC9969 
  85      0F2C7998 
  85      C584F061 
  85      556196F4 
  86 00e1 A73B1CD4 		.ascii	"\247;\034\324l\302\355\312\262\250q\030E\344~B.\306"
  86      6CC2EDCA 
  86      B2A87118 
  86      45E47E42 
  86      2EC6
  87 00f3 CAA027CF 		.ascii	"\312\240'\317}\374q\001(\307\376o\224\336\231\230Gy"
  87      7DFC7101 
  87      28C7FE6F 
  87      94DE9998 
  87      4779
  88 0105 F6FFB57A 		.ascii	"\366\377\265z\262\227\267\327i\306\210=A\340\021\320"
  88      B297B7D7 
  88      69C6883D 
  88      41E011D0 
  89 0115 503B3B67 		.ascii	"P;;g\202\276\205\347(,\346\201\303e\340\263\377\372"
  89      82BE85E7 
  89      282CE681 
  89      C365E0B3 
  89      FFFA
  90 0127 3C5C2EE1 		.ascii	"<\\.\341!\001\227u\347gJ\242\226]\321y\027\213\264\004"
  90      21019775 
  90      E7674AA2 
  90      965DD179 
  90      178BB404 
  91 013b 0E0E2C85 		.ascii	"\016\016,\205FX\001O`\005Z|\012\313\360+\333\214J\003"
  91      4658014F 
  91      60055A7C 
  91      0ACBF02B 
  91      DB8C4A03 
  92 014f 5F5E36D3 		.ascii	"_^6\323\244*\255\312\247\371\202\327\022\233\375\247"
  92      A42AADCA 
ARM GAS  /tmp/cca640gX.s 			page 7


  92      A7F982D7 
  92      129BFDA7 
  93 015f B521E46D 		.ascii	"\265!\344md8h\000\012\217\301\256\237\270AW\207\207"
  93      64386800 
  93      0A8FC1AE 
  93      9FB84157 
  93      8787
  94 0171 300EF000 		.ascii	"0\016\360\000\306\360\014M\220\204\374\017\357\276}"
  94      C6F00C4D 
  94      9084FC0F 
  94      EFBE7D
  95 0180 E1E93166 		.ascii	"\341\3511f\371\314\300D\253\315\254\025H+\327|\205X"
  95      F9CCC044 
  95      ABCDAC15 
  95      482BD77C 
  95      8558
  96 0192 8963859A 		.ascii	"\211c\205\232\255B\315s\013\265\260B\025\257&nr\364"
  96      AD42CD73 
  96      0BB5B042 
  96      15AF266E 
  96      72F4
  97 01a4 24B04A23 		.ascii	"$\260J#=wk)\036h%\017z\207\027b\352\336\247\306\357"
  97      3D776B29 
  97      1E68250F 
  97      7A871762 
  97      EADEA7C6 
  98 01b9 F38D948E 		.ascii	"\363\215\224\216\010\\\230\256\211\241\245\006|\370"
  98      085C98AE 
  98      89A1A506 
  98      7CF8
  99 01c7 647D2535 		.ascii	"d}%5\332a\303\345T\177\371\344\002\243\035\211%\224"
  99      DA61C3E5 
  99      547FF9E4 
  99      02A31D89 
  99      2594
 100 01d9 1B7BF3F3 		.ascii	"\033{\363\363\355\002\340W\025kZ\241VU\244\305m#\360"
 100      ED02E057 
 100      156B5AA1 
 100      5655A4C5 
 100      6D23F0
 101 01ec 0CDBD181 		.ascii	"\014\333\321\201\355\200NX\245\227\324\275\201\017\223"
 101      ED804E58 
 101      A597D4BD 
 101      810F93
 102 01fb 6D98BCA5 		.ascii	"m\230\274\245w\316\327]\227V6\255i\211\360\034xh\267"
 102      77CED75D 
 102      975636AD 
 102      6989F01C 
 102      7868B7
 103 020e FCAFE48D 		.ascii	"\374\257\344\215\316\335\255\271T\035M_3\007\\S\305"
 103      CEDDADB9 
 103      541D4D5F 
 103      33075C53 
 103      C5
 104 021f FB4E2E92 		.ascii	"\373N.\222FOD\215`SR\327)\275G\335\250\321ei\240\244"
 104      464F448D 
 104      605352D7 
ARM GAS  /tmp/cca640gX.s 			page 8


 104      29BD47DD 
 104      A8D16569 
 105 0235 21D27DA7 		.ascii	"!\322}\247\241\035l\370\256\031\002/\015s}\301\333m"
 105      A11D6CF8 
 105      AE19022F 
 105      0D737DC1 
 105      DB6D
 106 0247 B6D95C2F 		.ascii	"\266\331\\/\260\344T\353\350\025.\342\235\367\261;\177"
 106      B0E454EB 
 106      E8152EE2 
 106      9DF7B13B 
 106      7F
 107 0258 01E6A5D7 		.ascii	"\001\346\245\327\334\257\254\215\307\213\032\327\217"
 107      DCAFAC8D 
 107      C78B1AD7 
 107      8F
 108 0265 D9BBA1AC 		.ascii	"\331\273\241\254\376\203V\3143\024\264Z&Z\315\367\006"
 108      FE8356CC 
 108      3314B45A 
 108      265ACDF7 
 108      06
 109 0276 7E7641AF 		.ascii	"~vA\257G[>S\332`\274\324\277\371\272\372\262\372\351"
 109      475B3E53 
 109      DA60BCD4 
 109      BFF9BAFA 
 109      B2FAE9
 110 0289 FC881606 		.ascii	"\374\210\026\006\231\205\201\220\205\252\257\301u\246"
 110      99858190 
 110      85AAAFC1 
 110      75A6
 111 0297 831FCBCB 		.ascii	"\203\037\313\313\265\016N\007@\277\245\336\037R\037"
 111      B50E4E07 
 111      40BFA5DE 
 111      1F521F
 112 02a6 62EAE585 		.ascii	"b\352\345\205\365\023\321\361gg\333\313\314\206:L`\030"
 112      F513D1F1 
 112      6767DBCB 
 112      CC863A4C 
 112      6018
 113 02b8 E2191867 		.ascii	"\342\031\030g\004\227\316\004'\243\302\301\203\277\201"
 113      0497CE04 
 113      27A3C2C1 
 113      83BF81
 114 02c7 0326589F 		.ascii	"\003&X\237c$\357\241\355\262\244\246\330\205\364\034"
 114      6324EFA1 
 114      EDB2A4A6 
 114      D885F41C 
 115 02d7 294BDAB9 		.ascii	")K\332\271[\360(B\2163W\310\363xUE\330\275'35\305\370"
 115      5BF02842 
 115      8E3357C8 
 115      F3785545 
 115      D8BD2733 
 116 02ee 66241714 		.ascii	"f$\027\024\010\212\352NMqH\212\327\356\212\335\272c"
 116      088AEA4E 
 116      4D71488A 
 116      D7EE8ADD 
 116      BA63
ARM GAS  /tmp/cca640gX.s 			page 9


 117 0300 6F627A72 		.ascii	"obzr2I\375\177.\211C\335\315\242\204\312\011\362a\311"
 117      3249FD7F 
 117      2E8943DD 
 117      CDA284CA 
 117      09F261C9 
 118 0314 B5457666 		.ascii	"\265Evf\345\212\373D\227\352\361\362\016G\276$\253\010"
 118      E58AFB44 
 118      97EAF1F2 
 118      0E47BE24 
 118      AB08
 119 0326 55D70BF9 		.ascii	"U\327\013\371\212Wpz\335ke\217,\256\025\235Y\222 \311"
 119      8A57707A 
 119      DD6B658F 
 119      2CAE159D 
 119      599220C9 
 120 033a AEDCFC6C 		.ascii	"\256\334\374lQp;]9\222,\012\216l\361\2403?Wu\250G\363"
 120      51703B5D 
 120      39922C0A 
 120      8E6CF1A0 
 120      333F5775 
 121 0351 44C59E43 		.ascii	"D\305\236CbC\354\325\377`+G\025\301\241\250\331\010"
 121      6243ECD5 
 121      FF602B47 
 121      15C1A1A8 
 121      D908
 122 0363 45CA9A08 		.ascii	"E\312\232\010'py\334n\217,l\332\225\231\236Y \350F\021"
 122      277079DC 
 122      6E8F2C6C 
 122      DA95999E 
 122      5920E846 
 123 0378 BC489F37 		.ascii	"\274H\2377K\212\345\370\027\017\300\262\216"
 123      4B8AE5F8 
 123      170FC0B2 
 123      8E
 124              		.text
 125              		.section	.gnu.lto_.symtab.5eb6dd7be15f8e38,"",%progbits
 126 0000 69727149 		.ascii	"irqInit\000"
 126      6E697400 
 127 0008 00       		.ascii	"\000"
 128 0009 00       		.ascii	"\000"
 129 000a 00       		.ascii	"\000"
 130 000b 00000000 		.ascii	"\000\000\000\000\000\000\000\000"
 130      00000000 
 131 0013 BB000000 		.ascii	"\273\000\000\000"
 132 0017 69727144 		.ascii	"irqDeinit\000"
 132      65696E69 
 132      7400
 133 0021 00       		.ascii	"\000"
 134 0022 00       		.ascii	"\000"
 135 0023 00       		.ascii	"\000"
 136 0024 00000000 		.ascii	"\000\000\000\000\000\000\000\000"
 136      00000000 
 137 002c BD000000 		.ascii	"\275\000\000\000"
 138 0030 6E766963 		.ascii	"nvicEnableVector\000"
 138      456E6162 
 138      6C655665 
 138      63746F72 
ARM GAS  /tmp/cca640gX.s 			page 10


 138      00
 139 0041 00       		.ascii	"\000"
 140 0042 02       		.ascii	"\002"
 141 0043 00       		.ascii	"\000"
 142 0044 00000000 		.ascii	"\000\000\000\000\000\000\000\000"
 142      00000000 
 143 004c CC000000 		.ascii	"\314\000\000\000"
 144 0050 6E766963 		.ascii	"nvicDisableVector\000"
 144      44697361 
 144      626C6556 
 144      6563746F 
 144      7200
 145 0062 00       		.ascii	"\000"
 146 0063 02       		.ascii	"\002"
 147 0064 00       		.ascii	"\000"
 148 0065 00000000 		.ascii	"\000\000\000\000\000\000\000\000"
 148      00000000 
 149 006d D0000000 		.ascii	"\320\000\000\000"
 150              		.text
 151              		.section	.gnu.lto_.opts,"",%progbits
 152 0000 272D666D 		.ascii	"'-fmath-errno' '-fsigned-zeros' '-ftrapping-math' '"
 152      6174682D 
 152      6572726E 
 152      6F272027 
 152      2D667369 
 153 0033 2D666E6F 		.ascii	"-fno-trapv' '-fno-strict-overflow' '-fno-openmp' '-"
 153      2D747261 
 153      70762720 
 153      272D666E 
 153      6F2D7374 
 154 0066 666E6F2D 		.ascii	"fno-openacc' '-mcpu=cortex-m3' '-mthumb' '-O0' '-fo"
 154      6F70656E 
 154      61636327 
 154      20272D6D 
 154      6370753D 
 155 0099 6D69742D 		.ascii	"mit-frame-pointer' '-falign-functions=16' '-ffuncti"
 155      6672616D 
 155      652D706F 
 155      696E7465 
 155      72272027 
 156 00cc 6F6E2D73 		.ascii	"on-sections' '-fdata-sections' '-fno-common' '-flto"
 156      65637469 
 156      6F6E7327 
 156      20272D66 
 156      64617461 
 157 00ff 2700     		.ascii	"'\000"
 158              		.text
 159              		.comm	__gnu_lto_v1,1,1
 160              		.comm	__gnu_lto_slim,1,1
 161              		.ident	"GCC: (GNU Tools for Arm Embedded Processors 7-2018-q3-update) 7.3.1 20180622 (release) [AR
ARM GAS  /tmp/cca640gX.s 			page 11


DEFINED SYMBOLS
                            *ABS*:0000000000000000 stm32_isr.c
                            *COM*:0000000000000001 __gnu_lto_v1
                            *COM*:0000000000000001 __gnu_lto_slim

NO UNDEFINED SYMBOLS
